#
# A fatal error has been detected by the Java Runtime Environment:
#
#  EXCEPTION_ACCESS_VIOLATION (0xc0000005) at pc=0x00007ffee4415135, pid=21488, tid=6616
#
# JRE version: Java(TM) SE Runtime Environment (18.0.2+9) (build 18.0.2+9-61)
# Java VM: Java HotSpot(TM) 64-Bit Server VM (18.0.2+9-61, mixed mode, sharing, tiered, compressed oops, compressed class ptrs, g1 gc, windows-amd64)
# Problematic frame:
# C  [nvoglv64.dll+0x1225135]
#
# No core dump will be written. Minidumps are not enabled by default on client versions of Windows
#
# If you would like to submit a bug report, please visit:
#   https://bugreport.java.com/bugreport/crash.jsp
# The crash happened outside the Java Virtual Machine in native code.
# See problematic frame for where to report the bug.
#

---------------  S U M M A R Y ------------

Command Line: -Dfile.encoding=UTF-8 -XX:+ShowCodeDetailsInExceptionMessages de.m_marvin.voxelengine.VoxelEngine

Host: AMD Ryzen 9 3900X 12-Core Processor            , 24 cores, 127G,  Windows 10 , 64 bit Build 19041 (10.0.19041.2251)
Time: Sat Nov 26 23:21:45 2022 Mitteleuropäische Zeit elapsed time: 1.030627 seconds (0d 0h 0m 1s)

---------------  T H R E A D  ---------------

Current thread (0x000001a3c8f0f2a0):  JavaThread "RenderThread" [_thread_in_native, id=6616, stack(0x00000020a6400000,0x00000020a6500000)]

Stack: [0x00000020a6400000,0x00000020a6500000],  sp=0x00000020a64fee18,  free space=1019k
Native frames: (J=compiled Java code, j=interpreted, Vv=VM code, C=native code)
C  [nvoglv64.dll+0x1225135]

Java frames: (J=compiled Java code, j=interpreted, Vv=VM code)
j  org.lwjgl.opengl.GL11C.nglDrawElements(IIIJ)V+0
j  org.lwjgl.opengl.GL11C.glDrawElements(IIIJ)V+4
j  org.lwjgl.opengl.GL11.glDrawElements(IIIJ)V+4
j  de.m_marvin.renderengine.GLStateManager.drawElements(III)V+4
j  de.m_marvin.renderengine.buffers.VertexBuffer.drawAll(Lde/m_marvin/renderengine/vertices/RenderPrimitive;)V+15
j  de.m_marvin.voxelengine.rendering.GameRenderer.lambda$1(Lde/m_marvin/voxelengine/rendering/RenderType;)V+33
j  de.m_marvin.voxelengine.rendering.GameRenderer$$Lambda$150+0x0000000800d08e60.accept(Ljava/lang/Object;)V+8
j  java.util.HashMap$KeySet.forEach(Ljava/util/function/Consumer;)V+78 java.base@18.0.2
j  de.m_marvin.voxelengine.rendering.GameRenderer.renderScreen(Lde/m_marvin/openui/ScreenUI;F)V+53
j  de.m_marvin.voxelengine.VoxelEngine.frame(F)V+184
J 1013% c2 de.m_marvin.voxelengine.VoxelEngine.startRenderLoop()V (141 bytes) @ 0x000001a3ecb55278 [0x000001a3ecb55140+0x0000000000000138]
j  de.m_marvin.voxelengine.VoxelEngine.lambda$0()V+12
j  de.m_marvin.voxelengine.VoxelEngine$$Lambda$44+0x0000000800c226d0.run()V+4
j  java.lang.Thread.run()V+11 java.base@18.0.2
v  ~StubRoutines::call_stub

siginfo: EXCEPTION_ACCESS_VIOLATION (0xc0000005), reading address 0x0000000000000000


Register to memory mapping:

RIP=0x00007ffee4415135 nvoglv64.dll
RAX=0x000001a3c9780608 points into unknown readable memory: 0x0000000000000000 | 00 00 00 00 00 00 00 00
RBX=0x000001a3c97805ec points into unknown readable memory: 06 e0 01 00
RCX=0x00007ffee4415135 nvoglv64.dll
RDX=0x0 is NULL
RSP=0x00000020a64fee18 is pointing into the stack for thread: 0x000001a3c8f0f2a0
RBP=0x000000000000003c is an unknown value
RSI=0x0000000000000004 is an unknown value
RDI=0x000001a3c9f0c080 points into unknown readable memory: 0x0000000000000000 | 00 00 00 00 00 00 00 00
R8 =0x0000000000000010 is an unknown value
R9 =0x00007ffee31f0000 nvoglv64.dll
R10=0x0 is NULL
R11=0x000001a3c9780608 points into unknown readable memory: 0x0000000000000000 | 00 00 00 00 00 00 00 00
R12=0x0000000000000004 is an unknown value
R13=0x0000000000001405 is an unknown value
R14=0x0000000000000010 is an unknown value
R15=0x0 is NULL


Registers:
RAX=0x000001a3c9780608, RBX=0x000001a3c97805ec, RCX=0x00007ffee4415135, RDX=0x0000000000000000
RSP=0x00000020a64fee18, RBP=0x000000000000003c, RSI=0x0000000000000004, RDI=0x000001a3c9f0c080
R8 =0x0000000000000010, R9 =0x00007ffee31f0000, R10=0x0000000000000000, R11=0x000001a3c9780608
R12=0x0000000000000004, R13=0x0000000000001405, R14=0x0000000000000010, R15=0x0000000000000000
RIP=0x00007ffee4415135, EFLAGS=0x0000000000010206

Top of Stack: (sp=0x00000020a64fee18)
0x00000020a64fee18:   00007ffee3a4105c 000001a3c9f0c080
0x00000020a64fee28:   0000000000000000 0000000000000010
0x00000020a64fee38:   00000000000088e8 00000020a64fee50
0x00000020a64fee48:   0000000000000000 0000000000000002
0x00000020a64fee58:   000001a3c9ca3670 0000000000000080
0x00000020a64fee68:   0000000000000000 000001a3bf357590
0x00000020a64fee78:   0000000000000000 000001a3c8f0f2a0
0x00000020a64fee88:   000001a3bf30ab28 0000000000000000
0x00000020a64fee98:   000001a3e4f794fe 0000000000000010
0x00000020a64feea8:   000001a3e4f7d621 00000020a64fef48
0x00000020a64feeb8:   000001a3e4f7af00 00000020a64fef88
0x00000020a64feec8:   000001a3bf30ab28 000001a300001405
0x00000020a64feed8:   0000000000000000 000001a3bf331ee0
0x00000020a64feee8:   0000000000000000 0000000119822850
0x00000020a64feef8:   00000020a64feef8 00000020a64fef00
0x00000020a64fef08:   0000000000000000 00000020a64fef88 

Instructions: (pc=0x00007ffee4415135)
0x00007ffee4415035:   07 eb 83 48 83 c1 08 48 83 c1 08 48 83 c1 08 48
0x00007ffee4415045:   8b 0c 0a 48 0f c8 48 0f c9 48 3b c1 1b c0 83 d8
0x00007ffee4415055:   ff c3 cc cc cc cc cc cc cc cc cc cc cc cc cc cc
0x00007ffee4415065:   cc 66 66 0f 1f 84 00 00 00 00 00 57 56 49 8b c3
0x00007ffee4415075:   48 8b f9 49 8b c8 49 8b f2 f3 a4 5e 5f c3 cc cc
0x00007ffee4415085:   cc cc cc cc 0f 1f 80 00 00 00 00 4c 8b d9 4c 8b
0x00007ffee4415095:   d2 49 83 f8 10 76 54 49 83 f8 20 76 2e 48 2b d1
0x00007ffee44150a5:   73 0d 4b 8d 04 10 48 3b c8 0f 82 dc 02 00 00 49
0x00007ffee44150b5:   81 f8 80 00 00 00 0f 86 0f 02 00 00 f6 05 10 47
0x00007ffee44150c5:   75 01 02 0f 84 52 01 00 00 eb a0 0f 10 02 42 0f
0x00007ffee44150d5:   10 4c 02 f0 0f 11 01 42 0f 11 4c 01 f0 48 8b c1
0x00007ffee44150e5:   c3 66 66 0f 1f 84 00 00 00 00 00 48 8b c1 4c 8d
0x00007ffee44150f5:   0d 06 af dd fe 43 8b 8c 81 10 9a ac 02 49 03 c9
0x00007ffee4415105:   ff e1 66 0f 1f 84 00 00 00 00 00 c3 0f b7 0a 66
0x00007ffee4415115:   89 08 c3 48 8b 0a 48 89 08 c3 0f b7 0a 44 0f b6
0x00007ffee4415125:   42 02 66 89 08 44 88 40 02 c3 0f b6 0a 88 08 c3
0x00007ffee4415135:   f3 0f 6f 02 f3 0f 7f 00 c3 66 90 4c 8b 02 0f b7
0x00007ffee4415145:   4a 08 44 0f b6 4a 0a 4c 89 00 66 89 48 08 44 88
0x00007ffee4415155:   48 0a c3 8b 0a 89 08 c3 0f 1f 00 8b 0a 44 0f b6
0x00007ffee4415165:   42 04 89 08 44 88 40 04 c3 66 90 8b 0a 44 0f b7
0x00007ffee4415175:   42 04 89 08 66 44 89 40 04 c3 90 8b 0a 44 0f b7
0x00007ffee4415185:   42 04 44 0f b6 4a 06 89 08 66 44 89 40 04 44 88
0x00007ffee4415195:   48 06 c3 4c 8b 02 8b 4a 08 44 0f b6 4a 0c 4c 89
0x00007ffee44151a5:   00 89 48 08 44 88 48 0c c3 66 90 4c 8b 02 0f b6
0x00007ffee44151b5:   4a 08 4c 89 00 88 48 08 c3 66 90 4c 8b 02 0f b7
0x00007ffee44151c5:   4a 08 4c 89 00 66 89 48 08 c3 90 4c 8b 02 8b 4a
0x00007ffee44151d5:   08 4c 89 00 89 48 08 c3 0f 1f 00 4c 8b 02 8b 4a
0x00007ffee44151e5:   08 44 0f b7 4a 0c 4c 89 00 89 48 08 66 44 89 48
0x00007ffee44151f5:   0c c3 66 0f 1f 84 00 00 00 00 00 4c 8b 02 8b 4a
0x00007ffee4415205:   08 44 0f b7 4a 0c 44 0f b6 52 0e 4c 89 00 89 48
0x00007ffee4415215:   08 66 44 89 48 0c 44 88 50 0e c3 0f 10 04 11 4c
0x00007ffee4415225:   03 c1 48 83 c1 10 41 f6 c3 0f 74 13 0f 28 c8 48 


Stack slot to memory mapping:
stack at sp + 0 slots: 0x00007ffee3a4105c nvoglv64.dll
stack at sp + 1 slots: 0x000001a3c9f0c080 points into unknown readable memory: 0x0000000000000000 | 00 00 00 00 00 00 00 00
stack at sp + 2 slots: 0x0 is NULL
stack at sp + 3 slots: 0x0000000000000010 is an unknown value
stack at sp + 4 slots: 0x00000000000088e8 is an unknown value
stack at sp + 5 slots: 0x00000020a64fee50 is pointing into the stack for thread: 0x000001a3c8f0f2a0
stack at sp + 6 slots: 0x0 is NULL
stack at sp + 7 slots: 0x0000000000000002 is an unknown value


Compiled method (c2)    1064 1013 %     4       de.m_marvin.voxelengine.VoxelEngine::startRenderLoop @ 18 (141 bytes)
 total in heap  [0x000001a3ecb54f90,0x000001a3ecb55608] = 1656
 relocation     [0x000001a3ecb550e8,0x000001a3ecb55120] = 56
 constants      [0x000001a3ecb55120,0x000001a3ecb55140] = 32
 main code      [0x000001a3ecb55140,0x000001a3ecb55360] = 544
 stub code      [0x000001a3ecb55360,0x000001a3ecb55398] = 56
 oops           [0x000001a3ecb55398,0x000001a3ecb553a0] = 8
 metadata       [0x000001a3ecb553a0,0x000001a3ecb553d0] = 48
 scopes data    [0x000001a3ecb553d0,0x000001a3ecb55508] = 312
 scopes pcs     [0x000001a3ecb55508,0x000001a3ecb555b8] = 176
 dependencies   [0x000001a3ecb555b8,0x000001a3ecb555c0] = 8
 handler table  [0x000001a3ecb555c0,0x000001a3ecb555f0] = 48
 nul chk table  [0x000001a3ecb555f0,0x000001a3ecb55608] = 24


[Constant Pool]
             Address          hex4                    hex8      
  0x000001a3ecb55120:   0x3f800000      0xf4f4f4f43f800000      
  0x000001a3ecb55124:   0xf4f4f4f4                              
  0x000001a3ecb55128:   0xf4f4f4f4      0xf4f4f4f4f4f4f4f4      
  0x000001a3ecb5512c:   0xf4f4f4f4                              
  0x000001a3ecb55130:   0xf4f4f4f4      0xf4f4f4f4f4f4f4f4      
  0x000001a3ecb55134:   0xf4f4f4f4                              
  0x000001a3ecb55138:   0xf4f4f4f4      0xf4f4f4f4f4f4f4f4      
  0x000001a3ecb5513c:   0xf4f4f4f4                              

[MachCode]
[Verified Entry Point]
  # {method} {0x000001a3bf002418} 'startRenderLoop' '()V' in 'de/m_marvin/voxelengine/VoxelEngine'
  0x000001a3ecb55140: ;   {no_reloc}
  0x000001a3ecb55140: cc0f 1f84 | 0000 0000 | 000f 1f80 | 0000 0000 | 8984 2400 | 90ff ff55 | 4883 ec60 | 488b 7240 
  0x000001a3ecb55160: 488b 6a30 | c5fa 104a | 18c5 fa11 | 4c24 208b | 7a10 488b | 1a48 8bca | 49ba 508c | 89f8 fe7f 
  0x000001a3ecb55180: 0000 41ff | d244 8b5e 

  0x000001a3ecb55188: ;   {metadata('de/m_marvin/voxelengine/VoxelEngine')}
  0x000001a3ecb55188: 0841 81fb | 0008 c000 | 0f85 7a01 | 0000 e976 | 0000 000f | 1f44 0000 | c5fa 114c | 2420 448b 
  0x000001a3ecb551a8: 5648 4c8b | 5c24 304c | 2bdb 4981 | fbe8 0300 | 000f 8fca | 0000 004b | 8b54 d410 | 4885 d20f 
  0x000001a3ecb551c8: 84e7 0000 | 0048 8974 | 2428 4889 | 5c24 3889 | 7c24 2449 | b860 7e96 | 2cff 7f00 

  0x000001a3ecb551e4: ;   {static_call}
  0x000001a3ecb551e4: 0066 90e8 

  0x000001a3ecb551e8: ; ImmutableOopMap {[40]=Oop }
                      ;*invokestatic invokePI {reexecute=0 rethrow=0 return_oop=0}
                      ; - org.lwjgl.glfw.GLFW::glfwWindowShouldClose@17 (line 2246)
                      ; - de.m_marvin.renderengine.windows.Window::shouldClose@4 (line 291)
                      ; - de.m_marvin.voxelengine.VoxelEngine::startRenderLoop@134 (line 169)
  0x000001a3ecb551e8: d4da ffff | 85c0 0f85 | f400 0000 | 4d8b 9740 

  0x000001a3ecb551f8: ; ImmutableOopMap {[40]=Oop }
                      ;*ifeq {reexecute=1 rethrow=0 return_oop=0}
                      ; - (reexecute) de.m_marvin.voxelengine.VoxelEngine::startRenderLoop@137 (line 169)
                      ;   {poll}
  0x000001a3ecb551f8: 0300 0041 | 8502 488b | 6c24 308b | 7c24 2448 | 8b5c 2438 | 488b 7424 | 2849 bad0 | 4ae7 f8fe 
  0x000001a3ecb55218: 7f00 0041 | ffd2 4889 | 4424 30c5 | f22a 4e28 | 4c8b d04c | 2bd5 c4c1 | ea2a d2c5 | ea5e c1c5 
  0x000001a3ecb55238: fa10 4c24 | 20c5 f258 

  0x000001a3ecb55240: ;   {section_word}
  0x000001a3ecb55240: c8c5 f82e | 0dd7 feff | ff0f 8251 | ffff ff48 | 895c 2428 

  0x000001a3ecb55254: ;   {section_word}
  0x000001a3ecb55254: c5f2 5c05 | c4fe ffff | c5fa 1144 | 2420 c5fa | 1046 2c48 | 8974 2438 | ffc7 8bef 

  0x000001a3ecb55270: ;   {optimized virtual_call}
  0x000001a3ecb55270: 488b d6e8 

  0x000001a3ecb55274: ; ImmutableOopMap {[56]=Oop }
                      ;*invokevirtual frame {reexecute=0 rethrow=0 return_oop=0}
                      ; - de.m_marvin.voxelengine.VoxelEngine::startRenderLoop@60 (line 178)
  0x000001a3ecb55274: f700 0000 | 8bfd 488b | 5c24 2848 | 8b74 2438 | e91d ffff | ff89 7e0c | 4881 c3e8 | 0300 00ba 
  0x000001a3ecb55294: f600 0000 | 488b ee4c | 8b5c 2430 | 4c89 5c24 | 2848 895c | 2430 4489 

  0x000001a3ecb552ac: ;   {runtime_call UncommonTrapBlob}
  0x000001a3ecb552ac: 5424 24e8 

  0x000001a3ecb552b0: ; ImmutableOopMap {rbp=Oop [36]=NarrowOop }
                      ;*new {reexecute=0 rethrow=0 return_oop=0}
                      ; - de.m_marvin.voxelengine.VoxelEngine::startRenderLoop@95 (line 186)
  0x000001a3ecb552b0: 4cd0 46f8 | 4533 d249 | 3bd2 bdff | ffff ff7c | 0840 0f95 | c540 0fb6 | ed48 8974 | 2428 897c 
  0x000001a3ecb552d0: 2424 4889 | 5c24 3848 | 8954 2448 | ba45 ffff 

  0x000001a3ecb552e0: ;   {runtime_call UncommonTrapBlob}
  0x000001a3ecb552e0: ff66 90e8 

  0x000001a3ecb552e4: ; ImmutableOopMap {[40]=Oop }
                      ;*ifne {reexecute=1 rethrow=0 return_oop=0}
                      ; - (reexecute) org.lwjgl.system.Checks::check@3 (line 187)
                      ; - org.lwjgl.glfw.GLFW::glfwWindowShouldClose@11 (line 2244)
                      ; - de.m_marvin.renderengine.windows.Window::shouldClose@4 (line 291)
                      ; - de.m_marvin.voxelengine.VoxelEngine::startRenderLoop@134 (line 169)
  0x000001a3ecb552e4: 18d0 46f8 | ba45 ffff | ff48 8b6c | 2428 4c8b | 5424 304c | 8954 2428 | 4c8b 5424 | 384c 8954 
  0x000001a3ecb55304: 2430 8944 

  0x000001a3ecb55308: ;   {runtime_call UncommonTrapBlob}
  0x000001a3ecb55308: 2438 90e8 

  0x000001a3ecb5530c: ; ImmutableOopMap {rbp=Oop }
                      ;*ifeq {reexecute=1 rethrow=0 return_oop=0}
                      ; - (reexecute) org.lwjgl.glfw.GLFW::glfwWindowShouldClose@20 (line 2246)
                      ; - de.m_marvin.renderengine.windows.Window::shouldClose@4 (line 291)
                      ; - de.m_marvin.voxelengine.VoxelEngine::startRenderLoop@134 (line 169)
  0x000001a3ecb5530c: f0cf 46f8 | ba8d ffff | ff89 7c24 | 2448 895c | 2428 4889 

  0x000001a3ecb55320: ;   {runtime_call UncommonTrapBlob}
  0x000001a3ecb55320: 7424 30e8 

  0x000001a3ecb55324: ; ImmutableOopMap {[48]=Oop }
                      ;*lload_1 {reexecute=0 rethrow=0 return_oop=0}
                      ; - de.m_marvin.voxelengine.VoxelEngine::startRenderLoop@18 (line 171)
  0x000001a3ecb55324: d8cf 46f8 | 488b d0eb | 0348 8bd0 | 4883 c460 

  0x000001a3ecb55334: ;   {runtime_call _rethrow_Java}
  0x000001a3ecb55334: 5de9 46c5 | 51f8 baf6 

  0x000001a3ecb5533c: ;   {runtime_call UncommonTrapBlob}
  0x000001a3ecb5533c: ffff ffe8 

  0x000001a3ecb55340: ; ImmutableOopMap {}
                      ;*invokevirtual shouldClose {reexecute=0 rethrow=0 return_oop=0}
                      ; - de.m_marvin.voxelengine.VoxelEngine::startRenderLoop@134 (line 169)
  0x000001a3ecb55340: bccf 46f8 | ba76 ffff | ff89 7c24 | 2448 895c 

  0x000001a3ecb55350: ;   {runtime_call UncommonTrapBlob}
  0x000001a3ecb55350: 2428 90e8 

  0x000001a3ecb55354: ; ImmutableOopMap {}
                      ;*lload_1 {reexecute=0 rethrow=0 return_oop=0}
                      ; - de.m_marvin.voxelengine.VoxelEngine::startRenderLoop@18 (line 171)
  0x000001a3ecb55354: a8cf 46f8 | f4f4 f4f4 | f4f4 f4f4 
[Stub Code]
  0x000001a3ecb55360: ;   {no_reloc}
  0x000001a3ecb55360: 48bb 0000 | 0000 0000 

  0x000001a3ecb55368: ;   {runtime_call}
  0x000001a3ecb55368: 0000 e9fb 

  0x000001a3ecb5536c: ;   {static_stub}
  0x000001a3ecb5536c: ffff ff48 | bbe8 2f00 | bfa3 0100 

  0x000001a3ecb55378: ;   {runtime_call I2C/C2I adapters}
  0x000001a3ecb55378: 00e9 e033 

  0x000001a3ecb5537c: ;   {runtime_call ExceptionBlob}
  0x000001a3ecb5537c: 47f8 e97d | 0651 f8e8 | 0000 0000 | 4883 2c24 

  0x000001a3ecb5538c: ;   {runtime_call DeoptimizationBlob}
  0x000001a3ecb5538c: 05e9 0ed3 | 46f8 f4f4 | f4f4 f4f4 
[/MachCode]


---------------  P R O C E S S  ---------------

Threads class SMR info:
_java_thread_list=0x000001a3c923af30, length=20, elements={
0x000001a3dd637110, 0x000001a3ffa4daf0, 0x000001a3ffa50dd0, 0x000001a3ffa68570,
0x000001a3ffa68e20, 0x000001a3ffa696d0, 0x000001a3ffa6a4d0, 0x000001a3ffa71610,
0x000001a3ffa91f10, 0x000001a3ffaacfe0, 0x000001a3ffbbfdc0, 0x000001a3ffbd4340,
0x000001a3ffbd5a80, 0x000001a3c8f0f2a0, 0x000001a3c91a2720, 0x000001a3c91b9720,
0x000001a3c9611140, 0x000001a3c98db280, 0x000001a3c9610720, 0x000001a3c9610210
}

Java Threads: ( => current thread )
  0x000001a3dd637110 JavaThread "main" [_thread_in_Java, id=19836, stack(0x00000020a4a00000,0x00000020a4b00000)]
  0x000001a3ffa4daf0 JavaThread "Reference Handler" daemon [_thread_blocked, id=10504, stack(0x00000020a5100000,0x00000020a5200000)]
  0x000001a3ffa50dd0 JavaThread "Finalizer" daemon [_thread_blocked, id=1004, stack(0x00000020a5200000,0x00000020a5300000)]
  0x000001a3ffa68570 JavaThread "Signal Dispatcher" daemon [_thread_blocked, id=21676, stack(0x00000020a5300000,0x00000020a5400000)]
  0x000001a3ffa68e20 JavaThread "Attach Listener" daemon [_thread_blocked, id=15720, stack(0x00000020a5400000,0x00000020a5500000)]
  0x000001a3ffa696d0 JavaThread "Service Thread" daemon [_thread_blocked, id=11088, stack(0x00000020a5500000,0x00000020a5600000)]
  0x000001a3ffa6a4d0 JavaThread "Monitor Deflation Thread" daemon [_thread_blocked, id=23072, stack(0x00000020a5600000,0x00000020a5700000)]
  0x000001a3ffa71610 JavaThread "C2 CompilerThread0" daemon [_thread_blocked, id=7688, stack(0x00000020a5700000,0x00000020a5800000)]
  0x000001a3ffa91f10 JavaThread "C1 CompilerThread0" daemon [_thread_blocked, id=12280, stack(0x00000020a5800000,0x00000020a5900000)]
  0x000001a3ffaacfe0 JavaThread "Sweeper thread" daemon [_thread_blocked, id=14768, stack(0x00000020a5900000,0x00000020a5a00000)]
  0x000001a3ffbbfdc0 JavaThread "C1 CompilerThread1" daemon [_thread_blocked, id=19616, stack(0x00000020a5a00000,0x00000020a5b00000)]
  0x000001a3ffbd4340 JavaThread "Notification Thread" daemon [_thread_blocked, id=20832, stack(0x00000020a5b00000,0x00000020a5c00000)]
  0x000001a3ffbd5a80 JavaThread "Common-Cleaner" daemon [_thread_blocked, id=4200, stack(0x00000020a5d00000,0x00000020a5e00000)]
=>0x000001a3c8f0f2a0 JavaThread "RenderThread" [_thread_in_native, id=6616, stack(0x00000020a6400000,0x00000020a6500000)]
  0x000001a3c91a2720 JavaThread "C2 CompilerThread1" daemon [_thread_in_native, id=3284, stack(0x00000020a6600000,0x00000020a6700000)]
  0x000001a3c91b9720 JavaThread "C1 CompilerThread2" daemon [_thread_blocked, id=20072, stack(0x00000020a6700000,0x00000020a6800000)]
  0x000001a3c9611140 JavaThread "C1 CompilerThread3" daemon [_thread_blocked, id=19340, stack(0x00000020a6800000,0x00000020a6900000)]
  0x000001a3c98db280 JavaThread "Java2D Disposer" daemon [_thread_blocked, id=23240, stack(0x00000020a6900000,0x00000020a6a00000)]
  0x000001a3c9610720 JavaThread "C2 CompilerThread2" daemon [_thread_blocked, id=15224, stack(0x00000020a7b00000,0x00000020a7c00000)]
  0x000001a3c9610210 JavaThread "C2 CompilerThread3" daemon [_thread_blocked, id=4512, stack(0x00000020a7c00000,0x00000020a7d00000)]

Other Threads:
  0x000001a3f4eb5810 VMThread "VM Thread" [stack: 0x00000020a5000000,0x00000020a5100000] [id=16600]
  0x000001a3ffbd4800 WatcherThread "VM Periodic Task Thread" [stack: 0x00000020a5c00000,0x00000020a5d00000] [id=12576]
  0x000001a3f4e2d8e0 WorkerThread "GC Thread#0" [stack: 0x00000020a4b00000,0x00000020a4c00000] [id=17844]
  0x000001a3c9216cf0 WorkerThread "GC Thread#1" [stack: 0x00000020a6a00000,0x00000020a6b00000] [id=6556]
  0x000001a3c9216510 WorkerThread "GC Thread#2" [stack: 0x00000020a6b00000,0x00000020a6c00000] [id=1012]
  0x000001a3c9215550 WorkerThread "GC Thread#3" [stack: 0x00000020a6c00000,0x00000020a6d00000] [id=17892]
  0x000001a3c92167b0 WorkerThread "GC Thread#4" [stack: 0x00000020a6d00000,0x00000020a6e00000] [id=2296]
  0x000001a3c92157f0 WorkerThread "GC Thread#5" [stack: 0x00000020a6e00000,0x00000020a6f00000] [id=13392]
  0x000001a3c9216a50 WorkerThread "GC Thread#6" [stack: 0x00000020a6f00000,0x00000020a7000000] [id=21808]
  0x000001a3c9215a90 WorkerThread "GC Thread#7" [stack: 0x00000020a7000000,0x00000020a7100000] [id=11528]
  0x000001a3c9215d30 WorkerThread "GC Thread#8" [stack: 0x00000020a7100000,0x00000020a7200000] [id=16960]
  0x000001a3c9216f90 WorkerThread "GC Thread#9" [stack: 0x00000020a7200000,0x00000020a7300000] [id=19324]
  0x000001a3c9215fd0 WorkerThread "GC Thread#10" [stack: 0x00000020a7300000,0x00000020a7400000] [id=17496]
  0x000001a3c9216270 WorkerThread "GC Thread#11" [stack: 0x00000020a7400000,0x00000020a7500000] [id=16948]
  0x000001a3ca7e3830 WorkerThread "GC Thread#12" [stack: 0x00000020a7500000,0x00000020a7600000] [id=5516]
  0x000001a3ca7e6770 WorkerThread "GC Thread#13" [stack: 0x00000020a7600000,0x00000020a7700000] [id=21520]
  0x000001a3ca7e4a90 WorkerThread "GC Thread#14" [stack: 0x00000020a7700000,0x00000020a7800000] [id=3664]
  0x000001a3ca7e4550 WorkerThread "GC Thread#15" [stack: 0x00000020a7800000,0x00000020a7900000] [id=6096]
  0x000001a3ca7e47f0 WorkerThread "GC Thread#16" [stack: 0x00000020a7900000,0x00000020a7a00000] [id=16436]
  0x000001a3ca7e42b0 WorkerThread "GC Thread#17" [stack: 0x00000020a7a00000,0x00000020a7b00000] [id=12296]
  0x000001a3dd6fbf20 ConcurrentGCThread "G1 Main Marker" [stack: 0x00000020a4c00000,0x00000020a4d00000] [id=10872]
  0x000001a3dd6fc720 WorkerThread "G1 Conc#0" [stack: 0x00000020a4d00000,0x00000020a4e00000] [id=9948]
  0x000001a3dd65d570 ConcurrentGCThread "G1 Refine#0" [stack: 0x00000020a4e00000,0x00000020a4f00000] [id=14596]
  0x000001a3f4ee2f50 ConcurrentGCThread "G1 Service" [stack: 0x00000020a4f00000,0x00000020a5000000] [id=17776]

Threads with active compile tasks:
C2 CompilerThread1     1069 1631   !   4       com.sun.imageio.plugins.png.PNGImageReader::decodePass (1399 bytes)

VM state: not at safepoint (normal execution)

VM Mutex/Monitor currently owned by a thread: None

Heap address: 0x00000000a0000000, size: 30208 MB, Compressed Oops mode: Zero based, Oop shift amount: 3

CDS archive(s) mapped at: [0x0000000800000000-0x0000000800ba0000-0x0000000800ba0000), size 12189696, SharedBaseAddress: 0x0000000800000000, ArchiveRelocationMode: 0.
Compressed class space mapped at: 0x0000000800c00000-0x0000000840c00000, reserved size: 1073741824
Narrow klass base: 0x0000000800000000, Narrow klass shift: 0, Narrow klass range: 0x100000000

GC Precious Log:
 CardTable entry size: 512
 Card Set container configuration: InlinePtr #cards 3 size 8 Array Of Cards #cards 128 size 272 Howl #buckets 8 coarsen threshold 29491 Howl Bitmap #cards 4096 size 528 coarsen threshold 3686 Card regions per heap region 1 cards per card region 32768
 CPUs: 24 total, 24 available
 Memory: 127G
 Large Page Support: Disabled
 NUMA Support: Disabled
 Compressed Oops: Enabled (Zero based)
 Heap Region Size: 16M
 Heap Min Capacity: 16M
 Heap Initial Capacity: 2G
 Heap Max Capacity: 30208M
 Pre-touch: Disabled
 Parallel Workers: 18
 Concurrent Workers: 5
 Concurrent Refinement Workers: 18
 Periodic GC: Disabled

Heap:
 garbage-first heap   total 2097152K, used 85468K [0x00000000a0000000, 0x0000000800000000)
  region size 16384K, 5 young (81920K), 1 survivors (16384K)
 Metaspace       used 10048K, committed 10368K, reserved 1114112K
  class space    used 890K, committed 1024K, reserved 1048576K

Heap Regions: E=young(eden), S=young(survivor), O=old, HS=humongous(starts), HC=humongous(continues), CS=collection set, F=free, OA=open archive, CA=closed archive, TAMS=top-at-mark-start (previous, next)
|   0|0x00000000a0000000, 0x00000000a1000000, 0x00000000a1000000|100%|HS|  |TAMS 0x00000000a0000000, 0x00000000a0000000| Complete 
|   1|0x00000000a1000000, 0x00000000a1377000, 0x00000000a2000000| 21%| O|  |TAMS 0x00000000a1000000, 0x00000000a1000000| Untracked 
|   2|0x00000000a2000000, 0x00000000a3000000, 0x00000000a3000000|100%|HS|  |TAMS 0x00000000a2000000, 0x00000000a2000000| Complete 
|   3|0x00000000a3000000, 0x00000000a3000000, 0x00000000a4000000|  0%| F|  |TAMS 0x00000000a3000000, 0x00000000a3000000| Untracked 
|   4|0x00000000a4000000, 0x00000000a4000000, 0x00000000a5000000|  0%| F|  |TAMS 0x00000000a4000000, 0x00000000a4000000| Untracked 
|   5|0x00000000a5000000, 0x00000000a5000000, 0x00000000a6000000|  0%| F|  |TAMS 0x00000000a5000000, 0x00000000a5000000| Untracked 
|   6|0x00000000a6000000, 0x00000000a6000000, 0x00000000a7000000|  0%| F|  |TAMS 0x00000000a6000000, 0x00000000a6000000| Untracked 
|   7|0x00000000a7000000, 0x00000000a7000000, 0x00000000a8000000|  0%| F|  |TAMS 0x00000000a7000000, 0x00000000a7000000| Untracked 
|   8|0x00000000a8000000, 0x00000000a8000000, 0x00000000a9000000|  0%| F|  |TAMS 0x00000000a8000000, 0x00000000a8000000| Untracked 
|   9|0x00000000a9000000, 0x00000000a9000000, 0x00000000aa000000|  0%| F|  |TAMS 0x00000000a9000000, 0x00000000a9000000| Untracked 
|  10|0x00000000aa000000, 0x00000000aa000000, 0x00000000ab000000|  0%| F|  |TAMS 0x00000000aa000000, 0x00000000aa000000| Untracked 
|  11|0x00000000ab000000, 0x00000000ab000000, 0x00000000ac000000|  0%| F|  |TAMS 0x00000000ab000000, 0x00000000ab000000| Untracked 
|  12|0x00000000ac000000, 0x00000000ac000000, 0x00000000ad000000|  0%| F|  |TAMS 0x00000000ac000000, 0x00000000ac000000| Untracked 
|  13|0x00000000ad000000, 0x00000000ad000000, 0x00000000ae000000|  0%| F|  |TAMS 0x00000000ad000000, 0x00000000ad000000| Untracked 
|  14|0x00000000ae000000, 0x00000000ae000000, 0x00000000af000000|  0%| F|  |TAMS 0x00000000ae000000, 0x00000000ae000000| Untracked 
|  15|0x00000000af000000, 0x00000000af000000, 0x00000000b0000000|  0%| F|  |TAMS 0x00000000af000000, 0x00000000af000000| Untracked 
|  16|0x00000000b0000000, 0x00000000b0000000, 0x00000000b1000000|  0%| F|  |TAMS 0x00000000b0000000, 0x00000000b0000000| Untracked 
|  17|0x00000000b1000000, 0x00000000b1000000, 0x00000000b2000000|  0%| F|  |TAMS 0x00000000b1000000, 0x00000000b1000000| Untracked 
|  18|0x00000000b2000000, 0x00000000b2000000, 0x00000000b3000000|  0%| F|  |TAMS 0x00000000b2000000, 0x00000000b2000000| Untracked 
|  19|0x00000000b3000000, 0x00000000b3000000, 0x00000000b4000000|  0%| F|  |TAMS 0x00000000b3000000, 0x00000000b3000000| Untracked 
|  20|0x00000000b4000000, 0x00000000b4000000, 0x00000000b5000000|  0%| F|  |TAMS 0x00000000b4000000, 0x00000000b4000000| Untracked 
|  21|0x00000000b5000000, 0x00000000b5000000, 0x00000000b6000000|  0%| F|  |TAMS 0x00000000b5000000, 0x00000000b5000000| Untracked 
|  22|0x00000000b6000000, 0x00000000b6000000, 0x00000000b7000000|  0%| F|  |TAMS 0x00000000b6000000, 0x00000000b6000000| Untracked 
|  23|0x00000000b7000000, 0x00000000b7000000, 0x00000000b8000000|  0%| F|  |TAMS 0x00000000b7000000, 0x00000000b7000000| Untracked 
|  24|0x00000000b8000000, 0x00000000b8000000, 0x00000000b9000000|  0%| F|  |TAMS 0x00000000b8000000, 0x00000000b8000000| Untracked 
|  25|0x00000000b9000000, 0x00000000b9000000, 0x00000000ba000000|  0%| F|  |TAMS 0x00000000b9000000, 0x00000000b9000000| Untracked 
|  26|0x00000000ba000000, 0x00000000ba000000, 0x00000000bb000000|  0%| F|  |TAMS 0x00000000ba000000, 0x00000000ba000000| Untracked 
|  27|0x00000000bb000000, 0x00000000bb000000, 0x00000000bc000000|  0%| F|  |TAMS 0x00000000bb000000, 0x00000000bb000000| Untracked 
|  28|0x00000000bc000000, 0x00000000bc000000, 0x00000000bd000000|  0%| F|  |TAMS 0x00000000bc000000, 0x00000000bc000000| Untracked 
|  29|0x00000000bd000000, 0x00000000bd000000, 0x00000000be000000|  0%| F|  |TAMS 0x00000000bd000000, 0x00000000bd000000| Untracked 
|  30|0x00000000be000000, 0x00000000be000000, 0x00000000bf000000|  0%| F|  |TAMS 0x00000000be000000, 0x00000000be000000| Untracked 
|  31|0x00000000bf000000, 0x00000000bf000000, 0x00000000c0000000|  0%| F|  |TAMS 0x00000000bf000000, 0x00000000bf000000| Untracked 
|  32|0x00000000c0000000, 0x00000000c0000000, 0x00000000c1000000|  0%| F|  |TAMS 0x00000000c0000000, 0x00000000c0000000| Untracked 
|  33|0x00000000c1000000, 0x00000000c1000000, 0x00000000c2000000|  0%| F|  |TAMS 0x00000000c1000000, 0x00000000c1000000| Untracked 
|  34|0x00000000c2000000, 0x00000000c2000000, 0x00000000c3000000|  0%| F|  |TAMS 0x00000000c2000000, 0x00000000c2000000| Untracked 
|  35|0x00000000c3000000, 0x00000000c3000000, 0x00000000c4000000|  0%| F|  |TAMS 0x00000000c3000000, 0x00000000c3000000| Untracked 
|  36|0x00000000c4000000, 0x00000000c4000000, 0x00000000c5000000|  0%| F|  |TAMS 0x00000000c4000000, 0x00000000c4000000| Untracked 
|  37|0x00000000c5000000, 0x00000000c5000000, 0x00000000c6000000|  0%| F|  |TAMS 0x00000000c5000000, 0x00000000c5000000| Untracked 
|  38|0x00000000c6000000, 0x00000000c6000000, 0x00000000c7000000|  0%| F|  |TAMS 0x00000000c6000000, 0x00000000c6000000| Untracked 
|  39|0x00000000c7000000, 0x00000000c7000000, 0x00000000c8000000|  0%| F|  |TAMS 0x00000000c7000000, 0x00000000c7000000| Untracked 
|  40|0x00000000c8000000, 0x00000000c8000000, 0x00000000c9000000|  0%| F|  |TAMS 0x00000000c8000000, 0x00000000c8000000| Untracked 
|  41|0x00000000c9000000, 0x00000000c9000000, 0x00000000ca000000|  0%| F|  |TAMS 0x00000000c9000000, 0x00000000c9000000| Untracked 
|  42|0x00000000ca000000, 0x00000000ca000000, 0x00000000cb000000|  0%| F|  |TAMS 0x00000000ca000000, 0x00000000ca000000| Untracked 
|  43|0x00000000cb000000, 0x00000000cb000000, 0x00000000cc000000|  0%| F|  |TAMS 0x00000000cb000000, 0x00000000cb000000| Untracked 
|  44|0x00000000cc000000, 0x00000000cc000000, 0x00000000cd000000|  0%| F|  |TAMS 0x00000000cc000000, 0x00000000cc000000| Untracked 
|  45|0x00000000cd000000, 0x00000000cd000000, 0x00000000ce000000|  0%| F|  |TAMS 0x00000000cd000000, 0x00000000cd000000| Untracked 
|  46|0x00000000ce000000, 0x00000000ce000000, 0x00000000cf000000|  0%| F|  |TAMS 0x00000000ce000000, 0x00000000ce000000| Untracked 
|  47|0x00000000cf000000, 0x00000000cf000000, 0x00000000d0000000|  0%| F|  |TAMS 0x00000000cf000000, 0x00000000cf000000| Untracked 
|  48|0x00000000d0000000, 0x00000000d0000000, 0x00000000d1000000|  0%| F|  |TAMS 0x00000000d0000000, 0x00000000d0000000| Untracked 
|  49|0x00000000d1000000, 0x00000000d1000000, 0x00000000d2000000|  0%| F|  |TAMS 0x00000000d1000000, 0x00000000d1000000| Untracked 
|  50|0x00000000d2000000, 0x00000000d2000000, 0x00000000d3000000|  0%| F|  |TAMS 0x00000000d2000000, 0x00000000d2000000| Untracked 
|  51|0x00000000d3000000, 0x00000000d3000000, 0x00000000d4000000|  0%| F|  |TAMS 0x00000000d3000000, 0x00000000d3000000| Untracked 
|  52|0x00000000d4000000, 0x00000000d4000000, 0x00000000d5000000|  0%| F|  |TAMS 0x00000000d4000000, 0x00000000d4000000| Untracked 
|  53|0x00000000d5000000, 0x00000000d5000000, 0x00000000d6000000|  0%| F|  |TAMS 0x00000000d5000000, 0x00000000d5000000| Untracked 
|  54|0x00000000d6000000, 0x00000000d6000000, 0x00000000d7000000|  0%| F|  |TAMS 0x00000000d6000000, 0x00000000d6000000| Untracked 
|  55|0x00000000d7000000, 0x00000000d7000000, 0x00000000d8000000|  0%| F|  |TAMS 0x00000000d7000000, 0x00000000d7000000| Untracked 
|  56|0x00000000d8000000, 0x00000000d8000000, 0x00000000d9000000|  0%| F|  |TAMS 0x00000000d8000000, 0x00000000d8000000| Untracked 
|  57|0x00000000d9000000, 0x00000000d9000000, 0x00000000da000000|  0%| F|  |TAMS 0x00000000d9000000, 0x00000000d9000000| Untracked 
|  58|0x00000000da000000, 0x00000000da000000, 0x00000000db000000|  0%| F|  |TAMS 0x00000000da000000, 0x00000000da000000| Untracked 
|  59|0x00000000db000000, 0x00000000db000000, 0x00000000dc000000|  0%| F|  |TAMS 0x00000000db000000, 0x00000000db000000| Untracked 
|  60|0x00000000dc000000, 0x00000000dc000000, 0x00000000dd000000|  0%| F|  |TAMS 0x00000000dc000000, 0x00000000dc000000| Untracked 
|  61|0x00000000dd000000, 0x00000000dd000000, 0x00000000de000000|  0%| F|  |TAMS 0x00000000dd000000, 0x00000000dd000000| Untracked 
|  62|0x00000000de000000, 0x00000000de000000, 0x00000000df000000|  0%| F|  |TAMS 0x00000000de000000, 0x00000000de000000| Untracked 
|  63|0x00000000df000000, 0x00000000df000000, 0x00000000e0000000|  0%| F|  |TAMS 0x00000000df000000, 0x00000000df000000| Untracked 
|  64|0x00000000e0000000, 0x00000000e0000000, 0x00000000e1000000|  0%| F|  |TAMS 0x00000000e0000000, 0x00000000e0000000| Untracked 
|  65|0x00000000e1000000, 0x00000000e1000000, 0x00000000e2000000|  0%| F|  |TAMS 0x00000000e1000000, 0x00000000e1000000| Untracked 
|  66|0x00000000e2000000, 0x00000000e2000000, 0x00000000e3000000|  0%| F|  |TAMS 0x00000000e2000000, 0x00000000e2000000| Untracked 
|  67|0x00000000e3000000, 0x00000000e3000000, 0x00000000e4000000|  0%| F|  |TAMS 0x00000000e3000000, 0x00000000e3000000| Untracked 
|  68|0x00000000e4000000, 0x00000000e4000000, 0x00000000e5000000|  0%| F|  |TAMS 0x00000000e4000000, 0x00000000e4000000| Untracked 
|  69|0x00000000e5000000, 0x00000000e5000000, 0x00000000e6000000|  0%| F|  |TAMS 0x00000000e5000000, 0x00000000e5000000| Untracked 
|  70|0x00000000e6000000, 0x00000000e6000000, 0x00000000e7000000|  0%| F|  |TAMS 0x00000000e6000000, 0x00000000e6000000| Untracked 
|  71|0x00000000e7000000, 0x00000000e7000000, 0x00000000e8000000|  0%| F|  |TAMS 0x00000000e7000000, 0x00000000e7000000| Untracked 
|  72|0x00000000e8000000, 0x00000000e8000000, 0x00000000e9000000|  0%| F|  |TAMS 0x00000000e8000000, 0x00000000e8000000| Untracked 
|  73|0x00000000e9000000, 0x00000000e9000000, 0x00000000ea000000|  0%| F|  |TAMS 0x00000000e9000000, 0x00000000e9000000| Untracked 
|  74|0x00000000ea000000, 0x00000000ea000000, 0x00000000eb000000|  0%| F|  |TAMS 0x00000000ea000000, 0x00000000ea000000| Untracked 
|  75|0x00000000eb000000, 0x00000000eb000000, 0x00000000ec000000|  0%| F|  |TAMS 0x00000000eb000000, 0x00000000eb000000| Untracked 
|  76|0x00000000ec000000, 0x00000000ec000000, 0x00000000ed000000|  0%| F|  |TAMS 0x00000000ec000000, 0x00000000ec000000| Untracked 
|  77|0x00000000ed000000, 0x00000000ed000000, 0x00000000ee000000|  0%| F|  |TAMS 0x00000000ed000000, 0x00000000ed000000| Untracked 
|  78|0x00000000ee000000, 0x00000000ee000000, 0x00000000ef000000|  0%| F|  |TAMS 0x00000000ee000000, 0x00000000ee000000| Untracked 
|  79|0x00000000ef000000, 0x00000000ef000000, 0x00000000f0000000|  0%| F|  |TAMS 0x00000000ef000000, 0x00000000ef000000| Untracked 
|  80|0x00000000f0000000, 0x00000000f0000000, 0x00000000f1000000|  0%| F|  |TAMS 0x00000000f0000000, 0x00000000f0000000| Untracked 
|  81|0x00000000f1000000, 0x00000000f1000000, 0x00000000f2000000|  0%| F|  |TAMS 0x00000000f1000000, 0x00000000f1000000| Untracked 
|  82|0x00000000f2000000, 0x00000000f2000000, 0x00000000f3000000|  0%| F|  |TAMS 0x00000000f2000000, 0x00000000f2000000| Untracked 
|  83|0x00000000f3000000, 0x00000000f3000000, 0x00000000f4000000|  0%| F|  |TAMS 0x00000000f3000000, 0x00000000f3000000| Untracked 
|  84|0x00000000f4000000, 0x00000000f4000000, 0x00000000f5000000|  0%| F|  |TAMS 0x00000000f4000000, 0x00000000f4000000| Untracked 
|  85|0x00000000f5000000, 0x00000000f5000000, 0x00000000f6000000|  0%| F|  |TAMS 0x00000000f5000000, 0x00000000f5000000| Untracked 
|  86|0x00000000f6000000, 0x00000000f6000000, 0x00000000f7000000|  0%| F|  |TAMS 0x00000000f6000000, 0x00000000f6000000| Untracked 
|  87|0x00000000f7000000, 0x00000000f7000000, 0x00000000f8000000|  0%| F|  |TAMS 0x00000000f7000000, 0x00000000f7000000| Untracked 
|  88|0x00000000f8000000, 0x00000000f8000000, 0x00000000f9000000|  0%| F|  |TAMS 0x00000000f8000000, 0x00000000f8000000| Untracked 
|  89|0x00000000f9000000, 0x00000000f9000000, 0x00000000fa000000|  0%| F|  |TAMS 0x00000000f9000000, 0x00000000f9000000| Untracked 
|  90|0x00000000fa000000, 0x00000000fa000000, 0x00000000fb000000|  0%| F|  |TAMS 0x00000000fa000000, 0x00000000fa000000| Untracked 
|  91|0x00000000fb000000, 0x00000000fb000000, 0x00000000fc000000|  0%| F|  |TAMS 0x00000000fb000000, 0x00000000fb000000| Untracked 
|  92|0x00000000fc000000, 0x00000000fc000000, 0x00000000fd000000|  0%| F|  |TAMS 0x00000000fc000000, 0x00000000fc000000| Untracked 
|  93|0x00000000fd000000, 0x00000000fd000000, 0x00000000fe000000|  0%| F|  |TAMS 0x00000000fd000000, 0x00000000fd000000| Untracked 
|  94|0x00000000fe000000, 0x00000000fe000000, 0x00000000ff000000|  0%| F|  |TAMS 0x00000000fe000000, 0x00000000fe000000| Untracked 
|  95|0x00000000ff000000, 0x00000000ff000000, 0x0000000100000000|  0%| F|  |TAMS 0x00000000ff000000, 0x00000000ff000000| Untracked 
|  96|0x0000000100000000, 0x0000000100000000, 0x0000000101000000|  0%| F|  |TAMS 0x0000000100000000, 0x0000000100000000| Untracked 
|  97|0x0000000101000000, 0x0000000101000000, 0x0000000102000000|  0%| F|  |TAMS 0x0000000101000000, 0x0000000101000000| Untracked 
|  98|0x0000000102000000, 0x0000000102000000, 0x0000000103000000|  0%| F|  |TAMS 0x0000000102000000, 0x0000000102000000| Untracked 
|  99|0x0000000103000000, 0x0000000103000000, 0x0000000104000000|  0%| F|  |TAMS 0x0000000103000000, 0x0000000103000000| Untracked 
| 100|0x0000000104000000, 0x0000000104000000, 0x0000000105000000|  0%| F|  |TAMS 0x0000000104000000, 0x0000000104000000| Untracked 
| 101|0x0000000105000000, 0x0000000105000000, 0x0000000106000000|  0%| F|  |TAMS 0x0000000105000000, 0x0000000105000000| Untracked 
| 102|0x0000000106000000, 0x0000000106000000, 0x0000000107000000|  0%| F|  |TAMS 0x0000000106000000, 0x0000000106000000| Untracked 
| 103|0x0000000107000000, 0x0000000107000000, 0x0000000108000000|  0%| F|  |TAMS 0x0000000107000000, 0x0000000107000000| Untracked 
| 104|0x0000000108000000, 0x0000000108000000, 0x0000000109000000|  0%| F|  |TAMS 0x0000000108000000, 0x0000000108000000| Untracked 
| 105|0x0000000109000000, 0x0000000109000000, 0x000000010a000000|  0%| F|  |TAMS 0x0000000109000000, 0x0000000109000000| Untracked 
| 106|0x000000010a000000, 0x000000010a000000, 0x000000010b000000|  0%| F|  |TAMS 0x000000010a000000, 0x000000010a000000| Untracked 
| 107|0x000000010b000000, 0x000000010b000000, 0x000000010c000000|  0%| F|  |TAMS 0x000000010b000000, 0x000000010b000000| Untracked 
| 108|0x000000010c000000, 0x000000010c000000, 0x000000010d000000|  0%| F|  |TAMS 0x000000010c000000, 0x000000010c000000| Untracked 
| 109|0x000000010d000000, 0x000000010d000000, 0x000000010e000000|  0%| F|  |TAMS 0x000000010d000000, 0x000000010d000000| Untracked 
| 110|0x000000010e000000, 0x000000010e000000, 0x000000010f000000|  0%| F|  |TAMS 0x000000010e000000, 0x000000010e000000| Untracked 
| 111|0x000000010f000000, 0x000000010f000000, 0x0000000110000000|  0%| F|  |TAMS 0x000000010f000000, 0x000000010f000000| Untracked 
| 112|0x0000000110000000, 0x0000000110000000, 0x0000000111000000|  0%| F|  |TAMS 0x0000000110000000, 0x0000000110000000| Untracked 
| 113|0x0000000111000000, 0x0000000111000000, 0x0000000112000000|  0%| F|  |TAMS 0x0000000111000000, 0x0000000111000000| Untracked 
| 114|0x0000000112000000, 0x0000000112000000, 0x0000000113000000|  0%| F|  |TAMS 0x0000000112000000, 0x0000000112000000| Untracked 
| 115|0x0000000113000000, 0x0000000113000000, 0x0000000114000000|  0%| F|  |TAMS 0x0000000113000000, 0x0000000113000000| Untracked 
| 116|0x0000000114000000, 0x0000000114000000, 0x0000000115000000|  0%| F|  |TAMS 0x0000000114000000, 0x0000000114000000| Untracked 
| 117|0x0000000115000000, 0x0000000115000000, 0x0000000116000000|  0%| F|  |TAMS 0x0000000115000000, 0x0000000115000000| Untracked 
| 118|0x0000000116000000, 0x0000000116000000, 0x0000000117000000|  0%| F|  |TAMS 0x0000000116000000, 0x0000000116000000| Untracked 
| 119|0x0000000117000000, 0x0000000117000000, 0x0000000118000000|  0%| F|  |TAMS 0x0000000117000000, 0x0000000117000000| Untracked 
| 120|0x0000000118000000, 0x0000000118000000, 0x0000000119000000|  0%| F|  |TAMS 0x0000000118000000, 0x0000000118000000| Untracked 
| 121|0x0000000119000000, 0x000000011a000000, 0x000000011a000000|100%| S|CS|TAMS 0x0000000119000000, 0x0000000119000000| Complete 
| 122|0x000000011a000000, 0x000000011a000000, 0x000000011b000000|  0%| F|  |TAMS 0x000000011a000000, 0x000000011a000000| Untracked 
| 123|0x000000011b000000, 0x000000011b000000, 0x000000011c000000|  0%| F|  |TAMS 0x000000011b000000, 0x000000011b000000| Untracked 
| 124|0x000000011c000000, 0x000000011c7ee778, 0x000000011d000000| 49%| E|  |TAMS 0x000000011c000000, 0x000000011c000000| Complete 
| 125|0x000000011d000000, 0x000000011e000000, 0x000000011e000000|100%| E|  |TAMS 0x000000011d000000, 0x000000011d000000| Complete 
| 126|0x000000011e000000, 0x000000011f000000, 0x000000011f000000|100%| E|CS|TAMS 0x000000011e000000, 0x000000011e000000| Complete 
| 127|0x000000011f000000, 0x0000000120000000, 0x0000000120000000|100%| E|CS|TAMS 0x000000011f000000, 0x000000011f000000| Complete 

Card table byte_map: [0x000001a3f8a40000,0x000001a3fc540000] _byte_map_base: 0x000001a3f8540000

Marking Bits (Prev, Next): (CMBitMap*) 0x000001a3dd6ec250, (CMBitMap*) 0x000001a3dd6ec290
 Prev Bits: [0x000001a383b00000, 0x000001a3a1300000)
 Next Bits: [0x000001a3a1300000, 0x000001a3beb00000)

Polling page: 0x000001a3db5d0000

Metaspace:

Usage:
  Non-class:      8.94 MB used.
      Class:    890.37 KB used.
       Both:      9.81 MB used.

Virtual space:
  Non-class space:       64.00 MB reserved,       9.12 MB ( 14%) committed,  1 nodes.
      Class space:        1.00 GB reserved,       1.00 MB ( <1%) committed,  1 nodes.
             Both:        1.06 GB reserved,      10.12 MB ( <1%) committed. 

Chunk freelists:
   Non-Class:  2.58 MB
       Class:  2.95 MB
        Both:  5.53 MB

MaxMetaspaceSize: unlimited
CompressedClassSpaceSize: 1.00 GB
Initial GC threshold: 21.00 MB
Current GC threshold: 21.00 MB
CDS: on
MetaspaceReclaimPolicy: balanced
 - commit_granule_bytes: 65536.
 - commit_granule_words: 8192.
 - virtual_space_node_default_size: 8388608.
 - enlarge_chunks_in_place: 1.
 - new_chunks_are_fully_committed: 0.
 - uncommit_free_chunks: 1.
 - use_allocation_guard: 0.


Internal statistics:

num_allocs_failed_limit: 0.
num_arena_births: 340.
num_arena_deaths: 0.
num_vsnodes_births: 2.
num_vsnodes_deaths: 0.
num_space_committed: 160.
num_space_uncommitted: 0.
num_chunks_returned_to_freelist: 0.
num_chunks_taken_from_freelist: 600.
num_chunk_merges: 0.
num_chunk_splits: 382.
num_chunks_enlarged: 238.
num_inconsistent_stats: 0.

CodeHeap 'non-profiled nmethods': size=119168Kb used=649Kb max_used=649Kb free=118518Kb
 bounds [0x000001a3ecb10000, 0x000001a3ecd80000, 0x000001a3f3f70000]
CodeHeap 'profiled nmethods': size=119104Kb used=3327Kb max_used=3327Kb free=115776Kb
 bounds [0x000001a3e56c0000, 0x000001a3e5a00000, 0x000001a3ecb10000]
CodeHeap 'non-nmethods': size=7488Kb used=3373Kb max_used=3405Kb free=4114Kb
 bounds [0x000001a3e4f70000, 0x000001a3e52d0000, 0x000001a3e56c0000]
 total_blobs=2870 nmethods=1743 adapters=1037
 compilation: enabled
              stopped_count=0, restarted_count=0
 full_count=0

Compilation events (20 events):
Event: 1.025 Thread 0x000001a3c9611140 1735       3       jdk.internal.org.objectweb.asm.ClassReader::<init> (371 bytes)
Event: 1.025 Thread 0x000001a3ffa91f10 1736       1       jdk.internal.org.objectweb.asm.ClassReader::getMaxStringLength (5 bytes)
Event: 1.025 Thread 0x000001a3ffa91f10 nmethod 1736 0x000001a3ecbaf710 code [0x000001a3ecbaf8a0, 0x000001a3ecbaf978]
Event: 1.025 Thread 0x000001a3c91b9720 1737       3       java.lang.invoke.MethodHandles$Lookup::resolveOrFail (48 bytes)
Event: 1.025 Thread 0x000001a3ffa91f10 1738       3       java.lang.invoke.MethodHandles$Lookup::checkMethodName (45 bytes)
Event: 1.025 Thread 0x000001a3ffbbfdc0 nmethod 1734 0x000001a3e59fa890 code [0x000001a3e59faa40, 0x000001a3e59fac48]
Event: 1.025 Thread 0x000001a3c91b9720 nmethod 1737 0x000001a3e59fad90 code [0x000001a3e59fafc0, 0x000001a3e59fb668]
Event: 1.025 Thread 0x000001a3ffa91f10 nmethod 1738 0x000001a3e59fb910 code [0x000001a3e59fbb60, 0x000001a3e59fc2c8]
Event: 1.026 Thread 0x000001a3ffbbfdc0 1740       3       java.lang.invoke.InnerClassLambdaMetafactory::getLoadOpcode (26 bytes)
Event: 1.026 Thread 0x000001a3c91b9720 1741       3       java.lang.invoke.InnerClassLambdaMetafactory::getParameterSize (27 bytes)
Event: 1.026 Thread 0x000001a3ffa91f10 1742       3       jdk.internal.org.objectweb.asm.MethodVisitor::visitVarInsn (17 bytes)
Event: 1.026 Thread 0x000001a3c91b9720 nmethod 1741 0x000001a3e59fe210 code [0x000001a3e59fe3c0, 0x000001a3e59fe5d8]
Event: 1.026 Thread 0x000001a3ffa91f10 nmethod 1742 0x000001a3e59fe690 code [0x000001a3e59fe840, 0x000001a3e59fea48]
Event: 1.026 Thread 0x000001a3ffbbfdc0 nmethod 1740 0x000001a3e59feb10 code [0x000001a3e59fecc0, 0x000001a3e59feef8]
Event: 1.026 Thread 0x000001a3c9611140 nmethod 1735 0x000001a3e59fc610 code [0x000001a3e59fc900, 0x000001a3e59fdcd8]
Event: 1.026 Thread 0x000001a3c9610720 nmethod 1733 0x000001a3ecbafa10 code [0x000001a3ecbafba0, 0x000001a3ecbafd58]
Event: 1.026 Thread 0x000001a3c9610720 1739       4       java.lang.Class::getName (18 bytes)
Event: 1.026 Thread 0x000001a3ffbbfdc0 1743       3       java.util.concurrent.ConcurrentHashMap::sumCount (60 bytes)
Event: 1.026 Thread 0x000001a3ffbbfdc0 nmethod 1743 0x000001a3e59ff010 code [0x000001a3e59ff1c0, 0x000001a3e59ff438]
Event: 1.026 Thread 0x000001a3c9610720 nmethod 1739 0x000001a3ecbaff90 code [0x000001a3ecbb0120, 0x000001a3ecbb01c8]

GC Heap History (2 events):
Event: 0.843 GC heap before
{Heap before GC invocations=0 (full 0):
 garbage-first heap   total 2097152K, used 98304K [0x00000000a0000000, 0x0000000800000000)
  region size 16384K, 6 young (98304K), 0 survivors (0K)
 Metaspace       used 9907K, committed 10240K, reserved 1114112K
  class space    used 871K, committed 1024K, reserved 1048576K
}
Event: 0.849 GC heap after
{Heap after GC invocations=1 (full 0):
 garbage-first heap   total 2097152K, used 36316K [0x00000000a0000000, 0x0000000800000000)
  region size 16384K, 1 young (16384K), 1 survivors (16384K)
 Metaspace       used 9907K, committed 10240K, reserved 1114112K
  class space    used 871K, committed 1024K, reserved 1048576K
}

Deoptimization events (20 events):
Event: 0.990 Thread 0x000001a3c8f0f2a0 DEOPT PACKING pc=0x000001a3e59d6c20 sp=0x00000020a64fe730
Event: 0.990 Thread 0x000001a3c8f0f2a0 DEOPT UNPACKING pc=0x000001a3e4fc2b43 sp=0x00000020a64fdc08 mode 0
Event: 0.991 Thread 0x000001a3c8f0f2a0 DEOPT PACKING pc=0x000001a3e59d6c20 sp=0x00000020a64fe730
Event: 0.991 Thread 0x000001a3c8f0f2a0 DEOPT UNPACKING pc=0x000001a3e4fc2b43 sp=0x00000020a64fdc08 mode 0
Event: 0.991 Thread 0x000001a3c8f0f2a0 DEOPT PACKING pc=0x000001a3e59d6c20 sp=0x00000020a64fe730
Event: 0.991 Thread 0x000001a3c8f0f2a0 DEOPT UNPACKING pc=0x000001a3e4fc2b43 sp=0x00000020a64fdc08 mode 0
Event: 0.991 Thread 0x000001a3c8f0f2a0 DEOPT PACKING pc=0x000001a3e59d6c20 sp=0x00000020a64fe730
Event: 0.991 Thread 0x000001a3c8f0f2a0 DEOPT UNPACKING pc=0x000001a3e4fc2b43 sp=0x00000020a64fdc08 mode 0
Event: 0.991 Thread 0x000001a3c8f0f2a0 DEOPT PACKING pc=0x000001a3e59d6c20 sp=0x00000020a64fe730
Event: 0.991 Thread 0x000001a3c8f0f2a0 DEOPT UNPACKING pc=0x000001a3e4fc2b43 sp=0x00000020a64fdc08 mode 0
Event: 0.991 Thread 0x000001a3c8f0f2a0 DEOPT PACKING pc=0x000001a3e59d6c20 sp=0x00000020a64fe730
Event: 0.991 Thread 0x000001a3c8f0f2a0 DEOPT UNPACKING pc=0x000001a3e4fc2b43 sp=0x00000020a64fdc08 mode 0
Event: 0.991 Thread 0x000001a3c8f0f2a0 DEOPT PACKING pc=0x000001a3e59d6c20 sp=0x00000020a64fe730
Event: 0.991 Thread 0x000001a3c8f0f2a0 DEOPT UNPACKING pc=0x000001a3e4fc2b43 sp=0x00000020a64fdc08 mode 0
Event: 0.991 Thread 0x000001a3c8f0f2a0 DEOPT PACKING pc=0x000001a3e59d6c20 sp=0x00000020a64fe730
Event: 0.991 Thread 0x000001a3c8f0f2a0 DEOPT UNPACKING pc=0x000001a3e4fc2b43 sp=0x00000020a64fdc08 mode 0
Event: 1.008 Thread 0x000001a3c8f0f2a0 Uncommon trap: trap_request=0xffffff5c fr.pc=0x000001a3ecba906c relative=0x000000000000006c
Event: 1.008 Thread 0x000001a3c8f0f2a0 Uncommon trap: reason=speculate_null_check action=make_not_entrant pc=0x000001a3ecba906c method=jdk.internal.misc.Unsafe.putIntUnaligned(Ljava/lang/Object;JIZ)V @ 10 c2
Event: 1.009 Thread 0x000001a3c8f0f2a0 DEOPT PACKING pc=0x000001a3ecba906c sp=0x00000020a64feb90
Event: 1.009 Thread 0x000001a3c8f0f2a0 DEOPT UNPACKING pc=0x000001a3e4fc23a3 sp=0x00000020a64feae0 mode 2

Classes loaded (20 events):
Event: 0.626 Loading class java/lang/invoke/MethodHandle$1
Event: 0.626 Loading class java/lang/invoke/MethodHandle$1 done
Event: 0.626 Loading class java/util/stream/SortedOps$RefSortingSink
Event: 0.626 Loading class java/util/stream/SortedOps$RefSortingSink done
Event: 0.629 Loading class java/util/AbstractList$RandomAccessSubList
Event: 0.629 Loading class java/util/AbstractList$SubList
Event: 0.629 Loading class java/util/AbstractList$SubList done
Event: 0.629 Loading class java/util/AbstractList$RandomAccessSubList done
Event: 0.629 Loading class java/util/AbstractList$SubList$1
Event: 0.629 Loading class java/util/AbstractList$SubList$1 done
Event: 0.629 Loading class java/util/AbstractList$ListItr
Event: 0.629 Loading class java/util/AbstractList$ListItr done
Event: 0.629 Loading class java/lang/invoke/MethodHandleImpl$CountingWrapper
Event: 0.629 Loading class java/lang/invoke/MethodHandleImpl$CountingWrapper done
Event: 0.630 Loading class jdk/internal/org/objectweb/asm/Edge
Event: 0.630 Loading class jdk/internal/org/objectweb/asm/Edge done
Event: 0.631 Loading class java/util/stream/ReduceOps$2
Event: 0.631 Loading class java/util/stream/ReduceOps$2 done
Event: 0.631 Loading class java/util/stream/ReduceOps$2ReducingSink
Event: 0.632 Loading class java/util/stream/ReduceOps$2ReducingSink done

Classes unloaded (0 events):
No events

Classes redefined (0 events):
No events

Internal exceptions (20 events):
Event: 0.490 Thread 0x000001a3dd637110 Exception <a 'java/lang/NoSuchMethodError'{0x000000011e648da8}: 'java.lang.Object java.lang.invoke.DirectMethodHandle$Holder.invokeSpecial(java.lang.Object, java.lang.Object, double, double)'> (0x000000011e648da8) 
thrown [s\open\src\hotspot\share\interpreter\linkResolver.cpp, line 759]
Event: 0.491 Thread 0x000001a3dd637110 Exception <a 'java/lang/NoSuchMethodError'{0x000000011e64f910}: 'java.lang.Object java.lang.invoke.DirectMethodHandle$Holder.invokeVirtual(java.lang.Object, java.lang.Object, java.lang.Object)'> (0x000000011e64f910) 
thrown [s\open\src\hotspot\share\interpreter\linkResolver.cpp, line 759]
Event: 0.513 Thread 0x000001a3c8f0f2a0 Exception <a 'java/lang/NoSuchMethodError'{0x000000011eb3ed58}: 'void java.lang.invoke.DirectMethodHandle$Holder.invokeStaticInit(java.lang.Object, java.lang.Object, java.lang.Object)'> (0x000000011eb3ed58) 
thrown [s\open\src\hotspot\share\interpreter\linkResolver.cpp, line 759]
Event: 0.543 Thread 0x000001a3c8f0f2a0 Exception <a 'java/lang/NoSuchMethodError'{0x000000011ec77078}: 'java.lang.Object java.lang.invoke.DirectMethodHandle$Holder.invokeStaticInit(java.lang.Object, int, int, int, int)'> (0x000000011ec77078) 
thrown [s\open\src\hotspot\share\interpreter\linkResolver.cpp, line 759]
Event: 0.578 Thread 0x000001a3c8f0f2a0 Exception <a 'java/lang/NoSuchMethodError'{0x000000011ed3ed10}: 'java.lang.Object java.lang.invoke.DirectMethodHandle$Holder.invokeStaticInit(java.lang.Object, java.lang.Object, int, int, int, int)'> (0x000000011ed3ed10) 
thrown [s\open\src\hotspot\share\interpreter\linkResolver.cpp, line 759]
Event: 0.615 Thread 0x000001a3c8f0f2a0 Exception <a 'java/lang/NoSuchMethodError'{0x000000011edca5b8}: 'int java.lang.invoke.DirectMethodHandle$Holder.invokeStatic(java.lang.Object, int, java.lang.Object)'> (0x000000011edca5b8) 
thrown [s\open\src\hotspot\share\interpreter\linkResolver.cpp, line 759]
Event: 0.616 Thread 0x000001a3c8f0f2a0 Exception <a 'java/lang/NoSuchMethodError'{0x000000011edd7998}: 'java.lang.Object java.lang.invoke.DirectMethodHandle$Holder.invokeStatic(java.lang.Object, int, java.lang.Object)'> (0x000000011edd7998) 
thrown [s\open\src\hotspot\share\interpreter\linkResolver.cpp, line 759]
Event: 0.619 Thread 0x000001a3c8f0f2a0 Exception <a 'java/lang/NoSuchMethodError'{0x000000011ee101c8}: 'java.lang.Object java.lang.invoke.DirectMethodHandle$Holder.invokeSpecial(java.lang.Object, java.lang.Object, java.lang.Object, java.lang.Object, java.lang.Object, java.lang.Object, java.lang.Object, java.lang.Object, java.lang.Object, java.lang.Object, java.lang.Object, java.lang.Object, java.lang.Object)'> (0x000000011ee101c8) 
thrown [s\open\src\hotspot\share\interpreter\linkResolver.cpp, line 759]
Event: 0.619 Thread 0x000001a3c8f0f2a0 Exception <a 'java/lang/NoSuchMethodError'{0x000000011ee14d10}: 'java.lang.Object java.lang.invoke.Invokers$Holder.invoker(java.lang.Object, java.lang.Object, java.lang.Object, java.lang.Object, java.lang.Object, java.lang.Object, java.lang.Object, java.lang.Object, java.lang.Object, java.lang.Object, java.lang.Object, java.lang.Object, java.lang.Object)'> (0x000000011ee14d10) 
thrown [s\open\src\hotspot\share\interpreter\linkResolver.cpp, line 759]
Event: 0.619 Thread 0x000001a3c8f0f2a0 Exception <a 'java/lang/NoSuchMethodError'{0x000000011ee1b238}: 'java.lang.Object java.lang.invoke.DirectMethodHandle$Holder.invokeSpecial(java.lang.Object, java.lang.Object, java.lang.Object, java.lang.Object, java.lang.Object, java.lang.Object, java.lang.Object, java.lang.Object, java.lang.Object, java.lang.Object, java.lang.Object, java.lang.Object, java.lang.Object, java.lang.Object)'> (0x000000011ee1b238) 
thrown [s\open\src\hotspot\share\interpreter\linkResolver.cpp, line 759]
Event: 0.620 Thread 0x000001a3c8f0f2a0 Exception <a 'java/lang/NoSuchMethodError'{0x000000011ee2b1d0}: 'java.lang.Object java.lang.invoke.DirectMethodHandle$Holder.invokeSpecial(java.lang.Object, java.lang.Object, java.lang.Object, java.lang.Object, java.lang.Object, java.lang.Object, java.lang.Object, java.lang.Object, java.lang.Object)'> (0x000000011ee2b1d0) 
thrown [s\open\src\hotspot\share\interpreter\linkResolver.cpp, line 759]
Event: 0.621 Thread 0x000001a3c8f0f2a0 Exception <a 'java/lang/NoSuchMethodError'{0x000000011ee2f5b8}: 'java.lang.Object java.lang.invoke.Invokers$Holder.invoke_MT(java.lang.Object, java.lang.Object, java.lang.Object, java.lang.Object, java.lang.Object, java.lang.Object, java.lang.Object, java.lang.Object, java.lang.Object)'> (0x000000011ee2f5b8) 
thrown [s\open\src\hotspot\share\interpreter\linkResolver.cpp, line 759]
Event: 0.627 Thread 0x000001a3c8f0f2a0 Exception <a 'java/lang/NoSuchMethodError'{0x000000011ee88140}: 'java.lang.Object java.lang.invoke.DirectMethodHandle$Holder.invokeSpecial(java.lang.Object, java.lang.Object, java.lang.Object, java.lang.Object, java.lang.Object, java.lang.Object, java.lang.Object, java.lang.Object, java.lang.Object, java.lang.Object)'> (0x000000011ee88140) 
thrown [s\open\src\hotspot\share\interpreter\linkResolver.cpp, line 759]
Event: 0.627 Thread 0x000001a3c8f0f2a0 Exception <a 'java/lang/NoSuchMethodError'{0x000000011ee8c728}: 'java.lang.Object java.lang.invoke.Invokers$Holder.invoke_MT(java.lang.Object, java.lang.Object, java.lang.Object, java.lang.Object, java.lang.Object, java.lang.Object, java.lang.Object, java.lang.Object, java.lang.Object, java.lang.Object)'> (0x000000011ee8c728) 
thrown [s\open\src\hotspot\share\interpreter\linkResolver.cpp, line 759]
Event: 0.629 Thread 0x000001a3c8f0f2a0 Exception <a 'java/lang/NoSuchMethodError'{0x000000011eec0130}: 'java.lang.Object java.lang.invoke.DirectMethodHandle$Holder.invokeSpecial(java.lang.Object, java.lang.Object, int, java.lang.Object, java.lang.Object)'> (0x000000011eec0130) 
thrown [s\open\src\hotspot\share\interpreter\linkResolver.cpp, line 759]
Event: 0.629 Thread 0x000001a3c8f0f2a0 Exception <a 'java/lang/NoSuchMethodError'{0x000000011eec3d20}: 'java.lang.Object java.lang.invoke.DelegatingMethodHandle$Holder.delegate(java.lang.Object, int, java.lang.Object, java.lang.Object)'> (0x000000011eec3d20) 
thrown [s\open\src\hotspot\share\interpreter\linkResolver.cpp, line 759]
Event: 0.630 Thread 0x000001a3c8f0f2a0 Exception <a 'java/lang/NoSuchMethodError'{0x000000011eed7850}: 'int java.lang.invoke.Invokers$Holder.linkToTargetMethod(java.lang.Object, java.lang.Object, java.lang.Object)'> (0x000000011eed7850) 
thrown [s\open\src\hotspot\share\interpreter\linkResolver.cpp, line 759]
Event: 0.632 Thread 0x000001a3c8f0f2a0 Exception <a 'java/lang/NoSuchMethodError'{0x000000011eeea8e8}: 'void java.lang.invoke.DirectMethodHandle$Holder.invokeInterface(java.lang.Object, java.lang.Object, java.lang.Object)'> (0x000000011eeea8e8) 
thrown [s\open\src\hotspot\share\interpreter\linkResolver.cpp, line 759]
Event: 1.021 Thread 0x000001a3c8f0f2a0 Exception <a 'java/lang/NoSuchMethodError'{0x000000011c68dae0}: 'java.lang.Object java.lang.invoke.DirectMethodHandle$Holder.invokeVirtual(java.lang.Object, java.lang.Object, int)'> (0x000000011c68dae0) 
thrown [s\open\src\hotspot\share\interpreter\linkResolver.cpp, line 759]
Event: 1.025 Thread 0x000001a3c8f0f2a0 Exception <a 'java/lang/NoSuchMethodError'{0x000000011c69c4e8}: 'void java.lang.invoke.DirectMethodHandle$Holder.invokeSpecial(java.lang.Object, java.lang.Object, java.lang.Object, java.lang.Object, java.lang.Object)'> (0x000000011c69c4e8) 
thrown [s\open\src\hotspot\share\interpreter\linkResolver.cpp, line 759]

VM Operations (16 events):
Event: 0.086 Executing VM operation: HandshakeAllThreads
Event: 0.086 Executing VM operation: HandshakeAllThreads done
Event: 0.493 Executing VM operation: HandshakeAllThreads
Event: 0.493 Executing VM operation: HandshakeAllThreads done
Event: 0.526 Executing VM operation: HandshakeAllThreads
Event: 0.527 Executing VM operation: HandshakeAllThreads done
Event: 0.528 Executing VM operation: HandshakeAllThreads
Event: 0.528 Executing VM operation: HandshakeAllThreads done
Event: 0.535 Executing VM operation: HandshakeAllThreads
Event: 0.535 Executing VM operation: HandshakeAllThreads done
Event: 0.550 Executing VM operation: HandshakeAllThreads
Event: 0.550 Executing VM operation: HandshakeAllThreads done
Event: 0.608 Executing VM operation: ICBufferFull
Event: 0.608 Executing VM operation: ICBufferFull done
Event: 0.843 Executing VM operation: G1CollectForAllocation
Event: 0.849 Executing VM operation: G1CollectForAllocation done

Events (20 events):
Event: 0.023 Thread 0x000001a3ffaacfe0 Thread added: 0x000001a3ffaacfe0
Event: 0.040 Thread 0x000001a3ffbbfdc0 Thread added: 0x000001a3ffbbfdc0
Event: 0.041 Thread 0x000001a3ffbd4340 Thread added: 0x000001a3ffbd4340
Event: 0.043 Thread 0x000001a3ffbd5a80 Thread added: 0x000001a3ffbd5a80
Event: 0.065 Loaded shared library C:\Program Files\Java\jdk-18.0.2\bin\jimage.dll
Event: 0.068 Loaded shared library C:\Program Files\Java\jdk-18.0.2\bin\awt.dll
Event: 0.089 Loaded shared library C:\Program Files\Java\jdk-18.0.2\bin\net.dll
Event: 0.090 Loaded shared library C:\Program Files\Java\jdk-18.0.2\bin\nio.dll
Event: 0.092 Loaded shared library C:\Program Files\Java\jdk-18.0.2\bin\zip.dll
Event: 0.135 Loaded shared library C:\Users\marvi\AppData\Local\Temp\lwjglmarvi\3.3.1-build-7\lwjgl.dll
Event: 0.373 Thread 0x000001a3c8f0f2a0 Thread added: 0x000001a3c8f0f2a0
Event: 0.398 Loaded shared library C:\Program Files\Java\jdk-18.0.2\bin\verify.dll
Event: 0.399 Loaded shared library C:\Users\marvi\AppData\Local\Temp\lwjglmarvi\3.3.1-build-7\lwjgl_opengl.dll
Event: 0.401 Thread 0x000001a3c91a2720 Thread added: 0x000001a3c91a2720
Event: 0.430 Thread 0x000001a3c91b9720 Thread added: 0x000001a3c91b9720
Event: 0.430 Thread 0x000001a3c9611140 Thread added: 0x000001a3c9611140
Event: 0.582 Thread 0x000001a3c98db280 Thread added: 0x000001a3c98db280
Event: 0.588 Loaded shared library C:\Program Files\Java\jdk-18.0.2\bin\mlib_image.dll
Event: 1.012 Thread 0x000001a3c9610720 Thread added: 0x000001a3c9610720
Event: 1.012 Thread 0x000001a3c9610210 Thread added: 0x000001a3c9610210


Dynamic libraries:
0x00007ff7ba410000 - 0x00007ff7ba420000 	C:\Program Files\Java\jdk-18.0.2\bin\javaw.exe
0x00007fff740f0000 - 0x00007fff742e8000 	C:\WINDOWS\SYSTEM32\ntdll.dll
0x00007fff72720000 - 0x00007fff727df000 	C:\WINDOWS\System32\KERNEL32.DLL
0x00007fff71b30000 - 0x00007fff71e02000 	C:\WINDOWS\System32\KERNELBASE.dll
0x00007fff717f0000 - 0x00007fff718f0000 	C:\WINDOWS\System32\ucrtbase.dll
0x00007fff6e8a0000 - 0x00007fff6e8ba000 	C:\Program Files\Java\jdk-18.0.2\bin\VCRUNTIME140.dll
0x00007fff6e8c0000 - 0x00007fff6e8d8000 	C:\Program Files\Java\jdk-18.0.2\bin\jli.dll
0x00007fff73260000 - 0x00007fff7330e000 	C:\WINDOWS\System32\ADVAPI32.dll
0x00007fff73d70000 - 0x00007fff73e0e000 	C:\WINDOWS\System32\msvcrt.dll
0x00007fff72a50000 - 0x00007fff72aec000 	C:\WINDOWS\System32\sechost.dll
0x00007fff73c40000 - 0x00007fff73d65000 	C:\WINDOWS\System32\RPCRT4.dll
0x00007fff72580000 - 0x00007fff7271d000 	C:\WINDOWS\System32\USER32.dll
0x00007fff72110000 - 0x00007fff72132000 	C:\WINDOWS\System32\win32u.dll
0x00007fff52d00000 - 0x00007fff52f9a000 	C:\WINDOWS\WinSxS\amd64_microsoft.windows.common-controls_6595b64144ccf1df_6.0.19041.1110_none_60b5254171f9507e\COMCTL32.dll
0x00007fff724a0000 - 0x00007fff724cb000 	C:\WINDOWS\System32\GDI32.dll
0x00007fff71e40000 - 0x00007fff71f4f000 	C:\WINDOWS\System32\gdi32full.dll
0x00007fff71fc0000 - 0x00007fff7205d000 	C:\WINDOWS\System32\msvcp_win.dll
0x00007fff6b020000 - 0x00007fff6b02a000 	C:\WINDOWS\SYSTEM32\VERSION.dll
0x00007fff73fc0000 - 0x00007fff73ff2000 	C:\WINDOWS\System32\IMM32.DLL
0x00007fff6ebd0000 - 0x00007fff6ebdc000 	C:\Program Files\Java\jdk-18.0.2\bin\vcruntime140_1.dll
0x00007fff44800000 - 0x00007fff4488d000 	C:\Program Files\Java\jdk-18.0.2\bin\msvcp140.dll
0x00007ffef87e0000 - 0x00007ffef93f1000 	C:\Program Files\Java\jdk-18.0.2\bin\server\jvm.dll
0x00007fff73320000 - 0x00007fff73328000 	C:\WINDOWS\System32\PSAPI.DLL
0x00007fff56e50000 - 0x00007fff56e59000 	C:\WINDOWS\SYSTEM32\WSOCK32.dll
0x00007fff61cd0000 - 0x00007fff61cf7000 	C:\WINDOWS\SYSTEM32\WINMM.dll
0x00007fff73bd0000 - 0x00007fff73c3b000 	C:\WINDOWS\System32\WS2_32.dll
0x00007fff70060000 - 0x00007fff70072000 	C:\WINDOWS\SYSTEM32\kernel.appcore.dll
0x00007fff6e970000 - 0x00007fff6e97a000 	C:\Program Files\Java\jdk-18.0.2\bin\jimage.dll
0x00007fff5ded0000 - 0x00007fff5e0b4000 	C:\WINDOWS\SYSTEM32\DBGHELP.DLL
0x00007fff572f0000 - 0x00007fff5731c000 	C:\WINDOWS\SYSTEM32\dbgcore.DLL
0x00007fff71aa0000 - 0x00007fff71b22000 	C:\WINDOWS\System32\bcryptPrimitives.dll
0x00007fff5fdc0000 - 0x00007fff5fde5000 	C:\Program Files\Java\jdk-18.0.2\bin\java.dll
0x00007fff3e3c0000 - 0x00007fff3e496000 	C:\Program Files\Java\jdk-18.0.2\bin\jsvml.dll
0x00007fff73330000 - 0x00007fff73a73000 	C:\WINDOWS\System32\SHELL32.dll
0x00007fff6f6a0000 - 0x00007fff6fe32000 	C:\WINDOWS\SYSTEM32\windows.storage.dll
0x00007fff72140000 - 0x00007fff72494000 	C:\WINDOWS\System32\combase.dll
0x00007fff71250000 - 0x00007fff71280000 	C:\WINDOWS\SYSTEM32\Wldp.dll
0x00007fff724d0000 - 0x00007fff7257d000 	C:\WINDOWS\System32\SHCORE.dll
0x00007fff73b70000 - 0x00007fff73bc5000 	C:\WINDOWS\System32\shlwapi.dll
0x00007fff71730000 - 0x00007fff7174f000 	C:\WINDOWS\SYSTEM32\profapi.dll
0x00007ffefdad0000 - 0x00007ffefdc5f000 	C:\Program Files\Java\jdk-18.0.2\bin\awt.dll
0x00007fff73ef0000 - 0x00007fff73fbd000 	C:\WINDOWS\System32\OLEAUT32.dll
0x00007fff6ecb0000 - 0x00007fff6ed41000 	C:\WINDOWS\SYSTEM32\apphelp.dll
0x00007fff5fda0000 - 0x00007fff5fdb3000 	C:\Program Files\Java\jdk-18.0.2\bin\net.dll
0x00007fff6c410000 - 0x00007fff6c51c000 	C:\WINDOWS\SYSTEM32\WINHTTP.dll
0x00007fff70fb0000 - 0x00007fff7101a000 	C:\WINDOWS\system32\mswsock.dll
0x00007fff5fd80000 - 0x00007fff5fd96000 	C:\Program Files\Java\jdk-18.0.2\bin\nio.dll
0x00007fff4af80000 - 0x00007fff4af98000 	C:\Program Files\Java\jdk-18.0.2\bin\zip.dll
0x00007fff2c9d0000 - 0x00007fff2ca45000 	C:\Users\marvi\AppData\Local\Temp\lwjglmarvi\3.3.1-build-7\lwjgl.dll
0x00007fff2c960000 - 0x00007fff2c9c1000 	C:\Users\marvi\AppData\Local\Temp\lwjglmarvi\3.3.1-build-7\glfw.dll
0x00007fff419e0000 - 0x00007fff41a25000 	C:\WINDOWS\SYSTEM32\dinput8.dll
0x00007fff6e910000 - 0x00007fff6e921000 	C:\WINDOWS\SYSTEM32\xinput1_4.dll
0x00007fff718f0000 - 0x00007fff7193e000 	C:\WINDOWS\System32\cfgmgr32.dll
0x00007fff715a0000 - 0x00007fff715cc000 	C:\WINDOWS\SYSTEM32\DEVOBJ.dll
0x00007fff6f2b0000 - 0x00007fff6f2df000 	C:\WINDOWS\SYSTEM32\dwmapi.dll
0x00007fff558e0000 - 0x00007fff55a32000 	C:\WINDOWS\SYSTEM32\inputhost.dll
0x00007fff6e980000 - 0x00007fff6ea72000 	C:\WINDOWS\SYSTEM32\CoreMessaging.dll
0x00007fff6dde0000 - 0x00007fff6df34000 	C:\WINDOWS\SYSTEM32\wintypes.dll
0x00007fff6fee0000 - 0x00007fff6ffd6000 	C:\WINDOWS\SYSTEM32\PROPSYS.dll
0x00007fff6e4d0000 - 0x00007fff6e82e000 	C:\WINDOWS\SYSTEM32\CoreUIComponents.dll
0x00007fff70980000 - 0x00007fff709b3000 	C:\WINDOWS\SYSTEM32\ntmarta.dll
0x00007fff6ef50000 - 0x00007fff6efee000 	C:\WINDOWS\system32\uxtheme.dll
0x00007fff730b0000 - 0x00007fff731c5000 	C:\WINDOWS\System32\MSCTF.dll
0x00007ffeeb100000 - 0x00007ffeeb225000 	C:\WINDOWS\SYSTEM32\opengl32.dll
0x00007ffeeb0d0000 - 0x00007ffeeb0fc000 	C:\WINDOWS\SYSTEM32\GLU32.dll
0x00007fff74000000 - 0x00007fff740af000 	C:\WINDOWS\System32\clbcatq.dll
0x00007ffee31f0000 - 0x00007ffee5d10000 	C:\WINDOWS\System32\DriverStore\FileRepository\nvmd.inf_amd64_0da8f93391b94ddf\nvoglv64.dll
0x00007fff72af0000 - 0x00007fff72f58000 	C:\WINDOWS\System32\SETUPAPI.dll
0x00007fff71e10000 - 0x00007fff71e37000 	C:\WINDOWS\System32\bcrypt.dll
0x00007fff72f60000 - 0x00007fff7308a000 	C:\WINDOWS\System32\ole32.dll
0x00007fff6cdf0000 - 0x00007fff6ce04000 	C:\WINDOWS\SYSTEM32\WTSAPI32.dll
0x00007fff713e0000 - 0x00007fff713f2000 	C:\WINDOWS\SYSTEM32\msasn1.dll
0x00007fff6afc0000 - 0x00007fff6aff1000 	C:\WINDOWS\SYSTEM32\cryptnet.dll
0x00007fff71940000 - 0x00007fff71a96000 	C:\WINDOWS\System32\CRYPT32.dll
0x00007fff693c0000 - 0x00007fff69508000 	C:\WINDOWS\SYSTEM32\drvstore.dll
0x00007fff711c0000 - 0x00007fff711cc000 	C:\WINDOWS\SYSTEM32\cryptbase.dll
0x00007fff71f50000 - 0x00007fff71fba000 	C:\WINDOWS\System32\WINTRUST.dll
0x00007fff6beb0000 - 0x00007fff6beeb000 	C:\WINDOWS\SYSTEM32\dxcore.dll
0x00007fff1a870000 - 0x00007fff1ab37000 	C:\WINDOWS\system32\nvspcap64.dll
0x00007fff70d70000 - 0x00007fff70dbb000 	C:\WINDOWS\SYSTEM32\powrprof.dll
0x00007fff70c30000 - 0x00007fff70c42000 	C:\WINDOWS\SYSTEM32\UMPDC.dll
0x00007fff704f0000 - 0x00007fff70554000 	C:\WINDOWS\SYSTEM32\WINSTA.dll
0x00007fff56330000 - 0x00007fff56429000 	C:\WINDOWS\SYSTEM32\textinputframework.dll
0x00007fff6e890000 - 0x00007fff6e8a0000 	C:\Program Files\Java\jdk-18.0.2\bin\verify.dll
0x00007fff2c900000 - 0x00007fff2c95d000 	C:\Users\marvi\AppData\Local\Temp\lwjglmarvi\3.3.1-build-7\lwjgl_opengl.dll
0x00007fff711a0000 - 0x00007fff711b8000 	C:\WINDOWS\SYSTEM32\CRYPTSP.dll
0x00007fff70860000 - 0x00007fff70894000 	C:\WINDOWS\system32\rsaenh.dll
0x00007fff716f0000 - 0x00007fff7171e000 	C:\WINDOWS\SYSTEM32\USERENV.dll
0x00007fff70c50000 - 0x00007fff70c8b000 	C:\WINDOWS\SYSTEM32\IPHLPAPI.DLL
0x00007fff73b60000 - 0x00007fff73b68000 	C:\WINDOWS\System32\NSI.dll
0x00007fff6bce0000 - 0x00007fff6bcf7000 	C:\WINDOWS\SYSTEM32\dhcpcsvc6.DLL
0x00007fff6bc60000 - 0x00007fff6bc7d000 	C:\WINDOWS\SYSTEM32\dhcpcsvc.DLL
0x00007fff70ca0000 - 0x00007fff70d6a000 	C:\WINDOWS\SYSTEM32\DNSAPI.dll
0x00007fff1bac0000 - 0x00007fff1bb3f000 	C:\Program Files\Java\jdk-18.0.2\bin\mlib_image.dll

dbghelp: loaded successfully - version: 4.0.5 - missing functions: none
symbol engine: initialized successfully - sym options: 0x614 - pdb path: .;C:\Program Files\Java\jdk-18.0.2\bin;C:\WINDOWS\SYSTEM32;C:\WINDOWS\WinSxS\amd64_microsoft.windows.common-controls_6595b64144ccf1df_6.0.19041.1110_none_60b5254171f9507e;C:\Program Files\Java\jdk-18.0.2\bin\server;C:\Users\marvi\AppData\Local\Temp\lwjglmarvi\3.3.1-build-7;C:\WINDOWS\System32\DriverStore\FileRepository\nvmd.inf_amd64_0da8f93391b94ddf

VM Arguments:
jvm_args: -Dfile.encoding=UTF-8 -XX:+ShowCodeDetailsInExceptionMessages 
java_command: de.m_marvin.voxelengine.VoxelEngine
java_class_path (initial): E:\GitHub\LIBRARY-RenderEngine\RenderEngine\bin\default;C:\Users\marvi\.gradle\caches\modules-2\files-2.1\org.lwjgl\lwjgl-assimp\3.3.1\312072f451794f25670aebb0160ce6ec88aff842\lwjgl-assimp-3.3.1.jar;C:\Users\marvi\.gradle\caches\modules-2\files-2.1\org.lwjgl\lwjgl-glfw\3.3.1\cbac1b8d30cb4795149c1ef540f912671a8616d0\lwjgl-glfw-3.3.1.jar;C:\Users\marvi\.gradle\caches\modules-2\files-2.1\org.lwjgl\lwjgl-jawt\3.3.1\30330b16b809655d42f4951ece57f425cce43ce2\lwjgl-jawt-3.3.1.jar;C:\Users\marvi\.gradle\caches\modules-2\files-2.1\org.lwjgl\lwjgl-openal\3.3.1\2623a6b8ae1dfcd880738656a9f0243d2e6840bd\lwjgl-openal-3.3.1.jar;C:\Users\marvi\.gradle\caches\modules-2\files-2.1\org.lwjgl\lwjgl-opengl\3.3.1\831a5533a21a5f4f81bbc51bb13e9899319b5411\lwjgl-opengl-3.3.1.jar;C:\Users\marvi\.gradle\caches\modules-2\files-2.1\org.lwjgl\lwjgl-stb\3.3.1\b119297cf8ed01f247abe8685857f8e7fcf5980f\lwjgl-stb-3.3.1.jar;C:\Users\marvi\.gradle\caches\modules-2\files-2.1\org.lwjgl\lwjgl\3.3.1\ae58664f88e18a9bb2c77b063833ca7aaec484cb\lwjgl-3.3.1.jar;C:\Users\marvi\.gradle\caches\modules-2\files-2.1\com.github.M-Marvin\LIBRARY-UnifiedVectors\7dfe7805d4ad5d71db1ab3eda63b06160daaaf62\16f5c08ff6f2f17a90069752fa20a192bf519a78\LIBRARY-UnifiedVectors-7dfe7805d4ad5d71db1ab3eda63b06160daaaf62.jar;C:\Users\marvi\.gradle\caches\modules-2\files-2.1\com.google.code.gson\gson\2.9.1\2cc2131b98ebfb04e2b2c7dfb84431f4045096b\gson-2.9.1.jar;C:\Users\marvi\.gradle\caches\modules-2\files-2.1\com.google.guava\guava\16.0.1\5fa98cd1a63c99a44dd8d3b77e4762b066a5d0c5\guava-16.0.1.jar;C:\Users\marvi\.gradle\caches\modules-2\files-2.1\cz.advel.jbullet\jbullet\20101010-1\63618e3da195da9b549f20ca01fe8ee2147eeb75\jbullet-20101010-1.jar;C:\Users\marvi\.gradle\caches\modules-2\files-2.1\java3d\vecmath\1.3.1\a0ae4f51da409fa0c20fa0ca59e6bbc9413ae71d\vecmath-1.3.1.jar;C:\Users\marvi\.gradle\caches\modules-2\files-2.1\org.lwjgl\lwjgl-assimp\3.3.1\bfa2a0d57acbf952b716d0ad8a3acbd7ad9f5639\lwjgl-assimp-3.3.1-natives-windows.jar;C:\Users\marvi\.gradle\caches\modules-2\files-2.1\org.lwjgl\lwjgl-glfw\3.3.1\ed892f945cf7e79c8756796f32d00fa4ceaf573b\lwjgl-glfw-3.3.1-natives-windows.jar;C:\Users\marvi\.gradle\caches\modules-2\files-2.1\org.lwjgl\lwjgl-openal\3.3.1\30a474d0e57193d7bc128849a3ab66bc9316fdb1\lwjgl-openal-3.3.1-natives-windows.jar;C:\Users\marvi\.gradle\caches\modules-2\files-2.1\org.lwjgl\lwjgl-opengl\3.3.1\c1807e9bd571402787d7e37e3029776ae2513bb8\lwjgl-opengl-3.3.1-natives-windows.jar;C:\Users\marvi\.gradle\caches\modules-2\files-2.1\org.lwjgl\lwjgl-stb\3.3.1\86315914ac119efdb02dc9e8e978ade84f1702af\lwjgl-stb-3.3.1-natives-windows.jar;C:\Users\marvi\.gradle\caches\modules-2\files-2.1\org.lwjgl\lwjgl\3.3.1\36c37f16ab611b3aa11f3bcf80b1d509b4ce6b\lwjgl-3.3.1-natives-windows.jar
Launcher Type: SUN_STANDARD

[Global flags]
     intx CICompilerCount                          = 12                                        {product} {ergonomic}
     uint ConcGCThreads                            = 5                                         {product} {ergonomic}
     uint G1ConcRefinementThreads                  = 18                                        {product} {ergonomic}
   size_t G1HeapRegionSize                         = 16777216                                  {product} {ergonomic}
    uintx GCDrainStackTargetSize                   = 64                                        {product} {ergonomic}
   size_t InitialHeapSize                          = 2147483648                                {product} {ergonomic}
   size_t MarkStackSize                            = 4194304                                   {product} {ergonomic}
   size_t MaxHeapSize                              = 31675383808                               {product} {ergonomic}
   size_t MaxNewSize                               = 18991808512                               {product} {ergonomic}
   size_t MinHeapDeltaBytes                        = 16777216                                  {product} {ergonomic}
   size_t MinHeapSize                              = 16777216                                  {product} {ergonomic}
    uintx NonNMethodCodeHeapSize                   = 7602480                                {pd product} {ergonomic}
    uintx NonProfiledCodeHeapSize                  = 122027880                              {pd product} {ergonomic}
    uintx ProfiledCodeHeapSize                     = 122027880                              {pd product} {ergonomic}
    uintx ReservedCodeCacheSize                    = 251658240                              {pd product} {ergonomic}
     bool SegmentedCodeCache                       = true                                      {product} {ergonomic}
     bool ShowCodeDetailsInExceptionMessages       = true                                   {manageable} {command line}
   size_t SoftMaxHeapSize                          = 31675383808                            {manageable} {ergonomic}
     bool UseCompressedClassPointers               = true                           {product lp64_product} {ergonomic}
     bool UseCompressedOops                        = true                           {product lp64_product} {ergonomic}
     bool UseG1GC                                  = true                                      {product} {ergonomic}
     bool UseLargePagesIndividualAllocation        = false                                  {pd product} {ergonomic}

Logging:
Log output configuration:
 #0: stdout all=warning uptime,level,tags foldmultilines=false
 #1: stderr all=off uptime,level,tags foldmultilines=false

Environment Variables:
JAVA_HOME=C:\Program Files\Java\jdk-17.0.2
PATH=C:\Program Files\Common Files\Oracle\Java\javapath;C:\Program Files\Eclipse Foundation\jdk-8.0.302.8-hotspot\bin;C:\Program Files\Eclipse Adoptium\jdk-11.0.13.8-hotspot\bin;D:\TIAPortal\SCADA-RT_V11\WinCC\Bin;C:\Program Files\Common Files\Siemens\Automation\Simatic OAM\bin;C:\Program Files (x86)\Common Files\Siemens\Bin;C:\Program Files (x86)\Common Files\Siemens\CommonArchiving;C:\Program Files (x86)\Common Files\Siemens\ACE\Bin;C:\Program Files (x86)\Common Files\Oracle\Java\javapath;C:\Windows\system32;C:\Windows;C:\Windows\System32\Wbem;C:\Windows\System32\WindowsPowerShell\v1.0\;C:\Windows\System32\OpenSSH\;C:\Program Files (x86)\NVIDIA Corporation\PhysX\Common;C:\Program Files\NVIDIA Corporation\NVIDIA NvDLISR;C:\Program Files (x86)\Microsoft SQL Server\100\Tools\Binn\;C:\Program Files (x86)\Microsoft SQL Server\100\DTS\Binn\;C:\WINDOWS\system32;C:\WINDOWS;C:\WINDOWS\System32\Wbem;C:\WINDOWS\System32\WindowsPowerShell\v1.0\;C:\WINDOWS\System32\OpenSSH\;C:\Program Files (x86)\IVI Foundation\VISA\WinNT\Bin\;C:\Program Files\IVI Foundation\VISA\Win64\Bin\;C:\Program Files (x86)\Microsoft SQL Server\90\Tools\binn\;C:\Program Files\Microsoft SQL Server\Client SDK\ODBC\130\Tools\Binn\;C:\Program Files (x86)\Microsoft SQL Server\130\Tools\Binn\;C:\Program Files\Microsoft SQL Server\130\Tools\Binn\;C:\Program Files\Microsoft SQL Server\130\DTS\Binn\;D:\TIAPortal\SCADA-RT_V11\WinCC\Interfaces;C:\Program Files (x86)\Common Files\Siemens\;C:\Program Files (x86)\Common Files\Siemens\Interfaces;C:\Program Files (x86)\Common Files\Siemens\ACE\Interfaces;C:\Program Files\Microsoft SQL Server\Client SDK\ODBC\170\Tools\Binn\;C:\Program Files\Java\jdk-17.0.2\bin;C:\Program Files (x86)\IVI Foundation\IVI\bin;C:\Program Files\IVI Foundation\IVI\bin;C:\Program Files (x86)\IVI Foundation\VISA\WinNT\Bin;C:\Program Files\Git\cmd;C:\Program Files\dotnet\;C:\Users\marvi\AppData\Local\Microsoft\WindowsApps;C:\Users\marvi\AppData\Local\GitHubDesktop\bin;C:\Users\marvi\.dotnet\tools;C:\Gradle\gradle-7.4.2\bin;
USERNAME=marvi
OS=Windows_NT
PROCESSOR_IDENTIFIER=AMD64 Family 23 Model 113 Stepping 0, AuthenticAMD



---------------  S Y S T E M  ---------------

OS:
 Windows 10 , 64 bit Build 19041 (10.0.19041.2251)
OS uptime: 0 days 12:41 hours

CPU: total 24 (initial active 24) (24 cores per cpu, 2 threads per core) family 23 model 113 stepping 0 microcode 0x0, cx8, cmov, fxsr, ht, mmx, 3dnowpref, sse, sse2, sse3, ssse3, sse4a, sse4.1, sse4.2, popcnt, lzcnt, tsc, tscinvbit, avx, avx2, aes, clmul, bmi1, bmi2, adx, sha, fma, vzeroupper, clflush, clflushopt

Memory: 4k page, system-wide physical 131023M (119533M free)
TotalPageFile size 150479M (AvailPageFile size 117499M)
current process WorkingSet (physical memory assigned to process): 269M, peak: 269M
current process commit charge ("private bytes"): 2357M, peak: 2357M

vm_info: Java HotSpot(TM) 64-Bit Server VM (18.0.2+9-61) for windows-amd64 JRE (18.0.2+9-61), built on Jun  7 2022 13:09:01 by "mach5one" with MS VC++ 16.8 / 16.9 (VS2019)

END.
