#
# A fatal error has been detected by the Java Runtime Environment:
#
#  EXCEPTION_ACCESS_VIOLATION (0xc0000005) at pc=0x000002a04533febd, pid=23496, tid=9756
#
# JRE version: Java(TM) SE Runtime Environment (18.0.2+9) (build 18.0.2+9-61)
# Java VM: Java HotSpot(TM) 64-Bit Server VM (18.0.2+9-61, mixed mode, sharing, tiered, compressed oops, compressed class ptrs, g1 gc, windows-amd64)
# Problematic frame:
# C  0x000002a04533febd
#
# No core dump will be written. Minidumps are not enabled by default on client versions of Windows
#
# If you would like to submit a bug report, please visit:
#   https://bugreport.java.com/bugreport/crash.jsp
# The crash happened outside the Java Virtual Machine in native code.
# See problematic frame for where to report the bug.
#

---------------  S U M M A R Y ------------

Command Line: -XX:+ShowCodeDetailsInExceptionMessages -agentlib:jdwp=transport=dt_socket,suspend=y,address=localhost:54009 -javaagent:E:\GitHub\LIBRARY-RenderEngine\RenderEngine/lwjglx-debug-1.0.0.jar -javaagent:D:\Eclipse\eclipse\configuration\org.eclipse.osgi\228\0\.cp\lib\javaagent-shaded.jar -Dfile.encoding=UTF-8 de.m_marvin.renderengine.RenderEngineTest

Host: AMD Ryzen 9 3900X 12-Core Processor            , 24 cores, 127G,  Windows 10 , 64 bit Build 19041 (10.0.19041.1889)
Time: Sun Oct 23 23:03:27 2022 Mitteleuropäische Sommerzeit elapsed time: 33.431449 seconds (0d 0h 0m 33s)

---------------  T H R E A D  ---------------

Current thread (0x000002a045378b90):  JavaThread "main" [_thread_in_native, id=9756, stack(0x000000fee4c00000,0x000000fee4d00000)]

Stack: [0x000000fee4c00000,0x000000fee4d00000],  sp=0x000000fee4cfee90,  free space=1019k
Native frames: (J=compiled Java code, j=interpreted, Vv=VM code, C=native code)
C  0x000002a04533febd

Java frames: (J=compiled Java code, j=interpreted, Vv=VM code)
j  org.lwjgl.opengl.GL11C.nglDrawElements(IIIJ)V+0
j  org.lwjgl.opengl.GL11C.glDrawElements(IIIJ)V+4
j  org.lwjgl.opengl.GL11.glDrawElements(IIIJ)V+4
j  de.m_marvin.renderengine.GLStateManager.drawElements(III)V+4
j  de.m_marvin.renderengine.buffers.VertexBuffer.drawAll(Lde/m_marvin/renderengine/vertecies/RenderPrimitive;)V+15
j  de.m_marvin.renderengine.RenderEngineTest.start()V+1362
j  de.m_marvin.renderengine.RenderEngineTest.main([Ljava/lang/String;)V+7
v  ~StubRoutines::call_stub

siginfo: EXCEPTION_ACCESS_VIOLATION (0xc0000005), reading address 0x0000000000000000


Register to memory mapping:

RIP=0x000002a04533febd points into unknown readable memory: 8b 3e 8b
RAX=0x000002a073216910 points into unknown readable memory: 0xc0000000c0000000 | 00 00 00 c0 00 00 00 c0
RBX=0x000002a071d00000 points into unknown readable memory: 0x000002a072836570 | 70 65 83 72 a0 02 00 00
RCX=0x0 is NULL
RDX=0x000002a072e60544 points into unknown readable memory: 01 00 00 00
RSP=0x000000fee4cfee90 is pointing into the stack for thread: 0x000002a045378b90
RBP=0x000000003f800000 is an unknown value
RSI=0x0 is NULL
RDI=0x0 is NULL
R8 =0x000002a072e60540 points into unknown readable memory: 0x0000000100000000 | 00 00 00 00 01 00 00 00
R9 =0x0000000000000006 is an unknown value
R10=0x000002a071d7f0f0 points into unknown readable memory: 0x0000000000000000 | 00 00 00 00 00 00 00 00
R11=0x000002a072e60558 points into unknown readable memory: 0x0000000000000000 | 00 00 00 00 00 00 00 00
R12=0x0000000000000108 is an unknown value
R13=0x0 is NULL
R14=0x000002a073216910 points into unknown readable memory: 0xc0000000c0000000 | 00 00 00 c0 00 00 00 c0
R15=0x0000000000000006 is an unknown value


Registers:
RAX=0x000002a073216910, RBX=0x000002a071d00000, RCX=0x0000000000000000, RDX=0x000002a072e60544
RSP=0x000000fee4cfee90, RBP=0x000000003f800000, RSI=0x0000000000000000, RDI=0x0000000000000000
R8 =0x000002a072e60540, R9 =0x0000000000000006, R10=0x000002a071d7f0f0, R11=0x000002a072e60558
R12=0x0000000000000108, R13=0x0000000000000000, R14=0x000002a073216910, R15=0x0000000000000006
RIP=0x000002a04533febd, EFLAGS=0x0000000000010246

Top of Stack: (sp=0x000000fee4cfee90)
0x000000fee4cfee90:   00000000f8f1bca4 000002a070942f40
0x000000fee4cfeea0:   0000000000000000 0000000000000006
0x000000fee4cfeeb0:   000002a071d00000 00007ffbcaa1d9d6
0x000000fee4cfeec0:   0000000000000108 000002a071d00000
0x000000fee4cfeed0:   0000000000000000 0000000000000108
0x000000fee4cfeee0:   00007ffbcaa32eb0 0000000000000000
0x000000fee4cfeef0:   000002a070ea7450 000002a070942f40
0x000000fee4cfef00:   000002a000000000 000002a073216910
0x000000fee4cfef10:   000002a000000000 0000000000000000
0x000000fee4cfef20:   000002a072e60540 0000000000000006
0x000000fee4cfef30:   000002a04533fe00 0000000000000000
0x000000fee4cfef40:   000002a072e37f98 000002a070942f40
0x000000fee4cfef50:   000000fee4cfef90 000000fee4cff0d0
0x000000fee4cfef60:   0000000000000006 000000fee4cff0d0
0x000000fee4cfef70:   00000000f8f1bca4 0000000000000000
0x000000fee4cfef80:   0000000000000000 0000000000000000 

Instructions: (pc=0x000002a04533febd)
0x000002a04533fdbd:   00 00 00 00 00 00 00 00 00 00 00 00 00 00 00 00
0x000002a04533fdcd:   00 00 00 00 00 00 00 00 00 00 00 00 00 00 00 00
0x000002a04533fddd:   00 00 00 00 00 00 00 00 00 00 00 00 00 00 00 00
0x000002a04533fded:   00 00 00 00 00 00 00 00 00 00 00 c0 fe ff ff c0
0x000002a04533fdfd:   fd 00 00 48 83 ec 28 48 89 6c 24 20 48 89 5c 24
0x000002a04533fe0d:   18 48 89 74 24 10 48 89 7c 24 08 48 8b d9 48 8b
0x000002a04533fe1d:   c2 49 8b e9 49 8b d0 48 8d 2c aa 4c 8b dd 8b 0a
0x000002a04533fe2d:   49 ba f0 f0 d7 71 a0 02 00 00 41 03 0a 48 83 c2
0x000002a04533fe3d:   04 48 be 30 8e d5 71 a0 02 00 00 48 8b 36 48 8b
0x000002a04533fe4d:   b6 08 03 00 00 48 8d 3c 49 48 8d 34 be 8b 3e 8b
0x000002a04533fe5d:   6e 04 89 38 89 68 04 8b 7e 08 89 78 08 48 be 30
0x000002a04533fe6d:   8e d5 71 a0 02 00 00 48 8b 36 48 8b b6 68 03 00
0x000002a04533fe7d:   00 48 8b f9 48 c1 e7 04 48 03 f7 8b 3e 8b 6e 04
0x000002a04533fe8d:   89 78 0c 89 68 10 8b 7e 08 8b 6e 0c 89 78 14 89
0x000002a04533fe9d:   68 18 48 be 30 8e d5 71 a0 02 00 00 48 8b 36 48
0x000002a04533fead:   8b b6 98 03 00 00 48 8b f9 48 c1 e7 04 48 03 f7
0x000002a04533febd:   8b 3e 8b 6e 04 89 78 1c 89 68 20 8b 7e 08 8b 6e
0x000002a04533fecd:   0c 89 78 24 89 68 28 48 83 c0 2c 49 3b d3 0f 85
0x000002a04533fedd:   4a ff ff ff 48 8b 7c 24 08 48 8b 74 24 10 48 8b
0x000002a04533feed:   5c 24 18 48 8b 6c 24 20 48 83 c4 28 c3 00 00 00
0x000002a04533fefd:   00 00 00 00 00 00 00 00 00 00 00 00 00 00 00 00
0x000002a04533ff0d:   00 00 00 00 00 00 00 00 00 00 00 00 00 00 00 00
0x000002a04533ff1d:   00 00 00 00 00 00 00 00 00 00 00 00 00 00 00 00
0x000002a04533ff2d:   00 00 00 00 00 00 00 00 00 00 00 80 ff ff ff 40
0x000002a04533ff3d:   01 00 00 55 48 8b ec 53 56 57 4c 8b da 4c 8b d1
0x000002a04533ff4d:   49 8b f2 49 8b fb 41 8b e8 85 ed 0f 84 4a 00 00
0x000002a04533ff5d:   00 b9 04 00 00 00 0f 8f 05 00 00 00 48 f7 d9 f7
0x000002a04533ff6d:   dd 8b 1e 48 03 f1 48 83 c7 04 8b c3 8b d3 81 e0
0x000002a04533ff7d:   00 00 ff 00 c1 e8 10 81 e3 00 ff 00 00 0b d8 8b
0x000002a04533ff8d:   c2 81 e2 ff 00 00 00 c1 e2 10 81 e0 00 00 00 ff
0x000002a04533ff9d:   0b da 0b d8 ff cd 89 5f fc 75 c6 5f 5e 5b 5d c3
0x000002a04533ffad:   00 00 00 00 00 00 00 00 00 00 00 c0 ff ff ff 80 


Stack slot to memory mapping:
stack at sp + 0 slots: 
[error occurred during error reporting (inspecting top of stack), id 0xc0000005, EXCEPTION_ACCESS_VIOLATION (0xc0000005) at pc=0x00007ffbfa4f0353]


---------------  P R O C E S S  ---------------

Threads class SMR info:
_java_thread_list=0x000002a0702776d0, length=19, elements={
0x000002a045378b90, 0x000002a06b2ab020, 0x000002a06b2abdc0, 0x000002a06b2c46b0,
0x000002a06b2c5f70, 0x000002a06b2c6910, 0x000002a06b2cf400, 0x000002a06b2dcbc0,
0x000002a06b2fd5b0, 0x000002a06b308770, 0x000002a05cc89400, 0x000002a06b4b8ed0,
0x000002a06b49f7a0, 0x000002a06b58b6f0, 0x000002a06fdc9ec0, 0x000002a072fef530,
0x000002a072e14ac0, 0x000002a06ff50400, 0x000002a070a6b1f0
}

Java Threads: ( => current thread )
=>0x000002a045378b90 JavaThread "main" [_thread_in_native, id=9756, stack(0x000000fee4c00000,0x000000fee4d00000)]
  0x000002a06b2ab020 JavaThread "Reference Handler" daemon [_thread_blocked, id=7812, stack(0x000000fee5300000,0x000000fee5400000)]
  0x000002a06b2abdc0 JavaThread "Finalizer" daemon [_thread_blocked, id=13308, stack(0x000000fee5400000,0x000000fee5500000)]
  0x000002a06b2c46b0 JavaThread "Signal Dispatcher" daemon [_thread_blocked, id=15700, stack(0x000000fee5500000,0x000000fee5600000)]
  0x000002a06b2c5f70 JavaThread "Attach Listener" daemon [_thread_blocked, id=4920, stack(0x000000fee5600000,0x000000fee5700000)]
  0x000002a06b2c6910 JavaThread "Service Thread" daemon [_thread_blocked, id=18476, stack(0x000000fee5700000,0x000000fee5800000)]
  0x000002a06b2cf400 JavaThread "Monitor Deflation Thread" daemon [_thread_blocked, id=21820, stack(0x000000fee5800000,0x000000fee5900000)]
  0x000002a06b2dcbc0 JavaThread "C2 CompilerThread0" daemon [_thread_blocked, id=11700, stack(0x000000fee5900000,0x000000fee5a00000)]
  0x000002a06b2fd5b0 JavaThread "C1 CompilerThread0" daemon [_thread_blocked, id=7864, stack(0x000000fee5a00000,0x000000fee5b00000)]
  0x000002a06b308770 JavaThread "Sweeper thread" daemon [_thread_blocked, id=20656, stack(0x000000fee5b00000,0x000000fee5c00000)]
  0x000002a05cc89400 JavaThread "Common-Cleaner" daemon [_thread_blocked, id=21208, stack(0x000000fee5c00000,0x000000fee5d00000)]
  0x000002a06b4b8ed0 JavaThread "JDWP Transport Listener: dt_socket" daemon [_thread_blocked, id=20748, stack(0x000000fee5f00000,0x000000fee6000000)]
  0x000002a06b49f7a0 JavaThread "JDWP Event Helper Thread" daemon [_thread_blocked, id=2172, stack(0x000000fee6000000,0x000000fee6100000)]
  0x000002a06b58b6f0 JavaThread "JDWP Command Reader" daemon [_thread_in_native, id=23668, stack(0x000000fee6100000,0x000000fee6200000)]
  0x000002a06fdc9ec0 JavaThread "Notification Thread" daemon [_thread_blocked, id=5740, stack(0x000000fee6300000,0x000000fee6400000)]
  0x000002a072fef530 JavaThread "C2 CompilerThread1" daemon [_thread_blocked, id=22368, stack(0x000000fee5d00000,0x000000fee5e00000)]
  0x000002a072e14ac0 JavaThread "C1 CompilerThread1" daemon [_thread_blocked, id=19196, stack(0x000000fee5e00000,0x000000fee5f00000)]
  0x000002a06ff50400 JavaThread "C2 CompilerThread2" daemon [_thread_blocked, id=19228, stack(0x000000fee6500000,0x000000fee6600000)]
  0x000002a070a6b1f0 JavaThread "Java2D Disposer" daemon [_thread_blocked, id=21336, stack(0x000000fee6c00000,0x000000fee6d00000)]

Other Threads:
  0x000002a05cc08060 VMThread "VM Thread" [stack: 0x000000fee5200000,0x000000fee5300000] [id=20164]
  0x000002a045379d40 WatcherThread "VM Periodic Task Thread" [stack: 0x000000fee6400000,0x000000fee6500000] [id=21308]
  0x000002a045429770 WorkerThread "GC Thread#0" [stack: 0x000000fee4d00000,0x000000fee4e00000] [id=20128]
  0x000002a04543b100 ConcurrentGCThread "G1 Main Marker" [stack: 0x000000fee4e00000,0x000000fee4f00000] [id=19612]
  0x000002a04543baf0 WorkerThread "G1 Conc#0" [stack: 0x000000fee4f00000,0x000000fee5000000] [id=14168]
  0x000002a04539d3d0 ConcurrentGCThread "G1 Refine#0" [stack: 0x000000fee5000000,0x000000fee5100000] [id=4040]
  0x000002a05cc35640 ConcurrentGCThread "G1 Service" [stack: 0x000000fee5100000,0x000000fee5200000] [id=14952]

Threads with active compile tasks:

VM state: not at safepoint (normal execution)

VM Mutex/Monitor currently owned by a thread: None

Heap address: 0x00000000a0000000, size: 30208 MB, Compressed Oops mode: Zero based, Oop shift amount: 3

CDS archive(s) mapped at: [0x0000000800000000-0x0000000800ba0000-0x0000000800ba0000), size 12189696, SharedBaseAddress: 0x0000000800000000, ArchiveRelocationMode: 0.
Compressed class space mapped at: 0x0000000800c00000-0x0000000840c00000, reserved size: 1073741824
Narrow klass base: 0x0000000800000000, Narrow klass shift: 0, Narrow klass range: 0x100000000

GC Precious Log:
 CardTable entry size: 512
 Card Set container configuration: InlinePtr #cards 3 size 8 Array Of Cards #cards 128 size 272 Howl #buckets 8 coarsen threshold 29491 Howl Bitmap #cards 4096 size 528 coarsen threshold 3686 Card regions per heap region 1 cards per card region 32768
 CPUs: 24 total, 24 available
 Memory: 127G
 Large Page Support: Disabled
 NUMA Support: Disabled
 Compressed Oops: Enabled (Zero based)
 Heap Region Size: 16M
 Heap Min Capacity: 16M
 Heap Initial Capacity: 2G
 Heap Max Capacity: 30208M
 Pre-touch: Disabled
 Parallel Workers: 18
 Concurrent Workers: 5
 Concurrent Refinement Workers: 18
 Periodic GC: Disabled

Heap:
 garbage-first heap   total 2097152K, used 65536K [0x00000000a0000000, 0x0000000800000000)
  region size 16384K, 5 young (81920K), 0 survivors (0K)
 Metaspace       used 10085K, committed 10304K, reserved 1114112K
  class space    used 777K, committed 896K, reserved 1048576K

Heap Regions: E=young(eden), S=young(survivor), O=old, HS=humongous(starts), HC=humongous(continues), CS=collection set, F=free, OA=open archive, CA=closed archive, TAMS=top-at-mark-start (previous, next)
|   0|0x00000000a0000000, 0x00000000a0000000, 0x00000000a1000000|  0%| F|  |TAMS 0x00000000a0000000, 0x00000000a0000000| Untracked 
|   1|0x00000000a1000000, 0x00000000a1000000, 0x00000000a2000000|  0%| F|  |TAMS 0x00000000a1000000, 0x00000000a1000000| Untracked 
|   2|0x00000000a2000000, 0x00000000a2000000, 0x00000000a3000000|  0%| F|  |TAMS 0x00000000a2000000, 0x00000000a2000000| Untracked 
|   3|0x00000000a3000000, 0x00000000a3000000, 0x00000000a4000000|  0%| F|  |TAMS 0x00000000a3000000, 0x00000000a3000000| Untracked 
|   4|0x00000000a4000000, 0x00000000a4000000, 0x00000000a5000000|  0%| F|  |TAMS 0x00000000a4000000, 0x00000000a4000000| Untracked 
|   5|0x00000000a5000000, 0x00000000a5000000, 0x00000000a6000000|  0%| F|  |TAMS 0x00000000a5000000, 0x00000000a5000000| Untracked 
|   6|0x00000000a6000000, 0x00000000a6000000, 0x00000000a7000000|  0%| F|  |TAMS 0x00000000a6000000, 0x00000000a6000000| Untracked 
|   7|0x00000000a7000000, 0x00000000a7000000, 0x00000000a8000000|  0%| F|  |TAMS 0x00000000a7000000, 0x00000000a7000000| Untracked 
|   8|0x00000000a8000000, 0x00000000a8000000, 0x00000000a9000000|  0%| F|  |TAMS 0x00000000a8000000, 0x00000000a8000000| Untracked 
|   9|0x00000000a9000000, 0x00000000a9000000, 0x00000000aa000000|  0%| F|  |TAMS 0x00000000a9000000, 0x00000000a9000000| Untracked 
|  10|0x00000000aa000000, 0x00000000aa000000, 0x00000000ab000000|  0%| F|  |TAMS 0x00000000aa000000, 0x00000000aa000000| Untracked 
|  11|0x00000000ab000000, 0x00000000ab000000, 0x00000000ac000000|  0%| F|  |TAMS 0x00000000ab000000, 0x00000000ab000000| Untracked 
|  12|0x00000000ac000000, 0x00000000ac000000, 0x00000000ad000000|  0%| F|  |TAMS 0x00000000ac000000, 0x00000000ac000000| Untracked 
|  13|0x00000000ad000000, 0x00000000ad000000, 0x00000000ae000000|  0%| F|  |TAMS 0x00000000ad000000, 0x00000000ad000000| Untracked 
|  14|0x00000000ae000000, 0x00000000ae000000, 0x00000000af000000|  0%| F|  |TAMS 0x00000000ae000000, 0x00000000ae000000| Untracked 
|  15|0x00000000af000000, 0x00000000af000000, 0x00000000b0000000|  0%| F|  |TAMS 0x00000000af000000, 0x00000000af000000| Untracked 
|  16|0x00000000b0000000, 0x00000000b0000000, 0x00000000b1000000|  0%| F|  |TAMS 0x00000000b0000000, 0x00000000b0000000| Untracked 
|  17|0x00000000b1000000, 0x00000000b1000000, 0x00000000b2000000|  0%| F|  |TAMS 0x00000000b1000000, 0x00000000b1000000| Untracked 
|  18|0x00000000b2000000, 0x00000000b2000000, 0x00000000b3000000|  0%| F|  |TAMS 0x00000000b2000000, 0x00000000b2000000| Untracked 
|  19|0x00000000b3000000, 0x00000000b3000000, 0x00000000b4000000|  0%| F|  |TAMS 0x00000000b3000000, 0x00000000b3000000| Untracked 
|  20|0x00000000b4000000, 0x00000000b4000000, 0x00000000b5000000|  0%| F|  |TAMS 0x00000000b4000000, 0x00000000b4000000| Untracked 
|  21|0x00000000b5000000, 0x00000000b5000000, 0x00000000b6000000|  0%| F|  |TAMS 0x00000000b5000000, 0x00000000b5000000| Untracked 
|  22|0x00000000b6000000, 0x00000000b6000000, 0x00000000b7000000|  0%| F|  |TAMS 0x00000000b6000000, 0x00000000b6000000| Untracked 
|  23|0x00000000b7000000, 0x00000000b7000000, 0x00000000b8000000|  0%| F|  |TAMS 0x00000000b7000000, 0x00000000b7000000| Untracked 
|  24|0x00000000b8000000, 0x00000000b8000000, 0x00000000b9000000|  0%| F|  |TAMS 0x00000000b8000000, 0x00000000b8000000| Untracked 
|  25|0x00000000b9000000, 0x00000000b9000000, 0x00000000ba000000|  0%| F|  |TAMS 0x00000000b9000000, 0x00000000b9000000| Untracked 
|  26|0x00000000ba000000, 0x00000000ba000000, 0x00000000bb000000|  0%| F|  |TAMS 0x00000000ba000000, 0x00000000ba000000| Untracked 
|  27|0x00000000bb000000, 0x00000000bb000000, 0x00000000bc000000|  0%| F|  |TAMS 0x00000000bb000000, 0x00000000bb000000| Untracked 
|  28|0x00000000bc000000, 0x00000000bc000000, 0x00000000bd000000|  0%| F|  |TAMS 0x00000000bc000000, 0x00000000bc000000| Untracked 
|  29|0x00000000bd000000, 0x00000000bd000000, 0x00000000be000000|  0%| F|  |TAMS 0x00000000bd000000, 0x00000000bd000000| Untracked 
|  30|0x00000000be000000, 0x00000000be000000, 0x00000000bf000000|  0%| F|  |TAMS 0x00000000be000000, 0x00000000be000000| Untracked 
|  31|0x00000000bf000000, 0x00000000bf000000, 0x00000000c0000000|  0%| F|  |TAMS 0x00000000bf000000, 0x00000000bf000000| Untracked 
|  32|0x00000000c0000000, 0x00000000c0000000, 0x00000000c1000000|  0%| F|  |TAMS 0x00000000c0000000, 0x00000000c0000000| Untracked 
|  33|0x00000000c1000000, 0x00000000c1000000, 0x00000000c2000000|  0%| F|  |TAMS 0x00000000c1000000, 0x00000000c1000000| Untracked 
|  34|0x00000000c2000000, 0x00000000c2000000, 0x00000000c3000000|  0%| F|  |TAMS 0x00000000c2000000, 0x00000000c2000000| Untracked 
|  35|0x00000000c3000000, 0x00000000c3000000, 0x00000000c4000000|  0%| F|  |TAMS 0x00000000c3000000, 0x00000000c3000000| Untracked 
|  36|0x00000000c4000000, 0x00000000c4000000, 0x00000000c5000000|  0%| F|  |TAMS 0x00000000c4000000, 0x00000000c4000000| Untracked 
|  37|0x00000000c5000000, 0x00000000c5000000, 0x00000000c6000000|  0%| F|  |TAMS 0x00000000c5000000, 0x00000000c5000000| Untracked 
|  38|0x00000000c6000000, 0x00000000c6000000, 0x00000000c7000000|  0%| F|  |TAMS 0x00000000c6000000, 0x00000000c6000000| Untracked 
|  39|0x00000000c7000000, 0x00000000c7000000, 0x00000000c8000000|  0%| F|  |TAMS 0x00000000c7000000, 0x00000000c7000000| Untracked 
|  40|0x00000000c8000000, 0x00000000c8000000, 0x00000000c9000000|  0%| F|  |TAMS 0x00000000c8000000, 0x00000000c8000000| Untracked 
|  41|0x00000000c9000000, 0x00000000c9000000, 0x00000000ca000000|  0%| F|  |TAMS 0x00000000c9000000, 0x00000000c9000000| Untracked 
|  42|0x00000000ca000000, 0x00000000ca000000, 0x00000000cb000000|  0%| F|  |TAMS 0x00000000ca000000, 0x00000000ca000000| Untracked 
|  43|0x00000000cb000000, 0x00000000cb000000, 0x00000000cc000000|  0%| F|  |TAMS 0x00000000cb000000, 0x00000000cb000000| Untracked 
|  44|0x00000000cc000000, 0x00000000cc000000, 0x00000000cd000000|  0%| F|  |TAMS 0x00000000cc000000, 0x00000000cc000000| Untracked 
|  45|0x00000000cd000000, 0x00000000cd000000, 0x00000000ce000000|  0%| F|  |TAMS 0x00000000cd000000, 0x00000000cd000000| Untracked 
|  46|0x00000000ce000000, 0x00000000ce000000, 0x00000000cf000000|  0%| F|  |TAMS 0x00000000ce000000, 0x00000000ce000000| Untracked 
|  47|0x00000000cf000000, 0x00000000cf000000, 0x00000000d0000000|  0%| F|  |TAMS 0x00000000cf000000, 0x00000000cf000000| Untracked 
|  48|0x00000000d0000000, 0x00000000d0000000, 0x00000000d1000000|  0%| F|  |TAMS 0x00000000d0000000, 0x00000000d0000000| Untracked 
|  49|0x00000000d1000000, 0x00000000d1000000, 0x00000000d2000000|  0%| F|  |TAMS 0x00000000d1000000, 0x00000000d1000000| Untracked 
|  50|0x00000000d2000000, 0x00000000d2000000, 0x00000000d3000000|  0%| F|  |TAMS 0x00000000d2000000, 0x00000000d2000000| Untracked 
|  51|0x00000000d3000000, 0x00000000d3000000, 0x00000000d4000000|  0%| F|  |TAMS 0x00000000d3000000, 0x00000000d3000000| Untracked 
|  52|0x00000000d4000000, 0x00000000d4000000, 0x00000000d5000000|  0%| F|  |TAMS 0x00000000d4000000, 0x00000000d4000000| Untracked 
|  53|0x00000000d5000000, 0x00000000d5000000, 0x00000000d6000000|  0%| F|  |TAMS 0x00000000d5000000, 0x00000000d5000000| Untracked 
|  54|0x00000000d6000000, 0x00000000d6000000, 0x00000000d7000000|  0%| F|  |TAMS 0x00000000d6000000, 0x00000000d6000000| Untracked 
|  55|0x00000000d7000000, 0x00000000d7000000, 0x00000000d8000000|  0%| F|  |TAMS 0x00000000d7000000, 0x00000000d7000000| Untracked 
|  56|0x00000000d8000000, 0x00000000d8000000, 0x00000000d9000000|  0%| F|  |TAMS 0x00000000d8000000, 0x00000000d8000000| Untracked 
|  57|0x00000000d9000000, 0x00000000d9000000, 0x00000000da000000|  0%| F|  |TAMS 0x00000000d9000000, 0x00000000d9000000| Untracked 
|  58|0x00000000da000000, 0x00000000da000000, 0x00000000db000000|  0%| F|  |TAMS 0x00000000da000000, 0x00000000da000000| Untracked 
|  59|0x00000000db000000, 0x00000000db000000, 0x00000000dc000000|  0%| F|  |TAMS 0x00000000db000000, 0x00000000db000000| Untracked 
|  60|0x00000000dc000000, 0x00000000dc000000, 0x00000000dd000000|  0%| F|  |TAMS 0x00000000dc000000, 0x00000000dc000000| Untracked 
|  61|0x00000000dd000000, 0x00000000dd000000, 0x00000000de000000|  0%| F|  |TAMS 0x00000000dd000000, 0x00000000dd000000| Untracked 
|  62|0x00000000de000000, 0x00000000de000000, 0x00000000df000000|  0%| F|  |TAMS 0x00000000de000000, 0x00000000de000000| Untracked 
|  63|0x00000000df000000, 0x00000000df000000, 0x00000000e0000000|  0%| F|  |TAMS 0x00000000df000000, 0x00000000df000000| Untracked 
|  64|0x00000000e0000000, 0x00000000e0000000, 0x00000000e1000000|  0%| F|  |TAMS 0x00000000e0000000, 0x00000000e0000000| Untracked 
|  65|0x00000000e1000000, 0x00000000e1000000, 0x00000000e2000000|  0%| F|  |TAMS 0x00000000e1000000, 0x00000000e1000000| Untracked 
|  66|0x00000000e2000000, 0x00000000e2000000, 0x00000000e3000000|  0%| F|  |TAMS 0x00000000e2000000, 0x00000000e2000000| Untracked 
|  67|0x00000000e3000000, 0x00000000e3000000, 0x00000000e4000000|  0%| F|  |TAMS 0x00000000e3000000, 0x00000000e3000000| Untracked 
|  68|0x00000000e4000000, 0x00000000e4000000, 0x00000000e5000000|  0%| F|  |TAMS 0x00000000e4000000, 0x00000000e4000000| Untracked 
|  69|0x00000000e5000000, 0x00000000e5000000, 0x00000000e6000000|  0%| F|  |TAMS 0x00000000e5000000, 0x00000000e5000000| Untracked 
|  70|0x00000000e6000000, 0x00000000e6000000, 0x00000000e7000000|  0%| F|  |TAMS 0x00000000e6000000, 0x00000000e6000000| Untracked 
|  71|0x00000000e7000000, 0x00000000e7000000, 0x00000000e8000000|  0%| F|  |TAMS 0x00000000e7000000, 0x00000000e7000000| Untracked 
|  72|0x00000000e8000000, 0x00000000e8000000, 0x00000000e9000000|  0%| F|  |TAMS 0x00000000e8000000, 0x00000000e8000000| Untracked 
|  73|0x00000000e9000000, 0x00000000e9000000, 0x00000000ea000000|  0%| F|  |TAMS 0x00000000e9000000, 0x00000000e9000000| Untracked 
|  74|0x00000000ea000000, 0x00000000ea000000, 0x00000000eb000000|  0%| F|  |TAMS 0x00000000ea000000, 0x00000000ea000000| Untracked 
|  75|0x00000000eb000000, 0x00000000eb000000, 0x00000000ec000000|  0%| F|  |TAMS 0x00000000eb000000, 0x00000000eb000000| Untracked 
|  76|0x00000000ec000000, 0x00000000ec000000, 0x00000000ed000000|  0%| F|  |TAMS 0x00000000ec000000, 0x00000000ec000000| Untracked 
|  77|0x00000000ed000000, 0x00000000ed000000, 0x00000000ee000000|  0%| F|  |TAMS 0x00000000ed000000, 0x00000000ed000000| Untracked 
|  78|0x00000000ee000000, 0x00000000ee000000, 0x00000000ef000000|  0%| F|  |TAMS 0x00000000ee000000, 0x00000000ee000000| Untracked 
|  79|0x00000000ef000000, 0x00000000ef000000, 0x00000000f0000000|  0%| F|  |TAMS 0x00000000ef000000, 0x00000000ef000000| Untracked 
|  80|0x00000000f0000000, 0x00000000f0000000, 0x00000000f1000000|  0%| F|  |TAMS 0x00000000f0000000, 0x00000000f0000000| Untracked 
|  81|0x00000000f1000000, 0x00000000f1000000, 0x00000000f2000000|  0%| F|  |TAMS 0x00000000f1000000, 0x00000000f1000000| Untracked 
|  82|0x00000000f2000000, 0x00000000f2000000, 0x00000000f3000000|  0%| F|  |TAMS 0x00000000f2000000, 0x00000000f2000000| Untracked 
|  83|0x00000000f3000000, 0x00000000f3000000, 0x00000000f4000000|  0%| F|  |TAMS 0x00000000f3000000, 0x00000000f3000000| Untracked 
|  84|0x00000000f4000000, 0x00000000f4000000, 0x00000000f5000000|  0%| F|  |TAMS 0x00000000f4000000, 0x00000000f4000000| Untracked 
|  85|0x00000000f5000000, 0x00000000f5000000, 0x00000000f6000000|  0%| F|  |TAMS 0x00000000f5000000, 0x00000000f5000000| Untracked 
|  86|0x00000000f6000000, 0x00000000f6000000, 0x00000000f7000000|  0%| F|  |TAMS 0x00000000f6000000, 0x00000000f6000000| Untracked 
|  87|0x00000000f7000000, 0x00000000f7000000, 0x00000000f8000000|  0%| F|  |TAMS 0x00000000f7000000, 0x00000000f7000000| Untracked 
|  88|0x00000000f8000000, 0x00000000f8000000, 0x00000000f9000000|  0%| F|  |TAMS 0x00000000f8000000, 0x00000000f8000000| Untracked 
|  89|0x00000000f9000000, 0x00000000f9000000, 0x00000000fa000000|  0%| F|  |TAMS 0x00000000f9000000, 0x00000000f9000000| Untracked 
|  90|0x00000000fa000000, 0x00000000fa000000, 0x00000000fb000000|  0%| F|  |TAMS 0x00000000fa000000, 0x00000000fa000000| Untracked 
|  91|0x00000000fb000000, 0x00000000fb000000, 0x00000000fc000000|  0%| F|  |TAMS 0x00000000fb000000, 0x00000000fb000000| Untracked 
|  92|0x00000000fc000000, 0x00000000fc000000, 0x00000000fd000000|  0%| F|  |TAMS 0x00000000fc000000, 0x00000000fc000000| Untracked 
|  93|0x00000000fd000000, 0x00000000fd000000, 0x00000000fe000000|  0%| F|  |TAMS 0x00000000fd000000, 0x00000000fd000000| Untracked 
|  94|0x00000000fe000000, 0x00000000fe000000, 0x00000000ff000000|  0%| F|  |TAMS 0x00000000fe000000, 0x00000000fe000000| Untracked 
|  95|0x00000000ff000000, 0x00000000ff000000, 0x0000000100000000|  0%| F|  |TAMS 0x00000000ff000000, 0x00000000ff000000| Untracked 
|  96|0x0000000100000000, 0x0000000100000000, 0x0000000101000000|  0%| F|  |TAMS 0x0000000100000000, 0x0000000100000000| Untracked 
|  97|0x0000000101000000, 0x0000000101000000, 0x0000000102000000|  0%| F|  |TAMS 0x0000000101000000, 0x0000000101000000| Untracked 
|  98|0x0000000102000000, 0x0000000102000000, 0x0000000103000000|  0%| F|  |TAMS 0x0000000102000000, 0x0000000102000000| Untracked 
|  99|0x0000000103000000, 0x0000000103000000, 0x0000000104000000|  0%| F|  |TAMS 0x0000000103000000, 0x0000000103000000| Untracked 
| 100|0x0000000104000000, 0x0000000104000000, 0x0000000105000000|  0%| F|  |TAMS 0x0000000104000000, 0x0000000104000000| Untracked 
| 101|0x0000000105000000, 0x0000000105000000, 0x0000000106000000|  0%| F|  |TAMS 0x0000000105000000, 0x0000000105000000| Untracked 
| 102|0x0000000106000000, 0x0000000106000000, 0x0000000107000000|  0%| F|  |TAMS 0x0000000106000000, 0x0000000106000000| Untracked 
| 103|0x0000000107000000, 0x0000000107000000, 0x0000000108000000|  0%| F|  |TAMS 0x0000000107000000, 0x0000000107000000| Untracked 
| 104|0x0000000108000000, 0x0000000108000000, 0x0000000109000000|  0%| F|  |TAMS 0x0000000108000000, 0x0000000108000000| Untracked 
| 105|0x0000000109000000, 0x0000000109000000, 0x000000010a000000|  0%| F|  |TAMS 0x0000000109000000, 0x0000000109000000| Untracked 
| 106|0x000000010a000000, 0x000000010a000000, 0x000000010b000000|  0%| F|  |TAMS 0x000000010a000000, 0x000000010a000000| Untracked 
| 107|0x000000010b000000, 0x000000010b000000, 0x000000010c000000|  0%| F|  |TAMS 0x000000010b000000, 0x000000010b000000| Untracked 
| 108|0x000000010c000000, 0x000000010c000000, 0x000000010d000000|  0%| F|  |TAMS 0x000000010c000000, 0x000000010c000000| Untracked 
| 109|0x000000010d000000, 0x000000010d000000, 0x000000010e000000|  0%| F|  |TAMS 0x000000010d000000, 0x000000010d000000| Untracked 
| 110|0x000000010e000000, 0x000000010e000000, 0x000000010f000000|  0%| F|  |TAMS 0x000000010e000000, 0x000000010e000000| Untracked 
| 111|0x000000010f000000, 0x000000010f000000, 0x0000000110000000|  0%| F|  |TAMS 0x000000010f000000, 0x000000010f000000| Untracked 
| 112|0x0000000110000000, 0x0000000110000000, 0x0000000111000000|  0%| F|  |TAMS 0x0000000110000000, 0x0000000110000000| Untracked 
| 113|0x0000000111000000, 0x0000000111000000, 0x0000000112000000|  0%| F|  |TAMS 0x0000000111000000, 0x0000000111000000| Untracked 
| 114|0x0000000112000000, 0x0000000112000000, 0x0000000113000000|  0%| F|  |TAMS 0x0000000112000000, 0x0000000112000000| Untracked 
| 115|0x0000000113000000, 0x0000000113000000, 0x0000000114000000|  0%| F|  |TAMS 0x0000000113000000, 0x0000000113000000| Untracked 
| 116|0x0000000114000000, 0x0000000114000000, 0x0000000115000000|  0%| F|  |TAMS 0x0000000114000000, 0x0000000114000000| Untracked 
| 117|0x0000000115000000, 0x0000000115000000, 0x0000000116000000|  0%| F|  |TAMS 0x0000000115000000, 0x0000000115000000| Untracked 
| 118|0x0000000116000000, 0x0000000116000000, 0x0000000117000000|  0%| F|  |TAMS 0x0000000116000000, 0x0000000116000000| Untracked 
| 119|0x0000000117000000, 0x0000000117000000, 0x0000000118000000|  0%| F|  |TAMS 0x0000000117000000, 0x0000000117000000| Untracked 
| 120|0x0000000118000000, 0x0000000118000000, 0x0000000119000000|  0%| F|  |TAMS 0x0000000118000000, 0x0000000118000000| Untracked 
| 121|0x0000000119000000, 0x0000000119000000, 0x000000011a000000|  0%| F|  |TAMS 0x0000000119000000, 0x0000000119000000| Untracked 
| 122|0x000000011a000000, 0x000000011a000000, 0x000000011b000000|  0%| F|  |TAMS 0x000000011a000000, 0x000000011a000000| Untracked 
| 123|0x000000011b000000, 0x000000011b9a2fa0, 0x000000011c000000| 60%| E|  |TAMS 0x000000011b000000, 0x000000011b000000| Complete 
| 124|0x000000011c000000, 0x000000011d000000, 0x000000011d000000|100%| E|CS|TAMS 0x000000011c000000, 0x000000011c000000| Complete 
| 125|0x000000011d000000, 0x000000011e000000, 0x000000011e000000|100%| E|CS|TAMS 0x000000011d000000, 0x000000011d000000| Complete 
| 126|0x000000011e000000, 0x000000011f000000, 0x000000011f000000|100%| E|CS|TAMS 0x000000011e000000, 0x000000011e000000| Complete 
| 127|0x000000011f000000, 0x0000000120000000, 0x0000000120000000|100%| E|CS|TAMS 0x000000011f000000, 0x000000011f000000| Complete 

Card table byte_map: [0x000002a060790000,0x000002a064290000] _byte_map_base: 0x000002a060290000

Marking Bits (Prev, Next): (CMBitMap*) 0x000002a04542ad80, (CMBitMap*) 0x000002a04542adc0
 Prev Bits: [0x000002a000000000, 0x000002a01d800000)
 Next Bits: [0x000002a01d800000, 0x000002a03b000000)

Polling page: 0x000002a042f80000

Metaspace:

Usage:
  Non-class:      9.09 MB used.
      Class:    777.78 KB used.
       Both:      9.85 MB used.

Virtual space:
  Non-class space:       64.00 MB reserved,       9.19 MB ( 14%) committed,  1 nodes.
      Class space:        1.00 GB reserved,     896.00 KB ( <1%) committed,  1 nodes.
             Both:        1.06 GB reserved,      10.06 MB ( <1%) committed. 

Chunk freelists:
   Non-Class:  2.38 MB
       Class:  3.02 MB
        Both:  5.39 MB

MaxMetaspaceSize: unlimited
CompressedClassSpaceSize: 1.00 GB
Initial GC threshold: 21.00 MB
Current GC threshold: 21.00 MB
CDS: on
MetaspaceReclaimPolicy: balanced
 - commit_granule_bytes: 65536.
 - commit_granule_words: 8192.
 - virtual_space_node_default_size: 8388608.
 - enlarge_chunks_in_place: 1.
 - new_chunks_are_fully_committed: 0.
 - uncommit_free_chunks: 1.
 - use_allocation_guard: 0.


Internal statistics:

num_allocs_failed_limit: 0.
num_arena_births: 212.
num_arena_deaths: 0.
num_vsnodes_births: 2.
num_vsnodes_deaths: 0.
num_space_committed: 159.
num_space_uncommitted: 0.
num_chunks_returned_to_freelist: 0.
num_chunks_taken_from_freelist: 407.
num_chunk_merges: 0.
num_chunk_splits: 281.
num_chunks_enlarged: 199.
num_inconsistent_stats: 0.

CodeHeap 'non-profiled nmethods': size=119168Kb used=989Kb max_used=989Kb free=118179Kb
 bounds [0x000002a054850000, 0x000002a054ac0000, 0x000002a05bcb0000]
CodeHeap 'profiled nmethods': size=119104Kb used=4133Kb max_used=4133Kb free=114970Kb
 bounds [0x000002a04d400000, 0x000002a04d810000, 0x000002a054850000]
CodeHeap 'non-nmethods': size=7488Kb used=2245Kb max_used=3390Kb free=5242Kb
 bounds [0x000002a04ccb0000, 0x000002a04d010000, 0x000002a04d400000]
 total_blobs=3037 nmethods=2005 adapters=943
 compilation: enabled
              stopped_count=0, restarted_count=0
 full_count=0

Compilation events (20 events):
Event: 29.726 Thread 0x000002a072836000 nmethod 1991 0x000002a04d7fdf10 code [0x000002a04d7fe0c0, 0x000002a04d7fe208]
Event: 29.726 Thread 0x000002a072836000 1992  s    3       sun.nio.fs.WindowsDirectoryStream$WindowsDirectoryIterator::next (48 bytes)
Event: 29.726 Thread 0x000002a072836000 nmethod 1992 0x000002a04d7fe290 code [0x000002a04d7fe460, 0x000002a04d7fe838]
Event: 29.726 Thread 0x000002a072836000 1999       3       java.lang.invoke.MethodType$ConcurrentWeakInternSet$WeakEntry::<init> (15 bytes)
Event: 29.726 Thread 0x000002a06b2fd5b0 nmethod 1998 0x000002a04d7fe990 code [0x000002a04d7fec00, 0x000002a04d7ffa88]
Event: 29.726 Thread 0x000002a072fef530 2001       4       jdk.internal.org.objectweb.asm.SymbolTable$Entry::<init> (17 bytes)
Event: 29.726 Thread 0x000002a06b2fd5b0 1997       3       sun.invoke.util.Wrapper::isDoubleWord (15 bytes)
Event: 29.727 Thread 0x000002a072836000 nmethod 1999 0x000002a04d7fff90 code [0x000002a04d800160, 0x000002a04d8005a8]
Event: 29.727 Thread 0x000002a072836000 1996       3       sun.security.provider.SHA::implCompress (13 bytes)
Event: 29.727 Thread 0x000002a06b2fd5b0 nmethod 1997 0x000002a04d800710 code [0x000002a04d8008a0, 0x000002a04d800a18]
Event: 29.727 Thread 0x000002a06b2fd5b0 2002       3       java.lang.invoke.MethodType$ConcurrentWeakInternSet::get (47 bytes)
Event: 29.727 Thread 0x000002a072836000 nmethod 1996 0x000002a04d806b10 code [0x000002a04d806d00, 0x000002a04d807188]
Event: 29.727 Thread 0x000002a06b2fd5b0 nmethod 2002 0x000002a04d807390 code [0x000002a04d8075c0, 0x000002a04d807f98]
Event: 29.727 Thread 0x000002a072e14ac0 nmethod 1974 0x000002a04d800a90 code [0x000002a04d8011c0, 0x000002a04d805408]
Event: 29.728 Thread 0x000002a072fef530 nmethod 2001 0x000002a054929490 code [0x000002a054929600, 0x000002a054929818]
Event: 29.747 Thread 0x000002a06ff50400 nmethod 1837% 0x000002a054929890 code [0x000002a054929cc0, 0x000002a05492f0e8]
Event: 29.894 Thread 0x000002a06b2dcbc0 nmethod 1774% 0x000002a054932410 code [0x000002a054932ac0, 0x000002a05493ed60]
Event: 32.887 Thread 0x000002a06ff50400 2004       4       jdk.internal.org.objectweb.asm.ByteVector::putByte (39 bytes)
Event: 32.887 Thread 0x000002a06b2fd5b0 2005       3       java.lang.invoke.TypeConvertingMethodAdapter::descriptorToName (36 bytes)
Event: 32.887 Thread 0x000002a06b2fd5b0 nmethod 2005 0x000002a04d808310 code [0x000002a04d808580, 0x000002a04d809188]

GC Heap History (0 events):
No events

Deoptimization events (20 events):
Event: 29.739 Thread 0x000002a045378b90 DEOPT PACKING pc=0x000002a04d78fcbc sp=0x000000fee4cfc840
Event: 29.739 Thread 0x000002a045378b90 DEOPT UNPACKING pc=0x000002a04cd02b43 sp=0x000000fee4cfbd50 mode 1
Event: 29.739 Thread 0x000002a045378b90 DEOPT PACKING pc=0x000002a04d4acd3c sp=0x000000fee4cfca30
Event: 29.739 Thread 0x000002a045378b90 DEOPT UNPACKING pc=0x000002a04cd02b43 sp=0x000000fee4cfbff0 mode 1
Event: 29.739 Thread 0x000002a045378b90 DEOPT PACKING pc=0x000002a04d4a9464 sp=0x000000fee4cfcc20
Event: 29.739 Thread 0x000002a045378b90 DEOPT UNPACKING pc=0x000002a04cd02b43 sp=0x000000fee4cfc130 mode 1
Event: 29.739 Thread 0x000002a045378b90 DEOPT PACKING pc=0x000002a04d59377c sp=0x000000fee4cfcd00
Event: 29.739 Thread 0x000002a045378b90 DEOPT UNPACKING pc=0x000002a04cd02b43 sp=0x000000fee4cfc1b0 mode 1
Event: 29.739 Thread 0x000002a045378b90 DEOPT PACKING pc=0x000002a04d56540c sp=0x000000fee4cfcd80
Event: 29.739 Thread 0x000002a045378b90 DEOPT UNPACKING pc=0x000002a04cd02b43 sp=0x000000fee4cfc230 mode 1
Event: 32.886 Thread 0x000002a045378b90 DEOPT PACKING pc=0x000002a04d78fcbc sp=0x000000fee4cfc8d0
Event: 32.886 Thread 0x000002a045378b90 DEOPT UNPACKING pc=0x000002a04cd02b43 sp=0x000000fee4cfbde0 mode 1
Event: 32.886 Thread 0x000002a045378b90 DEOPT PACKING pc=0x000002a04d4acd3c sp=0x000000fee4cfcac0
Event: 32.886 Thread 0x000002a045378b90 DEOPT UNPACKING pc=0x000002a04cd02b43 sp=0x000000fee4cfc080 mode 1
Event: 32.886 Thread 0x000002a045378b90 DEOPT PACKING pc=0x000002a04d4a9464 sp=0x000000fee4cfccb0
Event: 32.886 Thread 0x000002a045378b90 DEOPT UNPACKING pc=0x000002a04cd02b43 sp=0x000000fee4cfc1c0 mode 1
Event: 32.886 Thread 0x000002a045378b90 DEOPT PACKING pc=0x000002a04d59377c sp=0x000000fee4cfcd90
Event: 32.886 Thread 0x000002a045378b90 DEOPT UNPACKING pc=0x000002a04cd02b43 sp=0x000000fee4cfc240 mode 1
Event: 32.886 Thread 0x000002a045378b90 DEOPT PACKING pc=0x000002a04d56540c sp=0x000000fee4cfce10
Event: 32.886 Thread 0x000002a045378b90 DEOPT UNPACKING pc=0x000002a04cd02b43 sp=0x000000fee4cfc2c0 mode 1

Classes loaded (20 events):
Event: 29.737 Loading class java/awt/Image done
Event: 29.737 Loading class java/awt/image/BufferedImage done
Event: 29.737 Loading class java/awt/ImageCapabilities
Event: 29.737 Loading class java/awt/ImageCapabilities done
Event: 29.737 Loading class java/awt/Image$1
Event: 29.737 Loading class sun/awt/image/SurfaceManager$ImageAccessor
Event: 29.737 Loading class sun/awt/image/SurfaceManager$ImageAccessor done
Event: 29.737 Loading class java/awt/Image$1 done
Event: 29.737 Loading class sun/awt/image/SurfaceManager
Event: 29.737 Loading class sun/awt/image/SurfaceManager done
Event: 29.737 Loading class java/awt/image/BufferedImage$1
Event: 29.737 Loading class java/awt/image/BufferedImage$1 done
Event: 29.737 Loading class sun/awt/image/IntegerComponentRaster
Event: 29.737 Loading class sun/awt/image/IntegerComponentRaster done
Event: 29.737 Loading class java/awt/image/IndexColorModel
Event: 29.737 Loading class java/awt/image/IndexColorModel done
Event: 29.737 Loading class sun/awt/image/ShortComponentRaster
Event: 29.737 Loading class sun/awt/image/ShortComponentRaster done
Event: 29.737 Loading class com/sun/imageio/plugins/common/ReaderUtil
Event: 29.738 Loading class com/sun/imageio/plugins/common/ReaderUtil done

Classes unloaded (0 events):
No events

Classes redefined (0 events):
No events

Internal exceptions (20 events):
Event: 1.207 Thread 0x000002a045378b90 Exception <a 'sun/nio/fs/WindowsException'{0x000000011d3f63f0}> (0x000000011d3f63f0) 
thrown [s\open\src\hotspot\share\prims\jni.cpp, line 516]
Event: 1.298 Thread 0x000002a045378b90 Exception <a 'java/lang/NoSuchMethodError'{0x000000011dfafdf8}: 'java.lang.Object java.lang.invoke.DirectMethodHandle$Holder.invokeStaticInit(java.lang.Object, java.lang.Object, java.lang.Object, java.lang.Object, java.lang.Object, java.lang.Object, java.lang.Object)'> (0x000000011dfafdf8) 
thrown [s\open\src\hotspot\share\interpreter\linkResolver.cpp, line 759]
Event: 1.302 Thread 0x000002a045378b90 Exception <a 'java/lang/NoSuchMethodError'{0x000000011dfdbdd0}: 'int java.lang.invoke.DirectMethodHandle$Holder.invokeVirtual(java.lang.Object, java.lang.Object, java.lang.Object)'> (0x000000011dfdbdd0) 
thrown [s\open\src\hotspot\share\interpreter\linkResolver.cpp, line 759]
Event: 1.302 Thread 0x000002a045378b90 Exception <a 'java/lang/NoSuchMethodError'{0x000000011dfdf410}: 'int java.lang.invoke.DirectMethodHandle$Holder.invokeVirtual(java.lang.Object, java.lang.Object)'> (0x000000011dfdf410) 
thrown [s\open\src\hotspot\share\interpreter\linkResolver.cpp, line 759]
Event: 1.302 Thread 0x000002a045378b90 Exception <a 'java/lang/NoSuchMethodError'{0x000000011dfe3680}: 'int java.lang.invoke.DirectMethodHandle$Holder.invokeStaticInit(java.lang.Object, int, int)'> (0x000000011dfe3680) 
thrown [s\open\src\hotspot\share\interpreter\linkResolver.cpp, line 759]
Event: 1.303 Thread 0x000002a045378b90 Exception <a 'java/lang/NoSuchMethodError'{0x000000011dfeabe0}: 'int java.lang.invoke.DirectMethodHandle$Holder.invokeStaticInit(java.lang.Object, long, long)'> (0x000000011dfeabe0) 
thrown [s\open\src\hotspot\share\interpreter\linkResolver.cpp, line 759]
Event: 1.303 Thread 0x000002a045378b90 Exception <a 'java/lang/NoSuchMethodError'{0x000000011dff1790}: 'int java.lang.invoke.DirectMethodHandle$Holder.invokeStaticInit(java.lang.Object, float, float)'> (0x000000011dff1790) 
thrown [s\open\src\hotspot\share\interpreter\linkResolver.cpp, line 759]
Event: 1.304 Thread 0x000002a045378b90 Exception <a 'java/lang/NoSuchMethodError'{0x000000011dff8338}: 'int java.lang.invoke.DirectMethodHandle$Holder.invokeStaticInit(java.lang.Object, double, double)'> (0x000000011dff8338) 
thrown [s\open\src\hotspot\share\interpreter\linkResolver.cpp, line 759]
Event: 1.304 Thread 0x000002a045378b90 Exception <a 'java/lang/NoSuchMethodError'{0x000000011dffc598}: 'int java.lang.invoke.DirectMethodHandle$Holder.invokeStatic(java.lang.Object, long)'> (0x000000011dffc598) 
thrown [s\open\src\hotspot\share\interpreter\linkResolver.cpp, line 759]
Event: 1.306 Thread 0x000002a045378b90 Exception <a 'java/lang/NoSuchMethodError'{0x000000011c012668}: 'int java.lang.invoke.DirectMethodHandle$Holder.invokeSpecial(java.lang.Object, java.lang.Object, int)'> (0x000000011c012668) 
thrown [s\open\src\hotspot\share\interpreter\linkResolver.cpp, line 759]
Event: 1.307 Thread 0x000002a045378b90 Exception <a 'java/lang/NoSuchMethodError'{0x000000011c027698}: 'int java.lang.invoke.Invokers$Holder.linkToTargetMethod(java.lang.Object, java.lang.Object)'> (0x000000011c027698) 
thrown [s\open\src\hotspot\share\interpreter\linkResolver.cpp, line 759]
Event: 1.316 Thread 0x000002a045378b90 Exception <a 'java/lang/NoSuchMethodError'{0x000000011c1498d0}: 'void java.lang.invoke.DirectMethodHandle$Holder.invokeStaticInit(java.lang.Object, java.lang.Object, java.lang.Object)'> (0x000000011c1498d0) 
thrown [s\open\src\hotspot\share\interpreter\linkResolver.cpp, line 759]
Event: 1.320 Thread 0x000002a045378b90 Exception <a 'java/lang/NoSuchMethodError'{0x000000011c19d960}: 'java.lang.Object java.lang.invoke.DirectMethodHandle$Holder.invokeVirtual(java.lang.Object, java.lang.Object, int)'> (0x000000011c19d960) 
thrown [s\open\src\hotspot\share\interpreter\linkResolver.cpp, line 759]
Event: 29.663 Thread 0x000002a045378b90 Exception <a 'java/lang/NoSuchMethodError'{0x000000011b4660a0}: 'void java.lang.invoke.DirectMethodHandle$Holder.invokeStaticInit(java.lang.Object, int, int, java.lang.Object)'> (0x000000011b4660a0) 
thrown [s\open\src\hotspot\share\interpreter\linkResolver.cpp, line 759]
Event: 29.673 Thread 0x000002a045378b90 Exception <a 'java/lang/ClassNotFoundException'{0x000000011b532100}: sun/awt/resources/spi/awtProvider> (0x000000011b532100) 
thrown [s\open\src\hotspot\share\classfile\systemDictionary.cpp, line 255]
Event: 29.681 Thread 0x000002a045378b90 Exception <a 'java/io/FileNotFoundException'{0x000000011b58c378}> (0x000000011b58c378) 
thrown [s\open\src\hotspot\share\prims\jni.cpp, line 516]
Event: 29.684 Thread 0x000002a045378b90 Exception <a 'java/io/FileNotFoundException'{0x000000011b5bd610}> (0x000000011b5bd610) 
thrown [s\open\src\hotspot\share\prims\jni.cpp, line 516]
Event: 29.696 Thread 0x000002a045378b90 Exception <a 'java/lang/NoSuchMethodError'{0x000000011b68dd40}: 'java.lang.Object java.lang.invoke.DirectMethodHandle$Holder.invokeStaticInit(java.lang.Object, int, int, int, int)'> (0x000000011b68dd40) 
thrown [s\open\src\hotspot\share\interpreter\linkResolver.cpp, line 759]
Event: 29.726 Thread 0x000002a045378b90 Exception <a 'java/lang/NoSuchMethodError'{0x000000011b74bfe8}: 'java.lang.Object java.lang.invoke.DirectMethodHandle$Holder.invokeStaticInit(java.lang.Object, java.lang.Object, int, int, int, int)'> (0x000000011b74bfe8) 
thrown [s\open\src\hotspot\share\interpreter\linkResolver.cpp, line 759]
Event: 32.886 Thread 0x000002a045378b90 Exception <a 'java/lang/NoSuchMethodError'{0x000000011b85a650}: 'void java.lang.invoke.DirectMethodHandle$Holder.invokeVirtual(java.lang.Object, java.lang.Object)'> (0x000000011b85a650) 
thrown [s\open\src\hotspot\share\interpreter\linkResolver.cpp, line 759]

VM Operations (20 events):
Event: 29.816 Executing VM operation: get/set locals
Event: 29.816 Executing VM operation: get/set locals done
Event: 29.816 Executing VM operation: get/set locals
Event: 29.816 Executing VM operation: get/set locals done
Event: 29.816 Executing VM operation: get/set locals
Event: 29.817 Executing VM operation: get/set locals done
Event: 29.817 Executing VM operation: get/set locals
Event: 29.817 Executing VM operation: get/set locals done
Event: 29.817 Executing VM operation: get/set locals
Event: 29.817 Executing VM operation: get/set locals done
Event: 29.817 Executing VM operation: get/set locals
Event: 29.817 Executing VM operation: get/set locals done
Event: 29.817 Executing VM operation: get/set locals
Event: 29.818 Executing VM operation: get/set locals done
Event: 29.818 Executing VM operation: get/set locals
Event: 29.818 Executing VM operation: get/set locals done
Event: 29.818 Executing VM operation: get/set locals
Event: 29.818 Executing VM operation: get/set locals done
Event: 31.918 Executing VM operation: ChangeBreakpoints
Event: 31.918 Executing VM operation: ChangeBreakpoints done

Events (20 events):
Event: 0.665 Thread 0x000002a06fe3c1a0 Thread added: 0x000002a06fe3c1a0
Event: 0.666 Thread 0x000002a06fdb1880 Thread added: 0x000002a06fdb1880
Event: 0.743 Loaded shared library C:\Users\marvi\AppData\Local\Temp\lwjglmarvi\3.3.1-build-7\lwjgl.dll
Event: 1.202 Thread 0x000002a06fdb1880 Thread exited: 0x000002a06fdb1880
Event: 1.206 Loaded shared library C:\Users\marvi\AppData\Local\Temp\lwjglmarvi\3.3.1-build-7\lwjgl_opengl.dll
Event: 1.335 Thread 0x000002a072e14b10 Thread added: 0x000002a072e14b10
Event: 6.342 Thread 0x000002a072e14b10 Thread exited: 0x000002a072e14b10
Event: 6.342 Thread 0x000002a06fc9b880 Thread exited: 0x000002a06fc9b880
Event: 11.348 Thread 0x000002a06fe3c1a0 Thread exited: 0x000002a06fe3c1a0
Event: 11.348 Thread 0x000002a06b3fd5a0 Thread exited: 0x000002a06b3fd5a0
Event: 11.348 Thread 0x000002a06b402320 Thread exited: 0x000002a06b402320
Event: 29.619 Thread 0x000002a072fef530 Thread added: 0x000002a072fef530
Event: 29.619 Thread 0x000002a072e14ac0 Thread added: 0x000002a072e14ac0
Event: 29.619 Thread 0x000002a072836000 Thread added: 0x000002a072836000
Event: 29.641 Thread 0x000002a06ff50400 Thread added: 0x000002a06ff50400
Event: 29.676 Loaded shared library C:\Program Files\Java\jdk-18.0.2\bin\awt.dll
Event: 29.677 Thread 0x000002a0730600d0 Thread added: 0x000002a0730600d0
Event: 29.730 Thread 0x000002a070a6b1f0 Thread added: 0x000002a070a6b1f0
Event: 32.887 Thread 0x000002a0730600d0 Thread exited: 0x000002a0730600d0
Event: 32.887 Thread 0x000002a072836000 Thread exited: 0x000002a072836000


Dynamic libraries:
0x00007ff757180000 - 0x00007ff757190000 	C:\Program Files\Java\jdk-18.0.2\bin\javaw.exe
0x00007ffc53c10000 - 0x00007ffc53e08000 	C:\WINDOWS\SYSTEM32\ntdll.dll
0x00007ffc53340000 - 0x00007ffc533fd000 	C:\WINDOWS\System32\KERNEL32.DLL
0x00007ffc51560000 - 0x00007ffc51832000 	C:\WINDOWS\System32\KERNELBASE.dll
0x00007ffc51840000 - 0x00007ffc51940000 	C:\WINDOWS\System32\ucrtbase.dll
0x00007ffc0bcd0000 - 0x00007ffc0bce8000 	C:\Program Files\Java\jdk-18.0.2\bin\jli.dll
0x00007ffc0bcb0000 - 0x00007ffc0bcca000 	C:\Program Files\Java\jdk-18.0.2\bin\VCRUNTIME140.dll
0x00007ffc53290000 - 0x00007ffc5333e000 	C:\WINDOWS\System32\ADVAPI32.dll
0x00007ffc531f0000 - 0x00007ffc5328e000 	C:\WINDOWS\System32\msvcrt.dll
0x00007ffc51d70000 - 0x00007ffc51e0c000 	C:\WINDOWS\System32\sechost.dll
0x00007ffc51e70000 - 0x00007ffc51f95000 	C:\WINDOWS\System32\RPCRT4.dll
0x00007ffc52840000 - 0x00007ffc529dd000 	C:\WINDOWS\System32\USER32.dll
0x00007ffc514c0000 - 0x00007ffc514e2000 	C:\WINDOWS\System32\win32u.dll
0x00007ffc30d60000 - 0x00007ffc30ffa000 	C:\WINDOWS\WinSxS\amd64_microsoft.windows.common-controls_6595b64144ccf1df_6.0.19041.1110_none_60b5254171f9507e\COMCTL32.dll
0x00007ffc534b0000 - 0x00007ffc534db000 	C:\WINDOWS\System32\GDI32.dll
0x00007ffc513b0000 - 0x00007ffc514bf000 	C:\WINDOWS\System32\gdi32full.dll
0x00007ffc51bd0000 - 0x00007ffc51c6d000 	C:\WINDOWS\System32\msvcp_win.dll
0x00007ffc4a330000 - 0x00007ffc4a33a000 	C:\WINDOWS\SYSTEM32\VERSION.dll
0x00007ffc530a0000 - 0x00007ffc530d0000 	C:\WINDOWS\System32\IMM32.DLL
0x00007ffc0bca0000 - 0x00007ffc0bcac000 	C:\Program Files\Java\jdk-18.0.2\bin\vcruntime140_1.dll
0x00007ffbfae20000 - 0x00007ffbfaead000 	C:\Program Files\Java\jdk-18.0.2\bin\msvcp140.dll
0x00007ffbfa200000 - 0x00007ffbfae11000 	C:\Program Files\Java\jdk-18.0.2\bin\server\jvm.dll
0x00007ffc536b0000 - 0x00007ffc536b8000 	C:\WINDOWS\System32\PSAPI.DLL
0x00007ffc41260000 - 0x00007ffc41269000 	C:\WINDOWS\SYSTEM32\WSOCK32.dll
0x00007ffc45fe0000 - 0x00007ffc46007000 	C:\WINDOWS\SYSTEM32\WINMM.dll
0x00007ffc52f80000 - 0x00007ffc52feb000 	C:\WINDOWS\System32\WS2_32.dll
0x00007ffc4fb90000 - 0x00007ffc4fba2000 	C:\WINDOWS\SYSTEM32\kernel.appcore.dll
0x00007ffc0bc90000 - 0x00007ffc0bc9a000 	C:\Program Files\Java\jdk-18.0.2\bin\jimage.dll
0x00007ffc42f50000 - 0x00007ffc43134000 	C:\WINDOWS\SYSTEM32\DBGHELP.DLL
0x00007ffc414e0000 - 0x00007ffc4150c000 	C:\WINDOWS\SYSTEM32\dbgcore.DLL
0x00007ffc51320000 - 0x00007ffc513a2000 	C:\WINDOWS\System32\bcryptPrimitives.dll
0x00007ffc1bf10000 - 0x00007ffc1bf4b000 	C:\Program Files\Java\jdk-18.0.2\bin\jdwp.dll
0x00007ffc497b0000 - 0x00007ffc497be000 	C:\Program Files\Java\jdk-18.0.2\bin\instrument.dll
0x00007ffbfa1d0000 - 0x00007ffbfa1f5000 	C:\Program Files\Java\jdk-18.0.2\bin\java.dll
0x00007ffbfa0f0000 - 0x00007ffbfa1c6000 	C:\Program Files\Java\jdk-18.0.2\bin\jsvml.dll
0x00007ffc52070000 - 0x00007ffc527b3000 	C:\WINDOWS\System32\SHELL32.dll
0x00007ffc4f3e0000 - 0x00007ffc4fb71000 	C:\WINDOWS\SYSTEM32\windows.storage.dll
0x00007ffc536c0000 - 0x00007ffc53a14000 	C:\WINDOWS\System32\combase.dll
0x00007ffc50d80000 - 0x00007ffc50db0000 	C:\WINDOWS\SYSTEM32\Wldp.dll
0x00007ffc52ff0000 - 0x00007ffc5309d000 	C:\WINDOWS\System32\SHCORE.dll
0x00007ffc53130000 - 0x00007ffc53185000 	C:\WINDOWS\System32\shlwapi.dll
0x00007ffc51260000 - 0x00007ffc5127f000 	C:\WINDOWS\SYSTEM32\profapi.dll
0x00007ffc446c0000 - 0x00007ffc446cc000 	C:\Program Files\Java\jdk-18.0.2\bin\dt_socket.dll
0x00007ffc50780000 - 0x00007ffc507bb000 	C:\WINDOWS\SYSTEM32\IPHLPAPI.DLL
0x00007ffc50ae0000 - 0x00007ffc50b4a000 	C:\WINDOWS\system32\mswsock.dll
0x00007ffc507d0000 - 0x00007ffc5089a000 	C:\WINDOWS\SYSTEM32\DNSAPI.dll
0x00007ffc52b00000 - 0x00007ffc52b08000 	C:\WINDOWS\System32\NSI.dll
0x000000005d480000 - 0x000000005d48a000 	C:\Program Files\National Instruments\Shared\mDNS Responder\nimdnsNSP.dll
0x000000005d470000 - 0x000000005d480000 	C:\WINDOWS\SYSTEM32\nimdnsResponder.dll
0x00007ffc497f0000 - 0x00007ffc497fa000 	C:\Windows\System32\rasadhlp.dll
0x00007ffc48bd0000 - 0x00007ffc48c50000 	C:\WINDOWS\System32\fwpuclnt.dll
0x00007ffc51b50000 - 0x00007ffc51b77000 	C:\WINDOWS\System32\bcrypt.dll
0x00007ffbfa090000 - 0x00007ffbfa0a8000 	C:\Program Files\Java\jdk-18.0.2\bin\zip.dll
0x00007ffbfa0d0000 - 0x00007ffbfa0e3000 	C:\Program Files\Java\jdk-18.0.2\bin\net.dll
0x00007ffc49d70000 - 0x00007ffc49e7d000 	C:\WINDOWS\SYSTEM32\WINHTTP.dll
0x00007ffbfa0b0000 - 0x00007ffbfa0c6000 	C:\Program Files\Java\jdk-18.0.2\bin\nio.dll
0x00007ffc0bc80000 - 0x00007ffc0bc90000 	C:\Program Files\Java\jdk-18.0.2\bin\verify.dll
0x00007ffc12cb0000 - 0x00007ffc12d25000 	C:\Users\marvi\AppData\Local\Temp\lwjglmarvi\3.3.1-build-7\lwjgl.dll
0x00007ffc142d0000 - 0x00007ffc14331000 	C:\Users\marvi\AppData\Local\Temp\lwjglmarvi\3.3.1-build-7\glfw.dll
0x00007ffc14e80000 - 0x00007ffc14ec5000 	C:\WINDOWS\SYSTEM32\dinput8.dll
0x00007ffc27c80000 - 0x00007ffc27c91000 	C:\WINDOWS\SYSTEM32\xinput1_4.dll
0x00007ffc51b80000 - 0x00007ffc51bce000 	C:\WINDOWS\System32\cfgmgr32.dll
0x00007ffc510d0000 - 0x00007ffc510fc000 	C:\WINDOWS\SYSTEM32\DEVOBJ.dll
0x00007ffc4ee10000 - 0x00007ffc4ee3f000 	C:\WINDOWS\SYSTEM32\dwmapi.dll
0x00007ffc35010000 - 0x00007ffc35162000 	C:\WINDOWS\SYSTEM32\inputhost.dll
0x00007ffc51fa0000 - 0x00007ffc5206d000 	C:\WINDOWS\System32\OLEAUT32.dll
0x00007ffc4e370000 - 0x00007ffc4e462000 	C:\WINDOWS\SYSTEM32\CoreMessaging.dll
0x00007ffc4f270000 - 0x00007ffc4f366000 	C:\WINDOWS\SYSTEM32\PROPSYS.dll
0x00007ffc4d7d0000 - 0x00007ffc4d924000 	C:\WINDOWS\SYSTEM32\wintypes.dll
0x00007ffc4e010000 - 0x00007ffc4e36e000 	C:\WINDOWS\SYSTEM32\CoreUIComponents.dll
0x00007ffc504b0000 - 0x00007ffc504e3000 	C:\WINDOWS\SYSTEM32\ntmarta.dll
0x00007ffc4e920000 - 0x00007ffc4e9be000 	C:\WINDOWS\system32\uxtheme.dll
0x00007ffc529e0000 - 0x00007ffc52af5000 	C:\WINDOWS\System32\MSCTF.dll
0x00007ffbde2f0000 - 0x00007ffbde417000 	C:\WINDOWS\SYSTEM32\opengl32.dll
0x00007ffc279c0000 - 0x00007ffc279ec000 	C:\WINDOWS\SYSTEM32\GLU32.dll
0x00007ffc53400000 - 0x00007ffc534af000 	C:\WINDOWS\System32\clbcatq.dll
0x00007ffbc9ae0000 - 0x00007ffbcc600000 	C:\WINDOWS\System32\DriverStore\FileRepository\nvmd.inf_amd64_0da8f93391b94ddf\nvoglv64.dll
0x00007ffc52b10000 - 0x00007ffc52f7f000 	C:\WINDOWS\System32\SETUPAPI.dll
0x00007ffc53580000 - 0x00007ffc536aa000 	C:\WINDOWS\System32\ole32.dll
0x00007ffc4c7c0000 - 0x00007ffc4c7d4000 	C:\WINDOWS\SYSTEM32\WTSAPI32.dll
0x00007ffc50f10000 - 0x00007ffc50f22000 	C:\WINDOWS\SYSTEM32\msasn1.dll
0x00007ffc4a890000 - 0x00007ffc4a8c1000 	C:\WINDOWS\SYSTEM32\cryptnet.dll
0x00007ffc519f0000 - 0x00007ffc51b46000 	C:\WINDOWS\System32\CRYPT32.dll
0x00007ffc48da0000 - 0x00007ffc48ee8000 	C:\WINDOWS\SYSTEM32\drvstore.dll
0x00007ffc50cf0000 - 0x00007ffc50cfc000 	C:\WINDOWS\SYSTEM32\cryptbase.dll
0x00007ffc514f0000 - 0x00007ffc51559000 	C:\WINDOWS\System32\WINTRUST.dll
0x00007ffc4b6b0000 - 0x00007ffc4b6eb000 	C:\WINDOWS\SYSTEM32\dxcore.dll
0x00007ffbfe060000 - 0x00007ffbfe327000 	C:\WINDOWS\system32\nvspcap64.dll
0x00007ffc508a0000 - 0x00007ffc508eb000 	C:\WINDOWS\SYSTEM32\powrprof.dll
0x00007ffc50760000 - 0x00007ffc50772000 	C:\WINDOWS\SYSTEM32\UMPDC.dll
0x00007ffc50020000 - 0x00007ffc50084000 	C:\WINDOWS\SYSTEM32\WINSTA.dll
0x00007ffc35970000 - 0x00007ffc35a69000 	C:\WINDOWS\SYSTEM32\textinputframework.dll
0x00007ffc0fa10000 - 0x00007ffc0fa6d000 	C:\Users\marvi\AppData\Local\Temp\lwjglmarvi\3.3.1-build-7\lwjgl_opengl.dll
0x00007ffbde160000 - 0x00007ffbde2ef000 	C:\Program Files\Java\jdk-18.0.2\bin\awt.dll
0x00007ffc4e7d0000 - 0x00007ffc4e861000 	C:\WINDOWS\SYSTEM32\apphelp.dll
0x00007ffc50cd0000 - 0x00007ffc50ce8000 	C:\WINDOWS\SYSTEM32\CRYPTSP.dll
0x00007ffc50390000 - 0x00007ffc503c4000 	C:\WINDOWS\system32\rsaenh.dll
0x00007ffc51220000 - 0x00007ffc5124e000 	C:\WINDOWS\SYSTEM32\USERENV.dll
0x00007ffc4b360000 - 0x00007ffc4b377000 	C:\WINDOWS\SYSTEM32\dhcpcsvc6.DLL
0x00007ffc4b460000 - 0x00007ffc4b47d000 	C:\WINDOWS\SYSTEM32\dhcpcsvc.DLL

dbghelp: loaded successfully - version: 4.0.5 - missing functions: none
symbol engine: initialized successfully - sym options: 0x614 - pdb path: .;C:\Program Files\Java\jdk-18.0.2\bin;C:\WINDOWS\SYSTEM32;C:\WINDOWS\WinSxS\amd64_microsoft.windows.common-controls_6595b64144ccf1df_6.0.19041.1110_none_60b5254171f9507e;C:\Program Files\Java\jdk-18.0.2\bin\server;C:\Program Files\National Instruments\Shared\mDNS Responder;C:\Users\marvi\AppData\Local\Temp\lwjglmarvi\3.3.1-build-7;C:\WINDOWS\System32\DriverStore\FileRepository\nvmd.inf_amd64_0da8f93391b94ddf

VM Arguments:
jvm_args: -XX:+ShowCodeDetailsInExceptionMessages -agentlib:jdwp=transport=dt_socket,suspend=y,address=localhost:54009 -javaagent:E:\GitHub\LIBRARY-RenderEngine\RenderEngine/lwjglx-debug-1.0.0.jar -javaagent:D:\Eclipse\eclipse\configuration\org.eclipse.osgi\228\0\.cp\lib\javaagent-shaded.jar -Dfile.encoding=UTF-8 
java_command: de.m_marvin.renderengine.RenderEngineTest
java_class_path (initial): E:\GitHub\LIBRARY-RenderEngine\RenderEngine\bin\default;C:\Users\marvi\.gradle\caches\modules-2\files-2.1\org.lwjgl\lwjgl-assimp\3.3.1\312072f451794f25670aebb0160ce6ec88aff842\lwjgl-assimp-3.3.1.jar;C:\Users\marvi\.gradle\caches\modules-2\files-2.1\org.lwjgl\lwjgl-glfw\3.3.1\cbac1b8d30cb4795149c1ef540f912671a8616d0\lwjgl-glfw-3.3.1.jar;C:\Users\marvi\.gradle\caches\modules-2\files-2.1\org.lwjgl\lwjgl-jawt\3.3.1\30330b16b809655d42f4951ece57f425cce43ce2\lwjgl-jawt-3.3.1.jar;C:\Users\marvi\.gradle\caches\modules-2\files-2.1\org.lwjgl\lwjgl-openal\3.3.1\2623a6b8ae1dfcd880738656a9f0243d2e6840bd\lwjgl-openal-3.3.1.jar;C:\Users\marvi\.gradle\caches\modules-2\files-2.1\org.lwjgl\lwjgl-opengl\3.3.1\831a5533a21a5f4f81bbc51bb13e9899319b5411\lwjgl-opengl-3.3.1.jar;C:\Users\marvi\.gradle\caches\modules-2\files-2.1\org.lwjgl\lwjgl-stb\3.3.1\b119297cf8ed01f247abe8685857f8e7fcf5980f\lwjgl-stb-3.3.1.jar;C:\Users\marvi\.gradle\caches\modules-2\files-2.1\org.lwjgl\lwjgl\3.3.1\ae58664f88e18a9bb2c77b063833ca7aaec484cb\lwjgl-3.3.1.jar;C:\Users\marvi\.gradle\caches\modules-2\files-2.1\com.google.guava\guava\16.0.1\5fa98cd1a63c99a44dd8d3b77e4762b066a5d0c5\guava-16.0.1.jar;C:\Users\marvi\.gradle\caches\modules-2\files-2.1\com.google.code.gson\gson\2.9.1\2cc2131b98ebfb04e2b2c7dfb84431f4045096b\gson-2.9.1.jar;C:\Users\marvi\.gradle\caches\modules-2\files-2.1\org.lwjgl\lwjgl-assimp\3.3.1\bfa2a0d57acbf952b716d0ad8a3acbd7ad9f5639\lwjgl-assimp-3.3.1-natives-windows.jar;C:\Users\marvi\.gradle\caches\modules-2\files-2.1\org.lwjgl\lwjgl-glfw\3.3.1\ed892f945cf7e79c8756796f32d00fa4ceaf573b\lwjgl-glfw-3.3.1-natives-windows.jar;C:\Users\marvi\.gradle\caches\modules-2\files-2.1\org.lwjgl\lwjgl-openal\3.3.1\30a474d0e57193d7bc128849a3ab66bc9316fdb1\lwjgl-openal-3.3.1-natives-windows.jar;C:\Users\marvi\.gradle\caches\modules-2\files-2.1\org.lwjgl\lwjgl-opengl\3.3.1\c1807e9bd571402787d7e37e3029776ae2513bb8\lwjgl-opengl-3.3.1-natives-windows.jar;C:\Users\marvi\.gradle\caches\modules-2\files-2.1\org.lwjgl\lwjgl-stb\3.3.1\86315914ac119efdb02dc9e8e978ade84f1702af\lwjgl-stb-3.3.1-natives-windows.jar;C:\Users\marvi\.gradle\caches\modules-2\files-2.1\org.lwjgl\lwjgl\3.3.1\36c37f16ab611b3aa11f3bcf80b1d509b4ce6b\lwjgl-3.3.1-natives-windows.jar
Launcher Type: SUN_STANDARD

[Global flags]
     intx CICompilerCount                          = 12                                        {product} {ergonomic}
     uint ConcGCThreads                            = 5                                         {product} {ergonomic}
     uint G1ConcRefinementThreads                  = 18                                        {product} {ergonomic}
   size_t G1HeapRegionSize                         = 16777216                                  {product} {ergonomic}
    uintx GCDrainStackTargetSize                   = 64                                        {product} {ergonomic}
   size_t InitialHeapSize                          = 2147483648                                {product} {ergonomic}
   size_t MarkStackSize                            = 4194304                                   {product} {ergonomic}
   size_t MaxHeapSize                              = 31675383808                               {product} {ergonomic}
   size_t MaxNewSize                               = 18991808512                               {product} {ergonomic}
   size_t MinHeapDeltaBytes                        = 16777216                                  {product} {ergonomic}
   size_t MinHeapSize                              = 16777216                                  {product} {ergonomic}
    uintx NonNMethodCodeHeapSize                   = 7602480                                {pd product} {ergonomic}
    uintx NonProfiledCodeHeapSize                  = 122027880                              {pd product} {ergonomic}
    uintx ProfiledCodeHeapSize                     = 122027880                              {pd product} {ergonomic}
    uintx ReservedCodeCacheSize                    = 251658240                              {pd product} {ergonomic}
     bool SegmentedCodeCache                       = true                                      {product} {ergonomic}
     bool ShowCodeDetailsInExceptionMessages       = true                                   {manageable} {command line}
   size_t SoftMaxHeapSize                          = 31675383808                            {manageable} {ergonomic}
     bool UseCompressedClassPointers               = true                           {product lp64_product} {ergonomic}
     bool UseCompressedOops                        = true                           {product lp64_product} {ergonomic}
     bool UseG1GC                                  = true                                      {product} {ergonomic}
     bool UseLargePagesIndividualAllocation        = false                                  {pd product} {ergonomic}

Logging:
Log output configuration:
 #0: stdout all=warning uptime,level,tags foldmultilines=false
 #1: stderr all=off uptime,level,tags foldmultilines=false

Environment Variables:
JAVA_HOME=C:\Program Files\Java\jdk-17.0.2
PATH=C:\Program Files\Common Files\Oracle\Java\javapath;C:\Program Files\Eclipse Foundation\jdk-8.0.302.8-hotspot\bin;C:\Program Files\Eclipse Adoptium\jdk-11.0.13.8-hotspot\bin;D:\TIAPortal\SCADA-RT_V11\WinCC\Bin;C:\Program Files\Common Files\Siemens\Automation\Simatic OAM\bin;C:\Program Files (x86)\Common Files\Siemens\Bin;C:\Program Files (x86)\Common Files\Siemens\CommonArchiving;C:\Program Files (x86)\Common Files\Siemens\ACE\Bin;C:\Program Files (x86)\Common Files\Oracle\Java\javapath;C:\Windows\system32;C:\Windows;C:\Windows\System32\Wbem;C:\Windows\System32\WindowsPowerShell\v1.0\;C:\Windows\System32\OpenSSH\;C:\Program Files (x86)\NVIDIA Corporation\PhysX\Common;C:\Program Files\NVIDIA Corporation\NVIDIA NvDLISR;C:\Program Files (x86)\Microsoft SQL Server\100\Tools\Binn\;C:\Program Files (x86)\Microsoft SQL Server\100\DTS\Binn\;C:\WINDOWS\system32;C:\WINDOWS;C:\WINDOWS\System32\Wbem;C:\WINDOWS\System32\WindowsPowerShell\v1.0\;C:\WINDOWS\System32\OpenSSH\;C:\Program Files (x86)\IVI Foundation\VISA\WinNT\Bin\;C:\Program Files\IVI Foundation\VISA\Win64\Bin\;C:\Program Files (x86)\Microsoft SQL Server\90\Tools\binn\;C:\Program Files\Microsoft SQL Server\Client SDK\ODBC\130\Tools\Binn\;C:\Program Files (x86)\Microsoft SQL Server\130\Tools\Binn\;C:\Program Files\Microsoft SQL Server\130\Tools\Binn\;C:\Program Files\Microsoft SQL Server\130\DTS\Binn\;D:\TIAPortal\SCADA-RT_V11\WinCC\Interfaces;C:\Program Files (x86)\Common Files\Siemens\;C:\Program Files (x86)\Common Files\Siemens\Interfaces;C:\Program Files (x86)\Common Files\Siemens\ACE\Interfaces;C:\Program Files\Microsoft SQL Server\Client SDK\ODBC\170\Tools\Binn\;C:\Program Files\Java\jdk-17.0.2\bin;C:\Program Files (x86)\IVI Foundation\IVI\bin;C:\Program Files\IVI Foundation\IVI\bin;C:\Program Files (x86)\IVI Foundation\VISA\WinNT\Bin;C:\Program Files\dotnet\;C:\Program Files\Git\cmd;C:\Users\marvi\AppData\Local\Microsoft\WindowsApps;C:\Users\marvi\AppData\Local\GitHubDesktop\bin;C:\Users\marvi\.dotnet\tools;C:\Gradle\gradle-7.4.2\bin;
USERNAME=marvi
OS=Windows_NT
PROCESSOR_IDENTIFIER=AMD64 Family 23 Model 113 Stepping 0, AuthenticAMD



---------------  S Y S T E M  ---------------

OS:
 Windows 10 , 64 bit Build 19041 (10.0.19041.1889)
OS uptime: 0 days 10:40 hours

CPU: total 24 (initial active 24) (24 cores per cpu, 2 threads per core) family 23 model 113 stepping 0 microcode 0x0, cx8, cmov, fxsr, ht, mmx, 3dnowpref, sse, sse2, sse3, ssse3, sse4a, sse4.1, sse4.2, popcnt, lzcnt, tsc, tscinvbit, avx, avx2, aes, clmul, bmi1, bmi2, adx, sha, fma, vzeroupper, clflush, clflushopt

Memory: 4k page, system-wide physical 131023M (120384M free)
TotalPageFile size 150479M (AvailPageFile size 117862M)
current process WorkingSet (physical memory assigned to process): 146M, peak: 188M
current process commit charge ("private bytes"): 2292M, peak: 2328M

vm_info: Java HotSpot(TM) 64-Bit Server VM (18.0.2+9-61) for windows-amd64 JRE (18.0.2+9-61), built on Jun  7 2022 13:09:01 by "mach5one" with MS VC++ 16.8 / 16.9 (VS2019)

END.
