#
# A fatal error has been detected by the Java Runtime Environment:
#
#  EXCEPTION_ACCESS_VIOLATION (0xc0000005) at pc=0x00007ffae8db0f1a, pid=12992, tid=22804
#
# JRE version: Java(TM) SE Runtime Environment (18.0.2+9) (build 18.0.2+9-61)
# Java VM: Java HotSpot(TM) 64-Bit Server VM (18.0.2+9-61, mixed mode, sharing, tiered, compressed oops, compressed class ptrs, g1 gc, windows-amd64)
# Problematic frame:
# V  [jvm.dll+0x760f1a]
#
# No core dump will be written. Minidumps are not enabled by default on client versions of Windows
#
# If you would like to submit a bug report, please visit:
#   https://bugreport.java.com/bugreport/crash.jsp
#

---------------  S U M M A R Y ------------

Command Line: -XX:+ShowCodeDetailsInExceptionMessages -agentlib:jdwp=transport=dt_socket,suspend=y,address=localhost:57243 -javaagent:D:\Eclipse\eclipse\configuration\org.eclipse.osgi\228\0\.cp\lib\javaagent-shaded.jar -Dfile.encoding=UTF-8 de.m_marvin.renderengine.RenderEngineTest

Host: AMD Ryzen 9 3900X 12-Core Processor            , 24 cores, 127G,  Windows 10 , 64 bit Build 19041 (10.0.19041.1889)
Time: Tue Oct 18 21:34:25 2022 Mitteleuropäische Sommerzeit elapsed time: 11.303506 seconds (0d 0h 0m 11s)

---------------  T H R E A D  ---------------

Current thread (0x000001b9c28ca790):  JavaThread "JDWP Transport Listener: dt_socket" daemon [_thread_in_vm, id=22804, stack(0x00000022d9100000,0x00000022d9200000)]

Stack: [0x00000022d9100000,0x00000022d9200000],  sp=0x00000022d91ff6a0,  free space=1021k
Native frames: (J=compiled Java code, j=interpreted, Vv=VM code, C=native code)
V  [jvm.dll+0x760f1a]
V  [jvm.dll+0x52c54c]
V  [jvm.dll+0x4f3d5b]
C  [jdwp.dll+0x230a7]


siginfo: EXCEPTION_ACCESS_VIOLATION (0xc0000005), reading address 0x00000000003c004c


Register to memory mapping:

RIP=0x00007ffae8db0f1a jvm.dll
RAX=0x00000000000000fe is an unknown value
RBX=0x000001b9c275ba40 points into unknown readable memory: 0x697672616d5f6d2f | 2f 6d 5f 6d 61 72 76 69
RCX=0x00000000003c0048 is an unknown value
RDX=0x000001b9cb387400 points into unknown readable memory: 0x616d5f6d2f65644c | 4c 64 65 2f 6d 5f 6d 61
RSP=0x00000022d91ff6a0 is pointing into the stack for thread: 0x000001b9c28ca790
RBP=0x000001b9c28bf340 points into unknown readable memory: 0x0000000000000002 | 02 00 00 00 00 00 00 00
RSI=0x0 is NULL
RDI=0xffffffffffffffff is an unknown value
R8 =0x00000000000002ad is an unknown value
R9 =0x0000000000000040 is an unknown value
R10=0x0000000000000280 is an unknown value
R11=0x00000022d91ff6c0 is pointing into the stack for thread: 0x000001b9c28ca790
R12=0x00000022d91ff7f8 is pointing into the stack for thread: 0x000001b9c28ca790
R13=0x0 is NULL
R14=0x0000000800c1f2c0 is a pointer to class: 
de.m_marvin.univec.impl.Vec3f {0x0000000800c1f2c8}
 - instance size:     3
 - klass size:        212
 - access:            public synchronized 
 - state:             fully_initialized
 - name:              'de/m_marvin/univec/impl/Vec3f'
 - super:             'java/lang/Object'
 - sub:               
 - arrays:            NULL
 - methods:           Array<T>(0x000001b9c3360ae8)
 - method ordering:   Array<T>(0x000001b9c3363e20)
 - default_methods:   Array<T>(0x000001b9c3210b70)
 - default vtable indices:   Array<T>(0x000001b9c3210c10)
 - local interfaces:  Array<T>(0x000001b9c320abd8)
 - trans. interfaces: Array<T>(0x000001b9c320caa0)
 - constants:         constant pool [280] {0x000001b9c3365470} for 'de/m_marvin/univec/impl/Vec3f' cache=0x000001b9c3365dd0
 - class loader data:  loader data: 0x000001b9c282c440 for instance a 'jdk/internal/loader/ClassLoaders$AppClassLoader'{0x000000011f06f720}
 - source file:       'Vec3f.java'
 - source debug extension:       SMAP
Vec3f.java
Java
*S jdt
*F
1 Vec3f.java
2 file:/E:/GitHub/LIBRARY-RenderEngine/RenderEngine/bin/default/
*L
*E

 - class annotations:       Array<T>(0x0000000000000000)
 - class type annotations:  Array<T>(0x0000000000000000)
 - field annotations:       Array<T>(0x0000000000000000)
 - field type annotations:  Array<T>(0x0000000000000000)
 - previous version:  constant pool [280] {0x000001b9c320a278} for 'de/m_marvin/univec/impl/Vec3f' (extra) cache=0x000001b9c3211010
 - generic signature: '
[error occurred during error reporting (printing register info), id 0xc0000005, EXCEPTION_ACCESS_VIOLATION (0xc0000005) at pc=0x00007ffae8db1b26]

Registers:
RAX=0x00000000000000fe, RBX=0x000001b9c275ba40, RCX=0x00000000003c0048, RDX=0x000001b9cb387400
RSP=0x00000022d91ff6a0, RBP=0x000001b9c28bf340, RSI=0x0000000000000000, RDI=0xffffffffffffffff
R8 =0x00000000000002ad, R9 =0x0000000000000040, R10=0x0000000000000280, R11=0x00000022d91ff6c0
R12=0x00000022d91ff7f8, R13=0x0000000000000000, R14=0x0000000800c1f2c0, R15=0x00000022d91ff848
RIP=0x00007ffae8db0f1a, EFLAGS=0x0000000000010206

Top of Stack: (sp=0x00000022d91ff6a0)
0x00000022d91ff6a0:   000000000000001d 0000000800c1f2c0
0x00000022d91ff6b0:   000001b9c28ca790 0000000000000000
0x00000022d91ff6c0:   ffffffffffffffff 00007ffae8b7c54c
0x00000022d91ff6d0:   000001b9c275ba40 000001b9c28bf340
0x00000022d91ff6e0:   0000000000000000 000001b9c28caa20
0x00000022d91ff6f0:   000001b9c275b9f0 00000000000003d8
0x00000022d91ff700:   000001b9c275ba00 000001b9c275bdd8
0x00000022d91ff710:   0000000000000002 00000022d91ff7f8
0x00000022d91ff720:   0000000000000000 0000000000000000
0x00000022d91ff730:   000000011ed4f468 00007ffae8b43d5b
0x00000022d91ff740:   000001b9c28ca790 00000022d91ff848
0x00000022d91ff750:   000001b9df2875d0 00000022d91ff848
0x00000022d91ff760:   000001b9c28ca790 0000000000000000
0x00000022d91ff770:   000001b900000000 0000000000000000
0x00000022d91ff780:   000000000000000d 00007ffb435e30a7
0x00000022d91ff790:   00000022d91ff840 00007ffb435f1718 

Instructions: (pc=0x00007ffae8db0f1a)
0x00007ffae8db0e1a:   48 8b f8 48 85 db 74 08 48 8b cb e8 e6 ac f0 ff
0x00007ffae8db0e2a:   48 8b 5c 24 30 48 8b c7 48 83 c4 20 5f c3 8d 42
0x00007ffae8db0e3a:   06 83 ff 02 b9 08 00 00 00 0f 4e c1 45 33 c0 48
0x00007ffae8db0e4a:   63 c8 48 83 c1 07 83 e1 f8 48 63 c9 41 8d 50 0b
0x00007ffae8db0e5a:   48 83 c4 20 5f e9 cc 22 95 ff cc cc cc cc cc cc
0x00007ffae8db0e6a:   cc cc cc cc cc cc 83 fa 02 8d 42 06 b9 08 00 00
0x00007ffae8db0e7a:   00 4d 8b c8 0f 4e c1 48 63 c8 49 8b 40 18 48 83
0x00007ffae8db0e8a:   c1 07 83 e1 f8 48 63 d1 49 8b 48 20 48 2b c8 48
0x00007ffae8db0e9a:   3b ca 72 09 48 8d 0c 10 49 89 48 18 c3 45 33 c0
0x00007ffae8db0eaa:   49 8b c9 e9 ae 80 95 ff cc cc cc cc cc cc cc cc
0x00007ffae8db0eba:   cc cc cc cc cc cc 4c 8b d2 4c 8b d9 45 85 c0 7e
0x00007ffae8db0eca:   3c 44 0f b7 49 04 41 8d 40 ff 41 3b c1 44 0f 4c
0x00007ffae8db0eda:   c8 4d 63 c1 45 85 c9 7e 1f 48 8b c2 4c 2b da 49
0x00007ffae8db0eea:   8b d0 0f 1f 40 00 41 0f b6 4c 03 06 88 08 48 8d
0x00007ffae8db0efa:   40 01 48 83 ea 01 75 ee 43 c6 04 10 00 49 8b c2
0x00007ffae8db0f0a:   c3 cc cc cc cc cc 48 89 5c 24 08 57 48 83 ec 20
0x00007ffae8db0f1a:   0f b7 59 04 48 8b f9 33 d2 48 8d 4b 01 e8 e4 d3
0x00007ffae8db0f2a:   f8 ff 0f b7 57 04 4c 8b c0 3b da 0f 42 d3 44 8b
0x00007ffae8db0f3a:   ca 85 d2 74 39 48 2b f8 0f 1f 40 00 66 66 0f 1f
0x00007ffae8db0f4a:   84 00 00 00 00 00 0f b6 4c 07 06 88 08 48 ff c0
0x00007ffae8db0f5a:   48 8b c8 49 2b c8 49 3b c9 7c eb 42 c6 04 02 00
0x00007ffae8db0f6a:   49 8b c0 48 8b 5c 24 30 48 83 c4 20 5f c3 48 8b
0x00007ffae8db0f7a:   5c 24 30 c6 04 02 00 48 83 c4 20 5f c3 cc cc cc
0x00007ffae8db0f8a:   cc cc cc cc cc cc 4c 8b d1 45 85 c0 7e 6c 44 0f
0x00007ffae8db0f9a:   b7 49 04 41 8d 40 ff 41 3b c1 44 0f 4c c8 4d 63
0x00007ffae8db0faa:   d9 45 85 c9 7e 22 48 8b ca 4c 2b d2 4d 8b c3 0f
0x00007ffae8db0fba:   1f 80 00 00 00 00 41 0f b6 44 0a 06 88 01 48 8d
0x00007ffae8db0fca:   49 01 49 83 e8 01 75 ee 41 c6 04 13 00 48 c7 c0
0x00007ffae8db0fda:   ff ff ff ff 66 90 48 ff c0 80 3c 02 00 75 f7 48
0x00007ffae8db0fea:   63 c8 85 c0 48 8b c2 7e 14 80 38 2f 75 03 c6 00
0x00007ffae8db0ffa:   2e 48 ff c0 48 83 e9 01 75 ef 48 8b c2 c3 cc cc
0x00007ffae8db100a:   cc cc cc cc cc cc 48 83 ec 28 e8 f7 fe ff ff 4c 


Stack slot to memory mapping:
stack at sp + 0 slots: 0x000000000000001d is an unknown value
stack at sp + 1 slots: 0x0000000800c1f2c0 is a pointer to class: 
de.m_marvin.univec.impl.Vec3f {0x0000000800c1f2c8}
 - instance size:     3
 - klass size:        212
 - access:            public synchronized 
 - state:             fully_initialized
 - name:              'de/m_marvin/univec/impl/Vec3f'
 - super:             'java/lang/Object'
 - sub:               
 - arrays:            NULL
 - methods:           Array<T>(0x000001b9c3360ae8)
 - method ordering:   Array<T>(0x000001b9c3363e20)
 - default_methods:   Array<T>(0x000001b9c3210b70)
 - default vtable indices:   Array<T>(0x000001b9c3210c10)
 - local interfaces:  Array<T>(0x000001b9c320abd8)
 - trans. interfaces: Array<T>(0x000001b9c320caa0)
 - constants:         constant pool [280] {0x000001b9c3365470} for 'de/m_marvin/univec/impl/Vec3f' cache=0x000001b9c3365dd0
 - class loader data:  loader data: 0x000001b9c282c440 for instance a 'jdk/internal/loader/ClassLoaders$AppClassLoader'{0x000000011f06f720}
 - source file:       'Vec3f.java'
 - source debug extension:       SMAP
Vec3f.java
Java
*S jdt
*F
1 Vec3f.java
2 file:/E:/GitHub/LIBRARY-RenderEngine/RenderEngine/bin/default/
*L
*E

 - class annotations:       Array<T>(0x0000000000000000)
 - class type annotations:  Array<T>(0x0000000000000000)
 - field annotations:       Array<T>(0x0000000000000000)
 - field type annotations:  Array<T>(0x0000000000000000)
 - previous version:  constant pool [280] {0x000001b9c320a278} for 'de/m_marvin/univec/impl/Vec3f' (extra) cache=0x000001b9c3211010
 - generic signature: '
[error occurred during error reporting (inspecting top of stack), id 0xc0000005, EXCEPTION_ACCESS_VIOLATION (0xc0000005) at pc=0x00007ffae8db1b26]


---------------  P R O C E S S  ---------------

Threads class SMR info:
_java_thread_list=0x000001b9cb387550, length=15, elements={
0x000001b9e15a8550, 0x000001b9c26ec350, 0x000001b9c26ee010, 0x000001b9c2705490,
0x000001b9c2706d50, 0x000001b9c2707600, 0x000001b9c2708130, 0x000001b9c2714220,
0x000001b9c2717150, 0x000001b9c27301f0, 0x000001b9c281c850, 0x000001b9c28ca790,
0x000001b9c2967d90, 0x000001b9c297a560, 0x000001b9c281d1f0
}

Java Threads: ( => current thread )
  0x000001b9e15a8550 JavaThread "main" [_thread_blocked, id=8844, stack(0x00000022d7e00000,0x00000022d7f00000)]
  0x000001b9c26ec350 JavaThread "Reference Handler" daemon [_thread_blocked, id=1112, stack(0x00000022d8500000,0x00000022d8600000)]
  0x000001b9c26ee010 JavaThread "Finalizer" daemon [_thread_blocked, id=15136, stack(0x00000022d8600000,0x00000022d8700000)]
  0x000001b9c2705490 JavaThread "Signal Dispatcher" daemon [_thread_blocked, id=22632, stack(0x00000022d8700000,0x00000022d8800000)]
  0x000001b9c2706d50 JavaThread "Attach Listener" daemon [_thread_blocked, id=10808, stack(0x00000022d8800000,0x00000022d8900000)]
  0x000001b9c2707600 JavaThread "Service Thread" daemon [_thread_blocked, id=17204, stack(0x00000022d8900000,0x00000022d8a00000)]
  0x000001b9c2708130 JavaThread "Monitor Deflation Thread" daemon [_thread_blocked, id=20788, stack(0x00000022d8a00000,0x00000022d8b00000)]
  0x000001b9c2714220 JavaThread "C2 CompilerThread0" daemon [_thread_blocked, id=16700, stack(0x00000022d8b00000,0x00000022d8c00000)]
  0x000001b9c2717150 JavaThread "C1 CompilerThread0" daemon [_thread_blocked, id=7704, stack(0x00000022d8c00000,0x00000022d8d00000)]
  0x000001b9c27301f0 JavaThread "Sweeper thread" daemon [_thread_blocked, id=16556, stack(0x00000022d8d00000,0x00000022d8e00000)]
  0x000001b9c281c850 JavaThread "Common-Cleaner" daemon [_thread_blocked, id=21932, stack(0x00000022d8e00000,0x00000022d8f00000)]
=>0x000001b9c28ca790 JavaThread "JDWP Transport Listener: dt_socket" daemon [_thread_in_vm, id=22804, stack(0x00000022d9100000,0x00000022d9200000)]
  0x000001b9c2967d90 JavaThread "JDWP Event Helper Thread" daemon [_thread_blocked, id=17540, stack(0x00000022d9200000,0x00000022d9300000)]
  0x000001b9c297a560 JavaThread "JDWP Command Reader" daemon [_thread_in_native, id=5600, stack(0x00000022d9300000,0x00000022d9400000)]
  0x000001b9c281d1f0 JavaThread "Notification Thread" daemon [_thread_blocked, id=19664, stack(0x00000022d9600000,0x00000022d9700000)]

Other Threads:
  0x000001b9f8debcf0 VMThread "VM Thread" [stack: 0x00000022d8400000,0x00000022d8500000] [id=15272]
  0x000001b9c7178f90 WatcherThread "VM Periodic Task Thread" [stack: 0x00000022d9700000,0x00000022d9800000] [id=20904]
  0x000001b9e165a140 WorkerThread "GC Thread#0" [stack: 0x00000022d7f00000,0x00000022d8000000] [id=17460]
  0x000001b9e166c340 ConcurrentGCThread "G1 Main Marker" [stack: 0x00000022d8000000,0x00000022d8100000] [id=11512]
  0x000001b9e166cc40 WorkerThread "G1 Conc#0" [stack: 0x00000022d8100000,0x00000022d8200000] [id=4332]
  0x000001b9e15ccd90 ConcurrentGCThread "G1 Refine#0" [stack: 0x00000022d8200000,0x00000022d8300000] [id=16332]
  0x000001b9f8e64290 ConcurrentGCThread "G1 Service" [stack: 0x00000022d8300000,0x00000022d8400000] [id=2520]

Threads with active compile tasks:

VM state: not at safepoint (normal execution)

VM Mutex/Monitor currently owned by a thread: None

Heap address: 0x00000000a0000000, size: 30208 MB, Compressed Oops mode: Zero based, Oop shift amount: 3

CDS archive(s) mapped at: [0x0000000800000000-0x0000000800ba0000-0x0000000800ba0000), size 12189696, SharedBaseAddress: 0x0000000800000000, ArchiveRelocationMode: 0.
Compressed class space mapped at: 0x0000000800c00000-0x0000000840c00000, reserved size: 1073741824
Narrow klass base: 0x0000000800000000, Narrow klass shift: 0, Narrow klass range: 0x100000000

GC Precious Log:
 CardTable entry size: 512
 Card Set container configuration: InlinePtr #cards 3 size 8 Array Of Cards #cards 128 size 272 Howl #buckets 8 coarsen threshold 29491 Howl Bitmap #cards 4096 size 528 coarsen threshold 3686 Card regions per heap region 1 cards per card region 32768
 CPUs: 24 total, 24 available
 Memory: 127G
 Large Page Support: Disabled
 NUMA Support: Disabled
 Compressed Oops: Enabled (Zero based)
 Heap Region Size: 16M
 Heap Min Capacity: 16M
 Heap Initial Capacity: 2G
 Heap Max Capacity: 30208M
 Pre-touch: Disabled
 Parallel Workers: 18
 Concurrent Workers: 5
 Concurrent Refinement Workers: 18
 Periodic GC: Disabled

Heap:
 garbage-first heap   total 2097152K, used 32768K [0x00000000a0000000, 0x0000000800000000)
  region size 16384K, 3 young (49152K), 0 survivors (0K)
 Metaspace       used 7433K, committed 7680K, reserved 1114112K
  class space    used 539K, committed 640K, reserved 1048576K

Heap Regions: E=young(eden), S=young(survivor), O=old, HS=humongous(starts), HC=humongous(continues), CS=collection set, F=free, OA=open archive, CA=closed archive, TAMS=top-at-mark-start (previous, next)
|   0|0x00000000a0000000, 0x00000000a0000000, 0x00000000a1000000|  0%| F|  |TAMS 0x00000000a0000000, 0x00000000a0000000| Untracked 
|   1|0x00000000a1000000, 0x00000000a1000000, 0x00000000a2000000|  0%| F|  |TAMS 0x00000000a1000000, 0x00000000a1000000| Untracked 
|   2|0x00000000a2000000, 0x00000000a2000000, 0x00000000a3000000|  0%| F|  |TAMS 0x00000000a2000000, 0x00000000a2000000| Untracked 
|   3|0x00000000a3000000, 0x00000000a3000000, 0x00000000a4000000|  0%| F|  |TAMS 0x00000000a3000000, 0x00000000a3000000| Untracked 
|   4|0x00000000a4000000, 0x00000000a4000000, 0x00000000a5000000|  0%| F|  |TAMS 0x00000000a4000000, 0x00000000a4000000| Untracked 
|   5|0x00000000a5000000, 0x00000000a5000000, 0x00000000a6000000|  0%| F|  |TAMS 0x00000000a5000000, 0x00000000a5000000| Untracked 
|   6|0x00000000a6000000, 0x00000000a6000000, 0x00000000a7000000|  0%| F|  |TAMS 0x00000000a6000000, 0x00000000a6000000| Untracked 
|   7|0x00000000a7000000, 0x00000000a7000000, 0x00000000a8000000|  0%| F|  |TAMS 0x00000000a7000000, 0x00000000a7000000| Untracked 
|   8|0x00000000a8000000, 0x00000000a8000000, 0x00000000a9000000|  0%| F|  |TAMS 0x00000000a8000000, 0x00000000a8000000| Untracked 
|   9|0x00000000a9000000, 0x00000000a9000000, 0x00000000aa000000|  0%| F|  |TAMS 0x00000000a9000000, 0x00000000a9000000| Untracked 
|  10|0x00000000aa000000, 0x00000000aa000000, 0x00000000ab000000|  0%| F|  |TAMS 0x00000000aa000000, 0x00000000aa000000| Untracked 
|  11|0x00000000ab000000, 0x00000000ab000000, 0x00000000ac000000|  0%| F|  |TAMS 0x00000000ab000000, 0x00000000ab000000| Untracked 
|  12|0x00000000ac000000, 0x00000000ac000000, 0x00000000ad000000|  0%| F|  |TAMS 0x00000000ac000000, 0x00000000ac000000| Untracked 
|  13|0x00000000ad000000, 0x00000000ad000000, 0x00000000ae000000|  0%| F|  |TAMS 0x00000000ad000000, 0x00000000ad000000| Untracked 
|  14|0x00000000ae000000, 0x00000000ae000000, 0x00000000af000000|  0%| F|  |TAMS 0x00000000ae000000, 0x00000000ae000000| Untracked 
|  15|0x00000000af000000, 0x00000000af000000, 0x00000000b0000000|  0%| F|  |TAMS 0x00000000af000000, 0x00000000af000000| Untracked 
|  16|0x00000000b0000000, 0x00000000b0000000, 0x00000000b1000000|  0%| F|  |TAMS 0x00000000b0000000, 0x00000000b0000000| Untracked 
|  17|0x00000000b1000000, 0x00000000b1000000, 0x00000000b2000000|  0%| F|  |TAMS 0x00000000b1000000, 0x00000000b1000000| Untracked 
|  18|0x00000000b2000000, 0x00000000b2000000, 0x00000000b3000000|  0%| F|  |TAMS 0x00000000b2000000, 0x00000000b2000000| Untracked 
|  19|0x00000000b3000000, 0x00000000b3000000, 0x00000000b4000000|  0%| F|  |TAMS 0x00000000b3000000, 0x00000000b3000000| Untracked 
|  20|0x00000000b4000000, 0x00000000b4000000, 0x00000000b5000000|  0%| F|  |TAMS 0x00000000b4000000, 0x00000000b4000000| Untracked 
|  21|0x00000000b5000000, 0x00000000b5000000, 0x00000000b6000000|  0%| F|  |TAMS 0x00000000b5000000, 0x00000000b5000000| Untracked 
|  22|0x00000000b6000000, 0x00000000b6000000, 0x00000000b7000000|  0%| F|  |TAMS 0x00000000b6000000, 0x00000000b6000000| Untracked 
|  23|0x00000000b7000000, 0x00000000b7000000, 0x00000000b8000000|  0%| F|  |TAMS 0x00000000b7000000, 0x00000000b7000000| Untracked 
|  24|0x00000000b8000000, 0x00000000b8000000, 0x00000000b9000000|  0%| F|  |TAMS 0x00000000b8000000, 0x00000000b8000000| Untracked 
|  25|0x00000000b9000000, 0x00000000b9000000, 0x00000000ba000000|  0%| F|  |TAMS 0x00000000b9000000, 0x00000000b9000000| Untracked 
|  26|0x00000000ba000000, 0x00000000ba000000, 0x00000000bb000000|  0%| F|  |TAMS 0x00000000ba000000, 0x00000000ba000000| Untracked 
|  27|0x00000000bb000000, 0x00000000bb000000, 0x00000000bc000000|  0%| F|  |TAMS 0x00000000bb000000, 0x00000000bb000000| Untracked 
|  28|0x00000000bc000000, 0x00000000bc000000, 0x00000000bd000000|  0%| F|  |TAMS 0x00000000bc000000, 0x00000000bc000000| Untracked 
|  29|0x00000000bd000000, 0x00000000bd000000, 0x00000000be000000|  0%| F|  |TAMS 0x00000000bd000000, 0x00000000bd000000| Untracked 
|  30|0x00000000be000000, 0x00000000be000000, 0x00000000bf000000|  0%| F|  |TAMS 0x00000000be000000, 0x00000000be000000| Untracked 
|  31|0x00000000bf000000, 0x00000000bf000000, 0x00000000c0000000|  0%| F|  |TAMS 0x00000000bf000000, 0x00000000bf000000| Untracked 
|  32|0x00000000c0000000, 0x00000000c0000000, 0x00000000c1000000|  0%| F|  |TAMS 0x00000000c0000000, 0x00000000c0000000| Untracked 
|  33|0x00000000c1000000, 0x00000000c1000000, 0x00000000c2000000|  0%| F|  |TAMS 0x00000000c1000000, 0x00000000c1000000| Untracked 
|  34|0x00000000c2000000, 0x00000000c2000000, 0x00000000c3000000|  0%| F|  |TAMS 0x00000000c2000000, 0x00000000c2000000| Untracked 
|  35|0x00000000c3000000, 0x00000000c3000000, 0x00000000c4000000|  0%| F|  |TAMS 0x00000000c3000000, 0x00000000c3000000| Untracked 
|  36|0x00000000c4000000, 0x00000000c4000000, 0x00000000c5000000|  0%| F|  |TAMS 0x00000000c4000000, 0x00000000c4000000| Untracked 
|  37|0x00000000c5000000, 0x00000000c5000000, 0x00000000c6000000|  0%| F|  |TAMS 0x00000000c5000000, 0x00000000c5000000| Untracked 
|  38|0x00000000c6000000, 0x00000000c6000000, 0x00000000c7000000|  0%| F|  |TAMS 0x00000000c6000000, 0x00000000c6000000| Untracked 
|  39|0x00000000c7000000, 0x00000000c7000000, 0x00000000c8000000|  0%| F|  |TAMS 0x00000000c7000000, 0x00000000c7000000| Untracked 
|  40|0x00000000c8000000, 0x00000000c8000000, 0x00000000c9000000|  0%| F|  |TAMS 0x00000000c8000000, 0x00000000c8000000| Untracked 
|  41|0x00000000c9000000, 0x00000000c9000000, 0x00000000ca000000|  0%| F|  |TAMS 0x00000000c9000000, 0x00000000c9000000| Untracked 
|  42|0x00000000ca000000, 0x00000000ca000000, 0x00000000cb000000|  0%| F|  |TAMS 0x00000000ca000000, 0x00000000ca000000| Untracked 
|  43|0x00000000cb000000, 0x00000000cb000000, 0x00000000cc000000|  0%| F|  |TAMS 0x00000000cb000000, 0x00000000cb000000| Untracked 
|  44|0x00000000cc000000, 0x00000000cc000000, 0x00000000cd000000|  0%| F|  |TAMS 0x00000000cc000000, 0x00000000cc000000| Untracked 
|  45|0x00000000cd000000, 0x00000000cd000000, 0x00000000ce000000|  0%| F|  |TAMS 0x00000000cd000000, 0x00000000cd000000| Untracked 
|  46|0x00000000ce000000, 0x00000000ce000000, 0x00000000cf000000|  0%| F|  |TAMS 0x00000000ce000000, 0x00000000ce000000| Untracked 
|  47|0x00000000cf000000, 0x00000000cf000000, 0x00000000d0000000|  0%| F|  |TAMS 0x00000000cf000000, 0x00000000cf000000| Untracked 
|  48|0x00000000d0000000, 0x00000000d0000000, 0x00000000d1000000|  0%| F|  |TAMS 0x00000000d0000000, 0x00000000d0000000| Untracked 
|  49|0x00000000d1000000, 0x00000000d1000000, 0x00000000d2000000|  0%| F|  |TAMS 0x00000000d1000000, 0x00000000d1000000| Untracked 
|  50|0x00000000d2000000, 0x00000000d2000000, 0x00000000d3000000|  0%| F|  |TAMS 0x00000000d2000000, 0x00000000d2000000| Untracked 
|  51|0x00000000d3000000, 0x00000000d3000000, 0x00000000d4000000|  0%| F|  |TAMS 0x00000000d3000000, 0x00000000d3000000| Untracked 
|  52|0x00000000d4000000, 0x00000000d4000000, 0x00000000d5000000|  0%| F|  |TAMS 0x00000000d4000000, 0x00000000d4000000| Untracked 
|  53|0x00000000d5000000, 0x00000000d5000000, 0x00000000d6000000|  0%| F|  |TAMS 0x00000000d5000000, 0x00000000d5000000| Untracked 
|  54|0x00000000d6000000, 0x00000000d6000000, 0x00000000d7000000|  0%| F|  |TAMS 0x00000000d6000000, 0x00000000d6000000| Untracked 
|  55|0x00000000d7000000, 0x00000000d7000000, 0x00000000d8000000|  0%| F|  |TAMS 0x00000000d7000000, 0x00000000d7000000| Untracked 
|  56|0x00000000d8000000, 0x00000000d8000000, 0x00000000d9000000|  0%| F|  |TAMS 0x00000000d8000000, 0x00000000d8000000| Untracked 
|  57|0x00000000d9000000, 0x00000000d9000000, 0x00000000da000000|  0%| F|  |TAMS 0x00000000d9000000, 0x00000000d9000000| Untracked 
|  58|0x00000000da000000, 0x00000000da000000, 0x00000000db000000|  0%| F|  |TAMS 0x00000000da000000, 0x00000000da000000| Untracked 
|  59|0x00000000db000000, 0x00000000db000000, 0x00000000dc000000|  0%| F|  |TAMS 0x00000000db000000, 0x00000000db000000| Untracked 
|  60|0x00000000dc000000, 0x00000000dc000000, 0x00000000dd000000|  0%| F|  |TAMS 0x00000000dc000000, 0x00000000dc000000| Untracked 
|  61|0x00000000dd000000, 0x00000000dd000000, 0x00000000de000000|  0%| F|  |TAMS 0x00000000dd000000, 0x00000000dd000000| Untracked 
|  62|0x00000000de000000, 0x00000000de000000, 0x00000000df000000|  0%| F|  |TAMS 0x00000000de000000, 0x00000000de000000| Untracked 
|  63|0x00000000df000000, 0x00000000df000000, 0x00000000e0000000|  0%| F|  |TAMS 0x00000000df000000, 0x00000000df000000| Untracked 
|  64|0x00000000e0000000, 0x00000000e0000000, 0x00000000e1000000|  0%| F|  |TAMS 0x00000000e0000000, 0x00000000e0000000| Untracked 
|  65|0x00000000e1000000, 0x00000000e1000000, 0x00000000e2000000|  0%| F|  |TAMS 0x00000000e1000000, 0x00000000e1000000| Untracked 
|  66|0x00000000e2000000, 0x00000000e2000000, 0x00000000e3000000|  0%| F|  |TAMS 0x00000000e2000000, 0x00000000e2000000| Untracked 
|  67|0x00000000e3000000, 0x00000000e3000000, 0x00000000e4000000|  0%| F|  |TAMS 0x00000000e3000000, 0x00000000e3000000| Untracked 
|  68|0x00000000e4000000, 0x00000000e4000000, 0x00000000e5000000|  0%| F|  |TAMS 0x00000000e4000000, 0x00000000e4000000| Untracked 
|  69|0x00000000e5000000, 0x00000000e5000000, 0x00000000e6000000|  0%| F|  |TAMS 0x00000000e5000000, 0x00000000e5000000| Untracked 
|  70|0x00000000e6000000, 0x00000000e6000000, 0x00000000e7000000|  0%| F|  |TAMS 0x00000000e6000000, 0x00000000e6000000| Untracked 
|  71|0x00000000e7000000, 0x00000000e7000000, 0x00000000e8000000|  0%| F|  |TAMS 0x00000000e7000000, 0x00000000e7000000| Untracked 
|  72|0x00000000e8000000, 0x00000000e8000000, 0x00000000e9000000|  0%| F|  |TAMS 0x00000000e8000000, 0x00000000e8000000| Untracked 
|  73|0x00000000e9000000, 0x00000000e9000000, 0x00000000ea000000|  0%| F|  |TAMS 0x00000000e9000000, 0x00000000e9000000| Untracked 
|  74|0x00000000ea000000, 0x00000000ea000000, 0x00000000eb000000|  0%| F|  |TAMS 0x00000000ea000000, 0x00000000ea000000| Untracked 
|  75|0x00000000eb000000, 0x00000000eb000000, 0x00000000ec000000|  0%| F|  |TAMS 0x00000000eb000000, 0x00000000eb000000| Untracked 
|  76|0x00000000ec000000, 0x00000000ec000000, 0x00000000ed000000|  0%| F|  |TAMS 0x00000000ec000000, 0x00000000ec000000| Untracked 
|  77|0x00000000ed000000, 0x00000000ed000000, 0x00000000ee000000|  0%| F|  |TAMS 0x00000000ed000000, 0x00000000ed000000| Untracked 
|  78|0x00000000ee000000, 0x00000000ee000000, 0x00000000ef000000|  0%| F|  |TAMS 0x00000000ee000000, 0x00000000ee000000| Untracked 
|  79|0x00000000ef000000, 0x00000000ef000000, 0x00000000f0000000|  0%| F|  |TAMS 0x00000000ef000000, 0x00000000ef000000| Untracked 
|  80|0x00000000f0000000, 0x00000000f0000000, 0x00000000f1000000|  0%| F|  |TAMS 0x00000000f0000000, 0x00000000f0000000| Untracked 
|  81|0x00000000f1000000, 0x00000000f1000000, 0x00000000f2000000|  0%| F|  |TAMS 0x00000000f1000000, 0x00000000f1000000| Untracked 
|  82|0x00000000f2000000, 0x00000000f2000000, 0x00000000f3000000|  0%| F|  |TAMS 0x00000000f2000000, 0x00000000f2000000| Untracked 
|  83|0x00000000f3000000, 0x00000000f3000000, 0x00000000f4000000|  0%| F|  |TAMS 0x00000000f3000000, 0x00000000f3000000| Untracked 
|  84|0x00000000f4000000, 0x00000000f4000000, 0x00000000f5000000|  0%| F|  |TAMS 0x00000000f4000000, 0x00000000f4000000| Untracked 
|  85|0x00000000f5000000, 0x00000000f5000000, 0x00000000f6000000|  0%| F|  |TAMS 0x00000000f5000000, 0x00000000f5000000| Untracked 
|  86|0x00000000f6000000, 0x00000000f6000000, 0x00000000f7000000|  0%| F|  |TAMS 0x00000000f6000000, 0x00000000f6000000| Untracked 
|  87|0x00000000f7000000, 0x00000000f7000000, 0x00000000f8000000|  0%| F|  |TAMS 0x00000000f7000000, 0x00000000f7000000| Untracked 
|  88|0x00000000f8000000, 0x00000000f8000000, 0x00000000f9000000|  0%| F|  |TAMS 0x00000000f8000000, 0x00000000f8000000| Untracked 
|  89|0x00000000f9000000, 0x00000000f9000000, 0x00000000fa000000|  0%| F|  |TAMS 0x00000000f9000000, 0x00000000f9000000| Untracked 
|  90|0x00000000fa000000, 0x00000000fa000000, 0x00000000fb000000|  0%| F|  |TAMS 0x00000000fa000000, 0x00000000fa000000| Untracked 
|  91|0x00000000fb000000, 0x00000000fb000000, 0x00000000fc000000|  0%| F|  |TAMS 0x00000000fb000000, 0x00000000fb000000| Untracked 
|  92|0x00000000fc000000, 0x00000000fc000000, 0x00000000fd000000|  0%| F|  |TAMS 0x00000000fc000000, 0x00000000fc000000| Untracked 
|  93|0x00000000fd000000, 0x00000000fd000000, 0x00000000fe000000|  0%| F|  |TAMS 0x00000000fd000000, 0x00000000fd000000| Untracked 
|  94|0x00000000fe000000, 0x00000000fe000000, 0x00000000ff000000|  0%| F|  |TAMS 0x00000000fe000000, 0x00000000fe000000| Untracked 
|  95|0x00000000ff000000, 0x00000000ff000000, 0x0000000100000000|  0%| F|  |TAMS 0x00000000ff000000, 0x00000000ff000000| Untracked 
|  96|0x0000000100000000, 0x0000000100000000, 0x0000000101000000|  0%| F|  |TAMS 0x0000000100000000, 0x0000000100000000| Untracked 
|  97|0x0000000101000000, 0x0000000101000000, 0x0000000102000000|  0%| F|  |TAMS 0x0000000101000000, 0x0000000101000000| Untracked 
|  98|0x0000000102000000, 0x0000000102000000, 0x0000000103000000|  0%| F|  |TAMS 0x0000000102000000, 0x0000000102000000| Untracked 
|  99|0x0000000103000000, 0x0000000103000000, 0x0000000104000000|  0%| F|  |TAMS 0x0000000103000000, 0x0000000103000000| Untracked 
| 100|0x0000000104000000, 0x0000000104000000, 0x0000000105000000|  0%| F|  |TAMS 0x0000000104000000, 0x0000000104000000| Untracked 
| 101|0x0000000105000000, 0x0000000105000000, 0x0000000106000000|  0%| F|  |TAMS 0x0000000105000000, 0x0000000105000000| Untracked 
| 102|0x0000000106000000, 0x0000000106000000, 0x0000000107000000|  0%| F|  |TAMS 0x0000000106000000, 0x0000000106000000| Untracked 
| 103|0x0000000107000000, 0x0000000107000000, 0x0000000108000000|  0%| F|  |TAMS 0x0000000107000000, 0x0000000107000000| Untracked 
| 104|0x0000000108000000, 0x0000000108000000, 0x0000000109000000|  0%| F|  |TAMS 0x0000000108000000, 0x0000000108000000| Untracked 
| 105|0x0000000109000000, 0x0000000109000000, 0x000000010a000000|  0%| F|  |TAMS 0x0000000109000000, 0x0000000109000000| Untracked 
| 106|0x000000010a000000, 0x000000010a000000, 0x000000010b000000|  0%| F|  |TAMS 0x000000010a000000, 0x000000010a000000| Untracked 
| 107|0x000000010b000000, 0x000000010b000000, 0x000000010c000000|  0%| F|  |TAMS 0x000000010b000000, 0x000000010b000000| Untracked 
| 108|0x000000010c000000, 0x000000010c000000, 0x000000010d000000|  0%| F|  |TAMS 0x000000010c000000, 0x000000010c000000| Untracked 
| 109|0x000000010d000000, 0x000000010d000000, 0x000000010e000000|  0%| F|  |TAMS 0x000000010d000000, 0x000000010d000000| Untracked 
| 110|0x000000010e000000, 0x000000010e000000, 0x000000010f000000|  0%| F|  |TAMS 0x000000010e000000, 0x000000010e000000| Untracked 
| 111|0x000000010f000000, 0x000000010f000000, 0x0000000110000000|  0%| F|  |TAMS 0x000000010f000000, 0x000000010f000000| Untracked 
| 112|0x0000000110000000, 0x0000000110000000, 0x0000000111000000|  0%| F|  |TAMS 0x0000000110000000, 0x0000000110000000| Untracked 
| 113|0x0000000111000000, 0x0000000111000000, 0x0000000112000000|  0%| F|  |TAMS 0x0000000111000000, 0x0000000111000000| Untracked 
| 114|0x0000000112000000, 0x0000000112000000, 0x0000000113000000|  0%| F|  |TAMS 0x0000000112000000, 0x0000000112000000| Untracked 
| 115|0x0000000113000000, 0x0000000113000000, 0x0000000114000000|  0%| F|  |TAMS 0x0000000113000000, 0x0000000113000000| Untracked 
| 116|0x0000000114000000, 0x0000000114000000, 0x0000000115000000|  0%| F|  |TAMS 0x0000000114000000, 0x0000000114000000| Untracked 
| 117|0x0000000115000000, 0x0000000115000000, 0x0000000116000000|  0%| F|  |TAMS 0x0000000115000000, 0x0000000115000000| Untracked 
| 118|0x0000000116000000, 0x0000000116000000, 0x0000000117000000|  0%| F|  |TAMS 0x0000000116000000, 0x0000000116000000| Untracked 
| 119|0x0000000117000000, 0x0000000117000000, 0x0000000118000000|  0%| F|  |TAMS 0x0000000117000000, 0x0000000117000000| Untracked 
| 120|0x0000000118000000, 0x0000000118000000, 0x0000000119000000|  0%| F|  |TAMS 0x0000000118000000, 0x0000000118000000| Untracked 
| 121|0x0000000119000000, 0x0000000119000000, 0x000000011a000000|  0%| F|  |TAMS 0x0000000119000000, 0x0000000119000000| Untracked 
| 122|0x000000011a000000, 0x000000011a000000, 0x000000011b000000|  0%| F|  |TAMS 0x000000011a000000, 0x000000011a000000| Untracked 
| 123|0x000000011b000000, 0x000000011b000000, 0x000000011c000000|  0%| F|  |TAMS 0x000000011b000000, 0x000000011b000000| Untracked 
| 124|0x000000011c000000, 0x000000011c000000, 0x000000011d000000|  0%| F|  |TAMS 0x000000011c000000, 0x000000011c000000| Untracked 
| 125|0x000000011d000000, 0x000000011d99ae60, 0x000000011e000000| 60%| E|  |TAMS 0x000000011d000000, 0x000000011d000000| Complete 
| 126|0x000000011e000000, 0x000000011f000000, 0x000000011f000000|100%| E|CS|TAMS 0x000000011e000000, 0x000000011e000000| Complete 
| 127|0x000000011f000000, 0x0000000120000000, 0x0000000120000000|100%| E|CS|TAMS 0x000000011f000000, 0x000000011f000000| Complete 

Card table byte_map: [0x000001b980000000,0x000001b983b00000] _byte_map_base: 0x000001b97fb00000

Marking Bits (Prev, Next): (CMBitMap*) 0x000001b9e165b660, (CMBitMap*) 0x000001b9e165b6a0
 Prev Bits: [0x000001b987600000, 0x000001b9a4e00000)
 Next Bits: [0x000001b9a4e00000, 0x000001b9c2600000)

Polling page: 0x000001b9df210000

Metaspace:

Usage:
  Non-class:      6.73 MB used.
      Class:    539.56 KB used.
       Both:      7.26 MB used.

Virtual space:
  Non-class space:       64.00 MB reserved,       6.88 MB ( 11%) committed,  1 nodes.
      Class space:        1.00 GB reserved,     640.00 KB ( <1%) committed,  1 nodes.
             Both:        1.06 GB reserved,       7.50 MB ( <1%) committed. 

Chunk freelists:
   Non-Class:  608.00 KB
       Class:  3.35 MB
        Both:  3.94 MB

MaxMetaspaceSize: unlimited
CompressedClassSpaceSize: 1.00 GB
Initial GC threshold: 21.00 MB
Current GC threshold: 21.00 MB
CDS: on
MetaspaceReclaimPolicy: balanced
 - commit_granule_bytes: 65536.
 - commit_granule_words: 8192.
 - virtual_space_node_default_size: 8388608.
 - enlarge_chunks_in_place: 1.
 - new_chunks_are_fully_committed: 0.
 - uncommit_free_chunks: 1.
 - use_allocation_guard: 0.


Internal statistics:

num_allocs_failed_limit: 0.
num_arena_births: 152.
num_arena_deaths: 0.
num_vsnodes_births: 2.
num_vsnodes_deaths: 0.
num_space_committed: 118.
num_space_uncommitted: 0.
num_chunks_returned_to_freelist: 0.
num_chunks_taken_from_freelist: 301.
num_chunk_merges: 0.
num_chunk_splits: 211.
num_chunks_enlarged: 155.
num_inconsistent_stats: 0.

CodeHeap 'non-profiled nmethods': size=119168Kb used=487Kb max_used=487Kb free=118680Kb
 bounds [0x000001b9f0a80000, 0x000001b9f0cf0000, 0x000001b9f7ee0000]
CodeHeap 'profiled nmethods': size=119104Kb used=2710Kb max_used=2710Kb free=116393Kb
 bounds [0x000001b9e9630000, 0x000001b9e98e0000, 0x000001b9f0a80000]
CodeHeap 'non-nmethods': size=7488Kb used=1656Kb max_used=3385Kb free=5831Kb
 bounds [0x000001b9e8ee0000, 0x000001b9e9240000, 0x000001b9e9630000]
 total_blobs=2363 nmethods=1364 adapters=912
 compilation: enabled
              stopped_count=0, restarted_count=0
 full_count=0

Compilation events (20 events):
Event: 0.668 Thread 0x000001b9c2717150 1357       3       java.lang.invoke.MemberName::getType (19 bytes)
Event: 0.668 Thread 0x000001b9c27152f0 1354       3       java.net.URLStreamHandler::setURL (159 bytes)
Event: 0.668 Thread 0x000001b9c2717150 nmethod 1357 0x000001b9e98c8e90 code [0x000001b9e98c9060, 0x000001b9e98c9418]
Event: 0.668 Thread 0x000001b9c2717150 1355       3       jdk.internal.loader.URLClassPath$JarLoader$2::<init> (31 bytes)
Event: 0.668 Thread 0x000001b9c2717150 nmethod 1355 0x000001b9e98c9590 code [0x000001b9e98c9740, 0x000001b9e98c9ad8]
Event: 0.668 Thread 0x000001b9c2717150 1356  s    3       java.util.jar.JarFile::getInputStream (72 bytes)
Event: 0.668 Thread 0x000001b9c2714de0 nmethod 1359 0x000001b9e98c9c10 code [0x000001b9e98c9e60, 0x000001b9e98ca768]
Event: 0.668 Thread 0x000001b9c2716730 nmethod 1351 0x000001b9e98caa10 code [0x000001b9e98caea0, 0x000001b9e98ccc18]
Event: 0.668 Thread 0x000001b9c2717150 nmethod 1356 0x000001b9e98cd790 code [0x000001b9e98cd9c0, 0x000001b9e98cdf78]
Event: 0.669 Thread 0x000001b9c27152f0 nmethod 1354 0x000001b9e98ce110 code [0x000001b9e98ce4a0, 0x000001b9e98cfaa8]
Event: 0.669 Thread 0x000001b9c2716730 1360       3       java.lang.invoke.DirectMethodHandle::preparedLambdaForm (31 bytes)
Event: 0.669 Thread 0x000001b9c2714de0 1362       3       jdk.internal.org.objectweb.asm.Type::getDescriptor (93 bytes)
Event: 0.669 Thread 0x000001b9c2716730 nmethod 1360 0x000001b9e98d0390 code [0x000001b9e98d0580, 0x000001b9e98d0a48]
Event: 0.670 Thread 0x000001b9c2714de0 nmethod 1362 0x000001b9e98d0c90 code [0x000001b9e98d0f00, 0x000001b9e98d16c8]
Event: 0.671 Thread 0x000001b9c2716730 1363       3       java.util.zip.ZipFile::getZipEntry (322 bytes)
Event: 0.671 Thread 0x000001b9c27152f0 1364       3       java.util.jar.JarFile::getManifest (5 bytes)
Event: 0.671 Thread 0x000001b9c27152f0 nmethod 1364 0x000001b9e98d1990 code [0x000001b9e98d1b20, 0x000001b9e98d1c68]
Event: 0.672 Thread 0x000001b9c2716730 nmethod 1363 0x000001b9e98d1d10 code [0x000001b9e98d2180, 0x000001b9e98d4918]
Event: 0.673 Thread 0x000001b9c2714220 nmethod 1348 0x000001b9f0aeed10 code [0x000001b9f0aeeec0, 0x000001b9f0aef8b8]
Event: 0.724 Thread 0x000001b9c2716220 nmethod 1224 0x000001b9f0aeff90 code [0x000001b9f0af04a0, 0x000001b9f0af6940]

GC Heap History (0 events):
No events

Deoptimization events (20 events):
Event: 0.655 Thread 0x000001b9e15a8550 DEOPT PACKING pc=0x000001b9e9730af9 sp=0x00000022d7efdaf0
Event: 0.655 Thread 0x000001b9e15a8550 DEOPT UNPACKING pc=0x000001b9e8f32b43 sp=0x00000022d7efcf50 mode 0
Event: 0.666 Thread 0x000001b9e15a8550 DEOPT PACKING pc=0x000001b9e983d3f3 sp=0x00000022d7efbed0
Event: 0.666 Thread 0x000001b9e15a8550 DEOPT UNPACKING pc=0x000001b9e8f32b43 sp=0x00000022d7efb3c8 mode 0
Event: 0.671 Thread 0x000001b9e15a8550 Uncommon trap: trap_request=0xffffff45 fr.pc=0x000001b9f0ad6c48 relative=0x00000000000002a8
Event: 0.671 Thread 0x000001b9e15a8550 Uncommon trap: reason=unstable_if action=reinterpret pc=0x000001b9f0ad6c48 method=java.util.HashMap.getNode(Ljava/lang/Object;)Ljava/util/HashMap$Node; @ 66 c2
Event: 0.671 Thread 0x000001b9e15a8550 DEOPT PACKING pc=0x000001b9f0ad6c48 sp=0x00000022d7efeed0
Event: 0.671 Thread 0x000001b9e15a8550 DEOPT UNPACKING pc=0x000001b9e8f323a3 sp=0x00000022d7efee60 mode 2
Event: 0.671 Thread 0x000001b9e15a8550 Uncommon trap: trap_request=0xffffffc6 fr.pc=0x000001b9f0ad4324 relative=0x00000000000010c4
Event: 0.671 Thread 0x000001b9e15a8550 Uncommon trap: reason=bimorphic_or_optimized_type_check action=maybe_recompile pc=0x000001b9f0ad4324 method=java.util.HashMap.putVal(ILjava/lang/Object;Ljava/lang/Object;ZZ)Ljava/lang/Object; @ 91 c2
Event: 0.671 Thread 0x000001b9e15a8550 DEOPT PACKING pc=0x000001b9f0ad4324 sp=0x00000022d7efee80
Event: 0.671 Thread 0x000001b9e15a8550 DEOPT UNPACKING pc=0x000001b9e8f323a3 sp=0x00000022d7efee28 mode 2
Event: 0.671 Thread 0x000001b9e15a8550 Uncommon trap: trap_request=0xffffffde fr.pc=0x000001b9f0acf66c relative=0x0000000000000ecc
Event: 0.671 Thread 0x000001b9e15a8550 Uncommon trap: reason=class_check action=maybe_recompile pc=0x000001b9f0acf66c method=java.util.concurrent.ConcurrentHashMap.putVal(Ljava/lang/Object;Ljava/lang/Object;Z)Ljava/lang/Object; @ 242 c2
Event: 0.671 Thread 0x000001b9e15a8550 DEOPT PACKING pc=0x000001b9f0acf66c sp=0x00000022d7efef80
Event: 0.671 Thread 0x000001b9e15a8550 DEOPT UNPACKING pc=0x000001b9e8f323a3 sp=0x00000022d7efef20 mode 2
Event: 0.672 Thread 0x000001b9e15a8550 Uncommon trap: trap_request=0xffffff45 fr.pc=0x000001b9f0ac9b14 relative=0x00000000000002f4
Event: 0.672 Thread 0x000001b9e15a8550 Uncommon trap: reason=unstable_if action=reinterpret pc=0x000001b9f0ac9b14 method=java.util.concurrent.ConcurrentHashMap.get(Ljava/lang/Object;)Ljava/lang/Object; @ 76 c2
Event: 0.672 Thread 0x000001b9e15a8550 DEOPT PACKING pc=0x000001b9f0ac9b14 sp=0x00000022d7eff060
Event: 0.672 Thread 0x000001b9e15a8550 DEOPT UNPACKING pc=0x000001b9e8f323a3 sp=0x00000022d7efeff8 mode 2

Classes loaded (20 events):
Event: 0.650 Loading class java/util/concurrent/atomic/AtomicBoolean
Event: 0.650 Loading class java/util/concurrent/atomic/AtomicBoolean done
Event: 0.651 Loading class java/util/concurrent/atomic/AtomicIntegerArray
Event: 0.651 Loading class java/util/concurrent/atomic/AtomicIntegerArray done
Event: 0.652 Loading class java/util/UUID
Event: 0.652 Loading class java/util/UUID done
Event: 0.652 Loading class java/util/Currency
Event: 0.652 Loading class java/util/Currency done
Event: 0.656 Loading class java/util/concurrent/atomic/AtomicLongArray
Event: 0.656 Loading class java/util/concurrent/atomic/AtomicLongArray done
Event: 0.660 Loading class sun/nio/cs/StreamDecoder
Event: 0.660 Loading class sun/nio/cs/StreamDecoder done
Event: 0.660 Loading class sun/nio/cs/UTF_8$Decoder
Event: 0.660 Loading class sun/nio/cs/UTF_8$Decoder done
Event: 0.663 Loading class java/io/InvalidObjectException
Event: 0.663 Loading class java/io/ObjectStreamException
Event: 0.663 Loading class java/io/ObjectStreamException done
Event: 0.663 Loading class java/io/InvalidObjectException done
Event: 0.664 Loading class java/io/BufferedReader
Event: 0.664 Loading class java/io/BufferedReader done

Classes unloaded (0 events):
No events

Classes redefined (1 events):
Event: 11.264 Thread 0x000001b9f8debcf0 redefined class name=de.m_marvin.univec.impl.Vec3f, count=1

Internal exceptions (20 events):
Event: 0.513 Thread 0x000001b9e15a8550 Exception <a 'java/lang/NoSuchMethodError'{0x000000011e7c2870}: 'void java.lang.System.load(java.lang.String, java.lang.Class)'> (0x000000011e7c2870) 
thrown [s\open\src\hotspot\share\interpreter\linkResolver.cpp, line 759]
Event: 0.513 Thread 0x000001b9e15a8550 Exception <a 'java/lang/NoSuchMethodError'{0x000000011e7c5700}: 'void java.lang.System.loadLibrary(java.lang.String, java.lang.Class)'> (0x000000011e7c5700) 
thrown [s\open\src\hotspot\share\interpreter\linkResolver.cpp, line 759]
Event: 0.516 Thread 0x000001b9e15a8550 Exception <a 'sun/nio/fs/WindowsException'{0x000000011e7d5a88}> (0x000000011e7d5a88) 
thrown [s\open\src\hotspot\share\prims\jni.cpp, line 516]
Event: 0.516 Thread 0x000001b9e15a8550 Exception <a 'sun/nio/fs/WindowsException'{0x000000011e7d5e30}> (0x000000011e7d5e30) 
thrown [s\open\src\hotspot\share\prims\jni.cpp, line 516]
Event: 0.518 Thread 0x000001b9e15a8550 Exception <a 'sun/nio/fs/WindowsException'{0x000000011e7de5b0}> (0x000000011e7de5b0) 
thrown [s\open\src\hotspot\share\prims\jni.cpp, line 516]
Event: 0.518 Thread 0x000001b9e15a8550 Exception <a 'sun/nio/fs/WindowsException'{0x000000011e7de890}> (0x000000011e7de890) 
thrown [s\open\src\hotspot\share\prims\jni.cpp, line 516]
Event: 0.590 Thread 0x000001b9e15a8550 Exception <a 'java/lang/NoSuchMethodError'{0x000000011edb81a8}: 'java.lang.Object java.lang.invoke.DirectMethodHandle$Holder.invokeStaticInit(java.lang.Object, java.lang.Object, java.lang.Object, java.lang.Object, java.lang.Object, java.lang.Object, java.lang.Object)'> (0x000000011edb81a8) 
thrown [s\open\src\hotspot\share\interpreter\linkResolver.cpp, line 759]
Event: 0.594 Thread 0x000001b9e15a8550 Exception <a 'java/lang/NoSuchMethodError'{0x000000011eddde48}: 'int java.lang.invoke.DirectMethodHandle$Holder.invokeVirtual(java.lang.Object, java.lang.Object, java.lang.Object)'> (0x000000011eddde48) 
thrown [s\open\src\hotspot\share\interpreter\linkResolver.cpp, line 759]
Event: 0.594 Thread 0x000001b9e15a8550 Exception <a 'java/lang/NoSuchMethodError'{0x000000011ede1488}: 'int java.lang.invoke.DirectMethodHandle$Holder.invokeVirtual(java.lang.Object, java.lang.Object)'> (0x000000011ede1488) 
thrown [s\open\src\hotspot\share\interpreter\linkResolver.cpp, line 759]
Event: 0.594 Thread 0x000001b9e15a8550 Exception <a 'java/lang/NoSuchMethodError'{0x000000011ede5560}: 'int java.lang.invoke.DirectMethodHandle$Holder.invokeStaticInit(java.lang.Object, java.lang.Object, java.lang.Object)'> (0x000000011ede5560) 
thrown [s\open\src\hotspot\share\interpreter\linkResolver.cpp, line 759]
Event: 0.594 Thread 0x000001b9e15a8550 Exception <a 'java/lang/NoSuchMethodError'{0x000000011ede8b68}: 'int java.lang.invoke.DirectMethodHandle$Holder.invokeStaticInit(java.lang.Object, int, int)'> (0x000000011ede8b68) 
thrown [s\open\src\hotspot\share\interpreter\linkResolver.cpp, line 759]
Event: 0.595 Thread 0x000001b9e15a8550 Exception <a 'java/lang/NoSuchMethodError'{0x000000011edf00c8}: 'int java.lang.invoke.DirectMethodHandle$Holder.invokeStaticInit(java.lang.Object, long, long)'> (0x000000011edf00c8) 
thrown [s\open\src\hotspot\share\interpreter\linkResolver.cpp, line 759]
Event: 0.595 Thread 0x000001b9e15a8550 Exception <a 'java/lang/NoSuchMethodError'{0x000000011edf6c78}: 'int java.lang.invoke.DirectMethodHandle$Holder.invokeStaticInit(java.lang.Object, float, float)'> (0x000000011edf6c78) 
thrown [s\open\src\hotspot\share\interpreter\linkResolver.cpp, line 759]
Event: 0.596 Thread 0x000001b9e15a8550 Exception <a 'java/lang/NoSuchMethodError'{0x000000011edfd820}: 'int java.lang.invoke.DirectMethodHandle$Holder.invokeStaticInit(java.lang.Object, double, double)'> (0x000000011edfd820) 
thrown [s\open\src\hotspot\share\interpreter\linkResolver.cpp, line 759]
Event: 0.596 Thread 0x000001b9e15a8550 Exception <a 'java/lang/NoSuchMethodError'{0x000000011ee01a80}: 'int java.lang.invoke.DirectMethodHandle$Holder.invokeStatic(java.lang.Object, long)'> (0x000000011ee01a80) 
thrown [s\open\src\hotspot\share\interpreter\linkResolver.cpp, line 759]
Event: 0.597 Thread 0x000001b9e15a8550 Exception <a 'java/lang/NoSuchMethodError'{0x000000011ee17ac0}: 'int java.lang.invoke.DirectMethodHandle$Holder.invokeSpecial(java.lang.Object, java.lang.Object, int)'> (0x000000011ee17ac0) 
thrown [s\open\src\hotspot\share\interpreter\linkResolver.cpp, line 759]
Event: 0.599 Thread 0x000001b9e15a8550 Exception <a 'java/lang/NoSuchMethodError'{0x000000011ee2caf0}: 'int java.lang.invoke.Invokers$Holder.linkToTargetMethod(java.lang.Object, java.lang.Object)'> (0x000000011ee2caf0) 
thrown [s\open\src\hotspot\share\interpreter\linkResolver.cpp, line 759]
Event: 0.605 Thread 0x000001b9e15a8550 Exception <a 'java/lang/NoSuchMethodError'{0x000000011eec2418}: 'void java.lang.invoke.DirectMethodHandle$Holder.invokeStaticInit(java.lang.Object, java.lang.Object, java.lang.Object)'> (0x000000011eec2418) 
thrown [s\open\src\hotspot\share\interpreter\linkResolver.cpp, line 759]
Event: 0.609 Thread 0x000001b9e15a8550 Exception <a 'java/lang/NoSuchMethodError'{0x000000011ef088d8}: 'void java.lang.invoke.DirectMethodHandle$Holder.invokeSpecial(java.lang.Object, java.lang.Object, int)'> (0x000000011ef088d8) 
thrown [s\open\src\hotspot\share\interpreter\linkResolver.cpp, line 759]
Event: 0.669 Thread 0x000001b9e15a8550 Exception <a 'java/lang/NoSuchMethodError'{0x000000011d931868}: 'void java.lang.invoke.DirectMethodHandle$Holder.invokeStaticInit(java.lang.Object, int, int, java.lang.Object)'> (0x000000011d931868) 
thrown [s\open\src\hotspot\share\interpreter\linkResolver.cpp, line 759]

VM Operations (20 events):
Event: 5.536 Executing VM operation: get/set locals
Event: 5.536 Executing VM operation: get/set locals done
Event: 5.536 Executing VM operation: get/set locals
Event: 5.536 Executing VM operation: get/set locals done
Event: 10.008 Executing VM operation: ChangeBreakpoints
Event: 10.008 Executing VM operation: ChangeBreakpoints done
Event: 11.243 Executing VM operation: ChangeBreakpoints
Event: 11.243 Executing VM operation: ChangeBreakpoints done
Event: 11.260 Executing VM operation: ChangeSingleStep
Event: 11.260 Executing VM operation: ChangeSingleStep done
Event: 11.260 Executing VM operation: ChangeSingleStep
Event: 11.260 Executing VM operation: ChangeSingleStep done
Event: 11.262 Executing VM operation: RedefineClasses
Event: 11.266 Executing VM operation: RedefineClasses done
Event: 11.267 Executing VM operation: ChangeSingleStep
Event: 11.267 Executing VM operation: ChangeSingleStep done
Event: 11.267 Executing VM operation: get/set locals
Event: 11.267 Executing VM operation: get/set locals done
Event: 11.268 Executing VM operation: ChangeSingleStep
Event: 11.268 Executing VM operation: ChangeSingleStep done

Events (20 events):
Event: 0.107 Loaded shared library C:\Program Files\Java\jdk-18.0.2\bin\zip.dll
Event: 0.109 Loaded shared library C:\Program Files\Java\jdk-18.0.2\bin\instrument.dll
Event: 0.112 Loaded shared library C:\Program Files\Java\jdk-18.0.2\bin\net.dll
Event: 0.113 Loaded shared library C:\Program Files\Java\jdk-18.0.2\bin\nio.dll
Event: 0.115 Loaded shared library C:\Program Files\Java\jdk-18.0.2\bin\zip.dll
Event: 0.163 Loaded shared library C:\Program Files\Java\jdk-18.0.2\bin\jimage.dll
Event: 0.171 Thread 0x000001b9c27152f0 Thread added: 0x000001b9c27152f0
Event: 0.202 Thread 0x000001b9c2717660 Thread added: 0x000001b9c2717660
Event: 0.207 Thread 0x000001b9c281d1f0 Thread added: 0x000001b9c281d1f0
Event: 0.210 Loaded shared library C:\Program Files\Java\jdk-18.0.2\bin\verify.dll
Event: 0.275 Loaded shared library C:\Users\marvi\AppData\Local\Temp\lwjglmarvi\3.3.1-build-7\lwjgl.dll
Event: 0.511 Thread 0x000001b9c2717660 Thread exited: 0x000001b9c2717660
Event: 0.517 Loaded shared library C:\Users\marvi\AppData\Local\Temp\lwjglmarvi\3.3.1-build-7\lwjgl_opengl.dll
Event: 0.528 Thread 0x000001b9c2716c40 Thread added: 0x000001b9c2716c40
Event: 0.534 Thread 0x000001b9c2716220 Thread added: 0x000001b9c2716220
Event: 5.671 Thread 0x000001b9c2716220 Thread exited: 0x000001b9c2716220
Event: 5.671 Thread 0x000001b9c27152f0 Thread exited: 0x000001b9c27152f0
Event: 5.671 Thread 0x000001b9c2716c40 Thread exited: 0x000001b9c2716c40
Event: 5.671 Thread 0x000001b9c2714de0 Thread exited: 0x000001b9c2714de0
Event: 10.685 Thread 0x000001b9c2716730 Thread exited: 0x000001b9c2716730


Dynamic libraries:
0x00007ff7d6730000 - 0x00007ff7d6740000 	C:\Program Files\Java\jdk-18.0.2\bin\javaw.exe
0x00007ffb70110000 - 0x00007ffb70308000 	C:\WINDOWS\SYSTEM32\ntdll.dll
0x00007ffb6eb00000 - 0x00007ffb6ebbd000 	C:\WINDOWS\System32\KERNEL32.DLL
0x00007ffb6dbc0000 - 0x00007ffb6de92000 	C:\WINDOWS\System32\KERNELBASE.dll
0x00007ffb6d820000 - 0x00007ffb6d920000 	C:\WINDOWS\System32\ucrtbase.dll
0x00007ffb52e40000 - 0x00007ffb52e58000 	C:\Program Files\Java\jdk-18.0.2\bin\jli.dll
0x00007ffb46710000 - 0x00007ffb4672a000 	C:\Program Files\Java\jdk-18.0.2\bin\VCRUNTIME140.dll
0x00007ffb6fbc0000 - 0x00007ffb6fc6e000 	C:\WINDOWS\System32\ADVAPI32.dll
0x00007ffb6fa70000 - 0x00007ffb6fb0e000 	C:\WINDOWS\System32\msvcrt.dll
0x00007ffb6e990000 - 0x00007ffb6ea2c000 	C:\WINDOWS\System32\sechost.dll
0x00007ffb6f1e0000 - 0x00007ffb6f305000 	C:\WINDOWS\System32\RPCRT4.dll
0x00007ffb6ff30000 - 0x00007ffb700cd000 	C:\WINDOWS\System32\USER32.dll
0x00007ffb4daf0000 - 0x00007ffb4dd8a000 	C:\WINDOWS\WinSxS\amd64_microsoft.windows.common-controls_6595b64144ccf1df_6.0.19041.1110_none_60b5254171f9507e\COMCTL32.dll
0x00007ffb6da00000 - 0x00007ffb6da22000 	C:\WINDOWS\System32\win32u.dll
0x00007ffb6f150000 - 0x00007ffb6f17b000 	C:\WINDOWS\System32\GDI32.dll
0x00007ffb6dea0000 - 0x00007ffb6dfaf000 	C:\WINDOWS\System32\gdi32full.dll
0x00007ffb6dfb0000 - 0x00007ffb6e04d000 	C:\WINDOWS\System32\msvcp_win.dll
0x00007ffb66dc0000 - 0x00007ffb66dca000 	C:\WINDOWS\SYSTEM32\VERSION.dll
0x00007ffb6fa40000 - 0x00007ffb6fa70000 	C:\WINDOWS\System32\IMM32.DLL
0x00007ffb6aaf0000 - 0x00007ffb6aafc000 	C:\Program Files\Java\jdk-18.0.2\bin\vcruntime140_1.dll
0x00007ffb2ffd0000 - 0x00007ffb3005d000 	C:\Program Files\Java\jdk-18.0.2\bin\msvcp140.dll
0x00007ffae8650000 - 0x00007ffae9261000 	C:\Program Files\Java\jdk-18.0.2\bin\server\jvm.dll
0x00007ffb6f3e0000 - 0x00007ffb6f3e8000 	C:\WINDOWS\System32\PSAPI.DLL
0x00007ffb531c0000 - 0x00007ffb531c9000 	C:\WINDOWS\SYSTEM32\WSOCK32.dll
0x00007ffb5d890000 - 0x00007ffb5d8b7000 	C:\WINDOWS\SYSTEM32\WINMM.dll
0x00007ffb6e1d0000 - 0x00007ffb6e23b000 	C:\WINDOWS\System32\WS2_32.dll
0x00007ffb6c090000 - 0x00007ffb6c0a2000 	C:\WINDOWS\SYSTEM32\kernel.appcore.dll
0x00007ffb6aa20000 - 0x00007ffb6aa2a000 	C:\Program Files\Java\jdk-18.0.2\bin\jimage.dll
0x00007ffb59780000 - 0x00007ffb59964000 	C:\WINDOWS\SYSTEM32\DBGHELP.DLL
0x00007ffb531d0000 - 0x00007ffb531fc000 	C:\WINDOWS\SYSTEM32\dbgcore.DLL
0x00007ffb6d920000 - 0x00007ffb6d9a2000 	C:\WINDOWS\System32\bcryptPrimitives.dll
0x00007ffb435c0000 - 0x00007ffb435fb000 	C:\Program Files\Java\jdk-18.0.2\bin\jdwp.dll
0x00007ffb6aa90000 - 0x00007ffb6aa9e000 	C:\Program Files\Java\jdk-18.0.2\bin\instrument.dll
0x00007ffb3ed40000 - 0x00007ffb3ed65000 	C:\Program Files\Java\jdk-18.0.2\bin\java.dll
0x00007ffb26a70000 - 0x00007ffb26b46000 	C:\Program Files\Java\jdk-18.0.2\bin\jsvml.dll
0x00007ffb6e240000 - 0x00007ffb6e983000 	C:\WINDOWS\System32\SHELL32.dll
0x00007ffb6b770000 - 0x00007ffb6bf01000 	C:\WINDOWS\SYSTEM32\windows.storage.dll
0x00007ffb6f6e0000 - 0x00007ffb6fa34000 	C:\WINDOWS\System32\combase.dll
0x00007ffb6d280000 - 0x00007ffb6d2b0000 	C:\WINDOWS\SYSTEM32\Wldp.dll
0x00007ffb6fc70000 - 0x00007ffb6fd1d000 	C:\WINDOWS\System32\SHCORE.dll
0x00007ffb6e170000 - 0x00007ffb6e1c5000 	C:\WINDOWS\System32\shlwapi.dll
0x00007ffb6d760000 - 0x00007ffb6d77f000 	C:\WINDOWS\SYSTEM32\profapi.dll
0x00007ffb6aa40000 - 0x00007ffb6aa4c000 	C:\Program Files\Java\jdk-18.0.2\bin\dt_socket.dll
0x00007ffb6cc80000 - 0x00007ffb6ccbb000 	C:\WINDOWS\SYSTEM32\IPHLPAPI.DLL
0x00007ffb6cfe0000 - 0x00007ffb6d04a000 	C:\WINDOWS\system32\mswsock.dll
0x00007ffb6ccd0000 - 0x00007ffb6cd9a000 	C:\WINDOWS\SYSTEM32\DNSAPI.dll
0x00007ffb6f310000 - 0x00007ffb6f318000 	C:\WINDOWS\System32\NSI.dll
0x000000006bca0000 - 0x000000006bcaa000 	C:\Program Files\National Instruments\Shared\mDNS Responder\nimdnsNSP.dll
0x000000006bc90000 - 0x000000006bca0000 	C:\WINDOWS\SYSTEM32\nimdnsResponder.dll
0x00007ffb65850000 - 0x00007ffb6585a000 	C:\Windows\System32\rasadhlp.dll
0x00007ffb64ff0000 - 0x00007ffb65070000 	C:\WINDOWS\System32\fwpuclnt.dll
0x00007ffb6da30000 - 0x00007ffb6da57000 	C:\WINDOWS\System32\bcrypt.dll
0x00007ffb3e0a0000 - 0x00007ffb3e0b8000 	C:\Program Files\Java\jdk-18.0.2\bin\zip.dll
0x00007ffb40d10000 - 0x00007ffb40d23000 	C:\Program Files\Java\jdk-18.0.2\bin\net.dll
0x00007ffb66330000 - 0x00007ffb6643d000 	C:\WINDOWS\SYSTEM32\WINHTTP.dll
0x00007ffb3edd0000 - 0x00007ffb3ede6000 	C:\Program Files\Java\jdk-18.0.2\bin\nio.dll
0x00007ffb65820000 - 0x00007ffb65830000 	C:\Program Files\Java\jdk-18.0.2\bin\verify.dll
0x00007ffb30090000 - 0x00007ffb30105000 	C:\Users\marvi\AppData\Local\Temp\lwjglmarvi\3.3.1-build-7\lwjgl.dll
0x00007ffb2d9f0000 - 0x00007ffb2da51000 	C:\Users\marvi\AppData\Local\Temp\lwjglmarvi\3.3.1-build-7\glfw.dll
0x00007ffb40d80000 - 0x00007ffb40dc5000 	C:\WINDOWS\SYSTEM32\dinput8.dll
0x00007ffb65830000 - 0x00007ffb65841000 	C:\WINDOWS\SYSTEM32\xinput1_4.dll
0x00007ffb6d9b0000 - 0x00007ffb6d9fe000 	C:\WINDOWS\System32\cfgmgr32.dll
0x00007ffb6d5d0000 - 0x00007ffb6d5fc000 	C:\WINDOWS\SYSTEM32\DEVOBJ.dll
0x00007ffb6b1b0000 - 0x00007ffb6b1df000 	C:\WINDOWS\SYSTEM32\dwmapi.dll
0x00007ffb39090000 - 0x00007ffb391e2000 	C:\WINDOWS\SYSTEM32\inputhost.dll
0x00007ffb6ea30000 - 0x00007ffb6eafd000 	C:\WINDOWS\System32\OLEAUT32.dll
0x00007ffb6bf10000 - 0x00007ffb6c006000 	C:\WINDOWS\SYSTEM32\PROPSYS.dll
0x00007ffb6a410000 - 0x00007ffb6a502000 	C:\WINDOWS\SYSTEM32\CoreMessaging.dll
0x00007ffb699a0000 - 0x00007ffb69af4000 	C:\WINDOWS\SYSTEM32\wintypes.dll
0x00007ffb6a0a0000 - 0x00007ffb6a3fe000 	C:\WINDOWS\SYSTEM32\CoreUIComponents.dll
0x00007ffb6c9b0000 - 0x00007ffb6c9e3000 	C:\WINDOWS\SYSTEM32\ntmarta.dll
0x00007ffb6ae20000 - 0x00007ffb6aebe000 	C:\WINDOWS\system32\uxtheme.dll
0x00007ffb6ebc0000 - 0x00007ffb6ecd5000 	C:\WINDOWS\System32\MSCTF.dll
0x00007ffb2b270000 - 0x00007ffb2b397000 	C:\WINDOWS\SYSTEM32\opengl32.dll
0x00007ffb43590000 - 0x00007ffb435bc000 	C:\WINDOWS\SYSTEM32\GLU32.dll
0x00007ffb6f330000 - 0x00007ffb6f3df000 	C:\WINDOWS\System32\clbcatq.dll
0x00007ffae44b0000 - 0x00007ffae6fd0000 	C:\WINDOWS\System32\DriverStore\FileRepository\nvmd.inf_amd64_0da8f93391b94ddf\nvoglv64.dll
0x00007ffb6ece0000 - 0x00007ffb6f14f000 	C:\WINDOWS\System32\SETUPAPI.dll
0x00007ffb6f3f0000 - 0x00007ffb6f51a000 	C:\WINDOWS\System32\ole32.dll
0x00007ffb69b10000 - 0x00007ffb69b24000 	C:\WINDOWS\SYSTEM32\WTSAPI32.dll
0x00007ffb6d410000 - 0x00007ffb6d422000 	C:\WINDOWS\SYSTEM32\msasn1.dll
0x00007ffb66ca0000 - 0x00007ffb66cd1000 	C:\WINDOWS\SYSTEM32\cryptnet.dll
0x00007ffb6da60000 - 0x00007ffb6dbb6000 	C:\WINDOWS\System32\CRYPT32.dll
0x00007ffb65070000 - 0x00007ffb651b8000 	C:\WINDOWS\SYSTEM32\drvstore.dll
0x00007ffb6d1f0000 - 0x00007ffb6d1fc000 	C:\WINDOWS\SYSTEM32\cryptbase.dll
0x00007ffb6e100000 - 0x00007ffb6e169000 	C:\WINDOWS\System32\WINTRUST.dll
0x00007ffb67990000 - 0x00007ffb679cb000 	C:\WINDOWS\SYSTEM32\dxcore.dll
0x00007ffb26c70000 - 0x00007ffb26f37000 	C:\WINDOWS\system32\nvspcap64.dll
0x00007ffb6cda0000 - 0x00007ffb6cdeb000 	C:\WINDOWS\SYSTEM32\powrprof.dll
0x00007ffb6cc60000 - 0x00007ffb6cc72000 	C:\WINDOWS\SYSTEM32\UMPDC.dll
0x00007ffb6c520000 - 0x00007ffb6c584000 	C:\WINDOWS\SYSTEM32\WINSTA.dll
0x00007ffb391f0000 - 0x00007ffb392e9000 	C:\WINDOWS\SYSTEM32\textinputframework.dll
0x00007ffb2cb00000 - 0x00007ffb2cb5d000 	C:\Users\marvi\AppData\Local\Temp\lwjglmarvi\3.3.1-build-7\lwjgl_opengl.dll

dbghelp: loaded successfully - version: 4.0.5 - missing functions: none
symbol engine: initialized successfully - sym options: 0x614 - pdb path: .;C:\Program Files\Java\jdk-18.0.2\bin;C:\WINDOWS\SYSTEM32;C:\WINDOWS\WinSxS\amd64_microsoft.windows.common-controls_6595b64144ccf1df_6.0.19041.1110_none_60b5254171f9507e;C:\Program Files\Java\jdk-18.0.2\bin\server;C:\Program Files\National Instruments\Shared\mDNS Responder;C:\Users\marvi\AppData\Local\Temp\lwjglmarvi\3.3.1-build-7;C:\WINDOWS\System32\DriverStore\FileRepository\nvmd.inf_amd64_0da8f93391b94ddf

VM Arguments:
jvm_args: -XX:+ShowCodeDetailsInExceptionMessages -agentlib:jdwp=transport=dt_socket,suspend=y,address=localhost:57243 -javaagent:D:\Eclipse\eclipse\configuration\org.eclipse.osgi\228\0\.cp\lib\javaagent-shaded.jar -Dfile.encoding=UTF-8 
java_command: de.m_marvin.renderengine.RenderEngineTest
java_class_path (initial): E:\GitHub\LIBRARY-RenderEngine\RenderEngine\bin\default;C:\Users\marvi\.gradle\caches\modules-2\files-2.1\org.lwjgl\lwjgl-assimp\3.3.1\312072f451794f25670aebb0160ce6ec88aff842\lwjgl-assimp-3.3.1.jar;C:\Users\marvi\.gradle\caches\modules-2\files-2.1\org.lwjgl\lwjgl-glfw\3.3.1\cbac1b8d30cb4795149c1ef540f912671a8616d0\lwjgl-glfw-3.3.1.jar;C:\Users\marvi\.gradle\caches\modules-2\files-2.1\org.lwjgl\lwjgl-jawt\3.3.1\30330b16b809655d42f4951ece57f425cce43ce2\lwjgl-jawt-3.3.1.jar;C:\Users\marvi\.gradle\caches\modules-2\files-2.1\org.lwjgl\lwjgl-openal\3.3.1\2623a6b8ae1dfcd880738656a9f0243d2e6840bd\lwjgl-openal-3.3.1.jar;C:\Users\marvi\.gradle\caches\modules-2\files-2.1\org.lwjgl\lwjgl-opengl\3.3.1\831a5533a21a5f4f81bbc51bb13e9899319b5411\lwjgl-opengl-3.3.1.jar;C:\Users\marvi\.gradle\caches\modules-2\files-2.1\org.lwjgl\lwjgl-stb\3.3.1\b119297cf8ed01f247abe8685857f8e7fcf5980f\lwjgl-stb-3.3.1.jar;C:\Users\marvi\.gradle\caches\modules-2\files-2.1\org.lwjgl\lwjgl\3.3.1\ae58664f88e18a9bb2c77b063833ca7aaec484cb\lwjgl-3.3.1.jar;C:\Users\marvi\.gradle\caches\modules-2\files-2.1\com.google.guava\guava\16.0.1\5fa98cd1a63c99a44dd8d3b77e4762b066a5d0c5\guava-16.0.1.jar;C:\Users\marvi\.gradle\caches\modules-2\files-2.1\com.google.code.gson\gson\2.9.1\2cc2131b98ebfb04e2b2c7dfb84431f4045096b\gson-2.9.1.jar;C:\Users\marvi\.gradle\caches\modules-2\files-2.1\org.lwjgl\lwjgl-assimp\3.3.1\bfa2a0d57acbf952b716d0ad8a3acbd7ad9f5639\lwjgl-assimp-3.3.1-natives-windows.jar;C:\Users\marvi\.gradle\caches\modules-2\files-2.1\org.lwjgl\lwjgl-glfw\3.3.1\ed892f945cf7e79c8756796f32d00fa4ceaf573b\lwjgl-glfw-3.3.1-natives-windows.jar;C:\Users\marvi\.gradle\caches\modules-2\files-2.1\org.lwjgl\lwjgl-openal\3.3.1\30a474d0e57193d7bc128849a3ab66bc9316fdb1\lwjgl-openal-3.3.1-natives-windows.jar;C:\Users\marvi\.gradle\caches\modules-2\files-2.1\org.lwjgl\lwjgl-opengl\3.3.1\c1807e9bd571402787d7e37e3029776ae2513bb8\lwjgl-opengl-3.3.1-natives-windows.jar;C:\Users\marvi\.gradle\caches\modules-2\files-2.1\org.lwjgl\lwjgl-stb\3.3.1\86315914ac119efdb02dc9e8e978ade84f1702af\lwjgl-stb-3.3.1-natives-windows.jar;C:\Users\marvi\.gradle\caches\modules-2\files-2.1\org.lwjgl\lwjgl\3.3.1\36c37f16ab611b3aa11f3bcf80b1d509b4ce6b\lwjgl-3.3.1-natives-windows.jar
Launcher Type: SUN_STANDARD

[Global flags]
     intx CICompilerCount                          = 12                                        {product} {ergonomic}
     uint ConcGCThreads                            = 5                                         {product} {ergonomic}
     uint G1ConcRefinementThreads                  = 18                                        {product} {ergonomic}
   size_t G1HeapRegionSize                         = 16777216                                  {product} {ergonomic}
    uintx GCDrainStackTargetSize                   = 64                                        {product} {ergonomic}
   size_t InitialHeapSize                          = 2147483648                                {product} {ergonomic}
   size_t MarkStackSize                            = 4194304                                   {product} {ergonomic}
   size_t MaxHeapSize                              = 31675383808                               {product} {ergonomic}
   size_t MaxNewSize                               = 18991808512                               {product} {ergonomic}
   size_t MinHeapDeltaBytes                        = 16777216                                  {product} {ergonomic}
   size_t MinHeapSize                              = 16777216                                  {product} {ergonomic}
    uintx NonNMethodCodeHeapSize                   = 7602480                                {pd product} {ergonomic}
    uintx NonProfiledCodeHeapSize                  = 122027880                              {pd product} {ergonomic}
    uintx ProfiledCodeHeapSize                     = 122027880                              {pd product} {ergonomic}
    uintx ReservedCodeCacheSize                    = 251658240                              {pd product} {ergonomic}
     bool SegmentedCodeCache                       = true                                      {product} {ergonomic}
     bool ShowCodeDetailsInExceptionMessages       = true                                   {manageable} {command line}
   size_t SoftMaxHeapSize                          = 31675383808                            {manageable} {ergonomic}
     bool UseCompressedClassPointers               = true                           {product lp64_product} {ergonomic}
     bool UseCompressedOops                        = true                           {product lp64_product} {ergonomic}
     bool UseG1GC                                  = true                                      {product} {ergonomic}
     bool UseLargePagesIndividualAllocation        = false                                  {pd product} {ergonomic}

Logging:
Log output configuration:
 #0: stdout all=warning uptime,level,tags foldmultilines=false
 #1: stderr all=off uptime,level,tags foldmultilines=false

Environment Variables:
JAVA_HOME=C:\Program Files\Java\jdk-17.0.2
PATH=C:\Program Files\Common Files\Oracle\Java\javapath;C:\Program Files\Eclipse Foundation\jdk-8.0.302.8-hotspot\bin;C:\Program Files\Eclipse Adoptium\jdk-11.0.13.8-hotspot\bin;D:\TIAPortal\SCADA-RT_V11\WinCC\Bin;C:\Program Files\Common Files\Siemens\Automation\Simatic OAM\bin;C:\Program Files (x86)\Common Files\Siemens\Bin;C:\Program Files (x86)\Common Files\Siemens\CommonArchiving;C:\Program Files (x86)\Common Files\Siemens\ACE\Bin;C:\Program Files (x86)\Common Files\Oracle\Java\javapath;C:\Windows\system32;C:\Windows;C:\Windows\System32\Wbem;C:\Windows\System32\WindowsPowerShell\v1.0\;C:\Windows\System32\OpenSSH\;C:\Program Files (x86)\NVIDIA Corporation\PhysX\Common;C:\Program Files\NVIDIA Corporation\NVIDIA NvDLISR;C:\Program Files (x86)\Microsoft SQL Server\100\Tools\Binn\;C:\Program Files (x86)\Microsoft SQL Server\100\DTS\Binn\;C:\WINDOWS\system32;C:\WINDOWS;C:\WINDOWS\System32\Wbem;C:\WINDOWS\System32\WindowsPowerShell\v1.0\;C:\WINDOWS\System32\OpenSSH\;C:\Program Files (x86)\IVI Foundation\VISA\WinNT\Bin\;C:\Program Files\IVI Foundation\VISA\Win64\Bin\;C:\Program Files (x86)\Microsoft SQL Server\90\Tools\binn\;C:\Program Files\Microsoft SQL Server\Client SDK\ODBC\130\Tools\Binn\;C:\Program Files (x86)\Microsoft SQL Server\130\Tools\Binn\;C:\Program Files\Microsoft SQL Server\130\Tools\Binn\;C:\Program Files\Microsoft SQL Server\130\DTS\Binn\;D:\TIAPortal\SCADA-RT_V11\WinCC\Interfaces;C:\Program Files (x86)\Common Files\Siemens\;C:\Program Files (x86)\Common Files\Siemens\Interfaces;C:\Program Files (x86)\Common Files\Siemens\ACE\Interfaces;C:\Program Files\Microsoft SQL Server\Client SDK\ODBC\170\Tools\Binn\;C:\Program Files\Java\jdk-17.0.2\bin;C:\Program Files (x86)\IVI Foundation\IVI\bin;C:\Program Files\IVI Foundation\IVI\bin;C:\Program Files (x86)\IVI Foundation\VISA\WinNT\Bin;C:\Program Files\dotnet\;C:\Program Files\Git\cmd;C:\Users\marvi\AppData\Local\Microsoft\WindowsApps;C:\Users\marvi\AppData\Local\GitHubDesktop\bin;C:\Users\marvi\.dotnet\tools;C:\Gradle\gradle-7.4.2\bin;
USERNAME=marvi
OS=Windows_NT
PROCESSOR_IDENTIFIER=AMD64 Family 23 Model 113 Stepping 0, AuthenticAMD



---------------  S Y S T E M  ---------------

OS:
 Windows 10 , 64 bit Build 19041 (10.0.19041.1889)
OS uptime: 0 days 7:03 hours

CPU: total 24 (initial active 24) (24 cores per cpu, 2 threads per core) family 23 model 113 stepping 0 microcode 0x0, cx8, cmov, fxsr, ht, mmx, 3dnowpref, sse, sse2, sse3, ssse3, sse4a, sse4.1, sse4.2, popcnt, lzcnt, tsc, tscinvbit, avx, avx2, aes, clmul, bmi1, bmi2, adx, sha, fma, vzeroupper, clflush, clflushopt

Memory: 4k page, system-wide physical 131023M (118985M free)
TotalPageFile size 150479M (AvailPageFile size 116228M)
current process WorkingSet (physical memory assigned to process): 117M, peak: 135M
current process commit charge ("private bytes"): 2284M, peak: 2301M

vm_info: Java HotSpot(TM) 64-Bit Server VM (18.0.2+9-61) for windows-amd64 JRE (18.0.2+9-61), built on Jun  7 2022 13:09:01 by "mach5one" with MS VC++ 16.8 / 16.9 (VS2019)

END.
