#
# A fatal error has been detected by the Java Runtime Environment:
#
#  EXCEPTION_ACCESS_VIOLATION (0xc0000005) at pc=0x00007ffae50a89a1, pid=4328, tid=17824
#
# JRE version: Java(TM) SE Runtime Environment (18.0.2+9) (build 18.0.2+9-61)
# Java VM: Java HotSpot(TM) 64-Bit Server VM (18.0.2+9-61, mixed mode, sharing, tiered, compressed oops, compressed class ptrs, g1 gc, windows-amd64)
# Problematic frame:
# C  [nvoglv64.dll+0xbf89a1]
#
# No core dump will be written. Minidumps are not enabled by default on client versions of Windows
#
# If you would like to submit a bug report, please visit:
#   https://bugreport.java.com/bugreport/crash.jsp
# The crash happened outside the Java Virtual Machine in native code.
# See problematic frame for where to report the bug.
#

---------------  S U M M A R Y ------------

Command Line: -XX:+ShowCodeDetailsInExceptionMessages -agentlib:jdwp=transport=dt_socket,suspend=y,address=localhost:63358 -javaagent:D:\Eclipse\eclipse\configuration\org.eclipse.osgi\228\0\.cp\lib\javaagent-shaded.jar -Dfile.encoding=UTF-8 de.m_marvin.renderengine.RenderEngineTest

Host: AMD Ryzen 9 3900X 12-Core Processor            , 24 cores, 127G,  Windows 10 , 64 bit Build 19041 (10.0.19041.1889)
Time: Tue Oct 18 22:51:18 2022 Mitteleuropäische Sommerzeit elapsed time: 0.636377 seconds (0d 0h 0m 0s)

---------------  T H R E A D  ---------------

Current thread (0x0000021aa3638170):  JavaThread "main" [_thread_in_native, id=17824, stack(0x00000038d8d00000,0x00000038d8e00000)]

Stack: [0x00000038d8d00000,0x00000038d8e00000],  sp=0x00000038d8dfedb0,  free space=1019k
Native frames: (J=compiled Java code, j=interpreted, Vv=VM code, C=native code)
C  [nvoglv64.dll+0xbf89a1]

Java frames: (J=compiled Java code, j=interpreted, Vv=VM code)
j  org.lwjgl.opengl.GL11C.nglDrawElements(IIIJ)V+0
j  org.lwjgl.opengl.GL11C.glDrawElements(IIIJ)V+4
j  org.lwjgl.opengl.GL11.glDrawElements(IIIJ)V+4
j  de.m_marvin.renderengine.GLStateManager.drawElements(III)V+4
j  de.m_marvin.renderengine.RenderEngineTest.start()V+678
j  de.m_marvin.renderengine.RenderEngineTest.main([Ljava/lang/String;)V+7
v  ~StubRoutines::call_stub

siginfo: EXCEPTION_ACCESS_VIOLATION (0xc0000005), reading address 0x000000000000001c


Register to memory mapping:

RIP=0x00007ffae50a89a1 nvoglv64.dll
RAX=0x00000006fd9b9c7a is an unallocated location in the heap
RBX=0x0 is NULL
RCX=0x0 is NULL
RDX=0x00000045e8141cc9 is an unknown value
RSP=0x00000038d8dfedb0 is pointing into the stack for thread: 0x0000021aa3638170
RBP=0x0000021aec819080 points into unknown readable memory: 0x0000000000000000 | 00 00 00 00 00 00 00 00
RSI=0x0000000000000008 is an unknown value
RDI=0x0000000000000001 is an unknown value
R8 =0x00000000000003df is an unknown value
R9 =0x0 is NULL
R10=0x00000000546c6148 is an unknown value
R11=0xfffffffff3c0ffc0 is an unknown value
R12=0x0000000000001405 is an unknown value
R13=0x0000000000001405 is an unknown value
R14=0x00000038d8dfefc0 is pointing into the stack for thread: 0x0000021aa3638170
R15=0x0 is NULL


Registers:
RAX=0x00000006fd9b9c7a, RBX=0x0000000000000000, RCX=0x0000000000000000, RDX=0x00000045e8141cc9
RSP=0x00000038d8dfedb0, RBP=0x0000021aec819080, RSI=0x0000000000000008, RDI=0x0000000000000001
R8 =0x00000000000003df, R9 =0x0000000000000000, R10=0x00000000546c6148, R11=0xfffffffff3c0ffc0
R12=0x0000000000001405, R13=0x0000000000001405, R14=0x00000038d8dfefc0, R15=0x0000000000000000
RIP=0x00007ffae50a89a1, EFLAGS=0x0000000000010246

Top of Stack: (sp=0x00000038d8dfedb0)
0x00000038d8dfedb0:   0000000000000020 00007ffae8c91d08
0x00000038d8dfedc0:   0000000000000000 0000000000000000
0x00000038d8dfedd0:   0000021ae6e8be00 0000000000000000
0x00000038d8dfede0:   0000000000000000 0000000000000000
0x00000038d8dfedf0:   00007ffae8f806b8 0000021aebb516e0
0x00000038d8dfee00:   0000021a0000000e 000000000017555d
0x00000038d8dfee10:   0000021ae79fc690 0000000000000000
0x00000038d8dfee20:   00000038d8dfefc0 0000000000001405
0x00000038d8dfee30:   0000021aec819080 0000000000000004
0x00000038d8dfee40:   0000000000000008 00000038d8dfef80
0x00000038d8dfee50:   0000000000000000 00007ffae4d01126
0x00000038d8dfee60:   0000021aec819ed8 0000021a00000004
0x00000038d8dfee70:   0000003800000000 00007ffa00000000
0x00000038d8dfee80:   0000000000000020 0000021a00001405
0x00000038d8dfee90:   0000000000000000 0000021a00000000
0x00000038d8dfeea0:   0000021ae79fc600 0000021aa3638170 

Instructions: (pc=0x00007ffae50a89a1)
0x00007ffae50a88a1:   00 48 8b e9 44 8b a4 24 d8 00 00 00 45 8b d8 44
0x00007ffae50a88b1:   8b c2 8b de 48 8b 91 88 03 00 00 41 8b cc d1 e9
0x00007ffae50a88c1:   83 e1 03 48 89 94 24 b0 00 00 00 d3 e3 44 8b 52
0x00007ffae50a88d1:   14 8b 42 18 41 f7 d2 44 23 52 0c 41 0b c2 89 9c
0x00007ffae50a88e1:   24 d0 00 00 00 f7 d0 23 42 10 80 7a 1e 00 0f 85
0x00007ffae50a88f1:   db 08 00 00 80 bd dc ec 55 00 00 0f 85 ce 08 00
0x00007ffae50a8901:   00 85 f6 0f 8e c6 08 00 00 3b 9d e8 ee 55 00 0f
0x00007ffae50a8911:   8f ba 08 00 00 83 7a 08 00 0f 85 b0 08 00 00 80
0x00007ffae50a8921:   7a 1d 00 0f 85 a6 08 00 00 80 7a 1c 00 0f 85 9c
0x00007ffae50a8931:   08 00 00 80 bd e5 38 55 00 00 0f 85 8f 08 00 00
0x00007ffae50a8941:   80 bd ec 38 55 00 00 0f 85 82 08 00 00 a9 00 00
0x00007ffae50a8951:   03 00 0f 85 77 08 00 00 44 0b d0 44 85 52 20 0f
0x00007ffae50a8961:   85 6a 08 00 00 48 89 bc 24 80 00 00 00 48 8d 8d
0x00007ffae50a8971:   40 f0 55 00 4c 89 6c 24 78 bf 01 00 00 00 8b d7
0x00007ffae50a8981:   4c 89 74 24 70 4c 89 7c 24 68 e8 f0 29 e7 ff 48
0x00007ffae50a8991:   8b 9c 24 e0 00 00 00 41 81 fc 05 14 00 00 75 18
0x00007ffae50a89a1:   8b 44 b3 fc 4c 8d 6e ff 8b 0b 44 8b f0 3b c8 44
0x00007ffae50a89b1:   0f 47 f1 0f 42 c1 eb 5c 41 81 fc 03 14 00 00 75
0x00007ffae50a89c1:   23 0f b7 4c 73 fe 4c 8d 6e ff 0f b7 13 0f b7 c1
0x00007ffae50a89d1:   66 3b d1 66 0f 47 c2 66 0f 42 ca 44 0f b7 f0 0f
0x00007ffae50a89e1:   b7 c1 eb 30 41 81 fc 01 14 00 00 0f 85 95 07 00
0x00007ffae50a89f1:   00 0f b6 54 33 ff 4c 8d 6e ff 44 0f b6 03 8b ca
0x00007ffae50a8a01:   44 3a c2 41 0f 47 c8 44 0f b6 f1 8b ca 41 0f 42
0x00007ffae50a8a11:   c8 0f b6 c1 48 8b 8c 24 b0 00 00 00 44 8d 7e ff
0x00007ffae50a8a21:   44 2b f0 e8 37 0c 00 00 48 8b 84 24 b0 00 00 00
0x00007ffae50a8a31:   44 8b 50 78 41 8b c2 41 0f af c6 44 89 94 24 d8
0x00007ffae50a8a41:   00 00 00 3b 85 ec ee 55 00 0f 8f 37 07 00 00 0f
0x00007ffae50a8a51:   29 74 24 50 41 81 fc 05 14 00 00 0f 85 15 01 00
0x00007ffae50a8a61:   00 44 8b 0b 45 8b f1 48 8d 53 04 3b f7 0f 8e 8d
0x00007ffae50a8a71:   03 00 00 41 83 ff 08 0f 82 be 00 00 00 83 3d 8b
0x00007ffae50a8a81:   a6 cf 01 02 0f 8c b1 00 00 00 41 81 e7 07 00 00
0x00007ffae50a8a91:   80 7d 0a 41 ff cf 41 83 cf f8 41 ff c7 66 41 0f 


Stack slot to memory mapping:
stack at sp + 0 slots: 0x0000000000000020 is an unknown value
stack at sp + 1 slots: 0x00007ffae8c91d08 jvm.dll
stack at sp + 2 slots: 0x0 is NULL
stack at sp + 3 slots: 0x0 is NULL
stack at sp + 4 slots: 0x0000021ae6e8be00 points into unknown readable memory: 0x0000ffff00000000 | 00 00 00 00 ff ff 00 00
stack at sp + 5 slots: 0x0 is NULL
stack at sp + 6 slots: 0x0 is NULL
stack at sp + 7 slots: 0x0 is NULL


---------------  P R O C E S S  ---------------

Threads class SMR info:
_java_thread_list=0x0000021aef218f20, length=20, elements={
0x0000021aa3638170, 0x0000021ae6d39290, 0x0000021ae6d3cf60, 0x0000021ae6d543f0,
0x0000021ae6d55cb0, 0x0000021ae6d56560, 0x0000021ae6d5ef60, 0x0000021ae6d64050,
0x0000021ae6d64940, 0x0000021ae6d79a10, 0x0000021ae6d2ade0, 0x0000021ae6e6bd30,
0x0000021ae6e78240, 0x0000021ae70147f0, 0x0000021ae6fe57f0, 0x0000021ae6fe5ec0,
0x0000021aeb847b10, 0x0000021aeb8cab60, 0x0000021aeb9e1380, 0x0000021aef2cb1c0
}

Java Threads: ( => current thread )
=>0x0000021aa3638170 JavaThread "main" [_thread_in_native, id=17824, stack(0x00000038d8d00000,0x00000038d8e00000)]
  0x0000021ae6d39290 JavaThread "Reference Handler" daemon [_thread_blocked, id=7184, stack(0x00000038d9400000,0x00000038d9500000)]
  0x0000021ae6d3cf60 JavaThread "Finalizer" daemon [_thread_blocked, id=14980, stack(0x00000038d9500000,0x00000038d9600000)]
  0x0000021ae6d543f0 JavaThread "Signal Dispatcher" daemon [_thread_blocked, id=7236, stack(0x00000038d9600000,0x00000038d9700000)]
  0x0000021ae6d55cb0 JavaThread "Attach Listener" daemon [_thread_blocked, id=5748, stack(0x00000038d9700000,0x00000038d9800000)]
  0x0000021ae6d56560 JavaThread "Service Thread" daemon [_thread_blocked, id=13136, stack(0x00000038d9800000,0x00000038d9900000)]
  0x0000021ae6d5ef60 JavaThread "Monitor Deflation Thread" daemon [_thread_blocked, id=22164, stack(0x00000038d9900000,0x00000038d9a00000)]
  0x0000021ae6d64050 JavaThread "C2 CompilerThread0" daemon [_thread_in_native, id=18516, stack(0x00000038d9a00000,0x00000038d9b00000)]
  0x0000021ae6d64940 JavaThread "C1 CompilerThread0" daemon [_thread_blocked, id=4252, stack(0x00000038d9b00000,0x00000038d9c00000)]
  0x0000021ae6d79a10 JavaThread "Sweeper thread" daemon [_thread_blocked, id=19648, stack(0x00000038d9c00000,0x00000038d9d00000)]
  0x0000021ae6d2ade0 JavaThread "Common-Cleaner" daemon [_thread_blocked, id=19572, stack(0x00000038d9d00000,0x00000038d9e00000)]
  0x0000021ae6e6bd30 JavaThread "C1 CompilerThread1" daemon [_thread_blocked, id=6072, stack(0x00000038d9e00000,0x00000038d9f00000)]
  0x0000021ae6e78240 JavaThread "C1 CompilerThread2" daemon [_thread_blocked, id=3324, stack(0x00000038d9f00000,0x00000038da000000)]
  0x0000021ae70147f0 JavaThread "JDWP Transport Listener: dt_socket" daemon [_thread_blocked, id=24312, stack(0x00000038da000000,0x00000038da100000)]
  0x0000021ae6fe57f0 JavaThread "JDWP Event Helper Thread" daemon [_thread_blocked, id=22136, stack(0x00000038da100000,0x00000038da200000)]
  0x0000021ae6fe5ec0 JavaThread "JDWP Command Reader" daemon [_thread_in_native, id=1108, stack(0x00000038da200000,0x00000038da300000)]
  0x0000021aeb847b10 JavaThread "C1 CompilerThread3" daemon [_thread_blocked, id=2856, stack(0x00000038da300000,0x00000038da400000)]
  0x0000021aeb8cab60 JavaThread "Notification Thread" daemon [_thread_blocked, id=3512, stack(0x00000038da500000,0x00000038da600000)]
  0x0000021aeb9e1380 JavaThread "C2 CompilerThread1" daemon [_thread_blocked, id=14156, stack(0x00000038da400000,0x00000038da500000)]
  0x0000021aef2cb1c0 JavaThread "C2 CompilerThread2" daemon [_thread_blocked, id=12036, stack(0x00000038dad00000,0x00000038dae00000)]

Other Threads:
  0x0000021abaeb8a00 VMThread "VM Thread" [stack: 0x00000038d9300000,0x00000038d9400000] [id=7700]
  0x0000021aa3639210 WatcherThread "VM Periodic Task Thread" [stack: 0x00000038da600000,0x00000038da700000] [id=21568]
  0x0000021aa36e9c70 WorkerThread "GC Thread#0" [stack: 0x00000038d8e00000,0x00000038d8f00000] [id=15876]
  0x0000021aa36faf00 ConcurrentGCThread "G1 Main Marker" [stack: 0x00000038d8f00000,0x00000038d9000000] [id=9120]
  0x0000021aa36fb800 WorkerThread "G1 Conc#0" [stack: 0x00000038d9000000,0x00000038d9100000] [id=5060]
  0x0000021aa365d060 ConcurrentGCThread "G1 Refine#0" [stack: 0x00000038d9100000,0x00000038d9200000] [id=22784]
  0x0000021abaee51a0 ConcurrentGCThread "G1 Service" [stack: 0x00000038d9200000,0x00000038d9300000] [id=9132]

Threads with active compile tasks:
C2 CompilerThread0      665 1228       4       org.eclipse.jdt.launching.internal.org.objectweb.asm.ClassReader::readMethod (1066 bytes)

VM state: not at safepoint (normal execution)

VM Mutex/Monitor currently owned by a thread: None

Heap address: 0x00000000a0000000, size: 30208 MB, Compressed Oops mode: Zero based, Oop shift amount: 3

CDS archive(s) mapped at: [0x0000000800000000-0x0000000800ba0000-0x0000000800ba0000), size 12189696, SharedBaseAddress: 0x0000000800000000, ArchiveRelocationMode: 0.
Compressed class space mapped at: 0x0000000800c00000-0x0000000840c00000, reserved size: 1073741824
Narrow klass base: 0x0000000800000000, Narrow klass shift: 0, Narrow klass range: 0x100000000

GC Precious Log:
 CardTable entry size: 512
 Card Set container configuration: InlinePtr #cards 3 size 8 Array Of Cards #cards 128 size 272 Howl #buckets 8 coarsen threshold 29491 Howl Bitmap #cards 4096 size 528 coarsen threshold 3686 Card regions per heap region 1 cards per card region 32768
 CPUs: 24 total, 24 available
 Memory: 127G
 Large Page Support: Disabled
 NUMA Support: Disabled
 Compressed Oops: Enabled (Zero based)
 Heap Region Size: 16M
 Heap Min Capacity: 16M
 Heap Initial Capacity: 2G
 Heap Max Capacity: 30208M
 Pre-touch: Disabled
 Parallel Workers: 18
 Concurrent Workers: 5
 Concurrent Refinement Workers: 18
 Periodic GC: Disabled

Heap:
 garbage-first heap   total 2097152K, used 32768K [0x00000000a0000000, 0x0000000800000000)
  region size 16384K, 3 young (49152K), 0 survivors (0K)
 Metaspace       used 7409K, committed 7680K, reserved 1114112K
  class space    used 539K, committed 640K, reserved 1048576K

Heap Regions: E=young(eden), S=young(survivor), O=old, HS=humongous(starts), HC=humongous(continues), CS=collection set, F=free, OA=open archive, CA=closed archive, TAMS=top-at-mark-start (previous, next)
|   0|0x00000000a0000000, 0x00000000a0000000, 0x00000000a1000000|  0%| F|  |TAMS 0x00000000a0000000, 0x00000000a0000000| Untracked 
|   1|0x00000000a1000000, 0x00000000a1000000, 0x00000000a2000000|  0%| F|  |TAMS 0x00000000a1000000, 0x00000000a1000000| Untracked 
|   2|0x00000000a2000000, 0x00000000a2000000, 0x00000000a3000000|  0%| F|  |TAMS 0x00000000a2000000, 0x00000000a2000000| Untracked 
|   3|0x00000000a3000000, 0x00000000a3000000, 0x00000000a4000000|  0%| F|  |TAMS 0x00000000a3000000, 0x00000000a3000000| Untracked 
|   4|0x00000000a4000000, 0x00000000a4000000, 0x00000000a5000000|  0%| F|  |TAMS 0x00000000a4000000, 0x00000000a4000000| Untracked 
|   5|0x00000000a5000000, 0x00000000a5000000, 0x00000000a6000000|  0%| F|  |TAMS 0x00000000a5000000, 0x00000000a5000000| Untracked 
|   6|0x00000000a6000000, 0x00000000a6000000, 0x00000000a7000000|  0%| F|  |TAMS 0x00000000a6000000, 0x00000000a6000000| Untracked 
|   7|0x00000000a7000000, 0x00000000a7000000, 0x00000000a8000000|  0%| F|  |TAMS 0x00000000a7000000, 0x00000000a7000000| Untracked 
|   8|0x00000000a8000000, 0x00000000a8000000, 0x00000000a9000000|  0%| F|  |TAMS 0x00000000a8000000, 0x00000000a8000000| Untracked 
|   9|0x00000000a9000000, 0x00000000a9000000, 0x00000000aa000000|  0%| F|  |TAMS 0x00000000a9000000, 0x00000000a9000000| Untracked 
|  10|0x00000000aa000000, 0x00000000aa000000, 0x00000000ab000000|  0%| F|  |TAMS 0x00000000aa000000, 0x00000000aa000000| Untracked 
|  11|0x00000000ab000000, 0x00000000ab000000, 0x00000000ac000000|  0%| F|  |TAMS 0x00000000ab000000, 0x00000000ab000000| Untracked 
|  12|0x00000000ac000000, 0x00000000ac000000, 0x00000000ad000000|  0%| F|  |TAMS 0x00000000ac000000, 0x00000000ac000000| Untracked 
|  13|0x00000000ad000000, 0x00000000ad000000, 0x00000000ae000000|  0%| F|  |TAMS 0x00000000ad000000, 0x00000000ad000000| Untracked 
|  14|0x00000000ae000000, 0x00000000ae000000, 0x00000000af000000|  0%| F|  |TAMS 0x00000000ae000000, 0x00000000ae000000| Untracked 
|  15|0x00000000af000000, 0x00000000af000000, 0x00000000b0000000|  0%| F|  |TAMS 0x00000000af000000, 0x00000000af000000| Untracked 
|  16|0x00000000b0000000, 0x00000000b0000000, 0x00000000b1000000|  0%| F|  |TAMS 0x00000000b0000000, 0x00000000b0000000| Untracked 
|  17|0x00000000b1000000, 0x00000000b1000000, 0x00000000b2000000|  0%| F|  |TAMS 0x00000000b1000000, 0x00000000b1000000| Untracked 
|  18|0x00000000b2000000, 0x00000000b2000000, 0x00000000b3000000|  0%| F|  |TAMS 0x00000000b2000000, 0x00000000b2000000| Untracked 
|  19|0x00000000b3000000, 0x00000000b3000000, 0x00000000b4000000|  0%| F|  |TAMS 0x00000000b3000000, 0x00000000b3000000| Untracked 
|  20|0x00000000b4000000, 0x00000000b4000000, 0x00000000b5000000|  0%| F|  |TAMS 0x00000000b4000000, 0x00000000b4000000| Untracked 
|  21|0x00000000b5000000, 0x00000000b5000000, 0x00000000b6000000|  0%| F|  |TAMS 0x00000000b5000000, 0x00000000b5000000| Untracked 
|  22|0x00000000b6000000, 0x00000000b6000000, 0x00000000b7000000|  0%| F|  |TAMS 0x00000000b6000000, 0x00000000b6000000| Untracked 
|  23|0x00000000b7000000, 0x00000000b7000000, 0x00000000b8000000|  0%| F|  |TAMS 0x00000000b7000000, 0x00000000b7000000| Untracked 
|  24|0x00000000b8000000, 0x00000000b8000000, 0x00000000b9000000|  0%| F|  |TAMS 0x00000000b8000000, 0x00000000b8000000| Untracked 
|  25|0x00000000b9000000, 0x00000000b9000000, 0x00000000ba000000|  0%| F|  |TAMS 0x00000000b9000000, 0x00000000b9000000| Untracked 
|  26|0x00000000ba000000, 0x00000000ba000000, 0x00000000bb000000|  0%| F|  |TAMS 0x00000000ba000000, 0x00000000ba000000| Untracked 
|  27|0x00000000bb000000, 0x00000000bb000000, 0x00000000bc000000|  0%| F|  |TAMS 0x00000000bb000000, 0x00000000bb000000| Untracked 
|  28|0x00000000bc000000, 0x00000000bc000000, 0x00000000bd000000|  0%| F|  |TAMS 0x00000000bc000000, 0x00000000bc000000| Untracked 
|  29|0x00000000bd000000, 0x00000000bd000000, 0x00000000be000000|  0%| F|  |TAMS 0x00000000bd000000, 0x00000000bd000000| Untracked 
|  30|0x00000000be000000, 0x00000000be000000, 0x00000000bf000000|  0%| F|  |TAMS 0x00000000be000000, 0x00000000be000000| Untracked 
|  31|0x00000000bf000000, 0x00000000bf000000, 0x00000000c0000000|  0%| F|  |TAMS 0x00000000bf000000, 0x00000000bf000000| Untracked 
|  32|0x00000000c0000000, 0x00000000c0000000, 0x00000000c1000000|  0%| F|  |TAMS 0x00000000c0000000, 0x00000000c0000000| Untracked 
|  33|0x00000000c1000000, 0x00000000c1000000, 0x00000000c2000000|  0%| F|  |TAMS 0x00000000c1000000, 0x00000000c1000000| Untracked 
|  34|0x00000000c2000000, 0x00000000c2000000, 0x00000000c3000000|  0%| F|  |TAMS 0x00000000c2000000, 0x00000000c2000000| Untracked 
|  35|0x00000000c3000000, 0x00000000c3000000, 0x00000000c4000000|  0%| F|  |TAMS 0x00000000c3000000, 0x00000000c3000000| Untracked 
|  36|0x00000000c4000000, 0x00000000c4000000, 0x00000000c5000000|  0%| F|  |TAMS 0x00000000c4000000, 0x00000000c4000000| Untracked 
|  37|0x00000000c5000000, 0x00000000c5000000, 0x00000000c6000000|  0%| F|  |TAMS 0x00000000c5000000, 0x00000000c5000000| Untracked 
|  38|0x00000000c6000000, 0x00000000c6000000, 0x00000000c7000000|  0%| F|  |TAMS 0x00000000c6000000, 0x00000000c6000000| Untracked 
|  39|0x00000000c7000000, 0x00000000c7000000, 0x00000000c8000000|  0%| F|  |TAMS 0x00000000c7000000, 0x00000000c7000000| Untracked 
|  40|0x00000000c8000000, 0x00000000c8000000, 0x00000000c9000000|  0%| F|  |TAMS 0x00000000c8000000, 0x00000000c8000000| Untracked 
|  41|0x00000000c9000000, 0x00000000c9000000, 0x00000000ca000000|  0%| F|  |TAMS 0x00000000c9000000, 0x00000000c9000000| Untracked 
|  42|0x00000000ca000000, 0x00000000ca000000, 0x00000000cb000000|  0%| F|  |TAMS 0x00000000ca000000, 0x00000000ca000000| Untracked 
|  43|0x00000000cb000000, 0x00000000cb000000, 0x00000000cc000000|  0%| F|  |TAMS 0x00000000cb000000, 0x00000000cb000000| Untracked 
|  44|0x00000000cc000000, 0x00000000cc000000, 0x00000000cd000000|  0%| F|  |TAMS 0x00000000cc000000, 0x00000000cc000000| Untracked 
|  45|0x00000000cd000000, 0x00000000cd000000, 0x00000000ce000000|  0%| F|  |TAMS 0x00000000cd000000, 0x00000000cd000000| Untracked 
|  46|0x00000000ce000000, 0x00000000ce000000, 0x00000000cf000000|  0%| F|  |TAMS 0x00000000ce000000, 0x00000000ce000000| Untracked 
|  47|0x00000000cf000000, 0x00000000cf000000, 0x00000000d0000000|  0%| F|  |TAMS 0x00000000cf000000, 0x00000000cf000000| Untracked 
|  48|0x00000000d0000000, 0x00000000d0000000, 0x00000000d1000000|  0%| F|  |TAMS 0x00000000d0000000, 0x00000000d0000000| Untracked 
|  49|0x00000000d1000000, 0x00000000d1000000, 0x00000000d2000000|  0%| F|  |TAMS 0x00000000d1000000, 0x00000000d1000000| Untracked 
|  50|0x00000000d2000000, 0x00000000d2000000, 0x00000000d3000000|  0%| F|  |TAMS 0x00000000d2000000, 0x00000000d2000000| Untracked 
|  51|0x00000000d3000000, 0x00000000d3000000, 0x00000000d4000000|  0%| F|  |TAMS 0x00000000d3000000, 0x00000000d3000000| Untracked 
|  52|0x00000000d4000000, 0x00000000d4000000, 0x00000000d5000000|  0%| F|  |TAMS 0x00000000d4000000, 0x00000000d4000000| Untracked 
|  53|0x00000000d5000000, 0x00000000d5000000, 0x00000000d6000000|  0%| F|  |TAMS 0x00000000d5000000, 0x00000000d5000000| Untracked 
|  54|0x00000000d6000000, 0x00000000d6000000, 0x00000000d7000000|  0%| F|  |TAMS 0x00000000d6000000, 0x00000000d6000000| Untracked 
|  55|0x00000000d7000000, 0x00000000d7000000, 0x00000000d8000000|  0%| F|  |TAMS 0x00000000d7000000, 0x00000000d7000000| Untracked 
|  56|0x00000000d8000000, 0x00000000d8000000, 0x00000000d9000000|  0%| F|  |TAMS 0x00000000d8000000, 0x00000000d8000000| Untracked 
|  57|0x00000000d9000000, 0x00000000d9000000, 0x00000000da000000|  0%| F|  |TAMS 0x00000000d9000000, 0x00000000d9000000| Untracked 
|  58|0x00000000da000000, 0x00000000da000000, 0x00000000db000000|  0%| F|  |TAMS 0x00000000da000000, 0x00000000da000000| Untracked 
|  59|0x00000000db000000, 0x00000000db000000, 0x00000000dc000000|  0%| F|  |TAMS 0x00000000db000000, 0x00000000db000000| Untracked 
|  60|0x00000000dc000000, 0x00000000dc000000, 0x00000000dd000000|  0%| F|  |TAMS 0x00000000dc000000, 0x00000000dc000000| Untracked 
|  61|0x00000000dd000000, 0x00000000dd000000, 0x00000000de000000|  0%| F|  |TAMS 0x00000000dd000000, 0x00000000dd000000| Untracked 
|  62|0x00000000de000000, 0x00000000de000000, 0x00000000df000000|  0%| F|  |TAMS 0x00000000de000000, 0x00000000de000000| Untracked 
|  63|0x00000000df000000, 0x00000000df000000, 0x00000000e0000000|  0%| F|  |TAMS 0x00000000df000000, 0x00000000df000000| Untracked 
|  64|0x00000000e0000000, 0x00000000e0000000, 0x00000000e1000000|  0%| F|  |TAMS 0x00000000e0000000, 0x00000000e0000000| Untracked 
|  65|0x00000000e1000000, 0x00000000e1000000, 0x00000000e2000000|  0%| F|  |TAMS 0x00000000e1000000, 0x00000000e1000000| Untracked 
|  66|0x00000000e2000000, 0x00000000e2000000, 0x00000000e3000000|  0%| F|  |TAMS 0x00000000e2000000, 0x00000000e2000000| Untracked 
|  67|0x00000000e3000000, 0x00000000e3000000, 0x00000000e4000000|  0%| F|  |TAMS 0x00000000e3000000, 0x00000000e3000000| Untracked 
|  68|0x00000000e4000000, 0x00000000e4000000, 0x00000000e5000000|  0%| F|  |TAMS 0x00000000e4000000, 0x00000000e4000000| Untracked 
|  69|0x00000000e5000000, 0x00000000e5000000, 0x00000000e6000000|  0%| F|  |TAMS 0x00000000e5000000, 0x00000000e5000000| Untracked 
|  70|0x00000000e6000000, 0x00000000e6000000, 0x00000000e7000000|  0%| F|  |TAMS 0x00000000e6000000, 0x00000000e6000000| Untracked 
|  71|0x00000000e7000000, 0x00000000e7000000, 0x00000000e8000000|  0%| F|  |TAMS 0x00000000e7000000, 0x00000000e7000000| Untracked 
|  72|0x00000000e8000000, 0x00000000e8000000, 0x00000000e9000000|  0%| F|  |TAMS 0x00000000e8000000, 0x00000000e8000000| Untracked 
|  73|0x00000000e9000000, 0x00000000e9000000, 0x00000000ea000000|  0%| F|  |TAMS 0x00000000e9000000, 0x00000000e9000000| Untracked 
|  74|0x00000000ea000000, 0x00000000ea000000, 0x00000000eb000000|  0%| F|  |TAMS 0x00000000ea000000, 0x00000000ea000000| Untracked 
|  75|0x00000000eb000000, 0x00000000eb000000, 0x00000000ec000000|  0%| F|  |TAMS 0x00000000eb000000, 0x00000000eb000000| Untracked 
|  76|0x00000000ec000000, 0x00000000ec000000, 0x00000000ed000000|  0%| F|  |TAMS 0x00000000ec000000, 0x00000000ec000000| Untracked 
|  77|0x00000000ed000000, 0x00000000ed000000, 0x00000000ee000000|  0%| F|  |TAMS 0x00000000ed000000, 0x00000000ed000000| Untracked 
|  78|0x00000000ee000000, 0x00000000ee000000, 0x00000000ef000000|  0%| F|  |TAMS 0x00000000ee000000, 0x00000000ee000000| Untracked 
|  79|0x00000000ef000000, 0x00000000ef000000, 0x00000000f0000000|  0%| F|  |TAMS 0x00000000ef000000, 0x00000000ef000000| Untracked 
|  80|0x00000000f0000000, 0x00000000f0000000, 0x00000000f1000000|  0%| F|  |TAMS 0x00000000f0000000, 0x00000000f0000000| Untracked 
|  81|0x00000000f1000000, 0x00000000f1000000, 0x00000000f2000000|  0%| F|  |TAMS 0x00000000f1000000, 0x00000000f1000000| Untracked 
|  82|0x00000000f2000000, 0x00000000f2000000, 0x00000000f3000000|  0%| F|  |TAMS 0x00000000f2000000, 0x00000000f2000000| Untracked 
|  83|0x00000000f3000000, 0x00000000f3000000, 0x00000000f4000000|  0%| F|  |TAMS 0x00000000f3000000, 0x00000000f3000000| Untracked 
|  84|0x00000000f4000000, 0x00000000f4000000, 0x00000000f5000000|  0%| F|  |TAMS 0x00000000f4000000, 0x00000000f4000000| Untracked 
|  85|0x00000000f5000000, 0x00000000f5000000, 0x00000000f6000000|  0%| F|  |TAMS 0x00000000f5000000, 0x00000000f5000000| Untracked 
|  86|0x00000000f6000000, 0x00000000f6000000, 0x00000000f7000000|  0%| F|  |TAMS 0x00000000f6000000, 0x00000000f6000000| Untracked 
|  87|0x00000000f7000000, 0x00000000f7000000, 0x00000000f8000000|  0%| F|  |TAMS 0x00000000f7000000, 0x00000000f7000000| Untracked 
|  88|0x00000000f8000000, 0x00000000f8000000, 0x00000000f9000000|  0%| F|  |TAMS 0x00000000f8000000, 0x00000000f8000000| Untracked 
|  89|0x00000000f9000000, 0x00000000f9000000, 0x00000000fa000000|  0%| F|  |TAMS 0x00000000f9000000, 0x00000000f9000000| Untracked 
|  90|0x00000000fa000000, 0x00000000fa000000, 0x00000000fb000000|  0%| F|  |TAMS 0x00000000fa000000, 0x00000000fa000000| Untracked 
|  91|0x00000000fb000000, 0x00000000fb000000, 0x00000000fc000000|  0%| F|  |TAMS 0x00000000fb000000, 0x00000000fb000000| Untracked 
|  92|0x00000000fc000000, 0x00000000fc000000, 0x00000000fd000000|  0%| F|  |TAMS 0x00000000fc000000, 0x00000000fc000000| Untracked 
|  93|0x00000000fd000000, 0x00000000fd000000, 0x00000000fe000000|  0%| F|  |TAMS 0x00000000fd000000, 0x00000000fd000000| Untracked 
|  94|0x00000000fe000000, 0x00000000fe000000, 0x00000000ff000000|  0%| F|  |TAMS 0x00000000fe000000, 0x00000000fe000000| Untracked 
|  95|0x00000000ff000000, 0x00000000ff000000, 0x0000000100000000|  0%| F|  |TAMS 0x00000000ff000000, 0x00000000ff000000| Untracked 
|  96|0x0000000100000000, 0x0000000100000000, 0x0000000101000000|  0%| F|  |TAMS 0x0000000100000000, 0x0000000100000000| Untracked 
|  97|0x0000000101000000, 0x0000000101000000, 0x0000000102000000|  0%| F|  |TAMS 0x0000000101000000, 0x0000000101000000| Untracked 
|  98|0x0000000102000000, 0x0000000102000000, 0x0000000103000000|  0%| F|  |TAMS 0x0000000102000000, 0x0000000102000000| Untracked 
|  99|0x0000000103000000, 0x0000000103000000, 0x0000000104000000|  0%| F|  |TAMS 0x0000000103000000, 0x0000000103000000| Untracked 
| 100|0x0000000104000000, 0x0000000104000000, 0x0000000105000000|  0%| F|  |TAMS 0x0000000104000000, 0x0000000104000000| Untracked 
| 101|0x0000000105000000, 0x0000000105000000, 0x0000000106000000|  0%| F|  |TAMS 0x0000000105000000, 0x0000000105000000| Untracked 
| 102|0x0000000106000000, 0x0000000106000000, 0x0000000107000000|  0%| F|  |TAMS 0x0000000106000000, 0x0000000106000000| Untracked 
| 103|0x0000000107000000, 0x0000000107000000, 0x0000000108000000|  0%| F|  |TAMS 0x0000000107000000, 0x0000000107000000| Untracked 
| 104|0x0000000108000000, 0x0000000108000000, 0x0000000109000000|  0%| F|  |TAMS 0x0000000108000000, 0x0000000108000000| Untracked 
| 105|0x0000000109000000, 0x0000000109000000, 0x000000010a000000|  0%| F|  |TAMS 0x0000000109000000, 0x0000000109000000| Untracked 
| 106|0x000000010a000000, 0x000000010a000000, 0x000000010b000000|  0%| F|  |TAMS 0x000000010a000000, 0x000000010a000000| Untracked 
| 107|0x000000010b000000, 0x000000010b000000, 0x000000010c000000|  0%| F|  |TAMS 0x000000010b000000, 0x000000010b000000| Untracked 
| 108|0x000000010c000000, 0x000000010c000000, 0x000000010d000000|  0%| F|  |TAMS 0x000000010c000000, 0x000000010c000000| Untracked 
| 109|0x000000010d000000, 0x000000010d000000, 0x000000010e000000|  0%| F|  |TAMS 0x000000010d000000, 0x000000010d000000| Untracked 
| 110|0x000000010e000000, 0x000000010e000000, 0x000000010f000000|  0%| F|  |TAMS 0x000000010e000000, 0x000000010e000000| Untracked 
| 111|0x000000010f000000, 0x000000010f000000, 0x0000000110000000|  0%| F|  |TAMS 0x000000010f000000, 0x000000010f000000| Untracked 
| 112|0x0000000110000000, 0x0000000110000000, 0x0000000111000000|  0%| F|  |TAMS 0x0000000110000000, 0x0000000110000000| Untracked 
| 113|0x0000000111000000, 0x0000000111000000, 0x0000000112000000|  0%| F|  |TAMS 0x0000000111000000, 0x0000000111000000| Untracked 
| 114|0x0000000112000000, 0x0000000112000000, 0x0000000113000000|  0%| F|  |TAMS 0x0000000112000000, 0x0000000112000000| Untracked 
| 115|0x0000000113000000, 0x0000000113000000, 0x0000000114000000|  0%| F|  |TAMS 0x0000000113000000, 0x0000000113000000| Untracked 
| 116|0x0000000114000000, 0x0000000114000000, 0x0000000115000000|  0%| F|  |TAMS 0x0000000114000000, 0x0000000114000000| Untracked 
| 117|0x0000000115000000, 0x0000000115000000, 0x0000000116000000|  0%| F|  |TAMS 0x0000000115000000, 0x0000000115000000| Untracked 
| 118|0x0000000116000000, 0x0000000116000000, 0x0000000117000000|  0%| F|  |TAMS 0x0000000116000000, 0x0000000116000000| Untracked 
| 119|0x0000000117000000, 0x0000000117000000, 0x0000000118000000|  0%| F|  |TAMS 0x0000000117000000, 0x0000000117000000| Untracked 
| 120|0x0000000118000000, 0x0000000118000000, 0x0000000119000000|  0%| F|  |TAMS 0x0000000118000000, 0x0000000118000000| Untracked 
| 121|0x0000000119000000, 0x0000000119000000, 0x000000011a000000|  0%| F|  |TAMS 0x0000000119000000, 0x0000000119000000| Untracked 
| 122|0x000000011a000000, 0x000000011a000000, 0x000000011b000000|  0%| F|  |TAMS 0x000000011a000000, 0x000000011a000000| Untracked 
| 123|0x000000011b000000, 0x000000011b000000, 0x000000011c000000|  0%| F|  |TAMS 0x000000011b000000, 0x000000011b000000| Untracked 
| 124|0x000000011c000000, 0x000000011c000000, 0x000000011d000000|  0%| F|  |TAMS 0x000000011c000000, 0x000000011c000000| Untracked 
| 125|0x000000011d000000, 0x000000011db8b2f8, 0x000000011e000000| 72%| E|  |TAMS 0x000000011d000000, 0x000000011d000000| Complete 
| 126|0x000000011e000000, 0x000000011f000000, 0x000000011f000000|100%| E|CS|TAMS 0x000000011e000000, 0x000000011e000000| Complete 
| 127|0x000000011f000000, 0x0000000120000000, 0x0000000120000000|100%| E|CS|TAMS 0x000000011f000000, 0x000000011f000000| Complete 

Card table byte_map: [0x0000021abea40000,0x0000021ac2540000] _byte_map_base: 0x0000021abe540000

Marking Bits (Prev, Next): (CMBitMap*) 0x0000021aa36eb190, (CMBitMap*) 0x0000021aa36eb1d0
 Prev Bits: [0x0000021ac6040000, 0x0000021ae3840000)
 Next Bits: [0x0000021a80000000, 0x0000021a9d800000)

Polling page: 0x0000021aa1230000

Metaspace:

Usage:
  Non-class:      6.71 MB used.
      Class:    539.63 KB used.
       Both:      7.24 MB used.

Virtual space:
  Non-class space:       64.00 MB reserved,       6.88 MB ( 11%) committed,  1 nodes.
      Class space:        1.00 GB reserved,     640.00 KB ( <1%) committed,  1 nodes.
             Both:        1.06 GB reserved,       7.50 MB ( <1%) committed. 

Chunk freelists:
   Non-Class:  624.00 KB
       Class:  3.34 MB
        Both:  3.95 MB

MaxMetaspaceSize: unlimited
CompressedClassSpaceSize: 1.00 GB
Initial GC threshold: 21.00 MB
Current GC threshold: 21.00 MB
CDS: on
MetaspaceReclaimPolicy: balanced
 - commit_granule_bytes: 65536.
 - commit_granule_words: 8192.
 - virtual_space_node_default_size: 8388608.
 - enlarge_chunks_in_place: 1.
 - new_chunks_are_fully_committed: 0.
 - uncommit_free_chunks: 1.
 - use_allocation_guard: 0.


Internal statistics:

num_allocs_failed_limit: 0.
num_arena_births: 154.
num_arena_deaths: 0.
num_vsnodes_births: 2.
num_vsnodes_deaths: 0.
num_space_committed: 118.
num_space_uncommitted: 0.
num_chunks_returned_to_freelist: 0.
num_chunks_taken_from_freelist: 307.
num_chunk_merges: 0.
num_chunk_splits: 215.
num_chunks_enlarged: 155.
num_inconsistent_stats: 0.

CodeHeap 'non-profiled nmethods': size=119168Kb used=450Kb max_used=450Kb free=118717Kb
 bounds [0x0000021ab2b10000, 0x0000021ab2d80000, 0x0000021ab9f70000]
CodeHeap 'profiled nmethods': size=119104Kb used=2702Kb max_used=2702Kb free=116401Kb
 bounds [0x0000021aab6c0000, 0x0000021aab970000, 0x0000021ab2b10000]
CodeHeap 'non-nmethods': size=7488Kb used=3345Kb max_used=3367Kb free=4142Kb
 bounds [0x0000021aaaf70000, 0x0000021aab2c0000, 0x0000021aab6c0000]
 total_blobs=2371 nmethods=1369 adapters=912
 compilation: enabled
              stopped_count=0, restarted_count=0
 full_count=0

Compilation events (20 events):
Event: 0.625 Thread 0x0000021ae6e78240 nmethod 1356 0x0000021aab955a10 code [0x0000021aab955cc0, 0x0000021aab9568f8]
Event: 0.625 Thread 0x0000021ae6e78240 1361       3       jdk.internal.loader.URLClassPath$JarLoader$2::<init> (31 bytes)
Event: 0.625 Thread 0x0000021ae6e6bd30 nmethod 1359 0x0000021aab956e90 code [0x0000021aab957180, 0x0000021aab958048]
Event: 0.625 Thread 0x0000021ae6e6bd30 1362  s    3       java.util.jar.JarFile::getInputStream (72 bytes)
Event: 0.625 Thread 0x0000021ae6e78240 nmethod 1361 0x0000021aab958690 code [0x0000021aab958840, 0x0000021aab958bd8]
Event: 0.625 Thread 0x0000021ae6e78240 1363       3       java.lang.invoke.DirectMethodHandle::preparedLambdaForm (31 bytes)
Event: 0.625 Thread 0x0000021ae6e6bd30 nmethod 1362 0x0000021aab958d10 code [0x0000021aab958f40, 0x0000021aab9594f8]
Event: 0.625 Thread 0x0000021ae6e78240 nmethod 1363 0x0000021aab959690 code [0x0000021aab959880, 0x0000021aab959d48]
Event: 0.626 Thread 0x0000021ae6d64940 nmethod 1357 0x0000021aab959f90 code [0x0000021aab95a420, 0x0000021aab95c198]
Event: 0.626 Thread 0x0000021aeb847b10 nmethod 1360 0x0000021aab95cd10 code [0x0000021aab95d0a0, 0x0000021aab95e6a8]
Event: 0.628 Thread 0x0000021ae6e6bd30 1365       3       jdk.internal.access.SharedSecrets::getJavaLangAccess (4 bytes)
Event: 0.628 Thread 0x0000021ae6e6bd30 nmethod 1365 0x0000021aab95ef90 code [0x0000021aab95f120, 0x0000021aab95f218]
Event: 0.628 Thread 0x0000021ae6e6bd30 1366       3       java.lang.invoke.MethodHandle::isBuiltinLoader (24 bytes)
Event: 0.628 Thread 0x0000021ae6e6bd30 nmethod 1366 0x0000021aab95f290 code [0x0000021aab95f440, 0x0000021aab95f6b8]
Event: 0.628 Thread 0x0000021ae6d64940 1367       3       java.util.zip.ZipFile::getZipEntry (322 bytes)
Event: 0.628 Thread 0x0000021ae6e6bd30 1368       3       java.util.jar.JarFile::getManifest (5 bytes)
Event: 0.628 Thread 0x0000021ae6e6bd30 nmethod 1368 0x0000021aab95f790 code [0x0000021aab95f920, 0x0000021aab95fa68]
Event: 0.630 Thread 0x0000021ae6d64940 nmethod 1367 0x0000021aab95fb10 code [0x0000021aab95ff80, 0x0000021aab962718]
Event: 0.630 Thread 0x0000021ae6e6bd30 1369       3       jdk.internal.loader.NativeLibraries$NativeLibraryImpl::find (6 bytes)
Event: 0.630 Thread 0x0000021ae6e6bd30 nmethod 1369 0x0000021aab963690 code [0x0000021aab963820, 0x0000021aab963968]

GC Heap History (0 events):
No events

Deoptimization events (20 events):
Event: 0.612 Thread 0x0000021aa3638170 DEOPT PACKING pc=0x0000021aab7c24f9 sp=0x00000038d8dfd800
Event: 0.612 Thread 0x0000021aa3638170 DEOPT UNPACKING pc=0x0000021aaafc2b43 sp=0x00000038d8dfcc60 mode 0
Event: 0.615 Thread 0x0000021aa3638170 DEOPT PACKING pc=0x0000021aab8cbc73 sp=0x00000038d8dfc240
Event: 0.615 Thread 0x0000021aa3638170 DEOPT UNPACKING pc=0x0000021aaafc2b43 sp=0x00000038d8dfb758 mode 0
Event: 0.629 Thread 0x0000021aa3638170 Uncommon trap: trap_request=0xffffff45 fr.pc=0x0000021ab2b678c8 relative=0x00000000000002a8
Event: 0.629 Thread 0x0000021aa3638170 Uncommon trap: reason=unstable_if action=reinterpret pc=0x0000021ab2b678c8 method=java.util.HashMap.getNode(Ljava/lang/Object;)Ljava/util/HashMap$Node; @ 66 c2
Event: 0.629 Thread 0x0000021aa3638170 DEOPT PACKING pc=0x0000021ab2b678c8 sp=0x00000038d8dfebe0
Event: 0.629 Thread 0x0000021aa3638170 DEOPT UNPACKING pc=0x0000021aaafc23a3 sp=0x00000038d8dfeb70 mode 2
Event: 0.629 Thread 0x0000021aa3638170 Uncommon trap: trap_request=0xffffffc6 fr.pc=0x0000021ab2b6292c relative=0x00000000000010cc
Event: 0.629 Thread 0x0000021aa3638170 Uncommon trap: reason=bimorphic_or_optimized_type_check action=maybe_recompile pc=0x0000021ab2b6292c method=java.util.HashMap.putVal(ILjava/lang/Object;Ljava/lang/Object;ZZ)Ljava/lang/Object; @ 91 c2
Event: 0.629 Thread 0x0000021aa3638170 DEOPT PACKING pc=0x0000021ab2b6292c sp=0x00000038d8dfeb90
Event: 0.629 Thread 0x0000021aa3638170 DEOPT UNPACKING pc=0x0000021aaafc23a3 sp=0x00000038d8dfeb38 mode 2
Event: 0.629 Thread 0x0000021aa3638170 Uncommon trap: trap_request=0xffffffde fr.pc=0x0000021ab2b60650 relative=0x0000000000000eb0
Event: 0.629 Thread 0x0000021aa3638170 Uncommon trap: reason=class_check action=maybe_recompile pc=0x0000021ab2b60650 method=java.util.concurrent.ConcurrentHashMap.putVal(Ljava/lang/Object;Ljava/lang/Object;Z)Ljava/lang/Object; @ 242 c2
Event: 0.629 Thread 0x0000021aa3638170 DEOPT PACKING pc=0x0000021ab2b60650 sp=0x00000038d8dfeca0
Event: 0.629 Thread 0x0000021aa3638170 DEOPT UNPACKING pc=0x0000021aaafc23a3 sp=0x00000038d8dfec30 mode 2
Event: 0.629 Thread 0x0000021aa3638170 Uncommon trap: trap_request=0xffffff45 fr.pc=0x0000021ab2b5a304 relative=0x0000000000000364
Event: 0.629 Thread 0x0000021aa3638170 Uncommon trap: reason=unstable_if action=reinterpret pc=0x0000021ab2b5a304 method=java.util.concurrent.ConcurrentHashMap.get(Ljava/lang/Object;)Ljava/lang/Object; @ 152 c2
Event: 0.629 Thread 0x0000021aa3638170 DEOPT PACKING pc=0x0000021ab2b5a304 sp=0x00000038d8dfed70
Event: 0.629 Thread 0x0000021aa3638170 DEOPT UNPACKING pc=0x0000021aaafc23a3 sp=0x00000038d8dfed08 mode 2

Classes loaded (20 events):
Event: 0.607 Loading class java/util/concurrent/atomic/AtomicBoolean
Event: 0.607 Loading class java/util/concurrent/atomic/AtomicBoolean done
Event: 0.608 Loading class java/util/concurrent/atomic/AtomicIntegerArray
Event: 0.608 Loading class java/util/concurrent/atomic/AtomicIntegerArray done
Event: 0.609 Loading class java/util/UUID
Event: 0.609 Loading class java/util/UUID done
Event: 0.609 Loading class java/util/Currency
Event: 0.609 Loading class java/util/Currency done
Event: 0.612 Loading class java/util/concurrent/atomic/AtomicLongArray
Event: 0.613 Loading class java/util/concurrent/atomic/AtomicLongArray done
Event: 0.617 Loading class sun/nio/cs/StreamDecoder
Event: 0.617 Loading class sun/nio/cs/StreamDecoder done
Event: 0.617 Loading class sun/nio/cs/UTF_8$Decoder
Event: 0.617 Loading class sun/nio/cs/UTF_8$Decoder done
Event: 0.620 Loading class java/io/InvalidObjectException
Event: 0.620 Loading class java/io/ObjectStreamException
Event: 0.620 Loading class java/io/ObjectStreamException done
Event: 0.620 Loading class java/io/InvalidObjectException done
Event: 0.621 Loading class java/io/BufferedReader
Event: 0.622 Loading class java/io/BufferedReader done

Classes unloaded (0 events):
No events

Classes redefined (0 events):
No events

Internal exceptions (20 events):
Event: 0.481 Thread 0x0000021aa3638170 Exception <a 'java/lang/NoSuchMethodError'{0x000000011e9067d8}: 'void java.lang.System.loadLibrary(java.lang.String, java.lang.Class)'> (0x000000011e9067d8) 
thrown [s\open\src\hotspot\share\interpreter\linkResolver.cpp, line 759]
Event: 0.484 Thread 0x0000021aa3638170 Exception <a 'sun/nio/fs/WindowsException'{0x000000011e916b60}> (0x000000011e916b60) 
thrown [s\open\src\hotspot\share\prims\jni.cpp, line 516]
Event: 0.484 Thread 0x0000021aa3638170 Exception <a 'sun/nio/fs/WindowsException'{0x000000011e916f08}> (0x000000011e916f08) 
thrown [s\open\src\hotspot\share\prims\jni.cpp, line 516]
Event: 0.486 Thread 0x0000021aa3638170 Exception <a 'sun/nio/fs/WindowsException'{0x000000011e91f688}> (0x000000011e91f688) 
thrown [s\open\src\hotspot\share\prims\jni.cpp, line 516]
Event: 0.486 Thread 0x0000021aa3638170 Exception <a 'sun/nio/fs/WindowsException'{0x000000011e91f968}> (0x000000011e91f968) 
thrown [s\open\src\hotspot\share\prims\jni.cpp, line 516]
Event: 0.548 Thread 0x0000021aa3638170 Exception <a 'java/lang/NoSuchMethodError'{0x000000011eef99d8}: 'java.lang.Object java.lang.invoke.DirectMethodHandle$Holder.invokeStaticInit(java.lang.Object, java.lang.Object, java.lang.Object, java.lang.Object, java.lang.Object, java.lang.Object, java.lang.Object)'> (0x000000011eef99d8) 
thrown [s\open\src\hotspot\share\interpreter\linkResolver.cpp, line 759]
Event: 0.551 Thread 0x0000021aa3638170 Exception <a 'java/lang/NoSuchMethodError'{0x000000011ef1f678}: 'int java.lang.invoke.DirectMethodHandle$Holder.invokeVirtual(java.lang.Object, java.lang.Object, java.lang.Object)'> (0x000000011ef1f678) 
thrown [s\open\src\hotspot\share\interpreter\linkResolver.cpp, line 759]
Event: 0.551 Thread 0x0000021aa3638170 Exception <a 'java/lang/NoSuchMethodError'{0x000000011ef22cb8}: 'int java.lang.invoke.DirectMethodHandle$Holder.invokeVirtual(java.lang.Object, java.lang.Object)'> (0x000000011ef22cb8) 
thrown [s\open\src\hotspot\share\interpreter\linkResolver.cpp, line 759]
Event: 0.552 Thread 0x0000021aa3638170 Exception <a 'java/lang/NoSuchMethodError'{0x000000011ef26d90}: 'int java.lang.invoke.DirectMethodHandle$Holder.invokeStaticInit(java.lang.Object, java.lang.Object, java.lang.Object)'> (0x000000011ef26d90) 
thrown [s\open\src\hotspot\share\interpreter\linkResolver.cpp, line 759]
Event: 0.552 Thread 0x0000021aa3638170 Exception <a 'java/lang/NoSuchMethodError'{0x000000011ef2a398}: 'int java.lang.invoke.DirectMethodHandle$Holder.invokeStaticInit(java.lang.Object, int, int)'> (0x000000011ef2a398) 
thrown [s\open\src\hotspot\share\interpreter\linkResolver.cpp, line 759]
Event: 0.552 Thread 0x0000021aa3638170 Exception <a 'java/lang/NoSuchMethodError'{0x000000011ef318f8}: 'int java.lang.invoke.DirectMethodHandle$Holder.invokeStaticInit(java.lang.Object, long, long)'> (0x000000011ef318f8) 
thrown [s\open\src\hotspot\share\interpreter\linkResolver.cpp, line 759]
Event: 0.553 Thread 0x0000021aa3638170 Exception <a 'java/lang/NoSuchMethodError'{0x000000011ef384a8}: 'int java.lang.invoke.DirectMethodHandle$Holder.invokeStaticInit(java.lang.Object, float, float)'> (0x000000011ef384a8) 
thrown [s\open\src\hotspot\share\interpreter\linkResolver.cpp, line 759]
Event: 0.553 Thread 0x0000021aa3638170 Exception <a 'java/lang/NoSuchMethodError'{0x000000011ef3f050}: 'int java.lang.invoke.DirectMethodHandle$Holder.invokeStaticInit(java.lang.Object, double, double)'> (0x000000011ef3f050) 
thrown [s\open\src\hotspot\share\interpreter\linkResolver.cpp, line 759]
Event: 0.553 Thread 0x0000021aa3638170 Exception <a 'java/lang/NoSuchMethodError'{0x000000011ef432b0}: 'int java.lang.invoke.DirectMethodHandle$Holder.invokeStatic(java.lang.Object, long)'> (0x000000011ef432b0) 
thrown [s\open\src\hotspot\share\interpreter\linkResolver.cpp, line 759]
Event: 0.555 Thread 0x0000021aa3638170 Exception <a 'java/lang/NoSuchMethodError'{0x000000011ef592f0}: 'int java.lang.invoke.DirectMethodHandle$Holder.invokeSpecial(java.lang.Object, java.lang.Object, int)'> (0x000000011ef592f0) 
thrown [s\open\src\hotspot\share\interpreter\linkResolver.cpp, line 759]
Event: 0.556 Thread 0x0000021aa3638170 Exception <a 'java/lang/NoSuchMethodError'{0x000000011ef6e570}: 'int java.lang.invoke.Invokers$Holder.linkToTargetMethod(java.lang.Object, java.lang.Object)'> (0x000000011ef6e570) 
thrown [s\open\src\hotspot\share\interpreter\linkResolver.cpp, line 759]
Event: 0.564 Thread 0x0000021aa3638170 Exception <a 'java/lang/NoSuchMethodError'{0x000000011d004af0}: 'void java.lang.invoke.DirectMethodHandle$Holder.invokeStaticInit(java.lang.Object, java.lang.Object, java.lang.Object)'> (0x000000011d004af0) 
thrown [s\open\src\hotspot\share\interpreter\linkResolver.cpp, line 759]
Event: 0.566 Thread 0x0000021aa3638170 Exception <a 'java/lang/NoSuchMethodError'{0x000000011d0370b8}: 'void java.lang.invoke.DirectMethodHandle$Holder.invokeVirtual(java.lang.Object, java.lang.Object, int)'> (0x000000011d0370b8) 
thrown [s\open\src\hotspot\share\interpreter\linkResolver.cpp, line 759]
Event: 0.568 Thread 0x0000021aa3638170 Exception <a 'java/lang/NoSuchMethodError'{0x000000011d0512c0}: 'void java.lang.invoke.DirectMethodHandle$Holder.invokeSpecial(java.lang.Object, java.lang.Object, int)'> (0x000000011d0512c0) 
thrown [s\open\src\hotspot\share\interpreter\linkResolver.cpp, line 759]
Event: 0.627 Thread 0x0000021aa3638170 Exception <a 'java/lang/NoSuchMethodError'{0x000000011da7aca8}: 'void java.lang.invoke.DirectMethodHandle$Holder.invokeStaticInit(java.lang.Object, int, int, java.lang.Object)'> (0x000000011da7aca8) 
thrown [s\open\src\hotspot\share\interpreter\linkResolver.cpp, line 759]

VM Operations (12 events):
Event: 0.046 Executing VM operation: HandshakeAllThreads
Event: 0.046 Executing VM operation: HandshakeAllThreads done
Event: 0.059 Executing VM operation: ChangeBreakpoints
Event: 0.059 Executing VM operation: ChangeBreakpoints done
Event: 0.095 Executing VM operation: ChangeBreakpoints
Event: 0.095 Executing VM operation: ChangeBreakpoints done
Event: 0.258 Executing VM operation: HandshakeAllThreads
Event: 0.258 Executing VM operation: HandshakeAllThreads done
Event: 0.263 Executing VM operation: HandshakeAllThreads
Event: 0.263 Executing VM operation: HandshakeAllThreads done
Event: 0.492 Executing VM operation: HandshakeAllThreads
Event: 0.492 Executing VM operation: HandshakeAllThreads done

Events (20 events):
Event: 0.046 Thread 0x0000021ae6e6bd30 Thread added: 0x0000021ae6e6bd30
Event: 0.046 Thread 0x0000021ae6e78240 Thread added: 0x0000021ae6e78240
Event: 0.058 Thread 0x0000021ae70147f0 Thread added: 0x0000021ae70147f0
Event: 0.058 Thread 0x0000021ae6fe57f0 Thread added: 0x0000021ae6fe57f0
Event: 0.059 Thread 0x0000021ae6fe5ec0 Thread added: 0x0000021ae6fe5ec0
Event: 0.102 Loaded shared library C:\Program Files\Java\jdk-18.0.2\bin\zip.dll
Event: 0.104 Loaded shared library C:\Program Files\Java\jdk-18.0.2\bin\instrument.dll
Event: 0.107 Loaded shared library C:\Program Files\Java\jdk-18.0.2\bin\net.dll
Event: 0.107 Loaded shared library C:\Program Files\Java\jdk-18.0.2\bin\nio.dll
Event: 0.110 Loaded shared library C:\Program Files\Java\jdk-18.0.2\bin\zip.dll
Event: 0.158 Loaded shared library C:\Program Files\Java\jdk-18.0.2\bin\jimage.dll
Event: 0.166 Thread 0x0000021aeb847b10 Thread added: 0x0000021aeb847b10
Event: 0.195 Thread 0x0000021aeb8df540 Thread added: 0x0000021aeb8df540
Event: 0.200 Thread 0x0000021aeb8cab60 Thread added: 0x0000021aeb8cab60
Event: 0.203 Loaded shared library C:\Program Files\Java\jdk-18.0.2\bin\verify.dll
Event: 0.264 Loaded shared library C:\Users\marvi\AppData\Local\Temp\lwjglmarvi\3.3.1-build-7\lwjgl.dll
Event: 0.478 Thread 0x0000021aeb8df540 Thread exited: 0x0000021aeb8df540
Event: 0.485 Loaded shared library C:\Users\marvi\AppData\Local\Temp\lwjglmarvi\3.3.1-build-7\lwjgl_opengl.dll
Event: 0.496 Thread 0x0000021aeb9e1380 Thread added: 0x0000021aeb9e1380
Event: 0.585 Thread 0x0000021aef2cb1c0 Thread added: 0x0000021aef2cb1c0


Dynamic libraries:
0x00007ff7d6730000 - 0x00007ff7d6740000 	C:\Program Files\Java\jdk-18.0.2\bin\javaw.exe
0x00007ffb70110000 - 0x00007ffb70308000 	C:\WINDOWS\SYSTEM32\ntdll.dll
0x00007ffb6eb00000 - 0x00007ffb6ebbd000 	C:\WINDOWS\System32\KERNEL32.DLL
0x00007ffb6dbc0000 - 0x00007ffb6de92000 	C:\WINDOWS\System32\KERNELBASE.dll
0x00007ffb6d820000 - 0x00007ffb6d920000 	C:\WINDOWS\System32\ucrtbase.dll
0x00007ffb52e40000 - 0x00007ffb52e58000 	C:\Program Files\Java\jdk-18.0.2\bin\jli.dll
0x00007ffb46710000 - 0x00007ffb4672a000 	C:\Program Files\Java\jdk-18.0.2\bin\VCRUNTIME140.dll
0x00007ffb6fbc0000 - 0x00007ffb6fc6e000 	C:\WINDOWS\System32\ADVAPI32.dll
0x00007ffb6fa70000 - 0x00007ffb6fb0e000 	C:\WINDOWS\System32\msvcrt.dll
0x00007ffb6e990000 - 0x00007ffb6ea2c000 	C:\WINDOWS\System32\sechost.dll
0x00007ffb6f1e0000 - 0x00007ffb6f305000 	C:\WINDOWS\System32\RPCRT4.dll
0x00007ffb6ff30000 - 0x00007ffb700cd000 	C:\WINDOWS\System32\USER32.dll
0x00007ffb6da00000 - 0x00007ffb6da22000 	C:\WINDOWS\System32\win32u.dll
0x00007ffb4daf0000 - 0x00007ffb4dd8a000 	C:\WINDOWS\WinSxS\amd64_microsoft.windows.common-controls_6595b64144ccf1df_6.0.19041.1110_none_60b5254171f9507e\COMCTL32.dll
0x00007ffb6f150000 - 0x00007ffb6f17b000 	C:\WINDOWS\System32\GDI32.dll
0x00007ffb6dea0000 - 0x00007ffb6dfaf000 	C:\WINDOWS\System32\gdi32full.dll
0x00007ffb6dfb0000 - 0x00007ffb6e04d000 	C:\WINDOWS\System32\msvcp_win.dll
0x00007ffb66dc0000 - 0x00007ffb66dca000 	C:\WINDOWS\SYSTEM32\VERSION.dll
0x00007ffb6fa40000 - 0x00007ffb6fa70000 	C:\WINDOWS\System32\IMM32.DLL
0x00007ffb6aaf0000 - 0x00007ffb6aafc000 	C:\Program Files\Java\jdk-18.0.2\bin\vcruntime140_1.dll
0x00007ffb2ffd0000 - 0x00007ffb3005d000 	C:\Program Files\Java\jdk-18.0.2\bin\msvcp140.dll
0x00007ffae8650000 - 0x00007ffae9261000 	C:\Program Files\Java\jdk-18.0.2\bin\server\jvm.dll
0x00007ffb6f3e0000 - 0x00007ffb6f3e8000 	C:\WINDOWS\System32\PSAPI.DLL
0x00007ffb531c0000 - 0x00007ffb531c9000 	C:\WINDOWS\SYSTEM32\WSOCK32.dll
0x00007ffb5d890000 - 0x00007ffb5d8b7000 	C:\WINDOWS\SYSTEM32\WINMM.dll
0x00007ffb6e1d0000 - 0x00007ffb6e23b000 	C:\WINDOWS\System32\WS2_32.dll
0x00007ffb6c090000 - 0x00007ffb6c0a2000 	C:\WINDOWS\SYSTEM32\kernel.appcore.dll
0x00007ffb6aa20000 - 0x00007ffb6aa2a000 	C:\Program Files\Java\jdk-18.0.2\bin\jimage.dll
0x00007ffb59780000 - 0x00007ffb59964000 	C:\WINDOWS\SYSTEM32\DBGHELP.DLL
0x00007ffb531d0000 - 0x00007ffb531fc000 	C:\WINDOWS\SYSTEM32\dbgcore.DLL
0x00007ffb6d920000 - 0x00007ffb6d9a2000 	C:\WINDOWS\System32\bcryptPrimitives.dll
0x00007ffb43580000 - 0x00007ffb435bb000 	C:\Program Files\Java\jdk-18.0.2\bin\jdwp.dll
0x00007ffb6aa30000 - 0x00007ffb6aa3e000 	C:\Program Files\Java\jdk-18.0.2\bin\instrument.dll
0x00007ffb3ed40000 - 0x00007ffb3ed65000 	C:\Program Files\Java\jdk-18.0.2\bin\java.dll
0x00007ffb26a70000 - 0x00007ffb26b46000 	C:\Program Files\Java\jdk-18.0.2\bin\jsvml.dll
0x00007ffb6e240000 - 0x00007ffb6e983000 	C:\WINDOWS\System32\SHELL32.dll
0x00007ffb6b770000 - 0x00007ffb6bf01000 	C:\WINDOWS\SYSTEM32\windows.storage.dll
0x00007ffb6f6e0000 - 0x00007ffb6fa34000 	C:\WINDOWS\System32\combase.dll
0x00007ffb6d280000 - 0x00007ffb6d2b0000 	C:\WINDOWS\SYSTEM32\Wldp.dll
0x00007ffb6fc70000 - 0x00007ffb6fd1d000 	C:\WINDOWS\System32\SHCORE.dll
0x00007ffb6e170000 - 0x00007ffb6e1c5000 	C:\WINDOWS\System32\shlwapi.dll
0x00007ffb6d760000 - 0x00007ffb6d77f000 	C:\WINDOWS\SYSTEM32\profapi.dll
0x00007ffb5b670000 - 0x00007ffb5b67c000 	C:\Program Files\Java\jdk-18.0.2\bin\dt_socket.dll
0x00007ffb6cc80000 - 0x00007ffb6ccbb000 	C:\WINDOWS\SYSTEM32\IPHLPAPI.DLL
0x00007ffb6cfe0000 - 0x00007ffb6d04a000 	C:\WINDOWS\system32\mswsock.dll
0x00007ffb6ccd0000 - 0x00007ffb6cd9a000 	C:\WINDOWS\SYSTEM32\DNSAPI.dll
0x00007ffb6f310000 - 0x00007ffb6f318000 	C:\WINDOWS\System32\NSI.dll
0x000000006bca0000 - 0x000000006bcaa000 	C:\Program Files\National Instruments\Shared\mDNS Responder\nimdnsNSP.dll
0x000000006bc90000 - 0x000000006bca0000 	C:\WINDOWS\SYSTEM32\nimdnsResponder.dll
0x00007ffb65850000 - 0x00007ffb6585a000 	C:\Windows\System32\rasadhlp.dll
0x00007ffb64ff0000 - 0x00007ffb65070000 	C:\WINDOWS\System32\fwpuclnt.dll
0x00007ffb6da30000 - 0x00007ffb6da57000 	C:\WINDOWS\System32\bcrypt.dll
0x00007ffb3e0a0000 - 0x00007ffb3e0b8000 	C:\Program Files\Java\jdk-18.0.2\bin\zip.dll
0x00007ffb40d10000 - 0x00007ffb40d23000 	C:\Program Files\Java\jdk-18.0.2\bin\net.dll
0x00007ffb66330000 - 0x00007ffb6643d000 	C:\WINDOWS\SYSTEM32\WINHTTP.dll
0x00007ffb3edd0000 - 0x00007ffb3ede6000 	C:\Program Files\Java\jdk-18.0.2\bin\nio.dll
0x00007ffb65820000 - 0x00007ffb65830000 	C:\Program Files\Java\jdk-18.0.2\bin\verify.dll
0x00007ffb2d6e0000 - 0x00007ffb2d755000 	C:\Users\marvi\AppData\Local\Temp\lwjglmarvi\3.3.1-build-7\lwjgl.dll
0x00007ffb2caf0000 - 0x00007ffb2cb51000 	C:\Users\marvi\AppData\Local\Temp\lwjglmarvi\3.3.1-build-7\glfw.dll
0x00007ffb40d80000 - 0x00007ffb40dc5000 	C:\WINDOWS\SYSTEM32\dinput8.dll
0x00007ffb52e60000 - 0x00007ffb52e71000 	C:\WINDOWS\SYSTEM32\xinput1_4.dll
0x00007ffb6d9b0000 - 0x00007ffb6d9fe000 	C:\WINDOWS\System32\cfgmgr32.dll
0x00007ffb6d5d0000 - 0x00007ffb6d5fc000 	C:\WINDOWS\SYSTEM32\DEVOBJ.dll
0x00007ffb6b1b0000 - 0x00007ffb6b1df000 	C:\WINDOWS\SYSTEM32\dwmapi.dll
0x00007ffb39090000 - 0x00007ffb391e2000 	C:\WINDOWS\SYSTEM32\inputhost.dll
0x00007ffb6ea30000 - 0x00007ffb6eafd000 	C:\WINDOWS\System32\OLEAUT32.dll
0x00007ffb699a0000 - 0x00007ffb69af4000 	C:\WINDOWS\SYSTEM32\wintypes.dll
0x00007ffb6a410000 - 0x00007ffb6a502000 	C:\WINDOWS\SYSTEM32\CoreMessaging.dll
0x00007ffb6bf10000 - 0x00007ffb6c006000 	C:\WINDOWS\SYSTEM32\PROPSYS.dll
0x00007ffb6a0a0000 - 0x00007ffb6a3fe000 	C:\WINDOWS\SYSTEM32\CoreUIComponents.dll
0x00007ffb6c9b0000 - 0x00007ffb6c9e3000 	C:\WINDOWS\SYSTEM32\ntmarta.dll
0x00007ffb6ae20000 - 0x00007ffb6aebe000 	C:\WINDOWS\system32\uxtheme.dll
0x00007ffb6ebc0000 - 0x00007ffb6ecd5000 	C:\WINDOWS\System32\MSCTF.dll
0x00007ffb2b270000 - 0x00007ffb2b397000 	C:\WINDOWS\SYSTEM32\opengl32.dll
0x00007ffb3b860000 - 0x00007ffb3b88c000 	C:\WINDOWS\SYSTEM32\GLU32.dll
0x00007ffb6f330000 - 0x00007ffb6f3df000 	C:\WINDOWS\System32\clbcatq.dll
0x00007ffae44b0000 - 0x00007ffae6fd0000 	C:\WINDOWS\System32\DriverStore\FileRepository\nvmd.inf_amd64_0da8f93391b94ddf\nvoglv64.dll
0x00007ffb6ece0000 - 0x00007ffb6f14f000 	C:\WINDOWS\System32\SETUPAPI.dll
0x00007ffb6f3f0000 - 0x00007ffb6f51a000 	C:\WINDOWS\System32\ole32.dll
0x00007ffb69b10000 - 0x00007ffb69b24000 	C:\WINDOWS\SYSTEM32\WTSAPI32.dll
0x00007ffb6d410000 - 0x00007ffb6d422000 	C:\WINDOWS\SYSTEM32\msasn1.dll
0x00007ffb66ca0000 - 0x00007ffb66cd1000 	C:\WINDOWS\SYSTEM32\cryptnet.dll
0x00007ffb6da60000 - 0x00007ffb6dbb6000 	C:\WINDOWS\System32\CRYPT32.dll
0x00007ffb65070000 - 0x00007ffb651b8000 	C:\WINDOWS\SYSTEM32\drvstore.dll
0x00007ffb6d1f0000 - 0x00007ffb6d1fc000 	C:\WINDOWS\SYSTEM32\cryptbase.dll
0x00007ffb6e100000 - 0x00007ffb6e169000 	C:\WINDOWS\System32\WINTRUST.dll
0x00007ffb67990000 - 0x00007ffb679cb000 	C:\WINDOWS\SYSTEM32\dxcore.dll
0x00007ffb26c70000 - 0x00007ffb26f37000 	C:\WINDOWS\system32\nvspcap64.dll
0x00007ffb6cda0000 - 0x00007ffb6cdeb000 	C:\WINDOWS\SYSTEM32\powrprof.dll
0x00007ffb6cc60000 - 0x00007ffb6cc72000 	C:\WINDOWS\SYSTEM32\UMPDC.dll
0x00007ffb6c520000 - 0x00007ffb6c584000 	C:\WINDOWS\SYSTEM32\WINSTA.dll
0x00007ffb391f0000 - 0x00007ffb392e9000 	C:\WINDOWS\SYSTEM32\textinputframework.dll
0x00007ffb30060000 - 0x00007ffb300bd000 	C:\Users\marvi\AppData\Local\Temp\lwjglmarvi\3.3.1-build-7\lwjgl_opengl.dll

dbghelp: loaded successfully - version: 4.0.5 - missing functions: none
symbol engine: initialized successfully - sym options: 0x614 - pdb path: .;C:\Program Files\Java\jdk-18.0.2\bin;C:\WINDOWS\SYSTEM32;C:\WINDOWS\WinSxS\amd64_microsoft.windows.common-controls_6595b64144ccf1df_6.0.19041.1110_none_60b5254171f9507e;C:\Program Files\Java\jdk-18.0.2\bin\server;C:\Program Files\National Instruments\Shared\mDNS Responder;C:\Users\marvi\AppData\Local\Temp\lwjglmarvi\3.3.1-build-7;C:\WINDOWS\System32\DriverStore\FileRepository\nvmd.inf_amd64_0da8f93391b94ddf

VM Arguments:
jvm_args: -XX:+ShowCodeDetailsInExceptionMessages -agentlib:jdwp=transport=dt_socket,suspend=y,address=localhost:63358 -javaagent:D:\Eclipse\eclipse\configuration\org.eclipse.osgi\228\0\.cp\lib\javaagent-shaded.jar -Dfile.encoding=UTF-8 
java_command: de.m_marvin.renderengine.RenderEngineTest
java_class_path (initial): E:\GitHub\LIBRARY-RenderEngine\RenderEngine\bin\default;C:\Users\marvi\.gradle\caches\modules-2\files-2.1\org.lwjgl\lwjgl-assimp\3.3.1\312072f451794f25670aebb0160ce6ec88aff842\lwjgl-assimp-3.3.1.jar;C:\Users\marvi\.gradle\caches\modules-2\files-2.1\org.lwjgl\lwjgl-glfw\3.3.1\cbac1b8d30cb4795149c1ef540f912671a8616d0\lwjgl-glfw-3.3.1.jar;C:\Users\marvi\.gradle\caches\modules-2\files-2.1\org.lwjgl\lwjgl-jawt\3.3.1\30330b16b809655d42f4951ece57f425cce43ce2\lwjgl-jawt-3.3.1.jar;C:\Users\marvi\.gradle\caches\modules-2\files-2.1\org.lwjgl\lwjgl-openal\3.3.1\2623a6b8ae1dfcd880738656a9f0243d2e6840bd\lwjgl-openal-3.3.1.jar;C:\Users\marvi\.gradle\caches\modules-2\files-2.1\org.lwjgl\lwjgl-opengl\3.3.1\831a5533a21a5f4f81bbc51bb13e9899319b5411\lwjgl-opengl-3.3.1.jar;C:\Users\marvi\.gradle\caches\modules-2\files-2.1\org.lwjgl\lwjgl-stb\3.3.1\b119297cf8ed01f247abe8685857f8e7fcf5980f\lwjgl-stb-3.3.1.jar;C:\Users\marvi\.gradle\caches\modules-2\files-2.1\org.lwjgl\lwjgl\3.3.1\ae58664f88e18a9bb2c77b063833ca7aaec484cb\lwjgl-3.3.1.jar;C:\Users\marvi\.gradle\caches\modules-2\files-2.1\com.google.guava\guava\16.0.1\5fa98cd1a63c99a44dd8d3b77e4762b066a5d0c5\guava-16.0.1.jar;C:\Users\marvi\.gradle\caches\modules-2\files-2.1\com.google.code.gson\gson\2.9.1\2cc2131b98ebfb04e2b2c7dfb84431f4045096b\gson-2.9.1.jar;C:\Users\marvi\.gradle\caches\modules-2\files-2.1\org.lwjgl\lwjgl-assimp\3.3.1\bfa2a0d57acbf952b716d0ad8a3acbd7ad9f5639\lwjgl-assimp-3.3.1-natives-windows.jar;C:\Users\marvi\.gradle\caches\modules-2\files-2.1\org.lwjgl\lwjgl-glfw\3.3.1\ed892f945cf7e79c8756796f32d00fa4ceaf573b\lwjgl-glfw-3.3.1-natives-windows.jar;C:\Users\marvi\.gradle\caches\modules-2\files-2.1\org.lwjgl\lwjgl-openal\3.3.1\30a474d0e57193d7bc128849a3ab66bc9316fdb1\lwjgl-openal-3.3.1-natives-windows.jar;C:\Users\marvi\.gradle\caches\modules-2\files-2.1\org.lwjgl\lwjgl-opengl\3.3.1\c1807e9bd571402787d7e37e3029776ae2513bb8\lwjgl-opengl-3.3.1-natives-windows.jar;C:\Users\marvi\.gradle\caches\modules-2\files-2.1\org.lwjgl\lwjgl-stb\3.3.1\86315914ac119efdb02dc9e8e978ade84f1702af\lwjgl-stb-3.3.1-natives-windows.jar;C:\Users\marvi\.gradle\caches\modules-2\files-2.1\org.lwjgl\lwjgl\3.3.1\36c37f16ab611b3aa11f3bcf80b1d509b4ce6b\lwjgl-3.3.1-natives-windows.jar
Launcher Type: SUN_STANDARD

[Global flags]
     intx CICompilerCount                          = 12                                        {product} {ergonomic}
     uint ConcGCThreads                            = 5                                         {product} {ergonomic}
     uint G1ConcRefinementThreads                  = 18                                        {product} {ergonomic}
   size_t G1HeapRegionSize                         = 16777216                                  {product} {ergonomic}
    uintx GCDrainStackTargetSize                   = 64                                        {product} {ergonomic}
   size_t InitialHeapSize                          = 2147483648                                {product} {ergonomic}
   size_t MarkStackSize                            = 4194304                                   {product} {ergonomic}
   size_t MaxHeapSize                              = 31675383808                               {product} {ergonomic}
   size_t MaxNewSize                               = 18991808512                               {product} {ergonomic}
   size_t MinHeapDeltaBytes                        = 16777216                                  {product} {ergonomic}
   size_t MinHeapSize                              = 16777216                                  {product} {ergonomic}
    uintx NonNMethodCodeHeapSize                   = 7602480                                {pd product} {ergonomic}
    uintx NonProfiledCodeHeapSize                  = 122027880                              {pd product} {ergonomic}
    uintx ProfiledCodeHeapSize                     = 122027880                              {pd product} {ergonomic}
    uintx ReservedCodeCacheSize                    = 251658240                              {pd product} {ergonomic}
     bool SegmentedCodeCache                       = true                                      {product} {ergonomic}
     bool ShowCodeDetailsInExceptionMessages       = true                                   {manageable} {command line}
   size_t SoftMaxHeapSize                          = 31675383808                            {manageable} {ergonomic}
     bool UseCompressedClassPointers               = true                           {product lp64_product} {ergonomic}
     bool UseCompressedOops                        = true                           {product lp64_product} {ergonomic}
     bool UseG1GC                                  = true                                      {product} {ergonomic}
     bool UseLargePagesIndividualAllocation        = false                                  {pd product} {ergonomic}

Logging:
Log output configuration:
 #0: stdout all=warning uptime,level,tags foldmultilines=false
 #1: stderr all=off uptime,level,tags foldmultilines=false

Environment Variables:
JAVA_HOME=C:\Program Files\Java\jdk-17.0.2
PATH=C:\Program Files\Common Files\Oracle\Java\javapath;C:\Program Files\Eclipse Foundation\jdk-8.0.302.8-hotspot\bin;C:\Program Files\Eclipse Adoptium\jdk-11.0.13.8-hotspot\bin;D:\TIAPortal\SCADA-RT_V11\WinCC\Bin;C:\Program Files\Common Files\Siemens\Automation\Simatic OAM\bin;C:\Program Files (x86)\Common Files\Siemens\Bin;C:\Program Files (x86)\Common Files\Siemens\CommonArchiving;C:\Program Files (x86)\Common Files\Siemens\ACE\Bin;C:\Program Files (x86)\Common Files\Oracle\Java\javapath;C:\Windows\system32;C:\Windows;C:\Windows\System32\Wbem;C:\Windows\System32\WindowsPowerShell\v1.0\;C:\Windows\System32\OpenSSH\;C:\Program Files (x86)\NVIDIA Corporation\PhysX\Common;C:\Program Files\NVIDIA Corporation\NVIDIA NvDLISR;C:\Program Files (x86)\Microsoft SQL Server\100\Tools\Binn\;C:\Program Files (x86)\Microsoft SQL Server\100\DTS\Binn\;C:\WINDOWS\system32;C:\WINDOWS;C:\WINDOWS\System32\Wbem;C:\WINDOWS\System32\WindowsPowerShell\v1.0\;C:\WINDOWS\System32\OpenSSH\;C:\Program Files (x86)\IVI Foundation\VISA\WinNT\Bin\;C:\Program Files\IVI Foundation\VISA\Win64\Bin\;C:\Program Files (x86)\Microsoft SQL Server\90\Tools\binn\;C:\Program Files\Microsoft SQL Server\Client SDK\ODBC\130\Tools\Binn\;C:\Program Files (x86)\Microsoft SQL Server\130\Tools\Binn\;C:\Program Files\Microsoft SQL Server\130\Tools\Binn\;C:\Program Files\Microsoft SQL Server\130\DTS\Binn\;D:\TIAPortal\SCADA-RT_V11\WinCC\Interfaces;C:\Program Files (x86)\Common Files\Siemens\;C:\Program Files (x86)\Common Files\Siemens\Interfaces;C:\Program Files (x86)\Common Files\Siemens\ACE\Interfaces;C:\Program Files\Microsoft SQL Server\Client SDK\ODBC\170\Tools\Binn\;C:\Program Files\Java\jdk-17.0.2\bin;C:\Program Files (x86)\IVI Foundation\IVI\bin;C:\Program Files\IVI Foundation\IVI\bin;C:\Program Files (x86)\IVI Foundation\VISA\WinNT\Bin;C:\Program Files\dotnet\;C:\Program Files\Git\cmd;C:\Users\marvi\AppData\Local\Microsoft\WindowsApps;C:\Users\marvi\AppData\Local\GitHubDesktop\bin;C:\Users\marvi\.dotnet\tools;C:\Gradle\gradle-7.4.2\bin;
USERNAME=marvi
OS=Windows_NT
PROCESSOR_IDENTIFIER=AMD64 Family 23 Model 113 Stepping 0, AuthenticAMD



---------------  S Y S T E M  ---------------

OS:
 Windows 10 , 64 bit Build 19041 (10.0.19041.1889)
OS uptime: 0 days 8:20 hours

CPU: total 24 (initial active 24) (24 cores per cpu, 2 threads per core) family 23 model 113 stepping 0 microcode 0x0, cx8, cmov, fxsr, ht, mmx, 3dnowpref, sse, sse2, sse3, ssse3, sse4a, sse4.1, sse4.2, popcnt, lzcnt, tsc, tscinvbit, avx, avx2, aes, clmul, bmi1, bmi2, adx, sha, fma, vzeroupper, clflush, clflushopt

Memory: 4k page, system-wide physical 131023M (118900M free)
TotalPageFile size 150479M (AvailPageFile size 116122M)
current process WorkingSet (physical memory assigned to process): 135M, peak: 138M
current process commit charge ("private bytes"): 2301M, peak: 2304M

vm_info: Java HotSpot(TM) 64-Bit Server VM (18.0.2+9-61) for windows-amd64 JRE (18.0.2+9-61), built on Jun  7 2022 13:09:01 by "mach5one" with MS VC++ 16.8 / 16.9 (VS2019)

END.
