#
# A fatal error has been detected by the Java Runtime Environment:
#
#  EXCEPTION_ACCESS_VIOLATION (0xc0000005) at pc=0x00007ff9ee901020, pid=20660, tid=13756
#
# JRE version: Java(TM) SE Runtime Environment (18.0.2+9) (build 18.0.2+9-61)
# Java VM: Java HotSpot(TM) 64-Bit Server VM (18.0.2+9-61, mixed mode, sharing, tiered, compressed oops, compressed class ptrs, g1 gc, windows-amd64)
# Problematic frame:
# C  [nvoglv64.dll+0x851020]
#
# No core dump will be written. Minidumps are not enabled by default on client versions of Windows
#
# If you would like to submit a bug report, please visit:
#   https://bugreport.java.com/bugreport/crash.jsp
# The crash happened outside the Java Virtual Machine in native code.
# See problematic frame for where to report the bug.
#

---------------  S U M M A R Y ------------

Command Line: -XX:+ShowCodeDetailsInExceptionMessages -agentlib:jdwp=transport=dt_socket,suspend=y,address=localhost:60248 -javaagent:D:\Eclipse\eclipse\configuration\org.eclipse.osgi\228\0\.cp\lib\javaagent-shaded.jar -Dfile.encoding=UTF-8 de.m_marvin.renderengine.RenderEngine

Host: AMD Ryzen 9 3900X 12-Core Processor            , 24 cores, 127G,  Windows 10 , 64 bit Build 19041 (10.0.19041.1889)
Time: Sat Oct 15 21:17:54 2022 Mitteleuropäische Sommerzeit elapsed time: 0.680386 seconds (0d 0h 0m 0s)

---------------  T H R E A D  ---------------

Current thread (0x000001f7e7a27cc0):  JavaThread "main" [_thread_in_native, id=13756, stack(0x000000c550900000,0x000000c550a00000)]

Stack: [0x000000c550900000,0x000000c550a00000],  sp=0x000000c5509ff0c0,  free space=1020k
Native frames: (J=compiled Java code, j=interpreted, Vv=VM code, C=native code)
C  [nvoglv64.dll+0x851020]

Java frames: (J=compiled Java code, j=interpreted, Vv=VM code)
j  org.lwjgl.opengl.GL11C.nglDrawElements(IIIJ)V+0
j  org.lwjgl.opengl.GL11C.glDrawElements(IIIJ)V+4
j  org.lwjgl.opengl.GL11.glDrawElements(IIIJ)V+4
j  de.m_marvin.renderengine.GLStateManager.drawElements(III)V+4
j  de.m_marvin.renderengine.RenderEngine.start()V+486
j  de.m_marvin.renderengine.RenderEngine.main([Ljava/lang/String;)V+7
v  ~StubRoutines::call_stub

siginfo: EXCEPTION_ACCESS_VIOLATION (0xc0000005), reading address 0x0000000000000000


Register to memory mapping:

RIP=0x00007ff9ee901020 nvoglv64.dll
RAX=0x0 is NULL
RBX=0x0 is NULL
RCX=0x0 is NULL
RDX=0x000001f7d0cf0410 points into unknown readable memory: 0x0000000000000000 | 00 00 00 00 00 00 00 00
RSP=0x000000c5509ff0c0 is pointing into the stack for thread: 0x000001f7e7a27cc0
RBP=0x000000000000004c is an unknown value
RSI=0x0000000000000008 is an unknown value
RDI=0x000001f7ce515080 points into unknown readable memory: 0x0000000000000000 | 00 00 00 00 00 00 00 00
R8 =0x0000000000000008 is an unknown value
R9 =0x000001f7d0cf03ec points into unknown readable memory: 06 60 02 00
R10=0x000001f7d0cf0404 points into unknown readable memory: 00 00 00 00
R11=0x000000011ee49c48 is an oop: java.lang.Class 
{0x000000011ee49c48} - klass: 'java/lang/Class'
 - ---- fields (total size 116 words):
 - private volatile transient 'classRedefinedCount' 'I' @12  0
 - abstract internal 'klass' 'J' @16  34372445472 (c1e520 8)
 - abstract internal 'array_klass' 'J' @24  0 (0 0)
 - abstract internal 'oop_size' 'I' @32  116 (74)
 - abstract internal 'static_oop_field_count' 'I' @36  0
 - private volatile transient 'cachedConstructor' 'Ljava/lang/reflect/Constructor;' @40  NULL (0)
 - private transient 'name' 'Ljava/lang/String;' @44  "org.lwjgl.opengl.GL11C"{0x000000011ee49ff8} (23dc93ff)
 - private transient 'module' 'Ljava/lang/Module;' @48  a 'java/lang/Module'{0x000000011f06f8d8} (23e0df1b)
 - private final 'classLoader' 'Ljava/lang/ClassLoader;' @52  a 'jdk/internal/loader/ClassLoaders$AppClassLoader'{0x000000011f06f718} (23e0dee3)
 - private transient 'classData' 'Ljava/lang/Object;' @56  NULL (0)
 - private transient 'packageName' 'Ljava/lang/String;' @60  "org.lwjgl.opengl"{0x000000011e8b2330} (23d16466)
 - private final 'componentType' 'Ljava/lang/Class;' @64  NULL (0)
 - private volatile transient 'reflectionData' 'Ljava/lang/ref/SoftReference;' @68  NULL (0)
 - private volatile transient 'genericInfo' 'Lsun/reflect/generics/repository/ClassRepository;' @72  NULL (0)
 - private volatile transient 'enumConstants' '[Ljava/lang/Object;' @76  NULL (0)
 - private volatile transient 'enumConstantDirectory' 'Ljava/util/Map;' @80  NULL (0)
 - private volatile transient 'annotationData' 'Ljava/lang/Class$AnnotationData;' @84  NULL (0)
 - private volatile transient 'annotationType' 'Lsun/reflect/annotation/AnnotationType;' @88  NULL (0)
 - transient 'classValueMap' 'Ljava/lang/ClassValue$ClassValueMap;' @92  NULL (0)
 - abstract internal 'protection_domain' 'Ljava/lang/Object;' @96  a 'java/security/ProtectionDomain'{0x000000011e8c5380} (23d18a70)
 - abstract internal 'signers_name' 'Ljava/lang/Object;' @100  NULL (0)
 - abstract internal 'source_file' 'Ljava/lang/Object;' @104  NULL (0)
 - signature: Lorg/lwjgl/opengl/GL11C;
 - ---- static fields (0):
 - public static final 'GL_NEVER' 'I' @112  512 (200)
 - public static final 'GL_LESS' 'I' @116  513 (201)
 - public static final 'GL_EQUAL' 'I' @120  514 (202)
 - public static final 'GL_LEQUAL' 'I' @124  515 (203)
 - public static final 'GL_GREATER' 'I' @128  516 (204)
 - public static final 'GL_NOTEQUAL' 'I' @132  517 (205)
 - public static final 'GL_GEQUAL' 'I' @136  518 (206)
 - public static final 'GL_ALWAYS' 'I' @140  519 (207)
 - public static final 'GL_DEPTH_BUFFER_BIT' 'I' @144  256 (100)
 - public static final 'GL_STENCIL_BUFFER_BIT' 'I' @148  1024 (400)
 - public static final 'GL_COLOR_BUFFER_BIT' 'I' @152  16384 (4000)
 - public static final 'GL_POINTS' 'I' @156  0
 - public static final 'GL_LINES' 'I' @160  1
 - public static final 'GL_LINE_LOOP' 'I' @164  2
 - public static final 'GL_LINE_STRIP' 'I' @168  3
 - public static final 'GL_TRIANGLES' 'I' @172  4
 - public static final 'GL_TRIANGLE_STRIP' 'I' @176  5
 - public static final 'GL_TRIANGLE_FAN' 'I' @180  6
 - public static final 'GL_QUADS' 'I' @184  7
 - public static final 'GL_ZERO' 'I' @188  0
 - public static final 'GL_ONE' 'I' @192  1
 - public static final 'GL_SRC_COLOR' 'I' @196  768 (300)
 - public static final 'GL_ONE_MINUS_SRC_COLOR' 'I' @200  769 (301)
 - public static final 'GL_SRC_ALPHA' 'I' @204  770 (302)
 - public static final 'GL_ONE_MINUS_SRC_ALPHA' 'I' @208  771 (303)
 - public static final 'GL_DST_ALPHA' 'I' @212  772 (304)
 - public static final 'GL_ONE_MINUS_DST_ALPHA' 'I' @216  773 (305)
 - public static final 'GL_DST_COLOR' 'I' @220  774 (306)
 - public static final 'GL_ONE_MINUS_DST_COLOR' 'I' @224  775 (307)
 - public static final 'GL_SRC_ALPHA_SATURATE' 'I' @228  776 (308)
 - public static final 'GL_TRUE' 'I' @232  1
 - public static final 'GL_FALSE' 'I' @236  0
 - public static final 'GL_BYTE' 'I' @240  5120 (1400)
 - public static final 'GL_UNSIGNED_BYTE' 'I' @244  5121 (1401)
 - public static final 'GL_SHORT' 'I' @248  5122 (1402)
 - public static final 'GL_UNSIGNED_SHORT' 'I' @252  5123 (1403)
 - public static final 'GL_INT' 'I' @256  5124 (1404)
 - public static final 'GL_UNSIGNED_INT' 'I' @260  5125 (1405)
 - public static final 'GL_FLOAT' 'I' @264  5126 (1406)
 - public static final 'GL_DOUBLE' 'I' @268  5130 (140a)
 - public static final 'GL_NONE' 'I' @272  0
 - public static final 'GL_FRONT_LEFT' 'I' @276  1024 (400)
 - public static final 'GL_FRONT_RIGHT' 'I' @280  1025 (401)
 - public static final 'GL_BACK_LEFT' 'I' @284  1026 (402)
 - public static final 'GL_BACK_RIGHT' 'I' @288  1027 (403)
 - public static final 'GL_FRONT' 'I' @292  1028 (404)
 - public static final 'GL_BACK' 'I' @296  1029 (405)
 - public static final 'GL_LEFT' 'I' @300  1030 (406)
 - public static final 'GL_RIGHT' 'I' @304  1031 (407)
 - public static final 'GL_FRONT_AND_BACK' 'I' @308  1032 (408)
 - public static final 'GL_NO_ERROR' 'I' @312  0
 - public static final 'GL_INVALID_ENUM' 'I' @316  1280 (500)
 - public static final 'GL_INVALID_VALUE' 'I' @320  1281 (501)
 - public static final 'GL_INVALID_OPERATION' 'I' @324  1282 (502)
 - public static final 'GL_STACK_OVERFLOW' 'I' @328  1283 (503)
 - public static final 'GL_STACK_UNDERFLOW' 'I' @332  1284 (504)
 - public static final 'GL_OUT_OF_MEMORY' 'I' @336  1285 (505)
 - public static final 'GL_CW' 'I' @340  2304 (900)
 - public static final 'GL_CCW' 'I' @344  2305 (901)
 - public static final 'GL_POINT_SIZE' 'I' @348  2833 (b11)
 - public static final 'GL_POINT_SIZE_RANGE' 'I' @352  2834 (b12)
 - public static final 'GL_POINT_SIZE_GRANULARITY' 'I' @356  2835 (b13)
 - public static final 'GL_LINE_SMOOTH' 'I' @360  2848 (b20)
 - public static final 'GL_LINE_WIDTH' 'I' @364  2849 (b21)
 - public static final 'GL_LINE_WIDTH_RANGE' 'I' @368  2850 (b22)
 - public static final 'GL_LINE_WIDTH_GRANULARITY' 'I' @372  2851 (b23)
 - public static final 'GL_POLYGON_MODE' 'I' @376  2880 (b40)
 - public static final 'GL_POLYGON_SMOOTH' 'I' @380  2881 (b41)
 - public static final 'GL_CULL_FACE' 'I' @384  2884 (b44)
 - public static final 'GL_CULL_FACE_MODE' 'I' @388  2885 (b45)
 - public static final 'GL_FRONT_FACE' 'I' @392  2886 (b46)
 - public static final 'GL_DEPTH_RANGE' 'I' @396  2928 (b70)
 - public static final 'GL_DEPTH_TEST' 'I' @400  2929 (b71)
 - public static final 'GL_DEPTH_WRITEMASK' 'I' @404  2930 (b72)
 - public static final 'GL_DEPTH_CLEAR_VALUE' 'I' @408  2931 (b73)
 - public static final 'GL_DEPTH_FUNC' 'I' @412  2932 (b74)
 - public static final 'GL_STENCIL_TEST' 'I' @416  2960 (b90)
 - public static final 'GL_STENCIL_CLEAR_VALUE' 'I' @420  2961 (b91)
 - public static final 'GL_STENCIL_FUNC' 'I' @424  2962 (b92)
 - public static final 'GL_STENCIL_VALUE_MASK' 'I' @428  2963 (b93)
 - public static final 'GL_STENCIL_FAIL' 'I' @432  2964 (b94)
 - public static final 'GL_STENCIL_PASS_DEPTH_FAIL' 'I' @436  2965 (b95)
 - public static final 'GL_STENCIL_PASS_DEPTH_PASS' 'I' @440  2966 (b96)
 - public static final 'GL_STENCIL_REF' 'I' @444  2967 (b97)
 - public static final 'GL_STENCIL_WRITEMASK' 'I' @448  2968 (b98)
 - public static final 'GL_VIEWPORT' 'I' @452  2978 (ba2)
 - public static final 'GL_DITHER' 'I' @456  3024 (bd0)
 - public static final 'GL_BLEND_DST' 'I' @460  3040 (be0)
 - public static final 'GL_BLEND_SRC' 'I' @464  3041 (be1)
 - public static final 'GL_BLEND' 'I' @468  3042 (be2)
 - public static final 'GL_LOGIC_OP_MODE' 'I' @472  3056 (bf0)
 - public static final 'GL_COLOR_LOGIC_OP' 'I' @476  3058 (bf2)
 - public static final 'GL_DRAW_BUFFER' 'I' @480  3073 (c01)
 - public static final 'GL_READ_BUFFER' 'I' @484  3074 (c02)
 - public static final 'GL_SCISSOR_BOX' 'I' @488  3088 (c10)
 - public static final 'GL_SCISSOR_TEST' 'I' @492  3089 (c11)
 - public static final 'GL_COLOR_CLEAR_VALUE' 'I' @496  3106 (c22)
 - public static final 'GL_COLOR_WRITEMASK' 'I' @500  3107 (c23)
 - public static final 'GL_DOUBLEBUFFER' 'I' @504  3122 (c32)
 - public static final 'GL_STEREO' 'I' @508  3123 (c33)
 - public static final 'GL_LINE_SMOOTH_HINT' 'I' @512  3154 (c52)
 - public static final 'GL_POLYGON_SMOOTH_HINT' 'I' @516  3155 (c53)
 - public static final 'GL_UNPACK_SWAP_BYTES' 'I' @520  3312 (cf0)
 - public static final 'GL_UNPACK_LSB_FIRST' 'I' @524  3313 (cf1)
 - public static final 'GL_UNPACK_ROW_LENGTH' 'I' @528  3314 (cf2)
 - public static final 'GL_UNPACK_SKIP_ROWS' 'I' @532  3315 (cf3)
 - public static final 'GL_UNPACK_SKIP_PIXELS' 'I' @536  3316 (cf4)
 - public static final 'GL_UNPACK_ALIGNMENT' 'I' @540  3317 (cf5)
 - public static final 'GL_PACK_SWAP_BYTES' 'I' @544  3328 (d00)
 - public static final 'GL_PACK_LSB_FIRST' 'I' @548  3329 (d01)
 - public static final 'GL_PACK_ROW_LENGTH' 'I' @552  3330 (d02)
 - public static final 'GL_PACK_SKIP_ROWS' 'I' @556  3331 (d03)
 - public static final 'GL_PACK_SKIP_PIXELS' 'I' @560  3332 (d04)
 - public static final 'GL_PACK_ALIGNMENT' 'I' @564  3333 (d05)
 - public static final 'GL_MAX_TEXTURE_SIZE' 'I' @568  3379 (d33)
 - public static final 'GL_MAX_VIEWPORT_DIMS' 'I' @572  3386 (d3a)
 - public static final 'GL_SUBPIXEL_BITS' 'I' @576  3408 (d50)
 - public static final 'GL_TEXTURE_1D' 'I' @580  3552 (de0)
 - public static final 'GL_TEXTURE_2D' 'I' @584  3553 (de1)
 - public static final 'GL_TEXTURE_WIDTH' 'I' @588  4096 (1000)
 - public static final 'GL_TEXTURE_HEIGHT' 'I' @592  4097 (1001)
 - public static final 'GL_TEXTURE_INTERNAL_FORMAT' 'I' @596  4099 (1003)
 - public static final 'GL_TEXTURE_BORDER_COLOR' 'I' @600  4100 (1004)
 - public static final 'GL_DONT_CARE' 'I' @604  4352 (1100)
 - public static final 'GL_FASTEST' 'I' @608  4353 (1101)
 - public static final 'GL_NICEST' 'I' @612  4354 (1102)
 - public static final 'GL_CLEAR' 'I' @616  5376 (1500)
 - public static final 'GL_AND' 'I' @620  5377 (1501)
 - public static final 'GL_AND_REVERSE' 'I' @624  5378 (1502)
 - public static final 'GL_COPY' 'I' @628  5379 (1503)
 - public static final 'GL_AND_INVERTED' 'I' @632  5380 (1504)
 - public static final 'GL_NOOP' 'I' @636  5381 (1505)
 - public static final 'GL_XOR' 'I' @640  5382 (1506)
 - public static final 'GL_OR' 'I' @644  5383 (1507)
 - public static final 'GL_NOR' 'I' @648  5384 (1508)
 - public static final 'GL_EQUIV' 'I' @652  5385 (1509)
 - public static final 'GL_INVERT' 'I' @656  5386 (150a)
 - public static final 'GL_OR_REVERSE' 'I' @660  5387 (150b)
 - public static final 'GL_COPY_INVERTED' 'I' @664  5388 (150c)
 - public static final 'GL_OR_INVERTED' 'I' @668  5389 (150d)
 - public static final 'GL_NAND' 'I' @672  5390 (150e)
 - public static final 'GL_SET' 'I' @676  5391 (150f)
 - public static final 'GL_TEXTURE' 'I' @680  5890 (1702)
 - public static final 'GL_COLOR' 'I' @684  6144 (1800)
 - public static final 'GL_DEPTH' 'I' @688  6145 (1801)
 - public static final 'GL_STENCIL' 'I' @692  6146 (1802)
 - public static final 'GL_STENCIL_INDEX' 'I' @696  6401 (1901)
 - public static final 'GL_DEPTH_COMPONENT' 'I' @700  6402 (1902)
 - public static final 'GL_RED' 'I' @704  6403 (1903)
 - public static final 'GL_GREEN' 'I' @708  6404 (1904)
 - public static final 'GL_BLUE' 'I' @712  6405 (1905)
 - public static final 'GL_ALPHA' 'I' @716  6406 (1906)
 - public static final 'GL_RGB' 'I' @720  6407 (1907)
 - public static final 'GL_RGBA' 'I' @724  6408 (1908)
 - public static final 'GL_POINT' 'I' @728  6912 (1b00)
 - public static final 'GL_LINE' 'I' @732  6913 (1b01)
 - public static final 'GL_FILL' 'I' @736  6914 (1b02)
 - public static final 'GL_KEEP' 'I' @740  7680 (1e00)
 - public static final 'GL_REPLACE' 'I' @744  7681 (1e01)
 - public static final 'GL_INCR' 'I' @748  7682 (1e02)
 - public static final 'GL_DECR' 'I' @752  7683 (1e03)
 - public static final 'GL_VENDOR' 'I' @756  7936 (1f00)
 - public static final 'GL_RENDERER' 'I' @760  7937 (1f01)
 - public static final 'GL_VERSION' 'I' @764  7938 (1f02)
 - public static final 'GL_EXTENSIONS' 'I' @768  7939 (1f03)
 - public static final 'GL_NEAREST' 'I' @772  9728 (2600)
 - public static final 'GL_LINEAR' 'I' @776  9729 (2601)
 - public static final 'GL_NEAREST_MIPMAP_NEAREST' 'I' @780  9984 (2700)
 - public static final 'GL_LINEAR_MIPMAP_NEAREST' 'I' @784  9985 (2701)
 - public static final 'GL_NEAREST_MIPMAP_LINEAR' 'I' @788  9986 (2702)
 - public static final 'GL_LINEAR_MIPMAP_LINEAR' 'I' @792  9987 (2703)
 - public static final 'GL_TEXTURE_MAG_FILTER' 'I' @796  10240 (2800)
 - public static final 'GL_TEXTURE_MIN_FILTER' 'I' @800  10241 (2801)
 - public static final 'GL_TEXTURE_WRAP_S' 'I' @804  10242 (2802)
 - public static final 'GL_TEXTURE_WRAP_T' 'I' @808  10243 (2803)
 - public static final 'GL_REPEAT' 'I' @812  10497 (2901)
 - public static final 'GL_POLYGON_OFFSET_FACTOR' 'I' @816  32824 (8038)
 - public static final 'GL_POLYGON_OFFSET_UNITS' 'I' @820  10752 (2a00)
 - public static final 'GL_POLYGON_OFFSET_POINT' 'I' @824  10753 (2a01)
 - public static final 'GL_POLYGON_OFFSET_LINE' 'I' @828  10754 (2a02)
 - public static final 'GL_POLYGON_OFFSET_FILL' 'I' @832  32823 (8037)
 - public static final 'GL_R3_G3_B2' 'I' @836  10768 (2a10)
 - public static final 'GL_RGB4' 'I' @840  32847 (804f)
 - public static final 'GL_RGB5' 'I' @844  32848 (8050)
 - public static final 'GL_RGB8' 'I' @848  32849 (8051)
 - public static final 'GL_RGB10' 'I' @852  32850 (8052)
 - public static final 'GL_RGB12' 'I' @856  32851 (8053)
 - public static final 'GL_RGB16' 'I' @860  32852 (8054)
 - public static final 'GL_RGBA2' 'I' @864  32853 (8055)
 - public static final 'GL_RGBA4' 'I' @868  32854 (8056)
 - public static final 'GL_RGB5_A1' 'I' @872  32855 (8057)
 - public static final 'GL_RGBA8' 'I' @876  32856 (8058)
 - public static final 'GL_RGB10_A2' 'I' @880  32857 (8059)
 - public static final 'GL_RGBA12' 'I' @884  32858 (805a)
 - public static final 'GL_RGBA16' 'I' @888  32859 (805b)
 - public static final 'GL_TEXTURE_RED_SIZE' 'I' @892  32860 (805c)
 - public static final 'GL_TEXTURE_GREEN_SIZE' 'I' @896  32861 (805d)
 - public static final 'GL_TEXTURE_BLUE_SIZE' 'I' @900  32862 (805e)
 - public static final 'GL_TEXTURE_ALPHA_SIZE' 'I' @904  32863 (805f)
 - public static final 'GL_PROXY_TEXTURE_1D' 'I' @908  32867 (8063)
 - public static final 'GL_PROXY_TEXTURE_2D' 'I' @912  32868 (8064)
 - public static final 'GL_TEXTURE_BINDING_1D' 'I' @916  32872 (8068)
 - public static final 'GL_TEXTURE_BINDING_2D' 'I' @920  32873 (8069)
 - public static final 'GL_VERTEX_ARRAY' 'I' @924  32884 (8074)
R12=0x000001f7d0cf0410 points into unknown readable memory: 0x0000000000000000 | 00 00 00 00 00 00 00 00
R13=0x0000000000001405 is an unknown value
R14=0x0000000000000020 is an unknown value
R15=0x0 is NULL


Registers:
RAX=0x0000000000000000, RBX=0x0000000000000000, RCX=0x0000000000000000, RDX=0x000001f7d0cf0410
RSP=0x000000c5509ff0c0, RBP=0x000000000000004c, RSI=0x0000000000000008, RDI=0x000001f7ce515080
R8 =0x0000000000000008, R9 =0x000001f7d0cf03ec, R10=0x000001f7d0cf0404, R11=0x000000011ee49c48
R12=0x000001f7d0cf0410, R13=0x0000000000001405, R14=0x0000000000000020, R15=0x0000000000000000
RIP=0x00007ff9ee901020, EFLAGS=0x0000000000010202

Top of Stack: (sp=0x000000c5509ff0c0)
0x000000c5509ff0c0:   0000000000000110 000001f7c95fb3d0
0x000000c5509ff0d0:   000000c5509ff1e0 00007ff9d34940e5
0x000000c5509ff0e0:   000000000017555d 000001f7ef39622f
0x000000c5509ff0f0:   000001f7e7a27cc0 000001f7e7a27cc0
0x000000c5509ff100:   000001f7c95fb3d0 000001f7e7a27cc0
0x000000c5509ff110:   0000000000000000 0000000000000000
0x000000c5509ff120:   000001f7e7a27cc0 000001f7c95fb3d0
0x000000c5509ff130:   0000000000000000 000001f7ef369efa
0x000000c5509ff140:   0000000000000110 000001f7ef371366
0x000000c5509ff150:   000000c5509ff1e0 000000c5509ff101
0x000000c5509ff160:   000000c5509ff220 000001f7c95fb3d0
0x000000c5509ff170:   000001f700001405 0000000000000000
0x000000c5509ff180:   3ff0000000000000 000001f7e7a27cc0
0x000000c5509ff190:   000001f7ef370c76 000000c5509ff198
0x000000c5509ff1a0:   000001f7c95fb3d0 000000c5509ff220
0x000000c5509ff1b0:   000001f7c9605a38 0000000000000000 

Instructions: (pc=0x00007ff9ee901020)
0x00007ff9ee900f20:   89 69 0c 4d 89 79 10 38 9c 24 98 00 00 00 0f 84
0x00007ff9ee900f30:   15 01 00 00 4c 8b 57 40 41 8d 4f 0f 83 e1 f0 49
0x00007ff9ee900f40:   83 c2 18 41 2b cf 0f 57 db d1 f9 49 8b c7 44 8b
0x00007ff9ee900f50:   c6 66 0f 7f 5c 24 50 49 8d 52 04 03 ca 49 8d 52
0x00007ff9ee900f60:   04 f7 d9 83 e1 0f 48 03 d1 4c 8b e2 41 f6 c7 0f
0x00007ff9ee900f70:   74 1b 45 85 c0 74 16 8b 08 41 ff c8 66 89 0a 0b
0x00007ff9ee900f80:   d9 48 83 c2 02 48 83 c0 04 a8 0f 75 e5 41 83 f8
0x00007ff9ee900f90:   08 7e 71 66 0f 6f 25 e5 20 6e 01 41 8d 48 f7 66
0x00007ff9ee900fa0:   0f 6f 2d e9 20 6e 01 c1 e9 03 ff c1 44 8b d9 f7
0x00007ff9ee900fb0:   d9 45 8d 04 c8 66 66 66 0f 1f 84 00 00 00 00 00
0x00007ff9ee900fc0:   f3 0f 6f 10 f3 0f 6f 48 10 66 0f 6f c2 66 0f eb
0x00007ff9ee900fd0:   c3 48 83 c0 20 66 0f 6f d8 66 0f eb d9 0f 18 00
0x00007ff9ee900fe0:   66 0f fe d4 66 0f fe cc 66 0f 6b d1 66 0f fd d5
0x00007ff9ee900ff0:   f3 0f 7f 12 48 83 c2 10 49 83 eb 01 75 c2 66 0f
0x00007ff9ee901000:   7f 5c 24 50 8b 4c 24 5c 0b 4c 24 58 0b 4c 24 54
0x00007ff9ee901010:   0b 4c 24 50 0b d9 45 85 c0 74 1a 0f 1f 44 00 00
0x00007ff9ee901020:   8b 08 0b d9 66 89 0a 48 8d 52 02 48 8d 40 04 41
0x00007ff9ee901030:   83 e8 01 75 eb 45 2b e2 45 89 22 f7 c3 00 00 ff
0x00007ff9ee901040:   ff 74 46 ff 87 6c f0 55 00 48 8b 5f 40 49 8b d7
0x00007ff9ee901050:   4d 63 c6 48 8d 4b 1c e8 34 40 9d 00 c7 43 18 04
0x00007ff9ee901060:   00 00 00 48 63 c5 48 83 e0 fc 48 01 47 40 48 8b
0x00007ff9ee901070:   47 40 48 3b 47 48 0f 82 40 fe ff ff 48 8b cf e8
0x00007ff9ee901080:   dc 7f 21 00 e9 33 fe ff ff 41 c7 41 0c 03 14 00
0x00007ff9ee901090:   00 41 8b 2a 48 8b 47 40 83 c5 03 8d 6c 75 00 83
0x00007ff9ee9010a0:   e5 fc 83 c5 18 8b cd c1 e1 0b 83 c9 06 89 08 8b
0x00007ff9ee9010b0:   87 6c f0 55 00 85 c0 74 aa ff c8 89 87 6c f0 55
0x00007ff9ee9010c0:   00 eb a0 48 8b 47 40 c7 00 06 c0 00 00 44 89 60
0x00007ff9ee9010d0:   04 89 70 08 44 89 68 0c 4c 89 78 10 48 83 47 40
0x00007ff9ee9010e0:   18 48 8b 47 40 48 3b 47 48 0f 82 dd fd ff ff 48
0x00007ff9ee9010f0:   8b cf e8 69 7f 21 00 e9 d0 fd ff ff c6 44 24 40
0x00007ff9ee901100:   00 33 db 89 5c 24 38 45 33 c9 4c 89 7c 24 30 45
0x00007ff9ee901110:   33 c0 44 89 6c 24 28 41 8b d4 48 8b cf 89 74 24 


Stack slot to memory mapping:
stack at sp + 0 slots: 0x0000000000000110 is an unknown value
stack at sp + 1 slots: {method} {0x000001f7c95fb3d8} 'nglDrawElements' '(IIIJ)V' in 'org/lwjgl/opengl/GL11C'
stack at sp + 2 slots: 0x000000c5509ff1e0 is pointing into the stack for thread: 0x000001f7e7a27cc0
stack at sp + 3 slots: 0x00007ff9d34940e5 jvm.dll
stack at sp + 4 slots: 0x000000000017555d is an unknown value
stack at sp + 5 slots: 0x000001f7ef39622f is at code_begin+4399 in 
[CodeBlob (0x000001f7ef395090)]
Framesize: 0
BufferBlob (0x000001f7ef395090) used for native signature handlers
stack at sp + 6 slots: 0x000001f7e7a27cc0 is a thread
stack at sp + 7 slots: 0x000001f7e7a27cc0 is a thread


---------------  P R O C E S S  ---------------

Threads class SMR info:
_java_thread_list=0x000001f7d0f320b0, length=20, elements={
0x000001f7e7a27cc0, 0x000001f7c8969e60, 0x000001f7c896aac0, 0x000001f7c8980a90,
0x000001f7c8982b60, 0x000001f7c8988b90, 0x000001f7c8987d20, 0x000001f7c89945f0,
0x000001f7c8995110, 0x000001f7c89b2310, 0x000001f7c8989060, 0x000001f7c8aa6240,
0x000001f7c8aa8750, 0x000001f7c8c2cb70, 0x000001f7c8c2da00, 0x000001f7c8c2e270,
0x000001f7cd4988a0, 0x000001f7c89886c0, 0x000001f7d0e2ed60, 0x000001f7d0e07780
}

Java Threads: ( => current thread )
=>0x000001f7e7a27cc0 JavaThread "main" [_thread_in_native, id=13756, stack(0x000000c550900000,0x000000c550a00000)]
  0x000001f7c8969e60 JavaThread "Reference Handler" daemon [_thread_blocked, id=8720, stack(0x000000c551000000,0x000000c551100000)]
  0x000001f7c896aac0 JavaThread "Finalizer" daemon [_thread_blocked, id=8380, stack(0x000000c551100000,0x000000c551200000)]
  0x000001f7c8980a90 JavaThread "Signal Dispatcher" daemon [_thread_blocked, id=3620, stack(0x000000c551200000,0x000000c551300000)]
  0x000001f7c8982b60 JavaThread "Attach Listener" daemon [_thread_blocked, id=11448, stack(0x000000c551300000,0x000000c551400000)]
  0x000001f7c8988b90 JavaThread "Service Thread" daemon [_thread_blocked, id=18948, stack(0x000000c551400000,0x000000c551500000)]
  0x000001f7c8987d20 JavaThread "Monitor Deflation Thread" daemon [_thread_blocked, id=17112, stack(0x000000c551500000,0x000000c551600000)]
  0x000001f7c89945f0 JavaThread "C2 CompilerThread0" daemon [_thread_in_native, id=10008, stack(0x000000c551600000,0x000000c551700000)]
  0x000001f7c8995110 JavaThread "C1 CompilerThread0" daemon [_thread_blocked, id=24200, stack(0x000000c551700000,0x000000c551800000)]
  0x000001f7c89b2310 JavaThread "Sweeper thread" daemon [_thread_blocked, id=10988, stack(0x000000c551800000,0x000000c551900000)]
  0x000001f7c8989060 JavaThread "Common-Cleaner" daemon [_thread_blocked, id=16492, stack(0x000000c551900000,0x000000c551a00000)]
  0x000001f7c8aa6240 JavaThread "C1 CompilerThread1" daemon [_thread_blocked, id=14140, stack(0x000000c551a00000,0x000000c551b00000)]
  0x000001f7c8aa8750 JavaThread "C1 CompilerThread2" daemon [_thread_blocked, id=20668, stack(0x000000c551b00000,0x000000c551c00000)]
  0x000001f7c8c2cb70 JavaThread "JDWP Transport Listener: dt_socket" daemon [_thread_blocked, id=10848, stack(0x000000c551c00000,0x000000c551d00000)]
  0x000001f7c8c2da00 JavaThread "JDWP Event Helper Thread" daemon [_thread_blocked, id=10900, stack(0x000000c551d00000,0x000000c551e00000)]
  0x000001f7c8c2e270 JavaThread "JDWP Command Reader" daemon [_thread_in_native, id=24164, stack(0x000000c551e00000,0x000000c551f00000)]
  0x000001f7cd4988a0 JavaThread "C1 CompilerThread3" daemon [_thread_blocked, id=11508, stack(0x000000c551f00000,0x000000c552000000)]
  0x000001f7c89886c0 JavaThread "Notification Thread" daemon [_thread_blocked, id=5768, stack(0x000000c552100000,0x000000c552200000)]
  0x000001f7d0e2ed60 JavaThread "C2 CompilerThread1" daemon [_thread_blocked, id=24016, stack(0x000000c552000000,0x000000c552100000)]
  0x000001f7d0e07780 JavaThread "C2 CompilerThread2" daemon [_thread_blocked, id=16840, stack(0x000000c552900000,0x000000c552a00000)]

Other Threads:
  0x000001f7ff2c5810 VMThread "VM Thread" [stack: 0x000000c550f00000,0x000000c551000000] [id=7608]
  0x000001f7cd5cf630 WatcherThread "VM Periodic Task Thread" [stack: 0x000000c552200000,0x000000c552300000] [id=15128]
  0x000001f7e7ad78a0 WorkerThread "GC Thread#0" [stack: 0x000000c550a00000,0x000000c550b00000] [id=23616]
  0x000001f7e7ae7c10 ConcurrentGCThread "G1 Main Marker" [stack: 0x000000c550b00000,0x000000c550c00000] [id=7368]
  0x000001f7e7ae9610 WorkerThread "G1 Conc#0" [stack: 0x000000c550c00000,0x000000c550d00000] [id=14188]
  0x000001f7e7a4baa0 ConcurrentGCThread "G1 Refine#0" [stack: 0x000000c550d00000,0x000000c550e00000] [id=5272]
  0x000001f7ff2f2e90 ConcurrentGCThread "G1 Service" [stack: 0x000000c550e00000,0x000000c550f00000] [id=10368]

Threads with active compile tasks:
C2 CompilerThread0      724 1155       4       org.eclipse.jdt.launching.internal.org.objectweb.asm.ClassReader::readMethod (1066 bytes)

VM state: not at safepoint (normal execution)

VM Mutex/Monitor currently owned by a thread: None

Heap address: 0x00000000a0000000, size: 30208 MB, Compressed Oops mode: Zero based, Oop shift amount: 3

CDS archive(s) mapped at: [0x0000000800000000-0x0000000800ba0000-0x0000000800ba0000), size 12189696, SharedBaseAddress: 0x0000000800000000, ArchiveRelocationMode: 0.
Compressed class space mapped at: 0x0000000800c00000-0x0000000840c00000, reserved size: 1073741824
Narrow klass base: 0x0000000800000000, Narrow klass shift: 0, Narrow klass range: 0x100000000

GC Precious Log:
 CardTable entry size: 512
 Card Set container configuration: InlinePtr #cards 3 size 8 Array Of Cards #cards 128 size 272 Howl #buckets 8 coarsen threshold 29491 Howl Bitmap #cards 4096 size 528 coarsen threshold 3686 Card regions per heap region 1 cards per card region 32768
 CPUs: 24 total, 24 available
 Memory: 127G
 Large Page Support: Disabled
 NUMA Support: Disabled
 Compressed Oops: Enabled (Zero based)
 Heap Region Size: 16M
 Heap Min Capacity: 16M
 Heap Initial Capacity: 2G
 Heap Max Capacity: 30208M
 Pre-touch: Disabled
 Parallel Workers: 18
 Concurrent Workers: 5
 Concurrent Refinement Workers: 18
 Periodic GC: Disabled

Heap:
 garbage-first heap   total 2097152K, used 32768K [0x00000000a0000000, 0x0000000800000000)
  region size 16384K, 3 young (49152K), 0 survivors (0K)
 Metaspace       used 7217K, committed 7360K, reserved 1114112K
  class space    used 513K, committed 576K, reserved 1048576K

Heap Regions: E=young(eden), S=young(survivor), O=old, HS=humongous(starts), HC=humongous(continues), CS=collection set, F=free, OA=open archive, CA=closed archive, TAMS=top-at-mark-start (previous, next)
|   0|0x00000000a0000000, 0x00000000a0000000, 0x00000000a1000000|  0%| F|  |TAMS 0x00000000a0000000, 0x00000000a0000000| Untracked 
|   1|0x00000000a1000000, 0x00000000a1000000, 0x00000000a2000000|  0%| F|  |TAMS 0x00000000a1000000, 0x00000000a1000000| Untracked 
|   2|0x00000000a2000000, 0x00000000a2000000, 0x00000000a3000000|  0%| F|  |TAMS 0x00000000a2000000, 0x00000000a2000000| Untracked 
|   3|0x00000000a3000000, 0x00000000a3000000, 0x00000000a4000000|  0%| F|  |TAMS 0x00000000a3000000, 0x00000000a3000000| Untracked 
|   4|0x00000000a4000000, 0x00000000a4000000, 0x00000000a5000000|  0%| F|  |TAMS 0x00000000a4000000, 0x00000000a4000000| Untracked 
|   5|0x00000000a5000000, 0x00000000a5000000, 0x00000000a6000000|  0%| F|  |TAMS 0x00000000a5000000, 0x00000000a5000000| Untracked 
|   6|0x00000000a6000000, 0x00000000a6000000, 0x00000000a7000000|  0%| F|  |TAMS 0x00000000a6000000, 0x00000000a6000000| Untracked 
|   7|0x00000000a7000000, 0x00000000a7000000, 0x00000000a8000000|  0%| F|  |TAMS 0x00000000a7000000, 0x00000000a7000000| Untracked 
|   8|0x00000000a8000000, 0x00000000a8000000, 0x00000000a9000000|  0%| F|  |TAMS 0x00000000a8000000, 0x00000000a8000000| Untracked 
|   9|0x00000000a9000000, 0x00000000a9000000, 0x00000000aa000000|  0%| F|  |TAMS 0x00000000a9000000, 0x00000000a9000000| Untracked 
|  10|0x00000000aa000000, 0x00000000aa000000, 0x00000000ab000000|  0%| F|  |TAMS 0x00000000aa000000, 0x00000000aa000000| Untracked 
|  11|0x00000000ab000000, 0x00000000ab000000, 0x00000000ac000000|  0%| F|  |TAMS 0x00000000ab000000, 0x00000000ab000000| Untracked 
|  12|0x00000000ac000000, 0x00000000ac000000, 0x00000000ad000000|  0%| F|  |TAMS 0x00000000ac000000, 0x00000000ac000000| Untracked 
|  13|0x00000000ad000000, 0x00000000ad000000, 0x00000000ae000000|  0%| F|  |TAMS 0x00000000ad000000, 0x00000000ad000000| Untracked 
|  14|0x00000000ae000000, 0x00000000ae000000, 0x00000000af000000|  0%| F|  |TAMS 0x00000000ae000000, 0x00000000ae000000| Untracked 
|  15|0x00000000af000000, 0x00000000af000000, 0x00000000b0000000|  0%| F|  |TAMS 0x00000000af000000, 0x00000000af000000| Untracked 
|  16|0x00000000b0000000, 0x00000000b0000000, 0x00000000b1000000|  0%| F|  |TAMS 0x00000000b0000000, 0x00000000b0000000| Untracked 
|  17|0x00000000b1000000, 0x00000000b1000000, 0x00000000b2000000|  0%| F|  |TAMS 0x00000000b1000000, 0x00000000b1000000| Untracked 
|  18|0x00000000b2000000, 0x00000000b2000000, 0x00000000b3000000|  0%| F|  |TAMS 0x00000000b2000000, 0x00000000b2000000| Untracked 
|  19|0x00000000b3000000, 0x00000000b3000000, 0x00000000b4000000|  0%| F|  |TAMS 0x00000000b3000000, 0x00000000b3000000| Untracked 
|  20|0x00000000b4000000, 0x00000000b4000000, 0x00000000b5000000|  0%| F|  |TAMS 0x00000000b4000000, 0x00000000b4000000| Untracked 
|  21|0x00000000b5000000, 0x00000000b5000000, 0x00000000b6000000|  0%| F|  |TAMS 0x00000000b5000000, 0x00000000b5000000| Untracked 
|  22|0x00000000b6000000, 0x00000000b6000000, 0x00000000b7000000|  0%| F|  |TAMS 0x00000000b6000000, 0x00000000b6000000| Untracked 
|  23|0x00000000b7000000, 0x00000000b7000000, 0x00000000b8000000|  0%| F|  |TAMS 0x00000000b7000000, 0x00000000b7000000| Untracked 
|  24|0x00000000b8000000, 0x00000000b8000000, 0x00000000b9000000|  0%| F|  |TAMS 0x00000000b8000000, 0x00000000b8000000| Untracked 
|  25|0x00000000b9000000, 0x00000000b9000000, 0x00000000ba000000|  0%| F|  |TAMS 0x00000000b9000000, 0x00000000b9000000| Untracked 
|  26|0x00000000ba000000, 0x00000000ba000000, 0x00000000bb000000|  0%| F|  |TAMS 0x00000000ba000000, 0x00000000ba000000| Untracked 
|  27|0x00000000bb000000, 0x00000000bb000000, 0x00000000bc000000|  0%| F|  |TAMS 0x00000000bb000000, 0x00000000bb000000| Untracked 
|  28|0x00000000bc000000, 0x00000000bc000000, 0x00000000bd000000|  0%| F|  |TAMS 0x00000000bc000000, 0x00000000bc000000| Untracked 
|  29|0x00000000bd000000, 0x00000000bd000000, 0x00000000be000000|  0%| F|  |TAMS 0x00000000bd000000, 0x00000000bd000000| Untracked 
|  30|0x00000000be000000, 0x00000000be000000, 0x00000000bf000000|  0%| F|  |TAMS 0x00000000be000000, 0x00000000be000000| Untracked 
|  31|0x00000000bf000000, 0x00000000bf000000, 0x00000000c0000000|  0%| F|  |TAMS 0x00000000bf000000, 0x00000000bf000000| Untracked 
|  32|0x00000000c0000000, 0x00000000c0000000, 0x00000000c1000000|  0%| F|  |TAMS 0x00000000c0000000, 0x00000000c0000000| Untracked 
|  33|0x00000000c1000000, 0x00000000c1000000, 0x00000000c2000000|  0%| F|  |TAMS 0x00000000c1000000, 0x00000000c1000000| Untracked 
|  34|0x00000000c2000000, 0x00000000c2000000, 0x00000000c3000000|  0%| F|  |TAMS 0x00000000c2000000, 0x00000000c2000000| Untracked 
|  35|0x00000000c3000000, 0x00000000c3000000, 0x00000000c4000000|  0%| F|  |TAMS 0x00000000c3000000, 0x00000000c3000000| Untracked 
|  36|0x00000000c4000000, 0x00000000c4000000, 0x00000000c5000000|  0%| F|  |TAMS 0x00000000c4000000, 0x00000000c4000000| Untracked 
|  37|0x00000000c5000000, 0x00000000c5000000, 0x00000000c6000000|  0%| F|  |TAMS 0x00000000c5000000, 0x00000000c5000000| Untracked 
|  38|0x00000000c6000000, 0x00000000c6000000, 0x00000000c7000000|  0%| F|  |TAMS 0x00000000c6000000, 0x00000000c6000000| Untracked 
|  39|0x00000000c7000000, 0x00000000c7000000, 0x00000000c8000000|  0%| F|  |TAMS 0x00000000c7000000, 0x00000000c7000000| Untracked 
|  40|0x00000000c8000000, 0x00000000c8000000, 0x00000000c9000000|  0%| F|  |TAMS 0x00000000c8000000, 0x00000000c8000000| Untracked 
|  41|0x00000000c9000000, 0x00000000c9000000, 0x00000000ca000000|  0%| F|  |TAMS 0x00000000c9000000, 0x00000000c9000000| Untracked 
|  42|0x00000000ca000000, 0x00000000ca000000, 0x00000000cb000000|  0%| F|  |TAMS 0x00000000ca000000, 0x00000000ca000000| Untracked 
|  43|0x00000000cb000000, 0x00000000cb000000, 0x00000000cc000000|  0%| F|  |TAMS 0x00000000cb000000, 0x00000000cb000000| Untracked 
|  44|0x00000000cc000000, 0x00000000cc000000, 0x00000000cd000000|  0%| F|  |TAMS 0x00000000cc000000, 0x00000000cc000000| Untracked 
|  45|0x00000000cd000000, 0x00000000cd000000, 0x00000000ce000000|  0%| F|  |TAMS 0x00000000cd000000, 0x00000000cd000000| Untracked 
|  46|0x00000000ce000000, 0x00000000ce000000, 0x00000000cf000000|  0%| F|  |TAMS 0x00000000ce000000, 0x00000000ce000000| Untracked 
|  47|0x00000000cf000000, 0x00000000cf000000, 0x00000000d0000000|  0%| F|  |TAMS 0x00000000cf000000, 0x00000000cf000000| Untracked 
|  48|0x00000000d0000000, 0x00000000d0000000, 0x00000000d1000000|  0%| F|  |TAMS 0x00000000d0000000, 0x00000000d0000000| Untracked 
|  49|0x00000000d1000000, 0x00000000d1000000, 0x00000000d2000000|  0%| F|  |TAMS 0x00000000d1000000, 0x00000000d1000000| Untracked 
|  50|0x00000000d2000000, 0x00000000d2000000, 0x00000000d3000000|  0%| F|  |TAMS 0x00000000d2000000, 0x00000000d2000000| Untracked 
|  51|0x00000000d3000000, 0x00000000d3000000, 0x00000000d4000000|  0%| F|  |TAMS 0x00000000d3000000, 0x00000000d3000000| Untracked 
|  52|0x00000000d4000000, 0x00000000d4000000, 0x00000000d5000000|  0%| F|  |TAMS 0x00000000d4000000, 0x00000000d4000000| Untracked 
|  53|0x00000000d5000000, 0x00000000d5000000, 0x00000000d6000000|  0%| F|  |TAMS 0x00000000d5000000, 0x00000000d5000000| Untracked 
|  54|0x00000000d6000000, 0x00000000d6000000, 0x00000000d7000000|  0%| F|  |TAMS 0x00000000d6000000, 0x00000000d6000000| Untracked 
|  55|0x00000000d7000000, 0x00000000d7000000, 0x00000000d8000000|  0%| F|  |TAMS 0x00000000d7000000, 0x00000000d7000000| Untracked 
|  56|0x00000000d8000000, 0x00000000d8000000, 0x00000000d9000000|  0%| F|  |TAMS 0x00000000d8000000, 0x00000000d8000000| Untracked 
|  57|0x00000000d9000000, 0x00000000d9000000, 0x00000000da000000|  0%| F|  |TAMS 0x00000000d9000000, 0x00000000d9000000| Untracked 
|  58|0x00000000da000000, 0x00000000da000000, 0x00000000db000000|  0%| F|  |TAMS 0x00000000da000000, 0x00000000da000000| Untracked 
|  59|0x00000000db000000, 0x00000000db000000, 0x00000000dc000000|  0%| F|  |TAMS 0x00000000db000000, 0x00000000db000000| Untracked 
|  60|0x00000000dc000000, 0x00000000dc000000, 0x00000000dd000000|  0%| F|  |TAMS 0x00000000dc000000, 0x00000000dc000000| Untracked 
|  61|0x00000000dd000000, 0x00000000dd000000, 0x00000000de000000|  0%| F|  |TAMS 0x00000000dd000000, 0x00000000dd000000| Untracked 
|  62|0x00000000de000000, 0x00000000de000000, 0x00000000df000000|  0%| F|  |TAMS 0x00000000de000000, 0x00000000de000000| Untracked 
|  63|0x00000000df000000, 0x00000000df000000, 0x00000000e0000000|  0%| F|  |TAMS 0x00000000df000000, 0x00000000df000000| Untracked 
|  64|0x00000000e0000000, 0x00000000e0000000, 0x00000000e1000000|  0%| F|  |TAMS 0x00000000e0000000, 0x00000000e0000000| Untracked 
|  65|0x00000000e1000000, 0x00000000e1000000, 0x00000000e2000000|  0%| F|  |TAMS 0x00000000e1000000, 0x00000000e1000000| Untracked 
|  66|0x00000000e2000000, 0x00000000e2000000, 0x00000000e3000000|  0%| F|  |TAMS 0x00000000e2000000, 0x00000000e2000000| Untracked 
|  67|0x00000000e3000000, 0x00000000e3000000, 0x00000000e4000000|  0%| F|  |TAMS 0x00000000e3000000, 0x00000000e3000000| Untracked 
|  68|0x00000000e4000000, 0x00000000e4000000, 0x00000000e5000000|  0%| F|  |TAMS 0x00000000e4000000, 0x00000000e4000000| Untracked 
|  69|0x00000000e5000000, 0x00000000e5000000, 0x00000000e6000000|  0%| F|  |TAMS 0x00000000e5000000, 0x00000000e5000000| Untracked 
|  70|0x00000000e6000000, 0x00000000e6000000, 0x00000000e7000000|  0%| F|  |TAMS 0x00000000e6000000, 0x00000000e6000000| Untracked 
|  71|0x00000000e7000000, 0x00000000e7000000, 0x00000000e8000000|  0%| F|  |TAMS 0x00000000e7000000, 0x00000000e7000000| Untracked 
|  72|0x00000000e8000000, 0x00000000e8000000, 0x00000000e9000000|  0%| F|  |TAMS 0x00000000e8000000, 0x00000000e8000000| Untracked 
|  73|0x00000000e9000000, 0x00000000e9000000, 0x00000000ea000000|  0%| F|  |TAMS 0x00000000e9000000, 0x00000000e9000000| Untracked 
|  74|0x00000000ea000000, 0x00000000ea000000, 0x00000000eb000000|  0%| F|  |TAMS 0x00000000ea000000, 0x00000000ea000000| Untracked 
|  75|0x00000000eb000000, 0x00000000eb000000, 0x00000000ec000000|  0%| F|  |TAMS 0x00000000eb000000, 0x00000000eb000000| Untracked 
|  76|0x00000000ec000000, 0x00000000ec000000, 0x00000000ed000000|  0%| F|  |TAMS 0x00000000ec000000, 0x00000000ec000000| Untracked 
|  77|0x00000000ed000000, 0x00000000ed000000, 0x00000000ee000000|  0%| F|  |TAMS 0x00000000ed000000, 0x00000000ed000000| Untracked 
|  78|0x00000000ee000000, 0x00000000ee000000, 0x00000000ef000000|  0%| F|  |TAMS 0x00000000ee000000, 0x00000000ee000000| Untracked 
|  79|0x00000000ef000000, 0x00000000ef000000, 0x00000000f0000000|  0%| F|  |TAMS 0x00000000ef000000, 0x00000000ef000000| Untracked 
|  80|0x00000000f0000000, 0x00000000f0000000, 0x00000000f1000000|  0%| F|  |TAMS 0x00000000f0000000, 0x00000000f0000000| Untracked 
|  81|0x00000000f1000000, 0x00000000f1000000, 0x00000000f2000000|  0%| F|  |TAMS 0x00000000f1000000, 0x00000000f1000000| Untracked 
|  82|0x00000000f2000000, 0x00000000f2000000, 0x00000000f3000000|  0%| F|  |TAMS 0x00000000f2000000, 0x00000000f2000000| Untracked 
|  83|0x00000000f3000000, 0x00000000f3000000, 0x00000000f4000000|  0%| F|  |TAMS 0x00000000f3000000, 0x00000000f3000000| Untracked 
|  84|0x00000000f4000000, 0x00000000f4000000, 0x00000000f5000000|  0%| F|  |TAMS 0x00000000f4000000, 0x00000000f4000000| Untracked 
|  85|0x00000000f5000000, 0x00000000f5000000, 0x00000000f6000000|  0%| F|  |TAMS 0x00000000f5000000, 0x00000000f5000000| Untracked 
|  86|0x00000000f6000000, 0x00000000f6000000, 0x00000000f7000000|  0%| F|  |TAMS 0x00000000f6000000, 0x00000000f6000000| Untracked 
|  87|0x00000000f7000000, 0x00000000f7000000, 0x00000000f8000000|  0%| F|  |TAMS 0x00000000f7000000, 0x00000000f7000000| Untracked 
|  88|0x00000000f8000000, 0x00000000f8000000, 0x00000000f9000000|  0%| F|  |TAMS 0x00000000f8000000, 0x00000000f8000000| Untracked 
|  89|0x00000000f9000000, 0x00000000f9000000, 0x00000000fa000000|  0%| F|  |TAMS 0x00000000f9000000, 0x00000000f9000000| Untracked 
|  90|0x00000000fa000000, 0x00000000fa000000, 0x00000000fb000000|  0%| F|  |TAMS 0x00000000fa000000, 0x00000000fa000000| Untracked 
|  91|0x00000000fb000000, 0x00000000fb000000, 0x00000000fc000000|  0%| F|  |TAMS 0x00000000fb000000, 0x00000000fb000000| Untracked 
|  92|0x00000000fc000000, 0x00000000fc000000, 0x00000000fd000000|  0%| F|  |TAMS 0x00000000fc000000, 0x00000000fc000000| Untracked 
|  93|0x00000000fd000000, 0x00000000fd000000, 0x00000000fe000000|  0%| F|  |TAMS 0x00000000fd000000, 0x00000000fd000000| Untracked 
|  94|0x00000000fe000000, 0x00000000fe000000, 0x00000000ff000000|  0%| F|  |TAMS 0x00000000fe000000, 0x00000000fe000000| Untracked 
|  95|0x00000000ff000000, 0x00000000ff000000, 0x0000000100000000|  0%| F|  |TAMS 0x00000000ff000000, 0x00000000ff000000| Untracked 
|  96|0x0000000100000000, 0x0000000100000000, 0x0000000101000000|  0%| F|  |TAMS 0x0000000100000000, 0x0000000100000000| Untracked 
|  97|0x0000000101000000, 0x0000000101000000, 0x0000000102000000|  0%| F|  |TAMS 0x0000000101000000, 0x0000000101000000| Untracked 
|  98|0x0000000102000000, 0x0000000102000000, 0x0000000103000000|  0%| F|  |TAMS 0x0000000102000000, 0x0000000102000000| Untracked 
|  99|0x0000000103000000, 0x0000000103000000, 0x0000000104000000|  0%| F|  |TAMS 0x0000000103000000, 0x0000000103000000| Untracked 
| 100|0x0000000104000000, 0x0000000104000000, 0x0000000105000000|  0%| F|  |TAMS 0x0000000104000000, 0x0000000104000000| Untracked 
| 101|0x0000000105000000, 0x0000000105000000, 0x0000000106000000|  0%| F|  |TAMS 0x0000000105000000, 0x0000000105000000| Untracked 
| 102|0x0000000106000000, 0x0000000106000000, 0x0000000107000000|  0%| F|  |TAMS 0x0000000106000000, 0x0000000106000000| Untracked 
| 103|0x0000000107000000, 0x0000000107000000, 0x0000000108000000|  0%| F|  |TAMS 0x0000000107000000, 0x0000000107000000| Untracked 
| 104|0x0000000108000000, 0x0000000108000000, 0x0000000109000000|  0%| F|  |TAMS 0x0000000108000000, 0x0000000108000000| Untracked 
| 105|0x0000000109000000, 0x0000000109000000, 0x000000010a000000|  0%| F|  |TAMS 0x0000000109000000, 0x0000000109000000| Untracked 
| 106|0x000000010a000000, 0x000000010a000000, 0x000000010b000000|  0%| F|  |TAMS 0x000000010a000000, 0x000000010a000000| Untracked 
| 107|0x000000010b000000, 0x000000010b000000, 0x000000010c000000|  0%| F|  |TAMS 0x000000010b000000, 0x000000010b000000| Untracked 
| 108|0x000000010c000000, 0x000000010c000000, 0x000000010d000000|  0%| F|  |TAMS 0x000000010c000000, 0x000000010c000000| Untracked 
| 109|0x000000010d000000, 0x000000010d000000, 0x000000010e000000|  0%| F|  |TAMS 0x000000010d000000, 0x000000010d000000| Untracked 
| 110|0x000000010e000000, 0x000000010e000000, 0x000000010f000000|  0%| F|  |TAMS 0x000000010e000000, 0x000000010e000000| Untracked 
| 111|0x000000010f000000, 0x000000010f000000, 0x0000000110000000|  0%| F|  |TAMS 0x000000010f000000, 0x000000010f000000| Untracked 
| 112|0x0000000110000000, 0x0000000110000000, 0x0000000111000000|  0%| F|  |TAMS 0x0000000110000000, 0x0000000110000000| Untracked 
| 113|0x0000000111000000, 0x0000000111000000, 0x0000000112000000|  0%| F|  |TAMS 0x0000000111000000, 0x0000000111000000| Untracked 
| 114|0x0000000112000000, 0x0000000112000000, 0x0000000113000000|  0%| F|  |TAMS 0x0000000112000000, 0x0000000112000000| Untracked 
| 115|0x0000000113000000, 0x0000000113000000, 0x0000000114000000|  0%| F|  |TAMS 0x0000000113000000, 0x0000000113000000| Untracked 
| 116|0x0000000114000000, 0x0000000114000000, 0x0000000115000000|  0%| F|  |TAMS 0x0000000114000000, 0x0000000114000000| Untracked 
| 117|0x0000000115000000, 0x0000000115000000, 0x0000000116000000|  0%| F|  |TAMS 0x0000000115000000, 0x0000000115000000| Untracked 
| 118|0x0000000116000000, 0x0000000116000000, 0x0000000117000000|  0%| F|  |TAMS 0x0000000116000000, 0x0000000116000000| Untracked 
| 119|0x0000000117000000, 0x0000000117000000, 0x0000000118000000|  0%| F|  |TAMS 0x0000000117000000, 0x0000000117000000| Untracked 
| 120|0x0000000118000000, 0x0000000118000000, 0x0000000119000000|  0%| F|  |TAMS 0x0000000118000000, 0x0000000118000000| Untracked 
| 121|0x0000000119000000, 0x0000000119000000, 0x000000011a000000|  0%| F|  |TAMS 0x0000000119000000, 0x0000000119000000| Untracked 
| 122|0x000000011a000000, 0x000000011a000000, 0x000000011b000000|  0%| F|  |TAMS 0x000000011a000000, 0x000000011a000000| Untracked 
| 123|0x000000011b000000, 0x000000011b000000, 0x000000011c000000|  0%| F|  |TAMS 0x000000011b000000, 0x000000011b000000| Untracked 
| 124|0x000000011c000000, 0x000000011c000000, 0x000000011d000000|  0%| F|  |TAMS 0x000000011c000000, 0x000000011c000000| Untracked 
| 125|0x000000011d000000, 0x000000011db8a310, 0x000000011e000000| 72%| E|  |TAMS 0x000000011d000000, 0x000000011d000000| Complete 
| 126|0x000000011e000000, 0x000000011f000000, 0x000000011f000000|100%| E|CS|TAMS 0x000000011e000000, 0x000000011e000000| Complete 
| 127|0x000000011f000000, 0x0000000120000000, 0x0000000120000000|100%| E|CS|TAMS 0x000000011f000000, 0x000000011f000000| Complete 

Card table byte_map: [0x000001f783b00000,0x000001f787600000] _byte_map_base: 0x000001f783600000

Marking Bits (Prev, Next): (CMBitMap*) 0x000001f7e7ad7ea0, (CMBitMap*) 0x000001f7e7ad7ee0
 Prev Bits: [0x000001f78b100000, 0x000001f7a8900000)
 Next Bits: [0x000001f7a8900000, 0x000001f7c6100000)

Polling page: 0x000001f7e56b0000

Metaspace:

Usage:
  Non-class:      6.55 MB used.
      Class:    513.38 KB used.
       Both:      7.05 MB used.

Virtual space:
  Non-class space:       64.00 MB reserved,       6.62 MB ( 10%) committed,  1 nodes.
      Class space:        1.00 GB reserved,     576.00 KB ( <1%) committed,  1 nodes.
             Both:        1.06 GB reserved,       7.19 MB ( <1%) committed. 

Chunk freelists:
   Non-Class:  720.00 KB
       Class:  3.38 MB
        Both:  4.08 MB

MaxMetaspaceSize: unlimited
CompressedClassSpaceSize: 1.00 GB
Initial GC threshold: 21.00 MB
Current GC threshold: 21.00 MB
CDS: on
MetaspaceReclaimPolicy: balanced
 - commit_granule_bytes: 65536.
 - commit_granule_words: 8192.
 - virtual_space_node_default_size: 8388608.
 - enlarge_chunks_in_place: 1.
 - new_chunks_are_fully_committed: 0.
 - uncommit_free_chunks: 1.
 - use_allocation_guard: 0.


Internal statistics:

num_allocs_failed_limit: 0.
num_arena_births: 96.
num_arena_deaths: 0.
num_vsnodes_births: 2.
num_vsnodes_deaths: 0.
num_space_committed: 113.
num_space_uncommitted: 0.
num_chunks_returned_to_freelist: 0.
num_chunks_taken_from_freelist: 239.
num_chunk_merges: 0.
num_chunk_splits: 172.
num_chunks_enlarged: 131.
num_inconsistent_stats: 0.

CodeHeap 'non-profiled nmethods': size=119168Kb used=425Kb max_used=425Kb free=118743Kb
 bounds [0x000001f7f6f00000, 0x000001f7f7170000, 0x000001f7fe360000]
CodeHeap 'profiled nmethods': size=119104Kb used=2527Kb max_used=2527Kb free=116576Kb
 bounds [0x000001f7efab0000, 0x000001f7efd30000, 0x000001f7f6f00000]
CodeHeap 'non-nmethods': size=7488Kb used=3381Kb max_used=3381Kb free=4106Kb
 bounds [0x000001f7ef360000, 0x000001f7ef6c0000, 0x000001f7efab0000]
 total_blobs=2286 nmethods=1284 adapters=910
 compilation: enabled
              stopped_count=0, restarted_count=0
 full_count=0

Compilation events (20 events):
Event: 0.673 Thread 0x000001f7d0e07780 nmethod 1258 0x000001f7f6f65a10 code [0x000001f7f6f65b80, 0x000001f7f6f65c18]
Event: 0.673 Thread 0x000001f7d0e07780 1163   !   4       java.nio.DirectByteBuffer::get (34 bytes)
Event: 0.674 Thread 0x000001f7c8aa6240 1277       3       java.lang.invoke.MemberName::checkForTypeAlias (172 bytes)
Event: 0.674 Thread 0x000001f7cd4988a0 1278       3       jdk.internal.org.objectweb.asm.MethodWriter::visitMethodInsn (191 bytes)
Event: 0.674 Thread 0x000001f7c8aa8750 1279       3       jdk.internal.org.objectweb.asm.SymbolTable::addConstantMethodref (24 bytes)
Event: 0.674 Thread 0x000001f7c8aa8750 nmethod 1279 0x000001f7efd21890 code [0x000001f7efd21a40, 0x000001f7efd21c08]
Event: 0.674 Thread 0x000001f7c8aa8750 1280       3       jdk.internal.org.objectweb.asm.Label::resolve (219 bytes)
Event: 0.674 Thread 0x000001f7d0e07780 nmethod 1163 0x000001f7f6f65d10 code [0x000001f7f6f65e80, 0x000001f7f6f65f78]
Event: 0.674 Thread 0x000001f7cd4988a0 nmethod 1278 0x000001f7efd21d10 code [0x000001f7efd21f40, 0x000001f7efd22708]
Event: 0.674 Thread 0x000001f7c8aa8750 nmethod 1280 0x000001f7efd22a90 code [0x000001f7efd22c60, 0x000001f7efd231b8]
Event: 0.674 Thread 0x000001f7d0e2ed60 nmethod 1159 0x000001f7f6f66110 code [0x000001f7f6f66640, 0x000001f7f6f68588]
Event: 0.675 Thread 0x000001f7cd4988a0 1281       3       org.eclipse.jdt.launching.internal.org.objectweb.asm.SymbolTable::put (150 bytes)
Event: 0.675 Thread 0x000001f7c8aa6240 nmethod 1277 0x000001f7efd23510 code [0x000001f7efd23980, 0x000001f7efd25898]
Event: 0.675 Thread 0x000001f7cd4988a0 nmethod 1281 0x000001f7efd26210 code [0x000001f7efd26400, 0x000001f7efd26cf8]
Event: 0.676 Thread 0x000001f7c8aa6240 1282       3       java.lang.invoke.MemberName::getType (19 bytes)
Event: 0.676 Thread 0x000001f7c8aa6240 nmethod 1282 0x000001f7efd27010 code [0x000001f7efd271e0, 0x000001f7efd27598]
Event: 0.677 Thread 0x000001f7c8995110 1283       3       jdk.internal.loader.NativeLibraries$NativeLibraryImpl::find (6 bytes)
Event: 0.677 Thread 0x000001f7c8995110 nmethod 1283 0x000001f7efd27710 code [0x000001f7efd278a0, 0x000001f7efd279e8]
Event: 0.677 Thread 0x000001f7c8aa8750 1285       3       java.nio.Buffer::hasRemaining (17 bytes)
Event: 0.677 Thread 0x000001f7c8aa8750 nmethod 1285 0x000001f7efd27a90 code [0x000001f7efd27c20, 0x000001f7efd27d98]

GC Heap History (0 events):
No events

Deoptimization events (20 events):
Event: 0.551 Thread 0x000001f7e7a27cc0 DEOPT PACKING pc=0x000001f7f6f197c8 sp=0x000000c5509fe430
Event: 0.551 Thread 0x000001f7e7a27cc0 DEOPT UNPACKING pc=0x000001f7ef3b23a3 sp=0x000000c5509fe3d0 mode 2
Event: 0.575 Thread 0x000001f7e7a27cc0 Uncommon trap: trap_request=0xffffff54 fr.pc=0x000001f7f6f4ed6c relative=0x000000000000006c
Event: 0.575 Thread 0x000001f7e7a27cc0 Uncommon trap: reason=speculate_null_assert action=make_not_entrant pc=0x000001f7f6f4ed6c method=sun.misc.Unsafe.putLong(Ljava/lang/Object;JJ)V @ 7 c2
Event: 0.575 Thread 0x000001f7e7a27cc0 DEOPT PACKING pc=0x000001f7f6f4ed6c sp=0x000000c5509fee60
Event: 0.575 Thread 0x000001f7e7a27cc0 DEOPT UNPACKING pc=0x000001f7ef3b23a3 sp=0x000000c5509fedf8 mode 2
Event: 0.651 Thread 0x000001f7e7a27cc0 DEOPT PACKING pc=0x000001f7efbb1f79 sp=0x000000c5509fa430
Event: 0.651 Thread 0x000001f7e7a27cc0 DEOPT UNPACKING pc=0x000001f7ef3b2b43 sp=0x000000c5509f9890 mode 0
Event: 0.675 Thread 0x000001f7e7a27cc0 Uncommon trap: trap_request=0xffffff45 fr.pc=0x000001f7f6f558d0 relative=0x00000000000002b0
Event: 0.675 Thread 0x000001f7e7a27cc0 Uncommon trap: reason=unstable_if action=reinterpret pc=0x000001f7f6f558d0 method=java.util.HashMap.getNode(Ljava/lang/Object;)Ljava/util/HashMap$Node; @ 66 c2
Event: 0.675 Thread 0x000001f7e7a27cc0 DEOPT PACKING pc=0x000001f7f6f558d0 sp=0x000000c5509fee40
Event: 0.675 Thread 0x000001f7e7a27cc0 DEOPT UNPACKING pc=0x000001f7ef3b23a3 sp=0x000000c5509fedd0 mode 2
Event: 0.675 Thread 0x000001f7e7a27cc0 Uncommon trap: trap_request=0xffffffc6 fr.pc=0x000001f7f6f507b8 relative=0x00000000000010d8
Event: 0.675 Thread 0x000001f7e7a27cc0 Uncommon trap: reason=bimorphic_or_optimized_type_check action=maybe_recompile pc=0x000001f7f6f507b8 method=java.util.HashMap.putVal(ILjava/lang/Object;Ljava/lang/Object;ZZ)Ljava/lang/Object; @ 91 c2
Event: 0.675 Thread 0x000001f7e7a27cc0 DEOPT PACKING pc=0x000001f7f6f507b8 sp=0x000000c5509fedf0
Event: 0.675 Thread 0x000001f7e7a27cc0 DEOPT UNPACKING pc=0x000001f7ef3b23a3 sp=0x000000c5509fed98 mode 2
Event: 0.676 Thread 0x000001f7e7a27cc0 Uncommon trap: trap_request=0xffffff45 fr.pc=0x000001f7f6f4a194 relative=0x00000000000002f4
Event: 0.676 Thread 0x000001f7e7a27cc0 Uncommon trap: reason=unstable_if action=reinterpret pc=0x000001f7f6f4a194 method=java.util.concurrent.ConcurrentHashMap.get(Ljava/lang/Object;)Ljava/lang/Object; @ 76 c2
Event: 0.676 Thread 0x000001f7e7a27cc0 DEOPT PACKING pc=0x000001f7f6f4a194 sp=0x000000c5509fefd0
Event: 0.676 Thread 0x000001f7e7a27cc0 DEOPT UNPACKING pc=0x000001f7ef3b23a3 sp=0x000000c5509fef68 mode 2

Classes loaded (20 events):
Event: 0.654 Loading class java/util/concurrent/atomic/AtomicBoolean
Event: 0.654 Loading class java/util/concurrent/atomic/AtomicBoolean done
Event: 0.654 Loading class java/util/concurrent/atomic/AtomicIntegerArray
Event: 0.654 Loading class java/util/concurrent/atomic/AtomicIntegerArray done
Event: 0.655 Loading class java/util/UUID
Event: 0.655 Loading class java/util/UUID done
Event: 0.656 Loading class java/util/Currency
Event: 0.656 Loading class java/util/Currency done
Event: 0.659 Loading class java/util/concurrent/atomic/AtomicLongArray
Event: 0.659 Loading class java/util/concurrent/atomic/AtomicLongArray done
Event: 0.664 Loading class sun/nio/cs/StreamDecoder
Event: 0.665 Loading class sun/nio/cs/StreamDecoder done
Event: 0.665 Loading class sun/nio/cs/UTF_8$Decoder
Event: 0.665 Loading class sun/nio/cs/UTF_8$Decoder done
Event: 0.667 Loading class java/io/InvalidObjectException
Event: 0.667 Loading class java/io/ObjectStreamException
Event: 0.667 Loading class java/io/ObjectStreamException done
Event: 0.667 Loading class java/io/InvalidObjectException done
Event: 0.668 Loading class java/io/BufferedReader
Event: 0.668 Loading class java/io/BufferedReader done

Classes unloaded (0 events):
No events

Classes redefined (0 events):
No events

Internal exceptions (20 events):
Event: 0.270 Thread 0x000001f7e7a27cc0 Exception <a 'sun/nio/fs/WindowsException'{0x000000011e491be8}> (0x000000011e491be8) 
thrown [s\open\src\hotspot\share\prims\jni.cpp, line 516]
Event: 0.276 Thread 0x000001f7e7a27cc0 Exception <a 'sun/nio/fs/WindowsException'{0x000000011e4b6070}> (0x000000011e4b6070) 
thrown [s\open\src\hotspot\share\prims\jni.cpp, line 516]
Event: 0.276 Thread 0x000001f7e7a27cc0 Exception <a 'sun/nio/fs/WindowsException'{0x000000011e4b63d0}> (0x000000011e4b63d0) 
thrown [s\open\src\hotspot\share\prims\jni.cpp, line 516]
Event: 0.281 Thread 0x000001f7e7a27cc0 Exception <a 'java/lang/NoSuchMethodError'{0x000000011e55ab80}: 'java.lang.Object java.lang.invoke.DirectMethodHandle$Holder.invokeStaticInit(java.lang.Object)'> (0x000000011e55ab80) 
thrown [s\open\src\hotspot\share\interpreter\linkResolver.cpp, line 759]
Event: 0.284 Thread 0x000001f7e7a27cc0 Exception <a 'java/lang/NoSuchMethodError'{0x000000011e5aa0e8}: 'int java.lang.invoke.DirectMethodHandle$Holder.invokeStaticInit(java.lang.Object, java.lang.Object, int, long)'> (0x000000011e5aa0e8) 
thrown [s\open\src\hotspot\share\interpreter\linkResolver.cpp, line 759]
Event: 0.284 Thread 0x000001f7e7a27cc0 Exception <a 'java/lang/NoSuchMethodError'{0x000000011e5af9b0}: 'java.lang.Object java.lang.invoke.DirectMethodHandle$Holder.newInvokeSpecial(java.lang.Object, java.lang.Object, int)'> (0x000000011e5af9b0) 
thrown [s\open\src\hotspot\share\interpreter\linkResolver.cpp, line 759]
Event: 0.285 Thread 0x000001f7e7a27cc0 Exception <a 'java/lang/NoSuchMethodError'{0x000000011e5ca068}: 'int java.lang.invoke.DirectMethodHandle$Holder.invokeStaticInit(java.lang.Object, java.lang.Object, long, long)'> (0x000000011e5ca068) 
thrown [s\open\src\hotspot\share\interpreter\linkResolver.cpp, line 759]
Event: 0.286 Thread 0x000001f7e7a27cc0 Exception <a 'java/lang/NoSuchMethodError'{0x000000011e5d0178}: 'java.lang.Object java.lang.invoke.DirectMethodHandle$Holder.newInvokeSpecial(java.lang.Object, java.lang.Object, long)'> (0x000000011e5d0178) 
thrown [s\open\src\hotspot\share\interpreter\linkResolver.cpp, line 759]
Event: 0.286 Thread 0x000001f7e7a27cc0 Exception <a 'java/lang/NoSuchMethodError'{0x000000011e5d4478}: 'java.lang.Object java.lang.invoke.Invokers$Holder.linkToTargetMethod(java.lang.Object, long, java.lang.Object)'> (0x000000011e5d4478) 
thrown [s\open\src\hotspot\share\interpreter\linkResolver.cpp, line 759]
Event: 0.286 Thread 0x000001f7e7a27cc0 Exception <a 'java/lang/NoSuchMethodError'{0x000000011e5dba20}: 'int java.lang.invoke.DirectMethodHandle$Holder.invokeStaticInit(java.lang.Object, java.lang.Object, java.lang.Object, long)'> (0x000000011e5dba20) 
thrown [s\open\src\hotspot\share\interpreter\linkResolver.cpp, line 759]
Event: 0.319 Thread 0x000001f7e7a27cc0 Exception <a 'java/lang/NoSuchMethodError'{0x000000011e891f48}: 'int java.lang.invoke.Invokers$Holder.invokeExact_MT(java.lang.Object, java.lang.Object)'> (0x000000011e891f48) 
thrown [s\open\src\hotspot\share\interpreter\linkResolver.cpp, line 759]
Event: 0.537 Thread 0x000001f7e7a27cc0 Exception <a 'java/lang/NoSuchMethodError'{0x000000011e8fb2e8}: 'void java.lang.System.load(java.lang.String, java.lang.Class)'> (0x000000011e8fb2e8) 
thrown [s\open\src\hotspot\share\interpreter\linkResolver.cpp, line 759]
Event: 0.538 Thread 0x000001f7e7a27cc0 Exception <a 'java/lang/NoSuchMethodError'{0x000000011e8fe178}: 'void java.lang.System.loadLibrary(java.lang.String, java.lang.Class)'> (0x000000011e8fe178) 
thrown [s\open\src\hotspot\share\interpreter\linkResolver.cpp, line 759]
Event: 0.542 Thread 0x000001f7e7a27cc0 Exception <a 'sun/nio/fs/WindowsException'{0x000000011e90e500}> (0x000000011e90e500) 
thrown [s\open\src\hotspot\share\prims\jni.cpp, line 516]
Event: 0.542 Thread 0x000001f7e7a27cc0 Exception <a 'sun/nio/fs/WindowsException'{0x000000011e90e8a8}> (0x000000011e90e8a8) 
thrown [s\open\src\hotspot\share\prims\jni.cpp, line 516]
Event: 0.544 Thread 0x000001f7e7a27cc0 Exception <a 'sun/nio/fs/WindowsException'{0x000000011e917028}> (0x000000011e917028) 
thrown [s\open\src\hotspot\share\prims\jni.cpp, line 516]
Event: 0.544 Thread 0x000001f7e7a27cc0 Exception <a 'sun/nio/fs/WindowsException'{0x000000011e917308}> (0x000000011e917308) 
thrown [s\open\src\hotspot\share\prims\jni.cpp, line 516]
Event: 0.608 Thread 0x000001f7e7a27cc0 Exception <a 'java/lang/NoSuchMethodError'{0x000000011ef1c730}: 'void java.lang.invoke.DirectMethodHandle$Holder.invokeStaticInit(java.lang.Object, java.lang.Object, java.lang.Object)'> (0x000000011ef1c730) 
thrown [s\open\src\hotspot\share\interpreter\linkResolver.cpp, line 759]
Event: 0.613 Thread 0x000001f7e7a27cc0 Exception <a 'java/lang/NoSuchMethodError'{0x000000011ef88700}: 'void java.lang.invoke.DirectMethodHandle$Holder.invokeSpecial(java.lang.Object, java.lang.Object, int)'> (0x000000011ef88700) 
thrown [s\open\src\hotspot\share\interpreter\linkResolver.cpp, line 759]
Event: 0.673 Thread 0x000001f7e7a27cc0 Exception <a 'java/lang/NoSuchMethodError'{0x000000011d9af170}: 'void java.lang.invoke.DirectMethodHandle$Holder.invokeStaticInit(java.lang.Object, int, int, java.lang.Object)'> (0x000000011d9af170) 
thrown [s\open\src\hotspot\share\interpreter\linkResolver.cpp, line 759]

VM Operations (12 events):
Event: 0.046 Executing VM operation: HandshakeAllThreads
Event: 0.046 Executing VM operation: HandshakeAllThreads done
Event: 0.059 Executing VM operation: ChangeBreakpoints
Event: 0.059 Executing VM operation: ChangeBreakpoints done
Event: 0.097 Executing VM operation: ChangeBreakpoints
Event: 0.097 Executing VM operation: ChangeBreakpoints done
Event: 0.265 Executing VM operation: HandshakeAllThreads
Event: 0.265 Executing VM operation: HandshakeAllThreads done
Event: 0.270 Executing VM operation: HandshakeAllThreads
Event: 0.270 Executing VM operation: HandshakeAllThreads done
Event: 0.551 Executing VM operation: HandshakeAllThreads
Event: 0.551 Executing VM operation: HandshakeAllThreads done

Events (20 events):
Event: 0.046 Thread 0x000001f7c8aa6240 Thread added: 0x000001f7c8aa6240
Event: 0.047 Thread 0x000001f7c8aa8750 Thread added: 0x000001f7c8aa8750
Event: 0.059 Thread 0x000001f7c8c2cb70 Thread added: 0x000001f7c8c2cb70
Event: 0.059 Thread 0x000001f7c8c2da00 Thread added: 0x000001f7c8c2da00
Event: 0.059 Thread 0x000001f7c8c2e270 Thread added: 0x000001f7c8c2e270
Event: 0.103 Loaded shared library C:\Program Files\Java\jdk-18.0.2\bin\zip.dll
Event: 0.105 Loaded shared library C:\Program Files\Java\jdk-18.0.2\bin\instrument.dll
Event: 0.108 Loaded shared library C:\Program Files\Java\jdk-18.0.2\bin\net.dll
Event: 0.109 Loaded shared library C:\Program Files\Java\jdk-18.0.2\bin\nio.dll
Event: 0.111 Loaded shared library C:\Program Files\Java\jdk-18.0.2\bin\zip.dll
Event: 0.160 Loaded shared library C:\Program Files\Java\jdk-18.0.2\bin\jimage.dll
Event: 0.168 Thread 0x000001f7cd4988a0 Thread added: 0x000001f7cd4988a0
Event: 0.200 Thread 0x000001f7cd583c80 Thread added: 0x000001f7cd583c80
Event: 0.205 Thread 0x000001f7c89886c0 Thread added: 0x000001f7c89886c0
Event: 0.209 Loaded shared library C:\Program Files\Java\jdk-18.0.2\bin\verify.dll
Event: 0.271 Loaded shared library C:\Users\marvi\AppData\Local\Temp\lwjglmarvi\3.3.1-build-7\lwjgl.dll
Event: 0.536 Thread 0x000001f7cd583c80 Thread exited: 0x000001f7cd583c80
Event: 0.543 Loaded shared library C:\Users\marvi\AppData\Local\Temp\lwjglmarvi\3.3.1-build-7\lwjgl_opengl.dll
Event: 0.556 Thread 0x000001f7d0e2ed60 Thread added: 0x000001f7d0e2ed60
Event: 0.633 Thread 0x000001f7d0e07780 Thread added: 0x000001f7d0e07780


Dynamic libraries:
0x00007ff6edbe0000 - 0x00007ff6edbf0000 	C:\Program Files\Java\jdk-18.0.2\bin\javaw.exe
0x00007ffa5c6b0000 - 0x00007ffa5c8a8000 	C:\WINDOWS\SYSTEM32\ntdll.dll
0x00007ffa5bed0000 - 0x00007ffa5bf8d000 	C:\WINDOWS\System32\KERNEL32.DLL
0x00007ffa59ec0000 - 0x00007ffa5a192000 	C:\WINDOWS\System32\KERNELBASE.dll
0x00007ffa5a610000 - 0x00007ffa5a710000 	C:\WINDOWS\System32\ucrtbase.dll
0x00007ffa51d20000 - 0x00007ffa51d38000 	C:\Program Files\Java\jdk-18.0.2\bin\jli.dll
0x00007ffa4db40000 - 0x00007ffa4db5a000 	C:\Program Files\Java\jdk-18.0.2\bin\VCRUNTIME140.dll
0x00007ffa5c510000 - 0x00007ffa5c5be000 	C:\WINDOWS\System32\ADVAPI32.dll
0x00007ffa5bc70000 - 0x00007ffa5bd0e000 	C:\WINDOWS\System32\msvcrt.dll
0x00007ffa5c020000 - 0x00007ffa5c0bc000 	C:\WINDOWS\System32\sechost.dll
0x00007ffa5ba00000 - 0x00007ffa5bb25000 	C:\WINDOWS\System32\RPCRT4.dll
0x00007ffa5c150000 - 0x00007ffa5c2ed000 	C:\WINDOWS\System32\USER32.dll
0x00007ffa3bab0000 - 0x00007ffa3bd4a000 	C:\WINDOWS\WinSxS\amd64_microsoft.windows.common-controls_6595b64144ccf1df_6.0.19041.1110_none_60b5254171f9507e\COMCTL32.dll
0x00007ffa5a5e0000 - 0x00007ffa5a602000 	C:\WINDOWS\System32\win32u.dll
0x00007ffa5b9d0000 - 0x00007ffa5b9fb000 	C:\WINDOWS\System32\GDI32.dll
0x00007ffa5a270000 - 0x00007ffa5a37f000 	C:\WINDOWS\System32\gdi32full.dll
0x00007ffa5a1a0000 - 0x00007ffa5a23d000 	C:\WINDOWS\System32\msvcp_win.dll
0x00007ffa53340000 - 0x00007ffa5334a000 	C:\WINDOWS\SYSTEM32\VERSION.dll
0x00007ffa5bff0000 - 0x00007ffa5c020000 	C:\WINDOWS\System32\IMM32.DLL
0x00007ffa56960000 - 0x00007ffa5696c000 	C:\Program Files\Java\jdk-18.0.2\bin\vcruntime140_1.dll
0x00007ff9e90c0000 - 0x00007ff9e914d000 	C:\Program Files\Java\jdk-18.0.2\bin\msvcp140.dll
0x00007ff9d30f0000 - 0x00007ff9d3d01000 	C:\Program Files\Java\jdk-18.0.2\bin\server\jvm.dll
0x00007ffa5c370000 - 0x00007ffa5c378000 	C:\WINDOWS\System32\PSAPI.DLL
0x00007ffa4ac60000 - 0x00007ffa4ac69000 	C:\WINDOWS\SYSTEM32\WSOCK32.dll
0x00007ffa4eee0000 - 0x00007ffa4ef07000 	C:\WINDOWS\SYSTEM32\WINMM.dll
0x00007ffa5b600000 - 0x00007ffa5b66b000 	C:\WINDOWS\System32\WS2_32.dll
0x00007ffa58630000 - 0x00007ffa58642000 	C:\WINDOWS\SYSTEM32\kernel.appcore.dll
0x00007ffa550a0000 - 0x00007ffa550aa000 	C:\Program Files\Java\jdk-18.0.2\bin\jimage.dll
0x00007ffa4b8f0000 - 0x00007ffa4bad4000 	C:\WINDOWS\SYSTEM32\DBGHELP.DLL
0x00007ffa4ac30000 - 0x00007ffa4ac5c000 	C:\WINDOWS\SYSTEM32\dbgcore.DLL
0x00007ffa59dc0000 - 0x00007ffa59e42000 	C:\WINDOWS\System32\bcryptPrimitives.dll
0x00007ffa27d70000 - 0x00007ffa27dab000 	C:\Program Files\Java\jdk-18.0.2\bin\jdwp.dll
0x00007ffa57040000 - 0x00007ffa5704e000 	C:\Program Files\Java\jdk-18.0.2\bin\instrument.dll
0x00007ffa4dac0000 - 0x00007ffa4dae5000 	C:\Program Files\Java\jdk-18.0.2\bin\java.dll
0x00007ff9e8a80000 - 0x00007ff9e8b56000 	C:\Program Files\Java\jdk-18.0.2\bin\jsvml.dll
0x00007ffa5aa40000 - 0x00007ffa5b183000 	C:\WINDOWS\System32\SHELL32.dll
0x00007ffa57e80000 - 0x00007ffa58611000 	C:\WINDOWS\SYSTEM32\windows.storage.dll
0x00007ffa5b670000 - 0x00007ffa5b9c4000 	C:\WINDOWS\System32\combase.dll
0x00007ffa59820000 - 0x00007ffa59850000 	C:\WINDOWS\SYSTEM32\Wldp.dll
0x00007ffa5c5c0000 - 0x00007ffa5c66d000 	C:\WINDOWS\System32\SHCORE.dll
0x00007ffa5a710000 - 0x00007ffa5a765000 	C:\WINDOWS\System32\shlwapi.dll
0x00007ffa59d00000 - 0x00007ffa59d1f000 	C:\WINDOWS\SYSTEM32\profapi.dll
0x00007ffa4da60000 - 0x00007ffa4da6c000 	C:\Program Files\Java\jdk-18.0.2\bin\dt_socket.dll
0x00007ffa59220000 - 0x00007ffa5925b000 	C:\WINDOWS\SYSTEM32\IPHLPAPI.DLL
0x00007ffa59580000 - 0x00007ffa595ea000 	C:\WINDOWS\system32\mswsock.dll
0x00007ffa59270000 - 0x00007ffa5933a000 	C:\WINDOWS\SYSTEM32\DNSAPI.dll
0x00007ffa5bec0000 - 0x00007ffa5bec8000 	C:\WINDOWS\System32\NSI.dll
0x000000006a350000 - 0x000000006a35a000 	C:\Program Files\National Instruments\Shared\mDNS Responder\nimdnsNSP.dll
0x000000006a340000 - 0x000000006a350000 	C:\WINDOWS\SYSTEM32\nimdnsResponder.dll
0x00007ffa525c0000 - 0x00007ffa525ca000 	C:\Windows\System32\rasadhlp.dll
0x00007ffa517a0000 - 0x00007ffa51820000 	C:\WINDOWS\System32\fwpuclnt.dll
0x00007ffa5a240000 - 0x00007ffa5a267000 	C:\WINDOWS\System32\bcrypt.dll
0x00007ffa4d970000 - 0x00007ffa4d988000 	C:\Program Files\Java\jdk-18.0.2\bin\zip.dll
0x00007ffa4daa0000 - 0x00007ffa4dab3000 	C:\Program Files\Java\jdk-18.0.2\bin\net.dll
0x00007ffa529b0000 - 0x00007ffa52abd000 	C:\WINDOWS\SYSTEM32\WINHTTP.dll
0x00007ffa4da80000 - 0x00007ffa4da96000 	C:\Program Files\Java\jdk-18.0.2\bin\nio.dll
0x00007ffa51dd0000 - 0x00007ffa51de0000 	C:\Program Files\Java\jdk-18.0.2\bin\verify.dll
0x00007ffa19330000 - 0x00007ffa193a5000 	C:\Users\marvi\AppData\Local\Temp\lwjglmarvi\3.3.1-build-7\lwjgl.dll
0x00007ffa15270000 - 0x00007ffa152d1000 	C:\Users\marvi\AppData\Local\Temp\lwjglmarvi\3.3.1-build-7\glfw.dll
0x00007ffa237e0000 - 0x00007ffa23825000 	C:\WINDOWS\SYSTEM32\dinput8.dll
0x00007ffa33d90000 - 0x00007ffa33da1000 	C:\WINDOWS\SYSTEM32\xinput1_4.dll
0x00007ffa5a380000 - 0x00007ffa5a3ce000 	C:\WINDOWS\System32\cfgmgr32.dll
0x00007ffa59b70000 - 0x00007ffa59b9c000 	C:\WINDOWS\SYSTEM32\DEVOBJ.dll
0x00007ffa578b0000 - 0x00007ffa578df000 	C:\WINDOWS\SYSTEM32\dwmapi.dll
0x00007ffa26180000 - 0x00007ffa262d2000 	C:\WINDOWS\SYSTEM32\inputhost.dll
0x00007ffa5a770000 - 0x00007ffa5a83d000 	C:\WINDOWS\System32\OLEAUT32.dll
0x00007ffa56270000 - 0x00007ffa563c4000 	C:\WINDOWS\SYSTEM32\wintypes.dll
0x00007ffa56e10000 - 0x00007ffa56f02000 	C:\WINDOWS\SYSTEM32\CoreMessaging.dll
0x00007ffa57d10000 - 0x00007ffa57e06000 	C:\WINDOWS\SYSTEM32\PROPSYS.dll
0x00007ffa56ab0000 - 0x00007ffa56e0e000 	C:\WINDOWS\SYSTEM32\CoreUIComponents.dll
0x00007ffa58f50000 - 0x00007ffa58f83000 	C:\WINDOWS\SYSTEM32\ntmarta.dll
0x00007ffa573c0000 - 0x00007ffa5745e000 	C:\WINDOWS\system32\uxtheme.dll
0x00007ffa5a840000 - 0x00007ffa5a955000 	C:\WINDOWS\System32\MSCTF.dll
0x00007ff9f2c50000 - 0x00007ff9f2d77000 	C:\WINDOWS\SYSTEM32\opengl32.dll
0x00007ffa316c0000 - 0x00007ffa316ec000 	C:\WINDOWS\SYSTEM32\GLU32.dll
0x00007ffa5c380000 - 0x00007ffa5c42f000 	C:\WINDOWS\System32\clbcatq.dll
0x00007ff9ee0b0000 - 0x00007ff9f0bd0000 	C:\WINDOWS\System32\DriverStore\FileRepository\nvmd.inf_amd64_0da8f93391b94ddf\nvoglv64.dll
0x00007ffa5b190000 - 0x00007ffa5b5ff000 	C:\WINDOWS\System32\SETUPAPI.dll
0x00007ffa5bb30000 - 0x00007ffa5bc5a000 	C:\WINDOWS\System32\ole32.dll
0x00007ffa552b0000 - 0x00007ffa552c4000 	C:\WINDOWS\SYSTEM32\WTSAPI32.dll
0x00007ffa599b0000 - 0x00007ffa599c2000 	C:\WINDOWS\SYSTEM32\msasn1.dll
0x00007ffa53100000 - 0x00007ffa53131000 	C:\WINDOWS\SYSTEM32\cryptnet.dll
0x00007ffa5a480000 - 0x00007ffa5a5d6000 	C:\WINDOWS\System32\CRYPT32.dll
0x00007ffa515e0000 - 0x00007ffa51728000 	C:\WINDOWS\SYSTEM32\drvstore.dll
0x00007ffa59790000 - 0x00007ffa5979c000 	C:\WINDOWS\SYSTEM32\cryptbase.dll
0x00007ffa59e50000 - 0x00007ffa59eb9000 	C:\WINDOWS\System32\WINTRUST.dll
0x00007ffa540f0000 - 0x00007ffa5412b000 	C:\WINDOWS\SYSTEM32\dxcore.dll
0x00007ffa03a30000 - 0x00007ffa03cf7000 	C:\WINDOWS\system32\nvspcap64.dll
0x00007ffa59340000 - 0x00007ffa5938b000 	C:\WINDOWS\SYSTEM32\powrprof.dll
0x00007ffa59200000 - 0x00007ffa59212000 	C:\WINDOWS\SYSTEM32\UMPDC.dll
0x00007ffa58ac0000 - 0x00007ffa58b24000 	C:\WINDOWS\SYSTEM32\WINSTA.dll
0x00007ffa262e0000 - 0x00007ffa263d9000 	C:\WINDOWS\SYSTEM32\textinputframework.dll
0x00007ffa150c0000 - 0x00007ffa1511d000 	C:\Users\marvi\AppData\Local\Temp\lwjglmarvi\3.3.1-build-7\lwjgl_opengl.dll

dbghelp: loaded successfully - version: 4.0.5 - missing functions: none
symbol engine: initialized successfully - sym options: 0x614 - pdb path: .;C:\Program Files\Java\jdk-18.0.2\bin;C:\WINDOWS\SYSTEM32;C:\WINDOWS\WinSxS\amd64_microsoft.windows.common-controls_6595b64144ccf1df_6.0.19041.1110_none_60b5254171f9507e;C:\Program Files\Java\jdk-18.0.2\bin\server;C:\Program Files\National Instruments\Shared\mDNS Responder;C:\Users\marvi\AppData\Local\Temp\lwjglmarvi\3.3.1-build-7;C:\WINDOWS\System32\DriverStore\FileRepository\nvmd.inf_amd64_0da8f93391b94ddf

VM Arguments:
jvm_args: -XX:+ShowCodeDetailsInExceptionMessages -agentlib:jdwp=transport=dt_socket,suspend=y,address=localhost:60248 -javaagent:D:\Eclipse\eclipse\configuration\org.eclipse.osgi\228\0\.cp\lib\javaagent-shaded.jar -Dfile.encoding=UTF-8 
java_command: de.m_marvin.renderengine.RenderEngine
java_class_path (initial): E:\GitHub\LIBRARY-RenderEngine\RenderEngine\bin\default;C:\Users\marvi\.gradle\caches\modules-2\files-2.1\org.lwjgl\lwjgl-assimp\3.3.1\312072f451794f25670aebb0160ce6ec88aff842\lwjgl-assimp-3.3.1.jar;C:\Users\marvi\.gradle\caches\modules-2\files-2.1\org.lwjgl\lwjgl-glfw\3.3.1\cbac1b8d30cb4795149c1ef540f912671a8616d0\lwjgl-glfw-3.3.1.jar;C:\Users\marvi\.gradle\caches\modules-2\files-2.1\org.lwjgl\lwjgl-jawt\3.3.1\30330b16b809655d42f4951ece57f425cce43ce2\lwjgl-jawt-3.3.1.jar;C:\Users\marvi\.gradle\caches\modules-2\files-2.1\org.lwjgl\lwjgl-openal\3.3.1\2623a6b8ae1dfcd880738656a9f0243d2e6840bd\lwjgl-openal-3.3.1.jar;C:\Users\marvi\.gradle\caches\modules-2\files-2.1\org.lwjgl\lwjgl-opengl\3.3.1\831a5533a21a5f4f81bbc51bb13e9899319b5411\lwjgl-opengl-3.3.1.jar;C:\Users\marvi\.gradle\caches\modules-2\files-2.1\org.lwjgl\lwjgl-stb\3.3.1\b119297cf8ed01f247abe8685857f8e7fcf5980f\lwjgl-stb-3.3.1.jar;C:\Users\marvi\.gradle\caches\modules-2\files-2.1\org.lwjgl\lwjgl\3.3.1\ae58664f88e18a9bb2c77b063833ca7aaec484cb\lwjgl-3.3.1.jar;C:\Users\marvi\.gradle\caches\modules-2\files-2.1\com.google.guava\guava\16.0.1\5fa98cd1a63c99a44dd8d3b77e4762b066a5d0c5\guava-16.0.1.jar;C:\Users\marvi\.gradle\caches\modules-2\files-2.1\com.google.code.gson\gson\2.9.1\2cc2131b98ebfb04e2b2c7dfb84431f4045096b\gson-2.9.1.jar;C:\Users\marvi\.gradle\caches\modules-2\files-2.1\org.lwjgl\lwjgl-assimp\3.3.1\bfa2a0d57acbf952b716d0ad8a3acbd7ad9f5639\lwjgl-assimp-3.3.1-natives-windows.jar;C:\Users\marvi\.gradle\caches\modules-2\files-2.1\org.lwjgl\lwjgl-glfw\3.3.1\ed892f945cf7e79c8756796f32d00fa4ceaf573b\lwjgl-glfw-3.3.1-natives-windows.jar;C:\Users\marvi\.gradle\caches\modules-2\files-2.1\org.lwjgl\lwjgl-openal\3.3.1\30a474d0e57193d7bc128849a3ab66bc9316fdb1\lwjgl-openal-3.3.1-natives-windows.jar;C:\Users\marvi\.gradle\caches\modules-2\files-2.1\org.lwjgl\lwjgl-opengl\3.3.1\c1807e9bd571402787d7e37e3029776ae2513bb8\lwjgl-opengl-3.3.1-natives-windows.jar;C:\Users\marvi\.gradle\caches\modules-2\files-2.1\org.lwjgl\lwjgl-stb\3.3.1\86315914ac119efdb02dc9e8e978ade84f1702af\lwjgl-stb-3.3.1-natives-windows.jar;C:\Users\marvi\.gradle\caches\modules-2\files-2.1\org.lwjgl\lwjgl\3.3.1\36c37f16ab611b3aa11f3bcf80b1d509b4ce6b\lwjgl-3.3.1-natives-windows.jar
Launcher Type: SUN_STANDARD

[Global flags]
     intx CICompilerCount                          = 12                                        {product} {ergonomic}
     uint ConcGCThreads                            = 5                                         {product} {ergonomic}
     uint G1ConcRefinementThreads                  = 18                                        {product} {ergonomic}
   size_t G1HeapRegionSize                         = 16777216                                  {product} {ergonomic}
    uintx GCDrainStackTargetSize                   = 64                                        {product} {ergonomic}
   size_t InitialHeapSize                          = 2147483648                                {product} {ergonomic}
   size_t MarkStackSize                            = 4194304                                   {product} {ergonomic}
   size_t MaxHeapSize                              = 31675383808                               {product} {ergonomic}
   size_t MaxNewSize                               = 18991808512                               {product} {ergonomic}
   size_t MinHeapDeltaBytes                        = 16777216                                  {product} {ergonomic}
   size_t MinHeapSize                              = 16777216                                  {product} {ergonomic}
    uintx NonNMethodCodeHeapSize                   = 7602480                                {pd product} {ergonomic}
    uintx NonProfiledCodeHeapSize                  = 122027880                              {pd product} {ergonomic}
    uintx ProfiledCodeHeapSize                     = 122027880                              {pd product} {ergonomic}
    uintx ReservedCodeCacheSize                    = 251658240                              {pd product} {ergonomic}
     bool SegmentedCodeCache                       = true                                      {product} {ergonomic}
     bool ShowCodeDetailsInExceptionMessages       = true                                   {manageable} {command line}
   size_t SoftMaxHeapSize                          = 31675383808                            {manageable} {ergonomic}
     bool UseCompressedClassPointers               = true                           {product lp64_product} {ergonomic}
     bool UseCompressedOops                        = true                           {product lp64_product} {ergonomic}
     bool UseG1GC                                  = true                                      {product} {ergonomic}
     bool UseLargePagesIndividualAllocation        = false                                  {pd product} {ergonomic}

Logging:
Log output configuration:
 #0: stdout all=warning uptime,level,tags foldmultilines=false
 #1: stderr all=off uptime,level,tags foldmultilines=false

Environment Variables:
JAVA_HOME=C:\Program Files\Java\jdk-17.0.2
PATH=C:\Program Files\Common Files\Oracle\Java\javapath;C:\Program Files\Eclipse Foundation\jdk-8.0.302.8-hotspot\bin;C:\Program Files\Eclipse Adoptium\jdk-11.0.13.8-hotspot\bin;D:\TIAPortal\SCADA-RT_V11\WinCC\Bin;C:\Program Files\Common Files\Siemens\Automation\Simatic OAM\bin;C:\Program Files (x86)\Common Files\Siemens\Bin;C:\Program Files (x86)\Common Files\Siemens\CommonArchiving;C:\Program Files (x86)\Common Files\Siemens\ACE\Bin;C:\Program Files (x86)\Common Files\Oracle\Java\javapath;C:\Windows\system32;C:\Windows;C:\Windows\System32\Wbem;C:\Windows\System32\WindowsPowerShell\v1.0\;C:\Windows\System32\OpenSSH\;C:\Program Files (x86)\NVIDIA Corporation\PhysX\Common;C:\Program Files\NVIDIA Corporation\NVIDIA NvDLISR;C:\Program Files (x86)\Microsoft SQL Server\100\Tools\Binn\;C:\Program Files (x86)\Microsoft SQL Server\100\DTS\Binn\;C:\WINDOWS\system32;C:\WINDOWS;C:\WINDOWS\System32\Wbem;C:\WINDOWS\System32\WindowsPowerShell\v1.0\;C:\WINDOWS\System32\OpenSSH\;C:\Program Files (x86)\IVI Foundation\VISA\WinNT\Bin\;C:\Program Files\IVI Foundation\VISA\Win64\Bin\;C:\Program Files (x86)\Microsoft SQL Server\90\Tools\binn\;C:\Program Files\Microsoft SQL Server\Client SDK\ODBC\130\Tools\Binn\;C:\Program Files (x86)\Microsoft SQL Server\130\Tools\Binn\;C:\Program Files\Microsoft SQL Server\130\Tools\Binn\;C:\Program Files\Microsoft SQL Server\130\DTS\Binn\;D:\TIAPortal\SCADA-RT_V11\WinCC\Interfaces;C:\Program Files (x86)\Common Files\Siemens\;C:\Program Files (x86)\Common Files\Siemens\Interfaces;C:\Program Files (x86)\Common Files\Siemens\ACE\Interfaces;C:\Program Files\Microsoft SQL Server\Client SDK\ODBC\170\Tools\Binn\;C:\Program Files\Java\jdk-17.0.2\bin;C:\Program Files (x86)\IVI Foundation\IVI\bin;C:\Program Files\IVI Foundation\IVI\bin;C:\Program Files (x86)\IVI Foundation\VISA\WinNT\Bin;C:\Program Files\dotnet\;C:\Program Files\Git\cmd;C:\Users\marvi\AppData\Local\Microsoft\WindowsApps;C:\Users\marvi\AppData\Local\GitHubDesktop\bin;C:\Users\marvi\.dotnet\tools;C:\Gradle\gradle-7.4.2\bin;
USERNAME=marvi
OS=Windows_NT
PROCESSOR_IDENTIFIER=AMD64 Family 23 Model 113 Stepping 0, AuthenticAMD



---------------  S Y S T E M  ---------------

OS:
 Windows 10 , 64 bit Build 19041 (10.0.19041.1889)
OS uptime: 0 days 8:04 hours

CPU: total 24 (initial active 24) (24 cores per cpu, 2 threads per core) family 23 model 113 stepping 0 microcode 0x0, cx8, cmov, fxsr, ht, mmx, 3dnowpref, sse, sse2, sse3, ssse3, sse4a, sse4.1, sse4.2, popcnt, lzcnt, tsc, tscinvbit, avx, avx2, aes, clmul, bmi1, bmi2, adx, sha, fma, vzeroupper, clflush, clflushopt

Memory: 4k page, system-wide physical 131023M (89953M free)
TotalPageFile size 150479M (AvailPageFile size 82999M)
current process WorkingSet (physical memory assigned to process): 131M, peak: 135M
current process commit charge ("private bytes"): 2297M, peak: 2301M

vm_info: Java HotSpot(TM) 64-Bit Server VM (18.0.2+9-61) for windows-amd64 JRE (18.0.2+9-61), built on Jun  7 2022 13:09:01 by "mach5one" with MS VC++ 16.8 / 16.9 (VS2019)

END.
