#
# A fatal error has been detected by the Java Runtime Environment:
#
#  EXCEPTION_ACCESS_VIOLATION (0xc0000005) at pc=0x00007ffefb3cfacd, pid=5344, tid=12664
#
# JRE version: OpenJDK Runtime Environment (16.0.2+7) (build 16.0.2+7-67)
# Java VM: OpenJDK 64-Bit Server VM (16.0.2+7-67, mixed mode, tiered, compressed oops, compressed class ptrs, g1 gc, windows-amd64)
# Problematic frame:
# C  [lwjgl_opengl.dll+0xfacd]
#
# No core dump will be written. Minidumps are not enabled by default on client versions of Windows
#
# If you would like to submit a bug report, please visit:
#   https://bugreport.java.com/bugreport/crash.jsp
# The crash happened outside the Java Virtual Machine in native code.
# See problematic frame for where to report the bug.
#

---------------  S U M M A R Y ------------

Command Line: -XX:+ShowCodeDetailsInExceptionMessages -agentlib:jdwp=transport=dt_socket,suspend=y,address=localhost:49896 -javaagent:C:\Users\marvi\AppData\Roaming\eclipse\java-2021-09\eclipse\configuration\org.eclipse.osgi\660\0\.cp\lib\javaagent-shaded.jar -Dfile.encoding=Cp1252 de.m_marvin.renderengine.RenderEngine

Host: Intel(R) Core(TM) i3-1005G1 CPU @ 1.20GHz, 4 cores, 7G,  Windows 10 , 64 bit Build 19041 (10.0.19041.1806)
Time: Tue Oct 11 12:57:44 2022 Mitteleuropäische Sommerzeit elapsed time: 1.266959 seconds (0d 0h 0m 1s)

---------------  T H R E A D  ---------------

Current thread (0x0000027200790ac0):  JavaThread "main" [_thread_in_native, id=12664, stack(0x000000a75f800000,0x000000a75f900000)]

Stack: [0x000000a75f800000,0x000000a75f900000],  sp=0x000000a75f8ff088,  free space=1020k
Native frames: (J=compiled Java code, j=interpreted, Vv=VM code, C=native code)
C  [lwjgl_opengl.dll+0xfacd]

Java frames: (J=compiled Java code, j=interpreted, Vv=VM code)
j  org.lwjgl.opengl.GL30C.nglGenVertexArrays(IJ)V+0
j  org.lwjgl.opengl.GL30C.glGenVertexArrays()I+20
j  org.lwjgl.opengl.GL30.glGenVertexArrays()I+0
j  de.m_marvin.renderengine.GLStateManager.genVertexArray(Ljava/util/function/IntConsumer;)V+1
j  de.m_marvin.renderengine.buffers.VertexBuffer.<init>()V+10
j  de.m_marvin.renderengine.RenderEngine.start()V+431
j  de.m_marvin.renderengine.RenderEngine.main([Ljava/lang/String;)V+7
v  ~StubRoutines::call_stub

siginfo: EXCEPTION_ACCESS_VIOLATION (0xc0000005), reading address 0x00000000000013c8


Register to memory mapping:

RIP=0x00007ffefb3cfacd lwjgl_opengl.dll
RAX=0x000002721cd6b8e0 points into unknown readable memory: 0x0000000000000000 | 00 00 00 00 00 00 00 00
RBX={method} {0x000002721da80f08} 'nglGenVertexArrays' '(IJ)V' in 'org/lwjgl/opengl/GL30C'
RCX=0x0000000000000001 is an unknown value
RDX=0x000002721d19c00c points into unknown readable memory: 00 00 00 00
RSP=0x000000a75f8ff088 is pointing into the stack for thread: 0x0000027200790ac0
RBP=0x000000a75f8ff110 is pointing into the stack for thread: 0x0000027200790ac0
RSI=0x000002721db73100 is pointing into metadata
RDI=0x000002720552a212 is at code_begin+4274 in an Interpreter codelet
return entry points  [0x0000027205529160, 0x000002720552b360]  8704 bytes
R8 =0x0000000000000001 is an unknown value
R9 =0x000002721d19c00c points into unknown readable memory: 00 00 00 00
R10=0x0 is NULL
R11=0x000000008ac39280 is an oop: java.lang.Class 
{0x000000008ac39280} - klass: 'java/lang/Class'
R12=0x0 is NULL
R13={method} {0x000002721da80f08} 'nglGenVertexArrays' '(IJ)V' in 'org/lwjgl/opengl/GL30C'
R14=0x000000a75f8ff140 is pointing into the stack for thread: 0x0000027200790ac0
R15=0x0000027200790ac0 is a thread


Registers:
RAX=0x000002721cd6b8e0, RBX=0x000002721da80f00, RCX=0x0000000000000001, RDX=0x000002721d19c00c
RSP=0x000000a75f8ff088, RBP=0x000000a75f8ff110, RSI=0x000002721db73100, RDI=0x000002720552a212
R8 =0x0000000000000001, R9 =0x000002721d19c00c, R10=0x0000000000000000, R11=0x000000008ac39280
R12=0x0000000000000000, R13=0x000002721da80f00, R14=0x000000a75f8ff140, R15=0x0000027200790ac0
RIP=0x00007ffefb3cfacd, EFLAGS=0x0000000000010206

Top of Stack: (sp=0x000000a75f8ff088)
0x000000a75f8ff088:   0000027205531d52 000002720552a212
0x000000a75f8ff098:   0000027205531692 000002721da80f00
0x000000a75f8ff0a8:   000002721db73100 000000a75f8ff128
0x000000a75f8ff0b8:   000002720552a212 0000027205531636
0x000000a75f8ff0c8:   000000a75f8ff0c8 000002721da80f00
0x000000a75f8ff0d8:   000000a75f8ff140 000002721dab57b8
0x000000a75f8ff0e8:   0000000000000000 000000008ac39280
0x000000a75f8ff0f8:   000002721da80f00 0000000000000000
0x000000a75f8ff108:   000000a75f8ff130 000000a75f8ff190
0x000000a75f8ff118:   0000027205529ef4 000000008ac39280
0x000000a75f8ff128:   000002720552d9b8 000002721d19c00c
0x000000a75f8ff138:   0000000000000000 0000000000000001
0x000000a75f8ff148:   000000a75f8ff148 000002721da81074
0x000000a75f8ff158:   000000a75f8ff1c0 000002721dab57b8
0x000000a75f8ff168:   0000000000000000 000000008ac39280
0x000000a75f8ff178:   000002721da810e0 000000a75f8ff130 

Instructions: (pc=0x00007ffefb3cfacd)
0x00007ffefb3cf9cd:   98 13 00 00 cc cc cc cc cc cc cc cc cc cc cc cc
0x00007ffefb3cf9dd:   cc cc cc 48 8b 01 48 8b 48 18 48 ff a1 a0 13 00
0x00007ffefb3cf9ed:   00 cc cc 40 53 48 8b 01 41 8b d8 4c 8b 44 24 30
0x00007ffefb3cf9fd:   41 8b d1 44 8b 4c 24 38 8b cb 4c 8b 50 18 5b 49
0x00007ffefb3cfa0d:   ff a2 a8 13 00 00 cc cc cc cc cc cc cc cc cc cc
0x00007ffefb3cfa1d:   cc cc cc 40 53 48 83 ec 40 48 8b 01 41 8b d8 44
0x00007ffefb3cfa2d:   8b 44 24 70 41 8b d1 4c 8b 4c 24 78 8b cb 4c 8b
0x00007ffefb3cfa3d:   50 18 48 8b 84 24 90 00 00 00 48 89 44 24 30 48
0x00007ffefb3cfa4d:   8b 84 24 88 00 00 00 48 89 44 24 28 48 8b 84 24
0x00007ffefb3cfa5d:   80 00 00 00 48 89 44 24 20 41 ff 92 b0 13 00 00
0x00007ffefb3cfa6d:   48 83 c4 40 5b c3 cc cc cc cc cc cc cc cc cc cc
0x00007ffefb3cfa7d:   cc cc cc 48 8b 01 41 8b c8 48 8b 50 18 48 ff a2
0x00007ffefb3cfa8d:   b8 13 00 00 cc cc cc cc cc cc cc cc cc cc cc cc
0x00007ffefb3cfa9d:   cc cc cc 48 8b 01 49 8b d1 41 8b c8 4c 8b 50 18
0x00007ffefb3cfaad:   49 ff a2 c0 13 00 00 cc cc cc cc cc cc cc cc cc
0x00007ffefb3cfabd:   cc cc cc 48 8b 01 49 8b d1 41 8b c8 4c 8b 50 18
0x00007ffefb3cfacd:   49 ff a2 c8 13 00 00 cc cc cc cc cc cc cc cc cc
0x00007ffefb3cfadd:   cc cc cc 48 8b 01 48 8b 48 18 48 8b 81 d0 13 00
0x00007ffefb3cfaed:   00 41 8b c8 48 ff e0 cc cc cc cc cc cc cc cc cc
0x00007ffefb3cfafd:   cc cc cc 40 53 48 8b 01 41 8b d8 44 8b 44 24 30
0x00007ffefb3cfb0d:   41 8b d1 44 8b 4c 24 38 8b cb 4c 8b 50 18 5b 49
0x00007ffefb3cfb1d:   ff a2 d8 13 00 00 cc cc cc cc cc cc cc cc cc cc
0x00007ffefb3cfb2d:   cc cc cc 40 53 48 8b 01 41 8b d8 44 8b 44 24 30
0x00007ffefb3cfb3d:   41 8b d1 4c 8b 4c 24 38 8b cb 4c 8b 50 18 8b 44
0x00007ffefb3cfb4d:   24 40 89 44 24 30 5b 49 ff a2 e0 13 00 00 cc cc
0x00007ffefb3cfb5d:   cc cc cc 40 53 48 8b 01 41 8b d8 4c 8b 44 24 30
0x00007ffefb3cfb6d:   41 8b d1 4c 8b 4c 24 38 8b cb 4c 8b 50 18 48 8b
0x00007ffefb3cfb7d:   44 24 40 48 89 44 24 30 5b 49 ff a2 e8 13 00 00
0x00007ffefb3cfb8d:   cc cc cc 48 8b 01 41 8b c8 48 8b 50 18 48 ff a2
0x00007ffefb3cfb9d:   f0 13 00 00 cc cc cc cc cc cc cc cc cc cc cc cc
0x00007ffefb3cfbad:   cc cc cc 48 8b 01 45 8b d8 44 8b 44 24 28 41 8b
0x00007ffefb3cfbbd:   d1 41 8b cb 4c 8b 50 18 49 ff a2 f8 13 00 00 cc 


Stack slot to memory mapping:
stack at sp + 0 slots: 0x0000027205531d52 is at code_begin+2002 in an Interpreter codelet
method entry point (kind = native)  [0x0000027205531580, 0x0000027205532700]  4480 bytes
stack at sp + 1 slots: 0x000002720552a212 is at code_begin+4274 in an Interpreter codelet
return entry points  [0x0000027205529160, 0x000002720552b360]  8704 bytes
stack at sp + 2 slots: 0x0000027205531692 is at code_begin+274 in an Interpreter codelet
method entry point (kind = native)  [0x0000027205531580, 0x0000027205532700]  4480 bytes
stack at sp + 3 slots: {method} {0x000002721da80f08} 'nglGenVertexArrays' '(IJ)V' in 'org/lwjgl/opengl/GL30C'
stack at sp + 4 slots: 0x000002721db73100 is pointing into metadata
stack at sp + 5 slots: 0x000000a75f8ff128 is pointing into the stack for thread: 0x0000027200790ac0
stack at sp + 6 slots: 0x000002720552a212 is at code_begin+4274 in an Interpreter codelet
return entry points  [0x0000027205529160, 0x000002720552b360]  8704 bytes
stack at sp + 7 slots: 0x0000027205531636 is at code_begin+182 in an Interpreter codelet
method entry point (kind = native)  [0x0000027205531580, 0x0000027205532700]  4480 bytes


---------------  P R O C E S S  ---------------

Threads class SMR info:
_java_thread_list=0x000002721cd3e600, length=15, elements={
0x0000027200790ac0, 0x000002721bb6b010, 0x000002721bb702a0, 0x000002721bb592b0,
0x000002721bb9c430, 0x000002721c5547c0, 0x000002721c556500, 0x000002721bb9ef60,
0x000002721bba1e10, 0x000002721bbaabf0, 0x000002721c654510, 0x000002721c7626a0,
0x000002721c763590, 0x000002721c765ce0, 0x000002721c8baed0
}

Java Threads: ( => current thread )
=>0x0000027200790ac0 JavaThread "main" [_thread_in_native, id=12664, stack(0x000000a75f800000,0x000000a75f900000)]
  0x000002721bb6b010 JavaThread "Reference Handler" daemon [_thread_blocked, id=8028, stack(0x000000a75ff00000,0x000000a760000000)]
  0x000002721bb702a0 JavaThread "Finalizer" daemon [_thread_blocked, id=4500, stack(0x000000a760000000,0x000000a760100000)]
  0x000002721bb592b0 JavaThread "Signal Dispatcher" daemon [_thread_blocked, id=12596, stack(0x000000a760100000,0x000000a760200000)]
  0x000002721bb9c430 JavaThread "Attach Listener" daemon [_thread_blocked, id=12516, stack(0x000000a760200000,0x000000a760300000)]
  0x000002721c5547c0 JavaThread "Service Thread" daemon [_thread_blocked, id=11312, stack(0x000000a760300000,0x000000a760400000)]
  0x000002721c556500 JavaThread "Monitor Deflation Thread" daemon [_thread_blocked, id=4428, stack(0x000000a760400000,0x000000a760500000)]
  0x000002721bb9ef60 JavaThread "C2 CompilerThread0" daemon [_thread_blocked, id=12208, stack(0x000000a760500000,0x000000a760600000)]
  0x000002721bba1e10 JavaThread "C1 CompilerThread0" daemon [_thread_blocked, id=12452, stack(0x000000a760600000,0x000000a760700000)]
  0x000002721bbaabf0 JavaThread "Sweeper thread" daemon [_thread_blocked, id=7704, stack(0x000000a760700000,0x000000a760800000)]
  0x000002721c654510 JavaThread "Common-Cleaner" daemon [_thread_blocked, id=3112, stack(0x000000a760800000,0x000000a760900000)]
  0x000002721c7626a0 JavaThread "JDWP Transport Listener: dt_socket" daemon [_thread_blocked, id=12240, stack(0x000000a760a00000,0x000000a760b00000)]
  0x000002721c763590 JavaThread "JDWP Event Helper Thread" daemon [_thread_blocked, id=6720, stack(0x000000a760b00000,0x000000a760c00000)]
  0x000002721c765ce0 JavaThread "JDWP Command Reader" daemon [_thread_in_native, id=1596, stack(0x000000a760c00000,0x000000a760d00000)]
  0x000002721c8baed0 JavaThread "Notification Thread" daemon [_thread_blocked, id=10344, stack(0x000000a760d00000,0x000000a760e00000)]

Other Threads:
  0x000002721bb4cec0 VMThread "VM Thread" [stack: 0x000000a75fe00000,0x000000a75ff00000] [id=10536]
  0x00000272007918d0 WatcherThread [stack: 0x000000a760e00000,0x000000a760f00000] [id=2532]
  0x00000272007cce60 GCTaskThread "GC Thread#0" [stack: 0x000000a75f900000,0x000000a75fa00000] [id=9560]
  0x000002721c76cc80 GCTaskThread "GC Thread#1" [stack: 0x000000a760f00000,0x000000a761000000] [id=11036]
  0x000002721cd94050 GCTaskThread "GC Thread#2" [stack: 0x000000a761000000,0x000000a761100000] [id=9660]
  0x000002721cd58760 GCTaskThread "GC Thread#3" [stack: 0x000000a761100000,0x000000a761200000] [id=7268]
  0x00000272007df4d0 ConcurrentGCThread "G1 Main Marker" [stack: 0x000000a75fa00000,0x000000a75fb00000] [id=9484]
  0x00000272007dffd0 ConcurrentGCThread "G1 Conc#0" [stack: 0x000000a75fb00000,0x000000a75fc00000] [id=11996]
  0x000002720085aa50 ConcurrentGCThread "G1 Refine#0" [stack: 0x000000a75fc00000,0x000000a75fd00000] [id=5500]
  0x000002720085b550 ConcurrentGCThread "G1 Service" [stack: 0x000000a75fd00000,0x000000a75fe00000] [id=8348]

Threads with active compile tasks:

VM state: not at safepoint (normal execution)

VM Mutex/Monitor currently owned by a thread: None

Heap address: 0x0000000083400000, size: 1996 MB, Compressed Oops mode: 32-bit

CDS disabled.
Compressed class space mapped at: 0x0000000100000000-0x0000000140000000, reserved size: 1073741824
Narrow klass base: 0x0000000000000000, Narrow klass shift: 3, Narrow klass range: 0x140000000

GC Precious Log:
 CPUs: 4 total, 4 available
 Memory: 7981M
 Large Page Support: Disabled
 NUMA Support: Disabled
 Compressed Oops: Enabled (32-bit)
 Heap Region Size: 1M
 Heap Min Capacity: 8M
 Heap Initial Capacity: 126M
 Heap Max Capacity: 1996M
 Pre-touch: Disabled
 Parallel Workers: 4
 Concurrent Workers: 1
 Concurrent Refinement Workers: 4
 Periodic GC: Disabled

Heap:
 garbage-first heap   total 129024K, used 6012K [0x0000000083400000, 0x0000000100000000)
  region size 1024K, 8 young (8192K), 2 survivors (2048K)
 Metaspace       used 12458K, committed 12608K, reserved 1064960K
  class space    used 1021K, committed 1088K, reserved 1048576K

Heap Regions: E=young(eden), S=young(survivor), O=old, HS=humongous(starts), HC=humongous(continues), CS=collection set, F=free, OA=open archive, CA=closed archive, TAMS=top-at-mark-start (previous, next)
|   0|0x0000000083400000, 0x0000000083400000, 0x0000000083500000|  0%| F|  |TAMS 0x0000000083400000, 0x0000000083400000| Untracked 
|   1|0x0000000083500000, 0x0000000083500000, 0x0000000083600000|  0%| F|  |TAMS 0x0000000083500000, 0x0000000083500000| Untracked 
|   2|0x0000000083600000, 0x0000000083600000, 0x0000000083700000|  0%| F|  |TAMS 0x0000000083600000, 0x0000000083600000| Untracked 
|   3|0x0000000083700000, 0x0000000083700000, 0x0000000083800000|  0%| F|  |TAMS 0x0000000083700000, 0x0000000083700000| Untracked 
|   4|0x0000000083800000, 0x0000000083800000, 0x0000000083900000|  0%| F|  |TAMS 0x0000000083800000, 0x0000000083800000| Untracked 
|   5|0x0000000083900000, 0x0000000083900000, 0x0000000083a00000|  0%| F|  |TAMS 0x0000000083900000, 0x0000000083900000| Untracked 
|   6|0x0000000083a00000, 0x0000000083a00000, 0x0000000083b00000|  0%| F|  |TAMS 0x0000000083a00000, 0x0000000083a00000| Untracked 
|   7|0x0000000083b00000, 0x0000000083b00000, 0x0000000083c00000|  0%| F|  |TAMS 0x0000000083b00000, 0x0000000083b00000| Untracked 
|   8|0x0000000083c00000, 0x0000000083c00000, 0x0000000083d00000|  0%| F|  |TAMS 0x0000000083c00000, 0x0000000083c00000| Untracked 
|   9|0x0000000083d00000, 0x0000000083d00000, 0x0000000083e00000|  0%| F|  |TAMS 0x0000000083d00000, 0x0000000083d00000| Untracked 
|  10|0x0000000083e00000, 0x0000000083e00000, 0x0000000083f00000|  0%| F|  |TAMS 0x0000000083e00000, 0x0000000083e00000| Untracked 
|  11|0x0000000083f00000, 0x0000000083f00000, 0x0000000084000000|  0%| F|  |TAMS 0x0000000083f00000, 0x0000000083f00000| Untracked 
|  12|0x0000000084000000, 0x0000000084000000, 0x0000000084100000|  0%| F|  |TAMS 0x0000000084000000, 0x0000000084000000| Untracked 
|  13|0x0000000084100000, 0x0000000084100000, 0x0000000084200000|  0%| F|  |TAMS 0x0000000084100000, 0x0000000084100000| Untracked 
|  14|0x0000000084200000, 0x0000000084200000, 0x0000000084300000|  0%| F|  |TAMS 0x0000000084200000, 0x0000000084200000| Untracked 
|  15|0x0000000084300000, 0x0000000084300000, 0x0000000084400000|  0%| F|  |TAMS 0x0000000084300000, 0x0000000084300000| Untracked 
|  16|0x0000000084400000, 0x0000000084400000, 0x0000000084500000|  0%| F|  |TAMS 0x0000000084400000, 0x0000000084400000| Untracked 
|  17|0x0000000084500000, 0x0000000084500000, 0x0000000084600000|  0%| F|  |TAMS 0x0000000084500000, 0x0000000084500000| Untracked 
|  18|0x0000000084600000, 0x0000000084600000, 0x0000000084700000|  0%| F|  |TAMS 0x0000000084600000, 0x0000000084600000| Untracked 
|  19|0x0000000084700000, 0x0000000084700000, 0x0000000084800000|  0%| F|  |TAMS 0x0000000084700000, 0x0000000084700000| Untracked 
|  20|0x0000000084800000, 0x0000000084800000, 0x0000000084900000|  0%| F|  |TAMS 0x0000000084800000, 0x0000000084800000| Untracked 
|  21|0x0000000084900000, 0x0000000084900000, 0x0000000084a00000|  0%| F|  |TAMS 0x0000000084900000, 0x0000000084900000| Untracked 
|  22|0x0000000084a00000, 0x0000000084a00000, 0x0000000084b00000|  0%| F|  |TAMS 0x0000000084a00000, 0x0000000084a00000| Untracked 
|  23|0x0000000084b00000, 0x0000000084b00000, 0x0000000084c00000|  0%| F|  |TAMS 0x0000000084b00000, 0x0000000084b00000| Untracked 
|  24|0x0000000084c00000, 0x0000000084c00000, 0x0000000084d00000|  0%| F|  |TAMS 0x0000000084c00000, 0x0000000084c00000| Untracked 
|  25|0x0000000084d00000, 0x0000000084d00000, 0x0000000084e00000|  0%| F|  |TAMS 0x0000000084d00000, 0x0000000084d00000| Untracked 
|  26|0x0000000084e00000, 0x0000000084e00000, 0x0000000084f00000|  0%| F|  |TAMS 0x0000000084e00000, 0x0000000084e00000| Untracked 
|  27|0x0000000084f00000, 0x0000000084f00000, 0x0000000085000000|  0%| F|  |TAMS 0x0000000084f00000, 0x0000000084f00000| Untracked 
|  28|0x0000000085000000, 0x0000000085000000, 0x0000000085100000|  0%| F|  |TAMS 0x0000000085000000, 0x0000000085000000| Untracked 
|  29|0x0000000085100000, 0x0000000085100000, 0x0000000085200000|  0%| F|  |TAMS 0x0000000085100000, 0x0000000085100000| Untracked 
|  30|0x0000000085200000, 0x0000000085200000, 0x0000000085300000|  0%| F|  |TAMS 0x0000000085200000, 0x0000000085200000| Untracked 
|  31|0x0000000085300000, 0x0000000085300000, 0x0000000085400000|  0%| F|  |TAMS 0x0000000085300000, 0x0000000085300000| Untracked 
|  32|0x0000000085400000, 0x0000000085400000, 0x0000000085500000|  0%| F|  |TAMS 0x0000000085400000, 0x0000000085400000| Untracked 
|  33|0x0000000085500000, 0x0000000085500000, 0x0000000085600000|  0%| F|  |TAMS 0x0000000085500000, 0x0000000085500000| Untracked 
|  34|0x0000000085600000, 0x0000000085600000, 0x0000000085700000|  0%| F|  |TAMS 0x0000000085600000, 0x0000000085600000| Untracked 
|  35|0x0000000085700000, 0x0000000085700000, 0x0000000085800000|  0%| F|  |TAMS 0x0000000085700000, 0x0000000085700000| Untracked 
|  36|0x0000000085800000, 0x0000000085800000, 0x0000000085900000|  0%| F|  |TAMS 0x0000000085800000, 0x0000000085800000| Untracked 
|  37|0x0000000085900000, 0x0000000085900000, 0x0000000085a00000|  0%| F|  |TAMS 0x0000000085900000, 0x0000000085900000| Untracked 
|  38|0x0000000085a00000, 0x0000000085a00000, 0x0000000085b00000|  0%| F|  |TAMS 0x0000000085a00000, 0x0000000085a00000| Untracked 
|  39|0x0000000085b00000, 0x0000000085b00000, 0x0000000085c00000|  0%| F|  |TAMS 0x0000000085b00000, 0x0000000085b00000| Untracked 
|  40|0x0000000085c00000, 0x0000000085c00000, 0x0000000085d00000|  0%| F|  |TAMS 0x0000000085c00000, 0x0000000085c00000| Untracked 
|  41|0x0000000085d00000, 0x0000000085d00000, 0x0000000085e00000|  0%| F|  |TAMS 0x0000000085d00000, 0x0000000085d00000| Untracked 
|  42|0x0000000085e00000, 0x0000000085e00000, 0x0000000085f00000|  0%| F|  |TAMS 0x0000000085e00000, 0x0000000085e00000| Untracked 
|  43|0x0000000085f00000, 0x0000000085f00000, 0x0000000086000000|  0%| F|  |TAMS 0x0000000085f00000, 0x0000000085f00000| Untracked 
|  44|0x0000000086000000, 0x0000000086000000, 0x0000000086100000|  0%| F|  |TAMS 0x0000000086000000, 0x0000000086000000| Untracked 
|  45|0x0000000086100000, 0x0000000086100000, 0x0000000086200000|  0%| F|  |TAMS 0x0000000086100000, 0x0000000086100000| Untracked 
|  46|0x0000000086200000, 0x0000000086200000, 0x0000000086300000|  0%| F|  |TAMS 0x0000000086200000, 0x0000000086200000| Untracked 
|  47|0x0000000086300000, 0x0000000086300000, 0x0000000086400000|  0%| F|  |TAMS 0x0000000086300000, 0x0000000086300000| Untracked 
|  48|0x0000000086400000, 0x0000000086400000, 0x0000000086500000|  0%| F|  |TAMS 0x0000000086400000, 0x0000000086400000| Untracked 
|  49|0x0000000086500000, 0x0000000086500000, 0x0000000086600000|  0%| F|  |TAMS 0x0000000086500000, 0x0000000086500000| Untracked 
|  50|0x0000000086600000, 0x0000000086600000, 0x0000000086700000|  0%| F|  |TAMS 0x0000000086600000, 0x0000000086600000| Untracked 
|  51|0x0000000086700000, 0x0000000086700000, 0x0000000086800000|  0%| F|  |TAMS 0x0000000086700000, 0x0000000086700000| Untracked 
|  52|0x0000000086800000, 0x0000000086800000, 0x0000000086900000|  0%| F|  |TAMS 0x0000000086800000, 0x0000000086800000| Untracked 
|  53|0x0000000086900000, 0x0000000086900000, 0x0000000086a00000|  0%| F|  |TAMS 0x0000000086900000, 0x0000000086900000| Untracked 
|  54|0x0000000086a00000, 0x0000000086a00000, 0x0000000086b00000|  0%| F|  |TAMS 0x0000000086a00000, 0x0000000086a00000| Untracked 
|  55|0x0000000086b00000, 0x0000000086b00000, 0x0000000086c00000|  0%| F|  |TAMS 0x0000000086b00000, 0x0000000086b00000| Untracked 
|  56|0x0000000086c00000, 0x0000000086c00000, 0x0000000086d00000|  0%| F|  |TAMS 0x0000000086c00000, 0x0000000086c00000| Untracked 
|  57|0x0000000086d00000, 0x0000000086d00000, 0x0000000086e00000|  0%| F|  |TAMS 0x0000000086d00000, 0x0000000086d00000| Untracked 
|  58|0x0000000086e00000, 0x0000000086e00000, 0x0000000086f00000|  0%| F|  |TAMS 0x0000000086e00000, 0x0000000086e00000| Untracked 
|  59|0x0000000086f00000, 0x0000000086f00000, 0x0000000087000000|  0%| F|  |TAMS 0x0000000086f00000, 0x0000000086f00000| Untracked 
|  60|0x0000000087000000, 0x0000000087000000, 0x0000000087100000|  0%| F|  |TAMS 0x0000000087000000, 0x0000000087000000| Untracked 
|  61|0x0000000087100000, 0x0000000087100000, 0x0000000087200000|  0%| F|  |TAMS 0x0000000087100000, 0x0000000087100000| Untracked 
|  62|0x0000000087200000, 0x0000000087200000, 0x0000000087300000|  0%| F|  |TAMS 0x0000000087200000, 0x0000000087200000| Untracked 
|  63|0x0000000087300000, 0x0000000087300000, 0x0000000087400000|  0%| F|  |TAMS 0x0000000087300000, 0x0000000087300000| Untracked 
|  64|0x0000000087400000, 0x0000000087400000, 0x0000000087500000|  0%| F|  |TAMS 0x0000000087400000, 0x0000000087400000| Untracked 
|  65|0x0000000087500000, 0x0000000087500000, 0x0000000087600000|  0%| F|  |TAMS 0x0000000087500000, 0x0000000087500000| Untracked 
|  66|0x0000000087600000, 0x0000000087600000, 0x0000000087700000|  0%| F|  |TAMS 0x0000000087600000, 0x0000000087600000| Untracked 
|  67|0x0000000087700000, 0x0000000087700000, 0x0000000087800000|  0%| F|  |TAMS 0x0000000087700000, 0x0000000087700000| Untracked 
|  68|0x0000000087800000, 0x0000000087800000, 0x0000000087900000|  0%| F|  |TAMS 0x0000000087800000, 0x0000000087800000| Untracked 
|  69|0x0000000087900000, 0x0000000087900000, 0x0000000087a00000|  0%| F|  |TAMS 0x0000000087900000, 0x0000000087900000| Untracked 
|  70|0x0000000087a00000, 0x0000000087a00000, 0x0000000087b00000|  0%| F|  |TAMS 0x0000000087a00000, 0x0000000087a00000| Untracked 
|  71|0x0000000087b00000, 0x0000000087b00000, 0x0000000087c00000|  0%| F|  |TAMS 0x0000000087b00000, 0x0000000087b00000| Untracked 
|  72|0x0000000087c00000, 0x0000000087c00000, 0x0000000087d00000|  0%| F|  |TAMS 0x0000000087c00000, 0x0000000087c00000| Untracked 
|  73|0x0000000087d00000, 0x0000000087d00000, 0x0000000087e00000|  0%| F|  |TAMS 0x0000000087d00000, 0x0000000087d00000| Untracked 
|  74|0x0000000087e00000, 0x0000000087e00000, 0x0000000087f00000|  0%| F|  |TAMS 0x0000000087e00000, 0x0000000087e00000| Untracked 
|  75|0x0000000087f00000, 0x0000000087f00000, 0x0000000088000000|  0%| F|  |TAMS 0x0000000087f00000, 0x0000000087f00000| Untracked 
|  76|0x0000000088000000, 0x0000000088000000, 0x0000000088100000|  0%| F|  |TAMS 0x0000000088000000, 0x0000000088000000| Untracked 
|  77|0x0000000088100000, 0x0000000088100000, 0x0000000088200000|  0%| F|  |TAMS 0x0000000088100000, 0x0000000088100000| Untracked 
|  78|0x0000000088200000, 0x0000000088200000, 0x0000000088300000|  0%| F|  |TAMS 0x0000000088200000, 0x0000000088200000| Untracked 
|  79|0x0000000088300000, 0x0000000088300000, 0x0000000088400000|  0%| F|  |TAMS 0x0000000088300000, 0x0000000088300000| Untracked 
|  80|0x0000000088400000, 0x0000000088400000, 0x0000000088500000|  0%| F|  |TAMS 0x0000000088400000, 0x0000000088400000| Untracked 
|  81|0x0000000088500000, 0x0000000088500000, 0x0000000088600000|  0%| F|  |TAMS 0x0000000088500000, 0x0000000088500000| Untracked 
|  82|0x0000000088600000, 0x0000000088600000, 0x0000000088700000|  0%| F|  |TAMS 0x0000000088600000, 0x0000000088600000| Untracked 
|  83|0x0000000088700000, 0x0000000088700000, 0x0000000088800000|  0%| F|  |TAMS 0x0000000088700000, 0x0000000088700000| Untracked 
|  84|0x0000000088800000, 0x0000000088800000, 0x0000000088900000|  0%| F|  |TAMS 0x0000000088800000, 0x0000000088800000| Untracked 
|  85|0x0000000088900000, 0x0000000088900000, 0x0000000088a00000|  0%| F|  |TAMS 0x0000000088900000, 0x0000000088900000| Untracked 
|  86|0x0000000088a00000, 0x0000000088a00000, 0x0000000088b00000|  0%| F|  |TAMS 0x0000000088a00000, 0x0000000088a00000| Untracked 
|  87|0x0000000088b00000, 0x0000000088b00000, 0x0000000088c00000|  0%| F|  |TAMS 0x0000000088b00000, 0x0000000088b00000| Untracked 
|  88|0x0000000088c00000, 0x0000000088c00000, 0x0000000088d00000|  0%| F|  |TAMS 0x0000000088c00000, 0x0000000088c00000| Untracked 
|  89|0x0000000088d00000, 0x0000000088d00000, 0x0000000088e00000|  0%| F|  |TAMS 0x0000000088d00000, 0x0000000088d00000| Untracked 
|  90|0x0000000088e00000, 0x0000000088e00000, 0x0000000088f00000|  0%| F|  |TAMS 0x0000000088e00000, 0x0000000088e00000| Untracked 
|  91|0x0000000088f00000, 0x0000000088f00000, 0x0000000089000000|  0%| F|  |TAMS 0x0000000088f00000, 0x0000000088f00000| Untracked 
|  92|0x0000000089000000, 0x0000000089000000, 0x0000000089100000|  0%| F|  |TAMS 0x0000000089000000, 0x0000000089000000| Untracked 
|  93|0x0000000089100000, 0x0000000089100000, 0x0000000089200000|  0%| F|  |TAMS 0x0000000089100000, 0x0000000089100000| Untracked 
|  94|0x0000000089200000, 0x0000000089200000, 0x0000000089300000|  0%| F|  |TAMS 0x0000000089200000, 0x0000000089200000| Untracked 
|  95|0x0000000089300000, 0x0000000089300000, 0x0000000089400000|  0%| F|  |TAMS 0x0000000089300000, 0x0000000089300000| Untracked 
|  96|0x0000000089400000, 0x0000000089400000, 0x0000000089500000|  0%| F|  |TAMS 0x0000000089400000, 0x0000000089400000| Untracked 
|  97|0x0000000089500000, 0x0000000089500000, 0x0000000089600000|  0%| F|  |TAMS 0x0000000089500000, 0x0000000089500000| Untracked 
|  98|0x0000000089600000, 0x0000000089600000, 0x0000000089700000|  0%| F|  |TAMS 0x0000000089600000, 0x0000000089600000| Untracked 
|  99|0x0000000089700000, 0x0000000089700000, 0x0000000089800000|  0%| F|  |TAMS 0x0000000089700000, 0x0000000089700000| Untracked 
| 100|0x0000000089800000, 0x0000000089800000, 0x0000000089900000|  0%| F|  |TAMS 0x0000000089800000, 0x0000000089800000| Untracked 
| 101|0x0000000089900000, 0x0000000089900000, 0x0000000089a00000|  0%| F|  |TAMS 0x0000000089900000, 0x0000000089900000| Untracked 
| 102|0x0000000089a00000, 0x0000000089a00000, 0x0000000089b00000|  0%| F|  |TAMS 0x0000000089a00000, 0x0000000089a00000| Untracked 
| 103|0x0000000089b00000, 0x0000000089b00000, 0x0000000089c00000|  0%| F|  |TAMS 0x0000000089b00000, 0x0000000089b00000| Untracked 
| 104|0x0000000089c00000, 0x0000000089c00000, 0x0000000089d00000|  0%| F|  |TAMS 0x0000000089c00000, 0x0000000089c00000| Untracked 
| 105|0x0000000089d00000, 0x0000000089d00000, 0x0000000089e00000|  0%| F|  |TAMS 0x0000000089d00000, 0x0000000089d00000| Untracked 
| 106|0x0000000089e00000, 0x0000000089e00000, 0x0000000089f00000|  0%| F|  |TAMS 0x0000000089e00000, 0x0000000089e00000| Untracked 
| 107|0x0000000089f00000, 0x0000000089f00000, 0x000000008a000000|  0%| F|  |TAMS 0x0000000089f00000, 0x0000000089f00000| Untracked 
| 108|0x000000008a000000, 0x000000008a000000, 0x000000008a100000|  0%| F|  |TAMS 0x000000008a000000, 0x000000008a000000| Untracked 
| 109|0x000000008a100000, 0x000000008a100000, 0x000000008a200000|  0%| F|  |TAMS 0x000000008a100000, 0x000000008a100000| Untracked 
| 110|0x000000008a200000, 0x000000008a200000, 0x000000008a300000|  0%| F|  |TAMS 0x000000008a200000, 0x000000008a200000| Untracked 
| 111|0x000000008a300000, 0x000000008a3df290, 0x000000008a400000| 87%| S|CS|TAMS 0x000000008a300000, 0x000000008a300000| Complete 
| 112|0x000000008a400000, 0x000000008a500000, 0x000000008a500000|100%| S|CS|TAMS 0x000000008a400000, 0x000000008a400000| Complete 
| 113|0x000000008a500000, 0x000000008a500000, 0x000000008a600000|  0%| F|  |TAMS 0x000000008a500000, 0x000000008a500000| Untracked 
| 114|0x000000008a600000, 0x000000008a600000, 0x000000008a700000|  0%| F|  |TAMS 0x000000008a600000, 0x000000008a600000| Untracked 
| 115|0x000000008a700000, 0x000000008a700000, 0x000000008a800000|  0%| F|  |TAMS 0x000000008a700000, 0x000000008a700000| Untracked 
| 116|0x000000008a800000, 0x000000008a800000, 0x000000008a900000|  0%| F|  |TAMS 0x000000008a800000, 0x000000008a800000| Untracked 
| 117|0x000000008a900000, 0x000000008a900000, 0x000000008aa00000|  0%| F|  |TAMS 0x000000008a900000, 0x000000008a900000| Untracked 
| 118|0x000000008aa00000, 0x000000008aa00000, 0x000000008ab00000|  0%| F|  |TAMS 0x000000008aa00000, 0x000000008aa00000| Untracked 
| 119|0x000000008ab00000, 0x000000008ab00000, 0x000000008ac00000|  0%| F|  |TAMS 0x000000008ab00000, 0x000000008ab00000| Untracked 
| 120|0x000000008ac00000, 0x000000008ac58918, 0x000000008ad00000| 34%| E|  |TAMS 0x000000008ac00000, 0x000000008ac00000| Complete 
| 121|0x000000008ad00000, 0x000000008ae00000, 0x000000008ae00000|100%| E|CS|TAMS 0x000000008ad00000, 0x000000008ad00000| Complete 
| 122|0x000000008ae00000, 0x000000008af00000, 0x000000008af00000|100%| E|  |TAMS 0x000000008ae00000, 0x000000008ae00000| Complete 
| 123|0x000000008af00000, 0x000000008b000000, 0x000000008b000000|100%| E|CS|TAMS 0x000000008af00000, 0x000000008af00000| Complete 
| 124|0x000000008b000000, 0x000000008b100000, 0x000000008b100000|100%| E|CS|TAMS 0x000000008b000000, 0x000000008b000000| Complete 
| 125|0x000000008b100000, 0x000000008b200000, 0x000000008b200000|100%| E|CS|TAMS 0x000000008b100000, 0x000000008b100000| Complete 

Card table byte_map: [0x0000027214f30000,0x0000027215320000] _byte_map_base: 0x0000027214b16000

Marking Bits (Prev, Next): (CMBitMap*) 0x00000272007ce960, (CMBitMap*) 0x00000272007ce9a0
 Prev Bits: [0x0000027215710000, 0x0000027217640000)
 Next Bits: [0x0000027217640000, 0x0000027219570000)

Polling page: 0x0000027200650000

Metaspace:

Usage:
  Non-class:     11.17 MB used.
      Class:   1021.71 KB used.
       Both:     12.17 MB used.

Virtual space:
  Non-class space:       16.00 MB reserved,      11.25 MB ( 70%) committed,  2 nodes.
      Class space:        1.00 GB reserved,       1.06 MB ( <1%) committed,  1 nodes.
              Both:        1.02 GB reserved,      12.31 MB (  1%) committed. 

Chunk freelists:
   Non-Class:  272.00 KB
       Class:  2.98 MB
        Both:  3.25 MB

MaxMetaspaceSize: 17179869184.00 GB
CompressedClassSpaceSize: 1.00 GB
 - commit_granule_bytes: 65536.
 - commit_granule_words: 8192.
 - virtual_space_node_default_size: 1048576.
 - enlarge_chunks_in_place: 1.
 - new_chunks_are_fully_committed: 0.
 - uncommit_free_chunks: 1.
 - use_allocation_guard: 0.
 - handle_deallocations: 1.


Internal statistics:

num_allocs_failed_limit: 0.
num_arena_births: 70.
num_arena_deaths: 0.
num_vsnodes_births: 3.
num_vsnodes_deaths: 0.
num_space_committed: 197.
num_space_uncommitted: 0.
num_chunks_returned_to_freelist: 0.
num_chunks_taken_from_freelist: 181.
num_chunk_merges: 0.
num_chunk_splits: 107.
num_chunks_enlarged: 78.
num_purges: 0.

CodeHeap 'non-profiled nmethods': size=120000Kb used=320Kb max_used=320Kb free=119679Kb
 bounds [0x000002720cff0000, 0x000002720d260000, 0x0000027214520000]
CodeHeap 'profiled nmethods': size=120000Kb used=1384Kb max_used=1384Kb free=118615Kb
 bounds [0x0000027205ac0000, 0x0000027205d30000, 0x000002720cff0000]
CodeHeap 'non-nmethods': size=5760Kb used=1270Kb max_used=1287Kb free=4489Kb
 bounds [0x0000027205520000, 0x0000027205790000, 0x0000027205ac0000]
 total_blobs=1297 nmethods=813 adapters=397
 compilation: enabled
              stopped_count=0, restarted_count=0
 full_count=0

Compilation events (20 events):
Event: 1.237 Thread 0x000002721bba1e10  802       3       java.lang.Integer::toUnsignedLong (7 bytes)
Event: 1.237 Thread 0x000002721bba1e10 nmethod 802 0x0000027205c07410 code [0x0000027205c075a0, 0x0000027205c07698]
Event: 1.237 Thread 0x000002721bba1e10  804       3       sun.misc.Unsafe::putLong (11 bytes)
Event: 1.237 Thread 0x000002721bba1e10 nmethod 804 0x0000027205c07710 code [0x0000027205c078a0, 0x0000027205c079b8]
Event: 1.237 Thread 0x000002721bba1e10  805       3       org.lwjgl.system.MemoryUtil::memPutAddress (29 bytes)
Event: 1.238 Thread 0x000002721bba1e10 nmethod 805 0x0000027205c07a90 code [0x0000027205c07c40, 0x0000027205c07e38]
Event: 1.238 Thread 0x000002721bba1e10  799       3       java.util.WeakHashMap::indexFor (6 bytes)
Event: 1.238 Thread 0x000002721bba1e10 nmethod 799 0x0000027205c07f10 code [0x0000027205c080a0, 0x0000027205c08198]
Event: 1.238 Thread 0x000002721bba1e10  800       3       java.util.WeakHashMap::getTable (9 bytes)
Event: 1.238 Thread 0x000002721bba1e10 nmethod 800 0x0000027205c08210 code [0x0000027205c083c0, 0x0000027205c08508]
Event: 1.238 Thread 0x000002721bba1e10  806       1       java.nio.HeapByteBuffer::isDirect (2 bytes)
Event: 1.238 Thread 0x000002721bba1e10 nmethod 806 0x000002720d03e690 code [0x000002720d03e820, 0x000002720d03e8f8]
Event: 1.239 Thread 0x000002721bb9ef60 nmethod 790 0x000002720d03e990 code [0x000002720d03eb20, 0x000002720d03f078]
Event: 1.239 Thread 0x000002721bb9ef60  792       4       java.lang.String::startsWith (138 bytes)
Event: 1.239 Thread 0x000002721bba1e10  807       3       org.eclipse.jdt.launching.internal.org.objectweb.asm.ClassReader::getFirstAttributeOffset (136 bytes)
Event: 1.240 Thread 0x000002721bba1e10 nmethod 807 0x0000027205c08590 code [0x0000027205c087c0, 0x0000027205c08e48]
Event: 1.244 Thread 0x000002721bba1e10  809       3       java.net.URLStreamHandler::parseURL (1201 bytes)
Event: 1.245 Thread 0x000002721bb9ef60 nmethod 792 0x000002720d03f310 code [0x000002720d03f4a0, 0x000002720d03f7b8]
Event: 1.245 Thread 0x000002721bb9ef60  808       4       org.eclipse.jdt.launching.internal.org.objectweb.asm.FieldWriter::visitEnd (1 bytes)
Event: 1.245 Thread 0x000002721bb9ef60 nmethod 808 0x000002720d03f990 code [0x000002720d03fb00, 0x000002720d03fb78]

GC Heap History (2 events):
Event: 0.973 GC heap before
{Heap before GC invocations=0 (full 0):
 garbage-first heap   total 129024K, used 13312K [0x0000000083400000, 0x0000000100000000)
  region size 1024K, 13 young (13312K), 0 survivors (0K)
 Metaspace       used 11183K, committed 11328K, reserved 1064960K
  class space    used 929K, committed 1024K, reserved 1048576K
}
Event: 0.978 GC heap after
{Heap after GC invocations=1 (full 0):
 garbage-first heap   total 129024K, used 1916K [0x0000000083400000, 0x0000000100000000)
  region size 1024K, 2 young (2048K), 2 survivors (2048K)
 Metaspace       used 11183K, committed 11328K, reserved 1064960K
  class space    used 929K, committed 1024K, reserved 1048576K
}

Deoptimization events (20 events):
Event: 1.211 Thread 0x0000027200790ac0 DEOPT PACKING pc=0x0000027205bf25b4 sp=0x000000a75f8fae90
Event: 1.211 Thread 0x0000027200790ac0 DEOPT UNPACKING pc=0x000002720556e77e sp=0x000000a75f8fa400 mode 1
Event: 1.211 Thread 0x0000027200790ac0 DEOPT PACKING pc=0x0000027205bcc64c sp=0x000000a75f8fabc0
Event: 1.211 Thread 0x0000027200790ac0 DEOPT UNPACKING pc=0x000002720556e77e sp=0x000000a75f8fa0a0 mode 1
Event: 1.211 Thread 0x0000027200790ac0 DEOPT PACKING pc=0x0000027205bf25b4 sp=0x000000a75f8fae90
Event: 1.211 Thread 0x0000027200790ac0 DEOPT UNPACKING pc=0x000002720556e77e sp=0x000000a75f8fa400 mode 1
Event: 1.212 Thread 0x0000027200790ac0 DEOPT PACKING pc=0x0000027205bcc64c sp=0x000000a75f8fabc0
Event: 1.212 Thread 0x0000027200790ac0 DEOPT UNPACKING pc=0x000002720556e77e sp=0x000000a75f8fa0a0 mode 1
Event: 1.212 Thread 0x0000027200790ac0 DEOPT PACKING pc=0x0000027205bf25b4 sp=0x000000a75f8fae90
Event: 1.212 Thread 0x0000027200790ac0 DEOPT UNPACKING pc=0x000002720556e77e sp=0x000000a75f8fa400 mode 1
Event: 1.212 Thread 0x0000027200790ac0 DEOPT PACKING pc=0x0000027205bcc64c sp=0x000000a75f8fabc0
Event: 1.212 Thread 0x0000027200790ac0 DEOPT UNPACKING pc=0x000002720556e77e sp=0x000000a75f8fa0a0 mode 1
Event: 1.212 Thread 0x0000027200790ac0 DEOPT PACKING pc=0x0000027205bf25b4 sp=0x000000a75f8fae90
Event: 1.212 Thread 0x0000027200790ac0 DEOPT UNPACKING pc=0x000002720556e77e sp=0x000000a75f8fa400 mode 1
Event: 1.213 Thread 0x0000027200790ac0 DEOPT PACKING pc=0x0000027205bcc64c sp=0x000000a75f8fabc0
Event: 1.213 Thread 0x0000027200790ac0 DEOPT UNPACKING pc=0x000002720556e77e sp=0x000000a75f8fa0a0 mode 1
Event: 1.213 Thread 0x0000027200790ac0 DEOPT PACKING pc=0x0000027205bf25b4 sp=0x000000a75f8fae90
Event: 1.213 Thread 0x0000027200790ac0 DEOPT UNPACKING pc=0x000002720556e77e sp=0x000000a75f8fa400 mode 1
Event: 1.216 Thread 0x0000027200790ac0 DEOPT PACKING pc=0x0000027205b453f9 sp=0x000000a75f8fb550
Event: 1.216 Thread 0x0000027200790ac0 DEOPT UNPACKING pc=0x000002720556e77e sp=0x000000a75f8fa9b0 mode 0

Classes unloaded (0 events):
No events

Classes redefined (0 events):
No events

Internal exceptions (20 events):
Event: 0.662 Thread 0x0000027200790ac0 Exception <a 'java/lang/NoSuchMethodError'{0x000000008ab9cdb0}: 'void java.lang.invoke.DirectMethodHandle$Holder.invokeVirtual(java.lang.Object, java.lang.Object, int)'> (0x000000008ab9cdb0) 
thrown [t:\workspace\open\src\hotspot\share\interpreter\linkResolver.cpp, line 790]
Event: 0.667 Thread 0x0000027200790ac0 Exception <a 'java/lang/NoSuchMethodError'{0x000000008abb8e80}: 'void java.lang.invoke.DirectMethodHandle$Holder.invokeSpecial(java.lang.Object, java.lang.Object, int)'> (0x000000008abb8e80) 
thrown [t:\workspace\open\src\hotspot\share\interpreter\linkResolver.cpp, line 790]
Event: 0.751 Thread 0x0000027200790ac0 Exception <a 'java/lang/NoSuchMethodError'{0x000000008a7bcee8}: 'void java.lang.invoke.DirectMethodHandle$Holder.invokeStatic(java.lang.Object, java.lang.Object)'> (0x000000008a7bcee8) 
thrown [t:\workspace\open\src\hotspot\share\interpreter\linkResolver.cpp, line 790]
Event: 0.752 Thread 0x0000027200790ac0 Exception <a 'java/lang/NoSuchMethodError'{0x000000008a7c3fe0}: 'void java.lang.invoke.DirectMethodHandle$Holder.invokeSpecial(java.lang.Object, java.lang.Object, java.lang.Object)'> (0x000000008a7c3fe0) 
thrown [t:\workspace\open\src\hotspot\share\interpreter\linkResolver.cpp, line 790]
Event: 0.758 Thread 0x0000027200790ac0 Exception <a 'java/lang/NoSuchMethodError'{0x000000008a7df288}: 'java.lang.Object java.lang.invoke.DirectMethodHandle$Holder.invokeStatic(java.lang.Object, java.lang.Object, int)'> (0x000000008a7df288) 
thrown [t:\workspace\open\src\hotspot\share\interpreter\linkResolver.cpp, line 790]
Event: 0.760 Thread 0x0000027200790ac0 Exception <a 'java/lang/NoSuchMethodError'{0x000000008a7eb430}: 'void java.lang.invoke.DelegatingMethodHandle$Holder.delegate(java.lang.Object, java.lang.Object, int, java.lang.Object)'> (0x000000008a7eb430) 
thrown [t:\workspace\open\src\hotspot\share\interpreter\linkResolver.cpp, line 790]
Event: 0.761 Thread 0x0000027200790ac0 Exception <a 'java/lang/NoSuchMethodError'{0x000000008a7ef580}: 'int java.lang.invoke.DirectMethodHandle$Holder.invokeSpecial(java.lang.Object, java.lang.Object, java.lang.Object)'> (0x000000008a7ef580) 
thrown [t:\workspace\open\src\hotspot\share\interpreter\linkResolver.cpp, line 790]
Event: 0.958 Thread 0x0000027200790ac0 Exception <a 'sun/nio/fs/WindowsException'{0x000000008a5d8898}> (0x000000008a5d8898) 
thrown [t:\workspace\open\src\hotspot\share\prims\jni.cpp, line 579]
Event: 0.959 Thread 0x0000027200790ac0 Exception <a 'sun/nio/fs/WindowsException'{0x000000008a5d9ec0}> (0x000000008a5d9ec0) 
thrown [t:\workspace\open\src\hotspot\share\prims\jni.cpp, line 579]
Event: 1.146 Thread 0x0000027200790ac0 Exception <a 'sun/nio/fs/WindowsException'{0x000000008b020018}> (0x000000008b020018) 
thrown [t:\workspace\open\src\hotspot\share\prims\jni.cpp, line 579]
Event: 1.146 Thread 0x0000027200790ac0 Exception <a 'sun/nio/fs/WindowsException'{0x000000008b0203c0}> (0x000000008b0203c0) 
thrown [t:\workspace\open\src\hotspot\share\prims\jni.cpp, line 579]
Event: 1.158 Thread 0x0000027200790ac0 Exception <a 'sun/nio/fs/WindowsException'{0x000000008b0302d0}> (0x000000008b0302d0) 
thrown [t:\workspace\open\src\hotspot\share\prims\jni.cpp, line 579]
Event: 1.158 Thread 0x0000027200790ac0 Exception <a 'sun/nio/fs/WindowsException'{0x000000008b0305b0}> (0x000000008b0305b0) 
thrown [t:\workspace\open\src\hotspot\share\prims\jni.cpp, line 579]
Event: 1.173 Thread 0x0000027200790ac0 Exception <a 'java/lang/NoSuchMethodError'{0x000000008b0ff850}: 'java.lang.Object java.lang.invoke.DirectMethodHandle$Holder.invokeStaticInit(java.lang.Object)'> (0x000000008b0ff850) 
thrown [t:\workspace\open\src\hotspot\share\interpreter\linkResolver.cpp, line 790]
Event: 1.186 Thread 0x0000027200790ac0 Exception <a 'java/lang/NoSuchMethodError'{0x000000008af51fe8}: 'int java.lang.invoke.DirectMethodHandle$Holder.invokeStaticInit(java.lang.Object, java.lang.Object, int, long)'> (0x000000008af51fe8) 
thrown [t:\workspace\open\src\hotspot\share\interpreter\linkResolver.cpp, line 790]
Event: 1.187 Thread 0x0000027200790ac0 Exception <a 'java/lang/NoSuchMethodError'{0x000000008af57fa8}: 'java.lang.Object java.lang.invoke.DirectMethodHandle$Holder.newInvokeSpecial(java.lang.Object, java.lang.Object, int)'> (0x000000008af57fa8) 
thrown [t:\workspace\open\src\hotspot\share\interpreter\linkResolver.cpp, line 790]
Event: 1.193 Thread 0x0000027200790ac0 Exception <a 'java/lang/NoSuchMethodError'{0x000000008af731b0}: 'int java.lang.invoke.DirectMethodHandle$Holder.invokeStaticInit(java.lang.Object, java.lang.Object, long, long)'> (0x000000008af731b0) 
thrown [t:\workspace\open\src\hotspot\share\interpreter\linkResolver.cpp, line 790]
Event: 1.195 Thread 0x0000027200790ac0 Exception <a 'java/lang/NoSuchMethodError'{0x000000008af79800}: 'java.lang.Object java.lang.invoke.DirectMethodHandle$Holder.newInvokeSpecial(java.lang.Object, java.lang.Object, long)'> (0x000000008af79800) 
thrown [t:\workspace\open\src\hotspot\share\interpreter\linkResolver.cpp, line 790]
Event: 1.196 Thread 0x0000027200790ac0 Exception <a 'java/lang/NoSuchMethodError'{0x000000008af7dc00}: 'java.lang.Object java.lang.invoke.Invokers$Holder.linkToTargetMethod(java.lang.Object, long, java.lang.Object)'> (0x000000008af7dc00) 
thrown [t:\workspace\open\src\hotspot\share\interpreter\linkResolver.cpp, line 790]
Event: 1.198 Thread 0x0000027200790ac0 Exception <a 'java/lang/NoSuchMethodError'{0x000000008af856a8}: 'int java.lang.invoke.DirectMethodHandle$Holder.invokeStaticInit(java.lang.Object, java.lang.Object, java.lang.Object, long)'> (0x000000008af856a8) 
thrown [t:\workspace\open\src\hotspot\share\interpreter\linkResolver.cpp, line 790]

Events (20 events):
Event: 1.179 loading class java/nio/DirectDoubleBufferU
Event: 1.179 loading class java/nio/DirectDoubleBufferU done
Event: 1.180 loading class sun/misc/Unsafe
Event: 1.180 loading class sun/misc/Unsafe done
Event: 1.181 loading class jdk/internal/module/IllegalAccessLogger
Event: 1.181 loading class jdk/internal/module/IllegalAccessLogger done
Event: 1.181 loading class jdk/internal/reflect/UnsafeFieldAccessorFactory
Event: 1.181 loading class jdk/internal/reflect/UnsafeFieldAccessorFactory done
Event: 1.181 loading class jdk/internal/reflect/UnsafeQualifiedStaticObjectFieldAccessorImpl
Event: 1.182 loading class jdk/internal/reflect/UnsafeQualifiedStaticFieldAccessorImpl
Event: 1.182 loading class jdk/internal/reflect/UnsafeQualifiedStaticFieldAccessorImpl done
Event: 1.182 loading class jdk/internal/reflect/UnsafeQualifiedStaticObjectFieldAccessorImpl done
Event: 1.185 loading class java/util/function/LongPredicate
Event: 1.185 loading class java/util/function/LongPredicate done
Event: 1.188 loading class jdk/internal/access/foreign/MemorySegmentProxy
Event: 1.189 loading class jdk/internal/access/foreign/MemorySegmentProxy done
Event: 1.202 loading class java/nio/InvalidMarkException
Event: 1.202 loading class java/nio/InvalidMarkException done
Event: 1.202 loading class java/nio/BufferUnderflowException
Event: 1.202 loading class java/nio/BufferUnderflowException done


Dynamic libraries:
0x00007ff6b5770000 - 0x00007ff6b577e000 	C:\Users\marvi\.p2\pool\plugins\org.eclipse.justj.openjdk.hotspot.jre.full.win32.x86_64_16.0.2.v20210721-1149\jre\bin\javaw.exe
0x00007fff1e8b0000 - 0x00007fff1eaa8000 	C:\Windows\SYSTEM32\ntdll.dll
0x00007fff1d1e0000 - 0x00007fff1d29d000 	C:\Windows\System32\KERNEL32.DLL
0x00007fff1c580000 - 0x00007fff1c84e000 	C:\Windows\System32\KERNELBASE.dll
0x00007fff1c320000 - 0x00007fff1c420000 	C:\Windows\System32\ucrtbase.dll
0x00007fff178b0000 - 0x00007fff178c8000 	C:\Users\marvi\.p2\pool\plugins\org.eclipse.justj.openjdk.hotspot.jre.full.win32.x86_64_16.0.2.v20210721-1149\jre\bin\jli.dll
0x00007fff1ddd0000 - 0x00007fff1df70000 	C:\Windows\System32\USER32.dll
0x00007fff1c0d0000 - 0x00007fff1c0f2000 	C:\Windows\System32\win32u.dll
0x00007fff1e690000 - 0x00007fff1e6ba000 	C:\Windows\System32\GDI32.dll
0x00007fff1c170000 - 0x00007fff1c27b000 	C:\Windows\System32\gdi32full.dll
0x00007fff1c280000 - 0x00007fff1c31d000 	C:\Windows\System32\msvcp_win.dll
0x00007fff127e0000 - 0x00007fff127f9000 	C:\Users\marvi\.p2\pool\plugins\org.eclipse.justj.openjdk.hotspot.jre.full.win32.x86_64_16.0.2.v20210721-1149\jre\bin\VCRUNTIME140.dll
0x00007fff058d0000 - 0x00007fff05b6a000 	C:\Windows\WinSxS\amd64_microsoft.windows.common-controls_6595b64144ccf1df_6.0.19041.1110_none_60b5254171f9507e\COMCTL32.dll
0x00007fff1cfb0000 - 0x00007fff1d04e000 	C:\Windows\System32\msvcrt.dll
0x00007fff1c970000 - 0x00007fff1c9a0000 	C:\Windows\System32\IMM32.DLL
0x00007fff17890000 - 0x00007fff1789c000 	C:\Users\marvi\.p2\pool\plugins\org.eclipse.justj.openjdk.hotspot.jre.full.win32.x86_64_16.0.2.v20210721-1149\jre\bin\vcruntime140_1.dll
0x00007ffef6df0000 - 0x00007ffef6e81000 	C:\Users\marvi\.p2\pool\plugins\org.eclipse.justj.openjdk.hotspot.jre.full.win32.x86_64_16.0.2.v20210721-1149\jre\bin\msvcp140.dll
0x00007ffede950000 - 0x00007ffedf4fb000 	C:\Users\marvi\.p2\pool\plugins\org.eclipse.justj.openjdk.hotspot.jre.full.win32.x86_64_16.0.2.v20210721-1149\jre\bin\server\jvm.dll
0x00007fff1e4c0000 - 0x00007fff1e56e000 	C:\Windows\System32\ADVAPI32.dll
0x00007fff1d050000 - 0x00007fff1d0ec000 	C:\Windows\System32\sechost.dll
0x00007fff1df70000 - 0x00007fff1e095000 	C:\Windows\System32\RPCRT4.dll
0x00007fff1e150000 - 0x00007fff1e158000 	C:\Windows\System32\PSAPI.DLL
0x00007fff08020000 - 0x00007fff08029000 	C:\Windows\SYSTEM32\WSOCK32.dll
0x00007fff1d2a0000 - 0x00007fff1d30b000 	C:\Windows\System32\WS2_32.dll
0x00007fff05c70000 - 0x00007fff05c97000 	C:\Windows\SYSTEM32\WINMM.dll
0x00007fff15e70000 - 0x00007fff15e7a000 	C:\Windows\SYSTEM32\VERSION.dll
0x00007fff1a890000 - 0x00007fff1a8a2000 	C:\Windows\SYSTEM32\kernel.appcore.dll
0x00007fff08040000 - 0x00007fff0804a000 	C:\Users\marvi\.p2\pool\plugins\org.eclipse.justj.openjdk.hotspot.jre.full.win32.x86_64_16.0.2.v20210721-1149\jre\bin\jimage.dll
0x00007fff0bc40000 - 0x00007fff0be24000 	C:\Windows\SYSTEM32\DBGHELP.DLL
0x00007fff0bbc0000 - 0x00007fff0bbec000 	C:\Windows\SYSTEM32\dbgcore.DLL
0x00007fff1c850000 - 0x00007fff1c8d2000 	C:\Windows\System32\bcryptPrimitives.dll
0x00007fff080d0000 - 0x00007fff0810b000 	C:\Users\marvi\.p2\pool\plugins\org.eclipse.justj.openjdk.hotspot.jre.full.win32.x86_64_16.0.2.v20210721-1149\jre\bin\jdwp.dll
0x00007fff17840000 - 0x00007fff1784e000 	C:\Users\marvi\.p2\pool\plugins\org.eclipse.justj.openjdk.hotspot.jre.full.win32.x86_64_16.0.2.v20210721-1149\jre\bin\instrument.dll
0x00007fff07f60000 - 0x00007fff07f85000 	C:\Users\marvi\.p2\pool\plugins\org.eclipse.justj.openjdk.hotspot.jre.full.win32.x86_64_16.0.2.v20210721-1149\jre\bin\java.dll
0x00007fff04ab0000 - 0x00007fff04ac8000 	C:\Users\marvi\.p2\pool\plugins\org.eclipse.justj.openjdk.hotspot.jre.full.win32.x86_64_16.0.2.v20210721-1149\jre\bin\zip.dll
0x00007fff1d5d0000 - 0x00007fff1dd14000 	C:\Windows\System32\SHELL32.dll
0x00007fff19f40000 - 0x00007fff1a6d4000 	C:\Windows\SYSTEM32\windows.storage.dll
0x00007fff1e160000 - 0x00007fff1e4b4000 	C:\Windows\System32\combase.dll
0x00007fff1b960000 - 0x00007fff1b990000 	C:\Windows\SYSTEM32\Wldp.dll
0x00007fff1dd20000 - 0x00007fff1ddcd000 	C:\Windows\System32\SHCORE.dll
0x00007fff1cad0000 - 0x00007fff1cb25000 	C:\Windows\System32\shlwapi.dll
0x00007fff1bf10000 - 0x00007fff1bf2f000 	C:\Windows\SYSTEM32\profapi.dll
0x00007fff17780000 - 0x00007fff1778c000 	C:\Users\marvi\.p2\pool\plugins\org.eclipse.justj.openjdk.hotspot.jre.full.win32.x86_64_16.0.2.v20210721-1149\jre\bin\dt_socket.dll
0x00007fff1b3b0000 - 0x00007fff1b3eb000 	C:\Windows\SYSTEM32\IPHLPAPI.DLL
0x00007fff1b6c0000 - 0x00007fff1b72a000 	C:\Windows\system32\mswsock.dll
0x00007fff1b3f0000 - 0x00007fff1b4bb000 	C:\Windows\SYSTEM32\DNSAPI.dll
0x00007fff1d310000 - 0x00007fff1d318000 	C:\Windows\System32\NSI.dll
0x0000000058c40000 - 0x0000000058c4a000 	C:\Program Files\National Instruments\Shared\mDNS Responder\nimdnsNSP.dll
0x0000000058c30000 - 0x0000000058c40000 	C:\Windows\SYSTEM32\nimdnsResponder.dll
0x00007fff0d050000 - 0x00007fff0d05a000 	C:\Windows\System32\rasadhlp.dll
0x00007fff0d2f0000 - 0x00007fff0d370000 	C:\Windows\System32\fwpuclnt.dll
0x00007fff1c8e0000 - 0x00007fff1c907000 	C:\Windows\System32\bcrypt.dll
0x00007ffefb620000 - 0x00007ffefb639000 	C:\Users\marvi\.p2\pool\plugins\org.eclipse.justj.openjdk.hotspot.jre.full.win32.x86_64_16.0.2.v20210721-1149\jre\bin\net.dll
0x00007fff0d0e0000 - 0x00007fff0d1ea000 	C:\Windows\SYSTEM32\WINHTTP.dll
0x00007ffefa220000 - 0x00007ffefa233000 	C:\Users\marvi\.p2\pool\plugins\org.eclipse.justj.openjdk.hotspot.jre.full.win32.x86_64_16.0.2.v20210721-1149\jre\bin\nio.dll
0x00007fff0c0e0000 - 0x00007fff0c0f0000 	C:\Users\marvi\.p2\pool\plugins\org.eclipse.justj.openjdk.hotspot.jre.full.win32.x86_64_16.0.2.v20210721-1149\jre\bin\verify.dll
0x00007ffeeb200000 - 0x00007ffeeb275000 	C:\Users\marvi\AppData\Local\Temp\lwjglmarvi\3.3.1-build-7\lwjgl.dll
0x00007ffefb3c0000 - 0x00007ffefb41d000 	C:\Users\marvi\AppData\Local\Temp\lwjglmarvi\3.3.1-build-7\lwjgl_opengl.dll
0x00007ffeee630000 - 0x00007ffeee757000 	C:\Windows\SYSTEM32\opengl32.dll
0x00007ffeeffd0000 - 0x00007ffeefffc000 	C:\Windows\SYSTEM32\GLU32.dll

dbghelp: loaded successfully - version: 4.0.5 - missing functions: none
symbol engine: initialized successfully - sym options: 0x614 - pdb path: .;C:\Users\marvi\.p2\pool\plugins\org.eclipse.justj.openjdk.hotspot.jre.full.win32.x86_64_16.0.2.v20210721-1149\jre\bin;C:\Windows\SYSTEM32;C:\Windows\WinSxS\amd64_microsoft.windows.common-controls_6595b64144ccf1df_6.0.19041.1110_none_60b5254171f9507e;C:\Users\marvi\.p2\pool\plugins\org.eclipse.justj.openjdk.hotspot.jre.full.win32.x86_64_16.0.2.v20210721-1149\jre\bin\server;C:\Program Files\National Instruments\Shared\mDNS Responder;C:\Users\marvi\AppData\Local\Temp\lwjglmarvi\3.3.1-build-7

VM Arguments:
jvm_args: -XX:+ShowCodeDetailsInExceptionMessages -agentlib:jdwp=transport=dt_socket,suspend=y,address=localhost:49896 -javaagent:C:\Users\marvi\AppData\Roaming\eclipse\java-2021-09\eclipse\configuration\org.eclipse.osgi\660\0\.cp\lib\javaagent-shaded.jar -Dfile.encoding=Cp1252 
java_command: de.m_marvin.renderengine.RenderEngine
java_class_path (initial): C:\Users\marvi\OneDrive\Dokumente\GitHub\LIBRARY-RenderEngine\RenderEngine\bin\default;C:\Users\marvi\.gradle\caches\modules-2\files-2.1\org.lwjgl\lwjgl-assimp\3.3.1\312072f451794f25670aebb0160ce6ec88aff842\lwjgl-assimp-3.3.1.jar;C:\Users\marvi\.gradle\caches\modules-2\files-2.1\org.lwjgl\lwjgl-glfw\3.3.1\cbac1b8d30cb4795149c1ef540f912671a8616d0\lwjgl-glfw-3.3.1.jar;C:\Users\marvi\.gradle\caches\modules-2\files-2.1\org.lwjgl\lwjgl-openal\3.3.1\2623a6b8ae1dfcd880738656a9f0243d2e6840bd\lwjgl-openal-3.3.1.jar;C:\Users\marvi\.gradle\caches\modules-2\files-2.1\org.lwjgl\lwjgl-opengl\3.3.1\831a5533a21a5f4f81bbc51bb13e9899319b5411\lwjgl-opengl-3.3.1.jar;C:\Users\marvi\.gradle\caches\modules-2\files-2.1\org.lwjgl\lwjgl-stb\3.3.1\b119297cf8ed01f247abe8685857f8e7fcf5980f\lwjgl-stb-3.3.1.jar;C:\Users\marvi\.gradle\caches\modules-2\files-2.1\org.lwjgl\lwjgl\3.3.1\ae58664f88e18a9bb2c77b063833ca7aaec484cb\lwjgl-3.3.1.jar;C:\Users\marvi\.gradle\caches\modules-2\files-2.1\com.google.guava\guava\16.0.1\5fa98cd1a63c99a44dd8d3b77e4762b066a5d0c5\guava-16.0.1.jar;C:\Users\marvi\.gradle\caches\modules-2\files-2.1\org.lwjgl\lwjgl-assimp\3.3.1\bfa2a0d57acbf952b716d0ad8a3acbd7ad9f5639\lwjgl-assimp-3.3.1-natives-windows.jar;C:\Users\marvi\.gradle\caches\modules-2\files-2.1\org.lwjgl\lwjgl-glfw\3.3.1\ed892f945cf7e79c8756796f32d00fa4ceaf573b\lwjgl-glfw-3.3.1-natives-windows.jar;C:\Users\marvi\.gradle\caches\modules-2\files-2.1\org.lwjgl\lwjgl-openal\3.3.1\30a474d0e57193d7bc128849a3ab66bc9316fdb1\lwjgl-openal-3.3.1-natives-windows.jar;C:\Users\marvi\.gradle\caches\modules-2\files-2.1\org.lwjgl\lwjgl-opengl\3.3.1\c1807e9bd571402787d7e37e3029776ae2513bb8\lwjgl-opengl-3.3.1-natives-windows.jar;C:\Users\marvi\.gradle\caches\modules-2\files-2.1\org.lwjgl\lwjgl-stb\3.3.1\86315914ac119efdb02dc9e8e978ade84f1702af\lwjgl-stb-3.3.1-natives-windows.jar;C:\Users\marvi\.gradle\caches\modules-2\files-2.1\org.lwjgl\lwjgl\3.3.1\36c37f16ab611b3aa11f3bcf80b1d509b4ce6b\lwjgl-3.3.1-nati
Launcher Type: SUN_STANDARD

[Global flags]
     intx CICompilerCount                          = 3                                         {product} {ergonomic}
     uint ConcGCThreads                            = 1                                         {product} {ergonomic}
     uint G1ConcRefinementThreads                  = 4                                         {product} {ergonomic}
   size_t G1HeapRegionSize                         = 1048576                                   {product} {ergonomic}
    uintx GCDrainStackTargetSize                   = 64                                        {product} {ergonomic}
   size_t InitialHeapSize                          = 132120576                                 {product} {ergonomic}
   size_t MarkStackSize                            = 4194304                                   {product} {ergonomic}
   size_t MaxHeapSize                              = 2092957696                                {product} {ergonomic}
   size_t MaxNewSize                               = 1255145472                                {product} {ergonomic}
   size_t MinHeapDeltaBytes                        = 1048576                                   {product} {ergonomic}
   size_t MinHeapSize                              = 8388608                                   {product} {ergonomic}
    uintx NonNMethodCodeHeapSize                   = 5832780                                {pd product} {ergonomic}
    uintx NonProfiledCodeHeapSize                  = 122912730                              {pd product} {ergonomic}
    uintx ProfiledCodeHeapSize                     = 122912730                              {pd product} {ergonomic}
    uintx ReservedCodeCacheSize                    = 251658240                              {pd product} {ergonomic}
     bool SegmentedCodeCache                       = true                                      {product} {ergonomic}
     bool ShowCodeDetailsInExceptionMessages       = true                                   {manageable} {command line}
   size_t SoftMaxHeapSize                          = 2092957696                             {manageable} {ergonomic}
     bool UseCompressedClassPointers               = true                           {product lp64_product} {ergonomic}
     bool UseCompressedOops                        = true                           {product lp64_product} {ergonomic}
     bool UseG1GC                                  = true                                      {product} {ergonomic}
     bool UseLargePagesIndividualAllocation        = false                                  {pd product} {ergonomic}

Logging:
Log output configuration:
 #0: stdout all=warning uptime,level,tags
 #1: stderr all=off uptime,level,tags

Environment Variables:
PATH=C:\Users\marvi\.p2\pool\plugins\org.eclipse.justj.openjdk.hotspot.jre.full.win32.x86_64_16.0.2.v20210721-1149\jre\bin;C:/Users/marvi/.p2/pool/plugins/org.eclipse.justj.openjdk.hotspot.jre.full.win32.x86_64_16.0.2.v20210721-1149/jre/bin/server;C:/Users/marvi/.p2/pool/plugins/org.eclipse.justj.openjdk.hotspot.jre.full.win32.x86_64_16.0.2.v20210721-1149/jre/bin;C:\Program Files (x86)\Siemens\Automation\SCADA-RT_V11\WinCC\Bin;C:\Program Files\Common Files\Siemens\Automation\Simatic OAM\bin;C:\Program Files (x86)\Common Files\Siemens\Bin;C:\Program Files (x86)\Common Files\Siemens\CommonArchiving;C:\Program Files (x86)\Common Files\Siemens\ACE\Bin;C:\Program Files\Common Files\Oracle\Java\javapath;C:\Program Files\Java\jdk-17.0.2\bin;C:\Windows\system32;C:\Windows;C:\Windows\System32\Wbem;C:\Windows\System32\WindowsPowerShell\v1.0\;C:\Windows\System32\OpenSSH\;C:\Program Files\Microsoft SQL Server\Client SDK\ODBC\130\Tools\Binn\;C:\Program Files (x86)\Microsoft SQL Server\130\Tools\Binn\;C:\Program Files\Microsoft SQL Server\130\Tools\Binn\;C:\Program Files\Microsoft SQL Server\130\DTS\Binn\;C:\Program Files (x86)\Siemens\Automation\SCADA-RT_V11\WinCC\Interfaces;C:\Program Files (x86)\Common Files\Siemens\;C:\Program Files (x86)\Common Files\Siemens\Interfaces;C:\Program Files (x86)\Common Files\Siemens\ACE\Interfaces;C:\Program Files\dotnet\;C:\Program Files (x86)\dotnet\;C:\Gradle\gradle-7.4.2\bin;C:\Users\marvi\AppData\Local\Microsoft\WindowsApps;C:\Users\marvi\AppData\Local\GitHubDesktop\bin;C:\Users\marvi\.dotnet\tools;C:\Users\marvi\AppData\Roaming\eclipse\java-2021-09\eclipse;
USERNAME=marvi
OS=Windows_NT
PROCESSOR_IDENTIFIER=Intel64 Family 6 Model 126 Stepping 5, GenuineIntel



---------------  S Y S T E M  ---------------

OS:
 Windows 10 , 64 bit Build 19041 (10.0.19041.1806)
OS uptime: 0 days 5:34 hours

CPU: total 4 (initial active 4) (2 cores per cpu, 2 threads per core) family 6 model 126 stepping 5 microcode 0x78, cx8, cmov, fxsr, ht, mmx, 3dnowpref, sse, sse2, sse3, ssse3, sse4.1, sse4.2, popcnt, lzcnt, tsc, tscinvbit, avx, avx2, aes, erms, clmul, bmi1, bmi2, adx, avx512f, avx512dq, avx512cd, avx512bw, avx512vl, sha, fma, vzeroupper, avx512_vpopcntdq, avx512_vpclmulqdq, avx512_vaes, avx512_vnni, clflush, clflushopt, avx512_vmbi2, avx512_vmbi

Memory: 4k page, system-wide physical 7981M (3267M free)
TotalPageFile size 11821M (AvailPageFile size 6812M)
current process WorkingSet (physical memory assigned to process): 67M, peak: 67M
current process commit charge ("private bytes"): 209M, peak: 209M

vm_info: OpenJDK 64-Bit Server VM (16.0.2+7-67) for windows-amd64 JRE (16.0.2+7-67), built on Jun  8 2021 23:21:43 by "mach5one" with MS VC++ 16.7 (VS2019)

END.
