#
# A fatal error has been detected by the Java Runtime Environment:
#
#  EXCEPTION_ACCESS_VIOLATION (0xc0000005) at pc=0x00007ffdb5ca0f1a, pid=20336, tid=20580
#
# JRE version: Java(TM) SE Runtime Environment (18.0.2+9) (build 18.0.2+9-61)
# Java VM: Java HotSpot(TM) 64-Bit Server VM (18.0.2+9-61, mixed mode, sharing, tiered, compressed oops, compressed class ptrs, g1 gc, windows-amd64)
# Problematic frame:
# V  [jvm.dll+0x760f1a]
#
# No core dump will be written. Minidumps are not enabled by default on client versions of Windows
#
# If you would like to submit a bug report, please visit:
#   https://bugreport.java.com/bugreport/crash.jsp
#

---------------  S U M M A R Y ------------

Command Line: -XX:+ShowCodeDetailsInExceptionMessages -agentlib:jdwp=transport=dt_socket,suspend=y,address=localhost:56955 -javaagent:D:\Eclipse\eclipse\configuration\org.eclipse.osgi\228\0\.cp\lib\javaagent-shaded.jar -Dfile.encoding=UTF-8 de.m_marvin.renderengine.RenderEngineTest

Host: AMD Ryzen 9 3900X 12-Core Processor            , 24 cores, 127G,  Windows 10 , 64 bit Build 19041 (10.0.19041.1889)
Time: Mon Oct 17 21:59:45 2022 Mitteleuropäische Sommerzeit elapsed time: 271.100901 seconds (0d 0h 4m 31s)

---------------  T H R E A D  ---------------

Current thread (0x000001bbefb21b10):  JavaThread "JDWP Transport Listener: dt_socket" daemon [_thread_in_vm, id=20580, stack(0x0000003eb6400000,0x0000003eb6500000)]

Stack: [0x0000003eb6400000,0x0000003eb6500000],  sp=0x0000003eb64ff800,  free space=1022k
Native frames: (J=compiled Java code, j=interpreted, Vv=VM code, C=native code)
V  [jvm.dll+0x760f1a]
V  [jvm.dll+0x52c54c]
V  [jvm.dll+0x4f3d5b]
C  [jdwp.dll+0x230a7]


siginfo: EXCEPTION_ACCESS_VIOLATION (0xc0000005), reading address 0x0000000000860089


Register to memory mapping:

RIP=0x00007ffdb5ca0f1a jvm.dll
RAX=0x0000000000000099 is an unknown value
RBX=0x000001bbef9773cd points into unknown readable memory: 76 65 63
RCX=0x0000000000860085 is an unknown value
RDX=0x000001bbfb41a930 points into unknown readable memory: 0x616d5f6d2f65644c | 4c 64 65 2f 6d 5f 6d 61
RSP=0x0000003eb64ff800 is pointing into the stack for thread: 0x000001bbefb21b10
RBP=0x000001bbefb4fe80 points into unknown readable memory: 0x0000001700000002 | 02 00 00 00 17 00 00 00
RSI=0x0 is NULL
RDI=0xffffffffffffffff is an unknown value
R8 =0x00000000000001b5 is an unknown value
R9 =0x0000000000000040 is an unknown value
R10=0x0000000000000180 is an unknown value
R11=0x0000003eb64ff820 is pointing into the stack for thread: 0x000001bbefb21b10
R12=0x0000003eb64ff958 is pointing into the stack for thread: 0x000001bbefb21b10
R13=0x0 is NULL
R14=0x0000000800ca70f8 is a pointer to class: 
de.m_marvin.unimat.impl.Quaternion {0x0000000800ca7100}
 - instance size:     4
 - klass size:        94
 - access:            public synchronized 
 - state:             fully_initialized
 - name:              'de/m_marvin/unimat/impl/Quaternion'
 - super:             'java/lang/Object'
 - sub:               
 - arrays:            NULL
 - methods:           Array<T>(0x000001bbf060aaf8)
 - method ordering:   Array<T>(0x000001bbf076f9a8)
 - default_methods:   Array<T>(0x000001bbf075d670)
 - default vtable indices:   Array<T>(0x000001bbf075d690)
 - local interfaces:  Array<T>(0x000001bbf075f2a8)
 - trans. interfaces: Array<T>(0x000001bbf075f2a8)
 - constants:         constant pool [158] {0x000001bbf076fa08} for 'de/m_marvin/unimat/impl/Quaternion' cache=0x000001bbf0770ab8
 - class loader data:  loader data: 0x000001bbefa62ca0 for instance a 'jdk/internal/loader/ClassLoaders$AppClassLoader'{0x000000011f06f720}
 - source file:       'Quaternion.java'
 - source debug extension:       SMAP
Quaternion.java
Java
*S jdt
*F
1 Quaternion.java
2 file:/E:/GitHub/LIBRARY-RenderEngine/RenderEngine/bin/default/
*L
*E

 - class annotations:       Array<T>(0x0000000000000000)
 - class type annotations:  Array<T>(0x0000000000000000)
 - field annotations:       Array<T>(0x0000000000000000)
 - field type annotations:  Array<T>(0x0000000000000000)
 - previous version:  constant pool [158] {0x000001bbf075ed38} for 'de/m_marvin/unimat/impl/Quaternion' (extra) cache=0x000001bbf075d7c0
 - generic signature: '
[error occurred during error reporting (printing register info), id 0xc0000005, EXCEPTION_ACCESS_VIOLATION (0xc0000005) at pc=0x00007ffdb5ca1b26]

Registers:
RAX=0x0000000000000099, RBX=0x000001bbef9773cd, RCX=0x0000000000860085, RDX=0x000001bbfb41a930
RSP=0x0000003eb64ff800, RBP=0x000001bbefb4fe80, RSI=0x0000000000000000, RDI=0xffffffffffffffff
R8 =0x00000000000001b5, R9 =0x0000000000000040, R10=0x0000000000000180, R11=0x0000003eb64ff820
R12=0x0000003eb64ff958, R13=0x0000000000000000, R14=0x0000000800ca70f8, R15=0x0000003eb64ff9a8
RIP=0x00007ffdb5ca0f1a, EFLAGS=0x0000000000010206

Top of Stack: (sp=0x0000003eb64ff800)
0x0000003eb64ff800:   0000000000000022 0000000800ca70f8
0x0000003eb64ff810:   000001bbefb21b10 0000000000000000
0x0000003eb64ff820:   ffffffffffffffff 00007ffdb5a6c54c
0x0000003eb64ff830:   000001bbef9773cd 000001bbefb4fe80
0x0000003eb64ff840:   0000000000000000 000001bbefb21da0
0x0000003eb64ff850:   000001bbef977370 00000000000003d8
0x0000003eb64ff860:   000001bbef977380 000001bbef977758
0x0000003eb64ff870:   0000000000000002 0000003eb64ff958
0x0000003eb64ff880:   0000000000000000 0000000000000000
0x0000003eb64ff890:   000000011d962e80 00007ffdb5a33d5b
0x0000003eb64ff8a0:   000001bbefb21b10 0000003eb64ff9a8
0x0000003eb64ff8b0:   000001bbc76dc4e0 0000003eb64ff9a8
0x0000003eb64ff8c0:   000001bbefb21b10 0000000000000000
0x0000003eb64ff8d0:   000001bb00000000 0000000000000000
0x0000003eb64ff8e0:   000000000000000d 00007ffdfbb930a7
0x0000003eb64ff8f0:   0000003eb64ff9a0 00007ffdfbba1718 

Instructions: (pc=0x00007ffdb5ca0f1a)
0x00007ffdb5ca0e1a:   48 8b f8 48 85 db 74 08 48 8b cb e8 e6 ac f0 ff
0x00007ffdb5ca0e2a:   48 8b 5c 24 30 48 8b c7 48 83 c4 20 5f c3 8d 42
0x00007ffdb5ca0e3a:   06 83 ff 02 b9 08 00 00 00 0f 4e c1 45 33 c0 48
0x00007ffdb5ca0e4a:   63 c8 48 83 c1 07 83 e1 f8 48 63 c9 41 8d 50 0b
0x00007ffdb5ca0e5a:   48 83 c4 20 5f e9 cc 22 95 ff cc cc cc cc cc cc
0x00007ffdb5ca0e6a:   cc cc cc cc cc cc 83 fa 02 8d 42 06 b9 08 00 00
0x00007ffdb5ca0e7a:   00 4d 8b c8 0f 4e c1 48 63 c8 49 8b 40 18 48 83
0x00007ffdb5ca0e8a:   c1 07 83 e1 f8 48 63 d1 49 8b 48 20 48 2b c8 48
0x00007ffdb5ca0e9a:   3b ca 72 09 48 8d 0c 10 49 89 48 18 c3 45 33 c0
0x00007ffdb5ca0eaa:   49 8b c9 e9 ae 80 95 ff cc cc cc cc cc cc cc cc
0x00007ffdb5ca0eba:   cc cc cc cc cc cc 4c 8b d2 4c 8b d9 45 85 c0 7e
0x00007ffdb5ca0eca:   3c 44 0f b7 49 04 41 8d 40 ff 41 3b c1 44 0f 4c
0x00007ffdb5ca0eda:   c8 4d 63 c1 45 85 c9 7e 1f 48 8b c2 4c 2b da 49
0x00007ffdb5ca0eea:   8b d0 0f 1f 40 00 41 0f b6 4c 03 06 88 08 48 8d
0x00007ffdb5ca0efa:   40 01 48 83 ea 01 75 ee 43 c6 04 10 00 49 8b c2
0x00007ffdb5ca0f0a:   c3 cc cc cc cc cc 48 89 5c 24 08 57 48 83 ec 20
0x00007ffdb5ca0f1a:   0f b7 59 04 48 8b f9 33 d2 48 8d 4b 01 e8 e4 d3
0x00007ffdb5ca0f2a:   f8 ff 0f b7 57 04 4c 8b c0 3b da 0f 42 d3 44 8b
0x00007ffdb5ca0f3a:   ca 85 d2 74 39 48 2b f8 0f 1f 40 00 66 66 0f 1f
0x00007ffdb5ca0f4a:   84 00 00 00 00 00 0f b6 4c 07 06 88 08 48 ff c0
0x00007ffdb5ca0f5a:   48 8b c8 49 2b c8 49 3b c9 7c eb 42 c6 04 02 00
0x00007ffdb5ca0f6a:   49 8b c0 48 8b 5c 24 30 48 83 c4 20 5f c3 48 8b
0x00007ffdb5ca0f7a:   5c 24 30 c6 04 02 00 48 83 c4 20 5f c3 cc cc cc
0x00007ffdb5ca0f8a:   cc cc cc cc cc cc 4c 8b d1 45 85 c0 7e 6c 44 0f
0x00007ffdb5ca0f9a:   b7 49 04 41 8d 40 ff 41 3b c1 44 0f 4c c8 4d 63
0x00007ffdb5ca0faa:   d9 45 85 c9 7e 22 48 8b ca 4c 2b d2 4d 8b c3 0f
0x00007ffdb5ca0fba:   1f 80 00 00 00 00 41 0f b6 44 0a 06 88 01 48 8d
0x00007ffdb5ca0fca:   49 01 49 83 e8 01 75 ee 41 c6 04 13 00 48 c7 c0
0x00007ffdb5ca0fda:   ff ff ff ff 66 90 48 ff c0 80 3c 02 00 75 f7 48
0x00007ffdb5ca0fea:   63 c8 85 c0 48 8b c2 7e 14 80 38 2f 75 03 c6 00
0x00007ffdb5ca0ffa:   2e 48 ff c0 48 83 e9 01 75 ef 48 8b c2 c3 cc cc
0x00007ffdb5ca100a:   cc cc cc cc cc cc 48 83 ec 28 e8 f7 fe ff ff 4c 


Stack slot to memory mapping:
stack at sp + 0 slots: 0x0000000000000022 is an unknown value
stack at sp + 1 slots: 0x0000000800ca70f8 is a pointer to class: 
de.m_marvin.unimat.impl.Quaternion {0x0000000800ca7100}
 - instance size:     4
 - klass size:        94
 - access:            public synchronized 
 - state:             fully_initialized
 - name:              'de/m_marvin/unimat/impl/Quaternion'
 - super:             'java/lang/Object'
 - sub:               
 - arrays:            NULL
 - methods:           Array<T>(0x000001bbf060aaf8)
 - method ordering:   Array<T>(0x000001bbf076f9a8)
 - default_methods:   Array<T>(0x000001bbf075d670)
 - default vtable indices:   Array<T>(0x000001bbf075d690)
 - local interfaces:  Array<T>(0x000001bbf075f2a8)
 - trans. interfaces: Array<T>(0x000001bbf075f2a8)
 - constants:         constant pool [158] {0x000001bbf076fa08} for 'de/m_marvin/unimat/impl/Quaternion' cache=0x000001bbf0770ab8
 - class loader data:  loader data: 0x000001bbefa62ca0 for instance a 'jdk/internal/loader/ClassLoaders$AppClassLoader'{0x000000011f06f720}
 - source file:       'Quaternion.java'
 - source debug extension:       SMAP
Quaternion.java
Java
*S jdt
*F
1 Quaternion.java
2 file:/E:/GitHub/LIBRARY-RenderEngine/RenderEngine/bin/default/
*L
*E

 - class annotations:       Array<T>(0x0000000000000000)
 - class type annotations:  Array<T>(0x0000000000000000)
 - field annotations:       Array<T>(0x0000000000000000)
 - field type annotations:  Array<T>(0x0000000000000000)
 - previous version:  constant pool [158] {0x000001bbf075ed38} for 'de/m_marvin/unimat/impl/Quaternion' (extra) cache=0x000001bbf075d7c0
 - generic signature: '
[error occurred during error reporting (inspecting top of stack), id 0xc0000005, EXCEPTION_ACCESS_VIOLATION (0xc0000005) at pc=0x00007ffdb5ca1b26]


---------------  P R O C E S S  ---------------

Threads class SMR info:
_java_thread_list=0x000001bbfb417d50, length=15, elements={
0x000001bbc99d7470, 0x000001bbe12ccbe0, 0x000001bbe12cd840, 0x000001bbe12e2c00,
0x000001bbe12e44c0, 0x000001bbe12e6e70, 0x000001bbe12e7e20, 0x000001bbe12ee7c0,
0x000001bbef960d40, 0x000001bbe12ed200, 0x000001bbef92c1f0, 0x000001bbefb21b10,
0x000001bbefb8c660, 0x000001bbefb28fc0, 0x000001bbf44d4720
}

Java Threads: ( => current thread )
  0x000001bbc99d7470 JavaThread "main" [_thread_blocked, id=14216, stack(0x0000003eb5100000,0x0000003eb5200000)]
  0x000001bbe12ccbe0 JavaThread "Reference Handler" daemon [_thread_blocked, id=24200, stack(0x0000003eb5800000,0x0000003eb5900000)]
  0x000001bbe12cd840 JavaThread "Finalizer" daemon [_thread_blocked, id=20108, stack(0x0000003eb5900000,0x0000003eb5a00000)]
  0x000001bbe12e2c00 JavaThread "Signal Dispatcher" daemon [_thread_blocked, id=3568, stack(0x0000003eb5a00000,0x0000003eb5b00000)]
  0x000001bbe12e44c0 JavaThread "Attach Listener" daemon [_thread_blocked, id=21588, stack(0x0000003eb5b00000,0x0000003eb5c00000)]
  0x000001bbe12e6e70 JavaThread "Service Thread" daemon [_thread_blocked, id=17464, stack(0x0000003eb5c00000,0x0000003eb5d00000)]
  0x000001bbe12e7e20 JavaThread "Monitor Deflation Thread" daemon [_thread_blocked, id=19056, stack(0x0000003eb5d00000,0x0000003eb5e00000)]
  0x000001bbe12ee7c0 JavaThread "C2 CompilerThread0" daemon [_thread_blocked, id=19188, stack(0x0000003eb5e00000,0x0000003eb5f00000)]
  0x000001bbef960d40 JavaThread "C1 CompilerThread0" daemon [_thread_blocked, id=21440, stack(0x0000003eb5f00000,0x0000003eb6000000)]
  0x000001bbe12ed200 JavaThread "Sweeper thread" daemon [_thread_blocked, id=13680, stack(0x0000003eb6000000,0x0000003eb6100000)]
  0x000001bbef92c1f0 JavaThread "Common-Cleaner" daemon [_thread_blocked, id=15516, stack(0x0000003eb6100000,0x0000003eb6200000)]
=>0x000001bbefb21b10 JavaThread "JDWP Transport Listener: dt_socket" daemon [_thread_in_vm, id=20580, stack(0x0000003eb6400000,0x0000003eb6500000)]
  0x000001bbefb8c660 JavaThread "JDWP Event Helper Thread" daemon [_thread_blocked, id=8156, stack(0x0000003eb6500000,0x0000003eb6600000)]
  0x000001bbefb28fc0 JavaThread "JDWP Command Reader" daemon [_thread_in_native, id=12296, stack(0x0000003eb6600000,0x0000003eb6700000)]
  0x000001bbf44d4720 JavaThread "Notification Thread" daemon [_thread_blocked, id=8124, stack(0x0000003eb6900000,0x0000003eb6a00000)]

Other Threads:
  0x000001bbe1232da0 VMThread "VM Thread" [stack: 0x0000003eb5700000,0x0000003eb5800000] [id=16344]
  0x000001bbc99d8620 WatcherThread "VM Periodic Task Thread" [stack: 0x0000003eb6a00000,0x0000003eb6b00000] [id=14864]
  0x000001bbc9a8a080 WorkerThread "GC Thread#0" [stack: 0x0000003eb5200000,0x0000003eb5300000] [id=16936]
  0x000001bbc9a8ea90 ConcurrentGCThread "G1 Main Marker" [stack: 0x0000003eb5300000,0x0000003eb5400000] [id=8188]
  0x000001bbe11e9e80 WorkerThread "G1 Conc#0" [stack: 0x0000003eb5400000,0x0000003eb5500000] [id=4976]
  0x000001bbc99fb710 ConcurrentGCThread "G1 Refine#0" [stack: 0x0000003eb5500000,0x0000003eb5600000] [id=23776]
  0x000001bbe12a2420 ConcurrentGCThread "G1 Service" [stack: 0x0000003eb5600000,0x0000003eb5700000] [id=10700]

Threads with active compile tasks:

VM state: not at safepoint (normal execution)

VM Mutex/Monitor currently owned by a thread: None

Heap address: 0x00000000a0000000, size: 30208 MB, Compressed Oops mode: Zero based, Oop shift amount: 3

CDS archive(s) mapped at: [0x0000000800000000-0x0000000800ba0000-0x0000000800ba0000), size 12189696, SharedBaseAddress: 0x0000000800000000, ArchiveRelocationMode: 0.
Compressed class space mapped at: 0x0000000800c00000-0x0000000840c00000, reserved size: 1073741824
Narrow klass base: 0x0000000800000000, Narrow klass shift: 0, Narrow klass range: 0x100000000

GC Precious Log:
 CardTable entry size: 512
 Card Set container configuration: InlinePtr #cards 3 size 8 Array Of Cards #cards 128 size 272 Howl #buckets 8 coarsen threshold 29491 Howl Bitmap #cards 4096 size 528 coarsen threshold 3686 Card regions per heap region 1 cards per card region 32768
 CPUs: 24 total, 24 available
 Memory: 127G
 Large Page Support: Disabled
 NUMA Support: Disabled
 Compressed Oops: Enabled (Zero based)
 Heap Region Size: 16M
 Heap Min Capacity: 16M
 Heap Initial Capacity: 2G
 Heap Max Capacity: 30208M
 Pre-touch: Disabled
 Parallel Workers: 18
 Concurrent Workers: 5
 Concurrent Refinement Workers: 18
 Periodic GC: Disabled

Heap:
 garbage-first heap   total 2097152K, used 81920K [0x00000000a0000000, 0x0000000800000000)
  region size 16384K, 6 young (98304K), 0 survivors (0K)
 Metaspace       used 7564K, committed 7808K, reserved 1114112K
  class space    used 543K, committed 640K, reserved 1048576K

Heap Regions: E=young(eden), S=young(survivor), O=old, HS=humongous(starts), HC=humongous(continues), CS=collection set, F=free, OA=open archive, CA=closed archive, TAMS=top-at-mark-start (previous, next)
|   0|0x00000000a0000000, 0x00000000a0000000, 0x00000000a1000000|  0%| F|  |TAMS 0x00000000a0000000, 0x00000000a0000000| Untracked 
|   1|0x00000000a1000000, 0x00000000a1000000, 0x00000000a2000000|  0%| F|  |TAMS 0x00000000a1000000, 0x00000000a1000000| Untracked 
|   2|0x00000000a2000000, 0x00000000a2000000, 0x00000000a3000000|  0%| F|  |TAMS 0x00000000a2000000, 0x00000000a2000000| Untracked 
|   3|0x00000000a3000000, 0x00000000a3000000, 0x00000000a4000000|  0%| F|  |TAMS 0x00000000a3000000, 0x00000000a3000000| Untracked 
|   4|0x00000000a4000000, 0x00000000a4000000, 0x00000000a5000000|  0%| F|  |TAMS 0x00000000a4000000, 0x00000000a4000000| Untracked 
|   5|0x00000000a5000000, 0x00000000a5000000, 0x00000000a6000000|  0%| F|  |TAMS 0x00000000a5000000, 0x00000000a5000000| Untracked 
|   6|0x00000000a6000000, 0x00000000a6000000, 0x00000000a7000000|  0%| F|  |TAMS 0x00000000a6000000, 0x00000000a6000000| Untracked 
|   7|0x00000000a7000000, 0x00000000a7000000, 0x00000000a8000000|  0%| F|  |TAMS 0x00000000a7000000, 0x00000000a7000000| Untracked 
|   8|0x00000000a8000000, 0x00000000a8000000, 0x00000000a9000000|  0%| F|  |TAMS 0x00000000a8000000, 0x00000000a8000000| Untracked 
|   9|0x00000000a9000000, 0x00000000a9000000, 0x00000000aa000000|  0%| F|  |TAMS 0x00000000a9000000, 0x00000000a9000000| Untracked 
|  10|0x00000000aa000000, 0x00000000aa000000, 0x00000000ab000000|  0%| F|  |TAMS 0x00000000aa000000, 0x00000000aa000000| Untracked 
|  11|0x00000000ab000000, 0x00000000ab000000, 0x00000000ac000000|  0%| F|  |TAMS 0x00000000ab000000, 0x00000000ab000000| Untracked 
|  12|0x00000000ac000000, 0x00000000ac000000, 0x00000000ad000000|  0%| F|  |TAMS 0x00000000ac000000, 0x00000000ac000000| Untracked 
|  13|0x00000000ad000000, 0x00000000ad000000, 0x00000000ae000000|  0%| F|  |TAMS 0x00000000ad000000, 0x00000000ad000000| Untracked 
|  14|0x00000000ae000000, 0x00000000ae000000, 0x00000000af000000|  0%| F|  |TAMS 0x00000000ae000000, 0x00000000ae000000| Untracked 
|  15|0x00000000af000000, 0x00000000af000000, 0x00000000b0000000|  0%| F|  |TAMS 0x00000000af000000, 0x00000000af000000| Untracked 
|  16|0x00000000b0000000, 0x00000000b0000000, 0x00000000b1000000|  0%| F|  |TAMS 0x00000000b0000000, 0x00000000b0000000| Untracked 
|  17|0x00000000b1000000, 0x00000000b1000000, 0x00000000b2000000|  0%| F|  |TAMS 0x00000000b1000000, 0x00000000b1000000| Untracked 
|  18|0x00000000b2000000, 0x00000000b2000000, 0x00000000b3000000|  0%| F|  |TAMS 0x00000000b2000000, 0x00000000b2000000| Untracked 
|  19|0x00000000b3000000, 0x00000000b3000000, 0x00000000b4000000|  0%| F|  |TAMS 0x00000000b3000000, 0x00000000b3000000| Untracked 
|  20|0x00000000b4000000, 0x00000000b4000000, 0x00000000b5000000|  0%| F|  |TAMS 0x00000000b4000000, 0x00000000b4000000| Untracked 
|  21|0x00000000b5000000, 0x00000000b5000000, 0x00000000b6000000|  0%| F|  |TAMS 0x00000000b5000000, 0x00000000b5000000| Untracked 
|  22|0x00000000b6000000, 0x00000000b6000000, 0x00000000b7000000|  0%| F|  |TAMS 0x00000000b6000000, 0x00000000b6000000| Untracked 
|  23|0x00000000b7000000, 0x00000000b7000000, 0x00000000b8000000|  0%| F|  |TAMS 0x00000000b7000000, 0x00000000b7000000| Untracked 
|  24|0x00000000b8000000, 0x00000000b8000000, 0x00000000b9000000|  0%| F|  |TAMS 0x00000000b8000000, 0x00000000b8000000| Untracked 
|  25|0x00000000b9000000, 0x00000000b9000000, 0x00000000ba000000|  0%| F|  |TAMS 0x00000000b9000000, 0x00000000b9000000| Untracked 
|  26|0x00000000ba000000, 0x00000000ba000000, 0x00000000bb000000|  0%| F|  |TAMS 0x00000000ba000000, 0x00000000ba000000| Untracked 
|  27|0x00000000bb000000, 0x00000000bb000000, 0x00000000bc000000|  0%| F|  |TAMS 0x00000000bb000000, 0x00000000bb000000| Untracked 
|  28|0x00000000bc000000, 0x00000000bc000000, 0x00000000bd000000|  0%| F|  |TAMS 0x00000000bc000000, 0x00000000bc000000| Untracked 
|  29|0x00000000bd000000, 0x00000000bd000000, 0x00000000be000000|  0%| F|  |TAMS 0x00000000bd000000, 0x00000000bd000000| Untracked 
|  30|0x00000000be000000, 0x00000000be000000, 0x00000000bf000000|  0%| F|  |TAMS 0x00000000be000000, 0x00000000be000000| Untracked 
|  31|0x00000000bf000000, 0x00000000bf000000, 0x00000000c0000000|  0%| F|  |TAMS 0x00000000bf000000, 0x00000000bf000000| Untracked 
|  32|0x00000000c0000000, 0x00000000c0000000, 0x00000000c1000000|  0%| F|  |TAMS 0x00000000c0000000, 0x00000000c0000000| Untracked 
|  33|0x00000000c1000000, 0x00000000c1000000, 0x00000000c2000000|  0%| F|  |TAMS 0x00000000c1000000, 0x00000000c1000000| Untracked 
|  34|0x00000000c2000000, 0x00000000c2000000, 0x00000000c3000000|  0%| F|  |TAMS 0x00000000c2000000, 0x00000000c2000000| Untracked 
|  35|0x00000000c3000000, 0x00000000c3000000, 0x00000000c4000000|  0%| F|  |TAMS 0x00000000c3000000, 0x00000000c3000000| Untracked 
|  36|0x00000000c4000000, 0x00000000c4000000, 0x00000000c5000000|  0%| F|  |TAMS 0x00000000c4000000, 0x00000000c4000000| Untracked 
|  37|0x00000000c5000000, 0x00000000c5000000, 0x00000000c6000000|  0%| F|  |TAMS 0x00000000c5000000, 0x00000000c5000000| Untracked 
|  38|0x00000000c6000000, 0x00000000c6000000, 0x00000000c7000000|  0%| F|  |TAMS 0x00000000c6000000, 0x00000000c6000000| Untracked 
|  39|0x00000000c7000000, 0x00000000c7000000, 0x00000000c8000000|  0%| F|  |TAMS 0x00000000c7000000, 0x00000000c7000000| Untracked 
|  40|0x00000000c8000000, 0x00000000c8000000, 0x00000000c9000000|  0%| F|  |TAMS 0x00000000c8000000, 0x00000000c8000000| Untracked 
|  41|0x00000000c9000000, 0x00000000c9000000, 0x00000000ca000000|  0%| F|  |TAMS 0x00000000c9000000, 0x00000000c9000000| Untracked 
|  42|0x00000000ca000000, 0x00000000ca000000, 0x00000000cb000000|  0%| F|  |TAMS 0x00000000ca000000, 0x00000000ca000000| Untracked 
|  43|0x00000000cb000000, 0x00000000cb000000, 0x00000000cc000000|  0%| F|  |TAMS 0x00000000cb000000, 0x00000000cb000000| Untracked 
|  44|0x00000000cc000000, 0x00000000cc000000, 0x00000000cd000000|  0%| F|  |TAMS 0x00000000cc000000, 0x00000000cc000000| Untracked 
|  45|0x00000000cd000000, 0x00000000cd000000, 0x00000000ce000000|  0%| F|  |TAMS 0x00000000cd000000, 0x00000000cd000000| Untracked 
|  46|0x00000000ce000000, 0x00000000ce000000, 0x00000000cf000000|  0%| F|  |TAMS 0x00000000ce000000, 0x00000000ce000000| Untracked 
|  47|0x00000000cf000000, 0x00000000cf000000, 0x00000000d0000000|  0%| F|  |TAMS 0x00000000cf000000, 0x00000000cf000000| Untracked 
|  48|0x00000000d0000000, 0x00000000d0000000, 0x00000000d1000000|  0%| F|  |TAMS 0x00000000d0000000, 0x00000000d0000000| Untracked 
|  49|0x00000000d1000000, 0x00000000d1000000, 0x00000000d2000000|  0%| F|  |TAMS 0x00000000d1000000, 0x00000000d1000000| Untracked 
|  50|0x00000000d2000000, 0x00000000d2000000, 0x00000000d3000000|  0%| F|  |TAMS 0x00000000d2000000, 0x00000000d2000000| Untracked 
|  51|0x00000000d3000000, 0x00000000d3000000, 0x00000000d4000000|  0%| F|  |TAMS 0x00000000d3000000, 0x00000000d3000000| Untracked 
|  52|0x00000000d4000000, 0x00000000d4000000, 0x00000000d5000000|  0%| F|  |TAMS 0x00000000d4000000, 0x00000000d4000000| Untracked 
|  53|0x00000000d5000000, 0x00000000d5000000, 0x00000000d6000000|  0%| F|  |TAMS 0x00000000d5000000, 0x00000000d5000000| Untracked 
|  54|0x00000000d6000000, 0x00000000d6000000, 0x00000000d7000000|  0%| F|  |TAMS 0x00000000d6000000, 0x00000000d6000000| Untracked 
|  55|0x00000000d7000000, 0x00000000d7000000, 0x00000000d8000000|  0%| F|  |TAMS 0x00000000d7000000, 0x00000000d7000000| Untracked 
|  56|0x00000000d8000000, 0x00000000d8000000, 0x00000000d9000000|  0%| F|  |TAMS 0x00000000d8000000, 0x00000000d8000000| Untracked 
|  57|0x00000000d9000000, 0x00000000d9000000, 0x00000000da000000|  0%| F|  |TAMS 0x00000000d9000000, 0x00000000d9000000| Untracked 
|  58|0x00000000da000000, 0x00000000da000000, 0x00000000db000000|  0%| F|  |TAMS 0x00000000da000000, 0x00000000da000000| Untracked 
|  59|0x00000000db000000, 0x00000000db000000, 0x00000000dc000000|  0%| F|  |TAMS 0x00000000db000000, 0x00000000db000000| Untracked 
|  60|0x00000000dc000000, 0x00000000dc000000, 0x00000000dd000000|  0%| F|  |TAMS 0x00000000dc000000, 0x00000000dc000000| Untracked 
|  61|0x00000000dd000000, 0x00000000dd000000, 0x00000000de000000|  0%| F|  |TAMS 0x00000000dd000000, 0x00000000dd000000| Untracked 
|  62|0x00000000de000000, 0x00000000de000000, 0x00000000df000000|  0%| F|  |TAMS 0x00000000de000000, 0x00000000de000000| Untracked 
|  63|0x00000000df000000, 0x00000000df000000, 0x00000000e0000000|  0%| F|  |TAMS 0x00000000df000000, 0x00000000df000000| Untracked 
|  64|0x00000000e0000000, 0x00000000e0000000, 0x00000000e1000000|  0%| F|  |TAMS 0x00000000e0000000, 0x00000000e0000000| Untracked 
|  65|0x00000000e1000000, 0x00000000e1000000, 0x00000000e2000000|  0%| F|  |TAMS 0x00000000e1000000, 0x00000000e1000000| Untracked 
|  66|0x00000000e2000000, 0x00000000e2000000, 0x00000000e3000000|  0%| F|  |TAMS 0x00000000e2000000, 0x00000000e2000000| Untracked 
|  67|0x00000000e3000000, 0x00000000e3000000, 0x00000000e4000000|  0%| F|  |TAMS 0x00000000e3000000, 0x00000000e3000000| Untracked 
|  68|0x00000000e4000000, 0x00000000e4000000, 0x00000000e5000000|  0%| F|  |TAMS 0x00000000e4000000, 0x00000000e4000000| Untracked 
|  69|0x00000000e5000000, 0x00000000e5000000, 0x00000000e6000000|  0%| F|  |TAMS 0x00000000e5000000, 0x00000000e5000000| Untracked 
|  70|0x00000000e6000000, 0x00000000e6000000, 0x00000000e7000000|  0%| F|  |TAMS 0x00000000e6000000, 0x00000000e6000000| Untracked 
|  71|0x00000000e7000000, 0x00000000e7000000, 0x00000000e8000000|  0%| F|  |TAMS 0x00000000e7000000, 0x00000000e7000000| Untracked 
|  72|0x00000000e8000000, 0x00000000e8000000, 0x00000000e9000000|  0%| F|  |TAMS 0x00000000e8000000, 0x00000000e8000000| Untracked 
|  73|0x00000000e9000000, 0x00000000e9000000, 0x00000000ea000000|  0%| F|  |TAMS 0x00000000e9000000, 0x00000000e9000000| Untracked 
|  74|0x00000000ea000000, 0x00000000ea000000, 0x00000000eb000000|  0%| F|  |TAMS 0x00000000ea000000, 0x00000000ea000000| Untracked 
|  75|0x00000000eb000000, 0x00000000eb000000, 0x00000000ec000000|  0%| F|  |TAMS 0x00000000eb000000, 0x00000000eb000000| Untracked 
|  76|0x00000000ec000000, 0x00000000ec000000, 0x00000000ed000000|  0%| F|  |TAMS 0x00000000ec000000, 0x00000000ec000000| Untracked 
|  77|0x00000000ed000000, 0x00000000ed000000, 0x00000000ee000000|  0%| F|  |TAMS 0x00000000ed000000, 0x00000000ed000000| Untracked 
|  78|0x00000000ee000000, 0x00000000ee000000, 0x00000000ef000000|  0%| F|  |TAMS 0x00000000ee000000, 0x00000000ee000000| Untracked 
|  79|0x00000000ef000000, 0x00000000ef000000, 0x00000000f0000000|  0%| F|  |TAMS 0x00000000ef000000, 0x00000000ef000000| Untracked 
|  80|0x00000000f0000000, 0x00000000f0000000, 0x00000000f1000000|  0%| F|  |TAMS 0x00000000f0000000, 0x00000000f0000000| Untracked 
|  81|0x00000000f1000000, 0x00000000f1000000, 0x00000000f2000000|  0%| F|  |TAMS 0x00000000f1000000, 0x00000000f1000000| Untracked 
|  82|0x00000000f2000000, 0x00000000f2000000, 0x00000000f3000000|  0%| F|  |TAMS 0x00000000f2000000, 0x00000000f2000000| Untracked 
|  83|0x00000000f3000000, 0x00000000f3000000, 0x00000000f4000000|  0%| F|  |TAMS 0x00000000f3000000, 0x00000000f3000000| Untracked 
|  84|0x00000000f4000000, 0x00000000f4000000, 0x00000000f5000000|  0%| F|  |TAMS 0x00000000f4000000, 0x00000000f4000000| Untracked 
|  85|0x00000000f5000000, 0x00000000f5000000, 0x00000000f6000000|  0%| F|  |TAMS 0x00000000f5000000, 0x00000000f5000000| Untracked 
|  86|0x00000000f6000000, 0x00000000f6000000, 0x00000000f7000000|  0%| F|  |TAMS 0x00000000f6000000, 0x00000000f6000000| Untracked 
|  87|0x00000000f7000000, 0x00000000f7000000, 0x00000000f8000000|  0%| F|  |TAMS 0x00000000f7000000, 0x00000000f7000000| Untracked 
|  88|0x00000000f8000000, 0x00000000f8000000, 0x00000000f9000000|  0%| F|  |TAMS 0x00000000f8000000, 0x00000000f8000000| Untracked 
|  89|0x00000000f9000000, 0x00000000f9000000, 0x00000000fa000000|  0%| F|  |TAMS 0x00000000f9000000, 0x00000000f9000000| Untracked 
|  90|0x00000000fa000000, 0x00000000fa000000, 0x00000000fb000000|  0%| F|  |TAMS 0x00000000fa000000, 0x00000000fa000000| Untracked 
|  91|0x00000000fb000000, 0x00000000fb000000, 0x00000000fc000000|  0%| F|  |TAMS 0x00000000fb000000, 0x00000000fb000000| Untracked 
|  92|0x00000000fc000000, 0x00000000fc000000, 0x00000000fd000000|  0%| F|  |TAMS 0x00000000fc000000, 0x00000000fc000000| Untracked 
|  93|0x00000000fd000000, 0x00000000fd000000, 0x00000000fe000000|  0%| F|  |TAMS 0x00000000fd000000, 0x00000000fd000000| Untracked 
|  94|0x00000000fe000000, 0x00000000fe000000, 0x00000000ff000000|  0%| F|  |TAMS 0x00000000fe000000, 0x00000000fe000000| Untracked 
|  95|0x00000000ff000000, 0x00000000ff000000, 0x0000000100000000|  0%| F|  |TAMS 0x00000000ff000000, 0x00000000ff000000| Untracked 
|  96|0x0000000100000000, 0x0000000100000000, 0x0000000101000000|  0%| F|  |TAMS 0x0000000100000000, 0x0000000100000000| Untracked 
|  97|0x0000000101000000, 0x0000000101000000, 0x0000000102000000|  0%| F|  |TAMS 0x0000000101000000, 0x0000000101000000| Untracked 
|  98|0x0000000102000000, 0x0000000102000000, 0x0000000103000000|  0%| F|  |TAMS 0x0000000102000000, 0x0000000102000000| Untracked 
|  99|0x0000000103000000, 0x0000000103000000, 0x0000000104000000|  0%| F|  |TAMS 0x0000000103000000, 0x0000000103000000| Untracked 
| 100|0x0000000104000000, 0x0000000104000000, 0x0000000105000000|  0%| F|  |TAMS 0x0000000104000000, 0x0000000104000000| Untracked 
| 101|0x0000000105000000, 0x0000000105000000, 0x0000000106000000|  0%| F|  |TAMS 0x0000000105000000, 0x0000000105000000| Untracked 
| 102|0x0000000106000000, 0x0000000106000000, 0x0000000107000000|  0%| F|  |TAMS 0x0000000106000000, 0x0000000106000000| Untracked 
| 103|0x0000000107000000, 0x0000000107000000, 0x0000000108000000|  0%| F|  |TAMS 0x0000000107000000, 0x0000000107000000| Untracked 
| 104|0x0000000108000000, 0x0000000108000000, 0x0000000109000000|  0%| F|  |TAMS 0x0000000108000000, 0x0000000108000000| Untracked 
| 105|0x0000000109000000, 0x0000000109000000, 0x000000010a000000|  0%| F|  |TAMS 0x0000000109000000, 0x0000000109000000| Untracked 
| 106|0x000000010a000000, 0x000000010a000000, 0x000000010b000000|  0%| F|  |TAMS 0x000000010a000000, 0x000000010a000000| Untracked 
| 107|0x000000010b000000, 0x000000010b000000, 0x000000010c000000|  0%| F|  |TAMS 0x000000010b000000, 0x000000010b000000| Untracked 
| 108|0x000000010c000000, 0x000000010c000000, 0x000000010d000000|  0%| F|  |TAMS 0x000000010c000000, 0x000000010c000000| Untracked 
| 109|0x000000010d000000, 0x000000010d000000, 0x000000010e000000|  0%| F|  |TAMS 0x000000010d000000, 0x000000010d000000| Untracked 
| 110|0x000000010e000000, 0x000000010e000000, 0x000000010f000000|  0%| F|  |TAMS 0x000000010e000000, 0x000000010e000000| Untracked 
| 111|0x000000010f000000, 0x000000010f000000, 0x0000000110000000|  0%| F|  |TAMS 0x000000010f000000, 0x000000010f000000| Untracked 
| 112|0x0000000110000000, 0x0000000110000000, 0x0000000111000000|  0%| F|  |TAMS 0x0000000110000000, 0x0000000110000000| Untracked 
| 113|0x0000000111000000, 0x0000000111000000, 0x0000000112000000|  0%| F|  |TAMS 0x0000000111000000, 0x0000000111000000| Untracked 
| 114|0x0000000112000000, 0x0000000112000000, 0x0000000113000000|  0%| F|  |TAMS 0x0000000112000000, 0x0000000112000000| Untracked 
| 115|0x0000000113000000, 0x0000000113000000, 0x0000000114000000|  0%| F|  |TAMS 0x0000000113000000, 0x0000000113000000| Untracked 
| 116|0x0000000114000000, 0x0000000114000000, 0x0000000115000000|  0%| F|  |TAMS 0x0000000114000000, 0x0000000114000000| Untracked 
| 117|0x0000000115000000, 0x0000000115000000, 0x0000000116000000|  0%| F|  |TAMS 0x0000000115000000, 0x0000000115000000| Untracked 
| 118|0x0000000116000000, 0x0000000116000000, 0x0000000117000000|  0%| F|  |TAMS 0x0000000116000000, 0x0000000116000000| Untracked 
| 119|0x0000000117000000, 0x0000000117000000, 0x0000000118000000|  0%| F|  |TAMS 0x0000000117000000, 0x0000000117000000| Untracked 
| 120|0x0000000118000000, 0x0000000118000000, 0x0000000119000000|  0%| F|  |TAMS 0x0000000118000000, 0x0000000118000000| Untracked 
| 121|0x0000000119000000, 0x0000000119000000, 0x000000011a000000|  0%| F|  |TAMS 0x0000000119000000, 0x0000000119000000| Untracked 
| 122|0x000000011a000000, 0x000000011a99a2b0, 0x000000011b000000| 60%| E|  |TAMS 0x000000011a000000, 0x000000011a000000| Complete 
| 123|0x000000011b000000, 0x000000011c000000, 0x000000011c000000|100%| E|CS|TAMS 0x000000011b000000, 0x000000011b000000| Complete 
| 124|0x000000011c000000, 0x000000011d000000, 0x000000011d000000|100%| E|CS|TAMS 0x000000011c000000, 0x000000011c000000| Complete 
| 125|0x000000011d000000, 0x000000011e000000, 0x000000011e000000|100%| E|CS|TAMS 0x000000011d000000, 0x000000011d000000| Complete 
| 126|0x000000011e000000, 0x000000011f000000, 0x000000011f000000|100%| E|CS|TAMS 0x000000011e000000, 0x000000011e000000| Complete 
| 127|0x000000011f000000, 0x0000000120000000, 0x0000000120000000|100%| E|CS|TAMS 0x000000011f000000, 0x000000011f000000| Complete 

Card table byte_map: [0x000001bbe4df0000,0x000001bbe88f0000] _byte_map_base: 0x000001bbe48f0000

Marking Bits (Prev, Next): (CMBitMap*) 0x000001bbc9a8a680, (CMBitMap*) 0x000001bbc9a8a6c0
 Prev Bits: [0x000001bb80000000, 0x000001bb9d800000)
 Next Bits: [0x000001bb9d800000, 0x000001bbbb000000)

Polling page: 0x000001bbc7960000

Metaspace:

Usage:
  Non-class:      6.86 MB used.
      Class:    543.16 KB used.
       Both:      7.39 MB used.

Virtual space:
  Non-class space:       64.00 MB reserved,       7.00 MB ( 11%) committed,  1 nodes.
      Class space:        1.00 GB reserved,     640.00 KB ( <1%) committed,  1 nodes.
             Both:        1.06 GB reserved,       7.62 MB ( <1%) committed. 

Chunk freelists:
   Non-Class:  560.00 KB
       Class:  3.35 MB
        Both:  3.89 MB

MaxMetaspaceSize: unlimited
CompressedClassSpaceSize: 1.00 GB
Initial GC threshold: 21.00 MB
Current GC threshold: 21.00 MB
CDS: on
MetaspaceReclaimPolicy: balanced
 - commit_granule_bytes: 65536.
 - commit_granule_words: 8192.
 - virtual_space_node_default_size: 8388608.
 - enlarge_chunks_in_place: 1.
 - new_chunks_are_fully_committed: 0.
 - uncommit_free_chunks: 1.
 - use_allocation_guard: 0.


Internal statistics:

num_allocs_failed_limit: 0.
num_arena_births: 160.
num_arena_deaths: 0.
num_vsnodes_births: 2.
num_vsnodes_deaths: 0.
num_space_committed: 120.
num_space_uncommitted: 0.
num_chunks_returned_to_freelist: 0.
num_chunks_taken_from_freelist: 312.
num_chunk_merges: 0.
num_chunk_splits: 221.
num_chunks_enlarged: 162.
num_inconsistent_stats: 0.

CodeHeap 'non-profiled nmethods': size=119168Kb used=799Kb max_used=799Kb free=118368Kb
 bounds [0x000001bbd8ea0000, 0x000001bbd9110000, 0x000001bbe0300000]
CodeHeap 'profiled nmethods': size=119104Kb used=3103Kb max_used=3103Kb free=116000Kb
 bounds [0x000001bbd1a50000, 0x000001bbd1d60000, 0x000001bbd8ea0000]
CodeHeap 'non-nmethods': size=7488Kb used=1657Kb max_used=3385Kb free=5831Kb
 bounds [0x000001bbd1300000, 0x000001bbd1660000, 0x000001bbd1a50000]
 total_blobs=2695 nmethods=1695 adapters=913
 compilation: enabled
              stopped_count=0, restarted_count=0
 full_count=0

Compilation events (20 events):
Event: 146.609 Thread 0x000001bbef960d40 nmethod 1687 0x000001bbd1d56210 code [0x000001bbd1d563a0, 0x000001bbd1d564b8]
Event: 146.609 Thread 0x000001bbef960d40 1688       3       de.m_marvin.unimat.impl.Quaternion::fromXYZDegrees (40 bytes)
Event: 146.609 Thread 0x000001bbef960d40 nmethod 1688 0x000001bbd1d56590 code [0x000001bbd1d567e0, 0x000001bbd1d57078]
Event: 146.609 Thread 0x000001bbef960d40 1689       3       de.m_marvin.unimat.impl.Quaternion::fromXYZDegrees (22 bytes)
Event: 146.609 Thread 0x000001bbef960d40 nmethod 1689 0x000001bbd1d57310 code [0x000001bbd1d57500, 0x000001bbd1d57788]
Event: 146.609 Thread 0x000001bbef960d40 1690       3       de.m_marvin.unimat.impl.Quaternion::fromXYZRadians (14 bytes)
Event: 146.609 Thread 0x000001bbef960d40 nmethod 1690 0x000001bbd1d57890 code [0x000001bbd1d57a40, 0x000001bbd1d57c58]
Event: 146.611 Thread 0x000001bbe12ee7c0 nmethod 1684 0x000001bbd8f5df10 code [0x000001bbd8f5e120, 0x000001bbd8f5e610]
Event: 146.611 Thread 0x000001bbe12ee7c0 1691       4       de.m_marvin.unimat.impl.Matrix4f::<init> (198 bytes)
Event: 146.612 Thread 0x000001bbe12ee7c0 nmethod 1691 0x000001bbd8f5eb10 code [0x000001bbd8f5ecc0, 0x000001bbd8f5ee58]
Event: 155.142 Thread 0x000001bbe12ee7c0 1692       4       de.m_marvin.unimat.impl.Quaternion::setI (23 bytes)
Event: 155.142 Thread 0x000001bbe12ee7c0 nmethod 1692 0x000001bbd8f5f010 code [0x000001bbd8f5f180, 0x000001bbd8f5f218]
Event: 163.192 Thread 0x000001bbe12ee7c0 1693       4       de.m_marvin.renderengine.translation.Camera::toString (37 bytes)
Event: 163.210 Thread 0x000001bbe12ee7c0 nmethod 1693 0x000001bbd8f5f310 code [0x000001bbd8f5f580, 0x000001bbd8f612c0]
Event: 163.210 Thread 0x000001bbe12ee7c0 1694       4       de.m_marvin.renderengine.translation.Camera::move (61 bytes)
Event: 163.237 Thread 0x000001bbe12ee7c0 nmethod 1694 0x000001bbd8f62410 code [0x000001bbd8f62720, 0x000001bbd8f64cf8]
Event: 180.259 Thread 0x000001bbe12ee7c0 1695       4       de.m_marvin.renderengine.translation.Camera::upadteViewMatrix (76 bytes)
Event: 180.263 Thread 0x000001bbe12ee7c0 nmethod 1695 0x000001bbd8f67390 code [0x000001bbd8f67500, 0x000001bbd8f67638]
Event: 189.275 Thread 0x000001bbe12ee7c0 1696       4       de.m_marvin.unimat.impl.Quaternion::mul (154 bytes)
Event: 189.276 Thread 0x000001bbe12ee7c0 nmethod 1696 0x000001bbd8f67990 code [0x000001bbd8f67b20, 0x000001bbd8f67d58]

GC Heap History (0 events):
No events

Deoptimization events (20 events):
Event: 0.670 Thread 0x000001bbc99d7470 Uncommon trap: trap_request=0xffffff45 fr.pc=0x000001bbd8eed3cc relative=0x00000000000002ac
Event: 0.670 Thread 0x000001bbc99d7470 Uncommon trap: reason=unstable_if action=reinterpret pc=0x000001bbd8eed3cc method=java.util.HashMap.getNode(Ljava/lang/Object;)Ljava/util/HashMap$Node; @ 66 c2
Event: 0.670 Thread 0x000001bbc99d7470 DEOPT PACKING pc=0x000001bbd8eed3cc sp=0x0000003eb51fef20
Event: 0.670 Thread 0x000001bbc99d7470 DEOPT UNPACKING pc=0x000001bbd13523a3 sp=0x0000003eb51feeb0 mode 2
Event: 0.670 Thread 0x000001bbc99d7470 Uncommon trap: trap_request=0xffffffc6 fr.pc=0x000001bbd8eeea2c relative=0x00000000000010cc
Event: 0.670 Thread 0x000001bbc99d7470 Uncommon trap: reason=bimorphic_or_optimized_type_check action=maybe_recompile pc=0x000001bbd8eeea2c method=java.util.HashMap.putVal(ILjava/lang/Object;Ljava/lang/Object;ZZ)Ljava/lang/Object; @ 91 c2
Event: 0.670 Thread 0x000001bbc99d7470 DEOPT PACKING pc=0x000001bbd8eeea2c sp=0x0000003eb51feed0
Event: 0.670 Thread 0x000001bbc99d7470 DEOPT UNPACKING pc=0x000001bbd13523a3 sp=0x0000003eb51fee78 mode 2
Event: 0.671 Thread 0x000001bbc99d7470 Uncommon trap: trap_request=0xffffff45 fr.pc=0x000001bbd8ee8818 relative=0x00000000000002f8
Event: 0.671 Thread 0x000001bbc99d7470 Uncommon trap: reason=unstable_if action=reinterpret pc=0x000001bbd8ee8818 method=java.util.concurrent.ConcurrentHashMap.get(Ljava/lang/Object;)Ljava/lang/Object; @ 76 c2
Event: 0.671 Thread 0x000001bbc99d7470 DEOPT PACKING pc=0x000001bbd8ee8818 sp=0x0000003eb51ff0b0
Event: 0.671 Thread 0x000001bbc99d7470 DEOPT UNPACKING pc=0x000001bbd13523a3 sp=0x0000003eb51ff048 mode 2
Event: 75.308 Thread 0x000001bbc99d7470 Uncommon trap: trap_request=0xffffff45 fr.pc=0x000001bbd8f43e28 relative=0x0000000000000d08
Event: 75.308 Thread 0x000001bbc99d7470 Uncommon trap: reason=unstable_if action=reinterpret pc=0x000001bbd8f43e28 method=jdk.internal.math.FloatingDecimal$BinaryToASCIIBuffer.estimateDecExp(JI)I @ 78 c2
Event: 75.308 Thread 0x000001bbc99d7470 DEOPT PACKING pc=0x000001bbd8f43e28 sp=0x0000003eb51ff190
Event: 75.308 Thread 0x000001bbc99d7470 DEOPT UNPACKING pc=0x000001bbd13523a3 sp=0x0000003eb51fefd0 mode 2
Event: 81.241 Thread 0x000001bbc99d7470 Uncommon trap: trap_request=0xffffff3d fr.pc=0x000001bbd8f302fc relative=0x000000000000035c
Event: 81.241 Thread 0x000001bbc99d7470 Uncommon trap: reason=unstable_fused_if action=reinterpret pc=0x000001bbd8f302fc method=jdk.internal.math.FloatingDecimal$BinaryToASCIIBuffer.getChars([C)I @ 201 c2
Event: 81.241 Thread 0x000001bbc99d7470 DEOPT PACKING pc=0x000001bbd8f302fc sp=0x0000003eb51ff1b0
Event: 81.241 Thread 0x000001bbc99d7470 DEOPT UNPACKING pc=0x000001bbd13523a3 sp=0x0000003eb51ff168 mode 2

Classes loaded (20 events):
Event: 0.649 Loading class java/util/concurrent/atomic/AtomicIntegerArray
Event: 0.649 Loading class java/util/concurrent/atomic/AtomicIntegerArray done
Event: 0.650 Loading class java/util/UUID
Event: 0.650 Loading class java/util/UUID done
Event: 0.650 Loading class java/util/Currency
Event: 0.650 Loading class java/util/Currency done
Event: 0.653 Loading class java/util/concurrent/atomic/AtomicLongArray
Event: 0.653 Loading class java/util/concurrent/atomic/AtomicLongArray done
Event: 0.658 Loading class sun/nio/cs/StreamDecoder
Event: 0.658 Loading class sun/nio/cs/StreamDecoder done
Event: 0.658 Loading class sun/nio/cs/UTF_8$Decoder
Event: 0.658 Loading class sun/nio/cs/UTF_8$Decoder done
Event: 0.661 Loading class java/io/InvalidObjectException
Event: 0.661 Loading class java/io/ObjectStreamException
Event: 0.661 Loading class java/io/ObjectStreamException done
Event: 0.661 Loading class java/io/InvalidObjectException done
Event: 0.662 Loading class java/io/BufferedReader
Event: 0.662 Loading class java/io/BufferedReader done
Event: 1.724 Loading class jdk/internal/math/FDBigInteger
Event: 1.724 Loading class jdk/internal/math/FDBigInteger done

Classes unloaded (0 events):
No events

Classes redefined (2 events):
Event: 73.587 Thread 0x000001bbe1232da0 redefined class name=de.m_marvin.renderengine.translation.Camera, count=1
Event: 144.480 Thread 0x000001bbe1232da0 redefined class name=de.m_marvin.unimat.impl.Quaternion, count=1

Internal exceptions (20 events):
Event: 0.520 Thread 0x000001bbc99d7470 Exception <a 'java/lang/NoSuchMethodError'{0x000000011e7b6348}: 'void java.lang.System.load(java.lang.String, java.lang.Class)'> (0x000000011e7b6348) 
thrown [s\open\src\hotspot\share\interpreter\linkResolver.cpp, line 759]
Event: 0.521 Thread 0x000001bbc99d7470 Exception <a 'java/lang/NoSuchMethodError'{0x000000011e7b91d8}: 'void java.lang.System.loadLibrary(java.lang.String, java.lang.Class)'> (0x000000011e7b91d8) 
thrown [s\open\src\hotspot\share\interpreter\linkResolver.cpp, line 759]
Event: 0.524 Thread 0x000001bbc99d7470 Exception <a 'sun/nio/fs/WindowsException'{0x000000011e7c9560}> (0x000000011e7c9560) 
thrown [s\open\src\hotspot\share\prims\jni.cpp, line 516]
Event: 0.524 Thread 0x000001bbc99d7470 Exception <a 'sun/nio/fs/WindowsException'{0x000000011e7c9908}> (0x000000011e7c9908) 
thrown [s\open\src\hotspot\share\prims\jni.cpp, line 516]
Event: 0.526 Thread 0x000001bbc99d7470 Exception <a 'sun/nio/fs/WindowsException'{0x000000011e7d2088}> (0x000000011e7d2088) 
thrown [s\open\src\hotspot\share\prims\jni.cpp, line 516]
Event: 0.526 Thread 0x000001bbc99d7470 Exception <a 'sun/nio/fs/WindowsException'{0x000000011e7d2368}> (0x000000011e7d2368) 
thrown [s\open\src\hotspot\share\prims\jni.cpp, line 516]
Event: 0.589 Thread 0x000001bbc99d7470 Exception <a 'java/lang/NoSuchMethodError'{0x000000011edb0978}: 'java.lang.Object java.lang.invoke.DirectMethodHandle$Holder.invokeStaticInit(java.lang.Object, java.lang.Object, java.lang.Object, java.lang.Object, java.lang.Object, java.lang.Object, java.lang.Object)'> (0x000000011edb0978) 
thrown [s\open\src\hotspot\share\interpreter\linkResolver.cpp, line 759]
Event: 0.592 Thread 0x000001bbc99d7470 Exception <a 'java/lang/NoSuchMethodError'{0x000000011edd6618}: 'int java.lang.invoke.DirectMethodHandle$Holder.invokeVirtual(java.lang.Object, java.lang.Object, java.lang.Object)'> (0x000000011edd6618) 
thrown [s\open\src\hotspot\share\interpreter\linkResolver.cpp, line 759]
Event: 0.592 Thread 0x000001bbc99d7470 Exception <a 'java/lang/NoSuchMethodError'{0x000000011edd9ea0}: 'int java.lang.invoke.DirectMethodHandle$Holder.invokeVirtual(java.lang.Object, java.lang.Object)'> (0x000000011edd9ea0) 
thrown [s\open\src\hotspot\share\interpreter\linkResolver.cpp, line 759]
Event: 0.593 Thread 0x000001bbc99d7470 Exception <a 'java/lang/NoSuchMethodError'{0x000000011edddf78}: 'int java.lang.invoke.DirectMethodHandle$Holder.invokeStaticInit(java.lang.Object, java.lang.Object, java.lang.Object)'> (0x000000011edddf78) 
thrown [s\open\src\hotspot\share\interpreter\linkResolver.cpp, line 759]
Event: 0.593 Thread 0x000001bbc99d7470 Exception <a 'java/lang/NoSuchMethodError'{0x000000011ede1580}: 'int java.lang.invoke.DirectMethodHandle$Holder.invokeStaticInit(java.lang.Object, int, int)'> (0x000000011ede1580) 
thrown [s\open\src\hotspot\share\interpreter\linkResolver.cpp, line 759]
Event: 0.593 Thread 0x000001bbc99d7470 Exception <a 'java/lang/NoSuchMethodError'{0x000000011ede8ae0}: 'int java.lang.invoke.DirectMethodHandle$Holder.invokeStaticInit(java.lang.Object, long, long)'> (0x000000011ede8ae0) 
thrown [s\open\src\hotspot\share\interpreter\linkResolver.cpp, line 759]
Event: 0.594 Thread 0x000001bbc99d7470 Exception <a 'java/lang/NoSuchMethodError'{0x000000011edef690}: 'int java.lang.invoke.DirectMethodHandle$Holder.invokeStaticInit(java.lang.Object, float, float)'> (0x000000011edef690) 
thrown [s\open\src\hotspot\share\interpreter\linkResolver.cpp, line 759]
Event: 0.594 Thread 0x000001bbc99d7470 Exception <a 'java/lang/NoSuchMethodError'{0x000000011edf6238}: 'int java.lang.invoke.DirectMethodHandle$Holder.invokeStaticInit(java.lang.Object, double, double)'> (0x000000011edf6238) 
thrown [s\open\src\hotspot\share\interpreter\linkResolver.cpp, line 759]
Event: 0.594 Thread 0x000001bbc99d7470 Exception <a 'java/lang/NoSuchMethodError'{0x000000011edfa498}: 'int java.lang.invoke.DirectMethodHandle$Holder.invokeStatic(java.lang.Object, long)'> (0x000000011edfa498) 
thrown [s\open\src\hotspot\share\interpreter\linkResolver.cpp, line 759]
Event: 0.596 Thread 0x000001bbc99d7470 Exception <a 'java/lang/NoSuchMethodError'{0x000000011ee104d8}: 'int java.lang.invoke.DirectMethodHandle$Holder.invokeSpecial(java.lang.Object, java.lang.Object, int)'> (0x000000011ee104d8) 
thrown [s\open\src\hotspot\share\interpreter\linkResolver.cpp, line 759]
Event: 0.597 Thread 0x000001bbc99d7470 Exception <a 'java/lang/NoSuchMethodError'{0x000000011ee25508}: 'int java.lang.invoke.Invokers$Holder.linkToTargetMethod(java.lang.Object, java.lang.Object)'> (0x000000011ee25508) 
thrown [s\open\src\hotspot\share\interpreter\linkResolver.cpp, line 759]
Event: 0.605 Thread 0x000001bbc99d7470 Exception <a 'java/lang/NoSuchMethodError'{0x000000011eebb810}: 'void java.lang.invoke.DirectMethodHandle$Holder.invokeStaticInit(java.lang.Object, java.lang.Object, java.lang.Object)'> (0x000000011eebb810) 
thrown [s\open\src\hotspot\share\interpreter\linkResolver.cpp, line 759]
Event: 0.608 Thread 0x000001bbc99d7470 Exception <a 'java/lang/NoSuchMethodError'{0x000000011ef01cd0}: 'void java.lang.invoke.DirectMethodHandle$Holder.invokeSpecial(java.lang.Object, java.lang.Object, int)'> (0x000000011ef01cd0) 
thrown [s\open\src\hotspot\share\interpreter\linkResolver.cpp, line 759]
Event: 0.668 Thread 0x000001bbc99d7470 Exception <a 'java/lang/NoSuchMethodError'{0x000000011d932cb0}: 'void java.lang.invoke.DirectMethodHandle$Holder.invokeStaticInit(java.lang.Object, int, int, java.lang.Object)'> (0x000000011d932cb0) 
thrown [s\open\src\hotspot\share\interpreter\linkResolver.cpp, line 759]

VM Operations (20 events):
Event: 23.666 Executing VM operation: Cleanup
Event: 23.666 Executing VM operation: Cleanup done
Event: 28.697 Executing VM operation: Cleanup
Event: 28.697 Executing VM operation: Cleanup done
Event: 36.741 Executing VM operation: Cleanup
Event: 36.741 Executing VM operation: Cleanup done
Event: 44.780 Executing VM operation: Cleanup
Event: 44.780 Executing VM operation: Cleanup done
Event: 45.786 Executing VM operation: Cleanup
Event: 45.786 Executing VM operation: Cleanup done
Event: 54.836 Executing VM operation: Cleanup
Event: 54.836 Executing VM operation: Cleanup done
Event: 73.585 Executing VM operation: RedefineClasses
Event: 73.589 Executing VM operation: RedefineClasses done
Event: 75.596 Executing VM operation: Cleanup
Event: 75.596 Executing VM operation: Cleanup done
Event: 144.479 Executing VM operation: RedefineClasses
Event: 144.483 Executing VM operation: RedefineClasses done
Event: 270.772 Executing VM operation: ChangeBreakpoints
Event: 270.773 Executing VM operation: ChangeBreakpoints done

Events (20 events):
Event: 1.024 Thread 0x000001bbef95f900 Thread exited: 0x000001bbef95f900
Event: 2.257 Thread 0x000001bbef960830 Thread exited: 0x000001bbef960830
Event: 3.324 Thread 0x000001bbef95fe10 Thread exited: 0x000001bbef95fe10
Event: 3.324 Thread 0x000001bbef960320 Thread exited: 0x000001bbef960320
Event: 3.858 Thread 0x000001bbef95e9d0 Thread added: 0x000001bbef95e9d0
Event: 3.858 Thread 0x000001bbef95f900 Thread added: 0x000001bbef95f900
Event: 3.858 Thread 0x000001bbef95fe10 Thread added: 0x000001bbef95fe10
Event: 4.874 Thread 0x000001bbef95fe10 Thread exited: 0x000001bbef95fe10
Event: 4.924 Thread 0x000001bbef95f900 Thread exited: 0x000001bbef95f900
Event: 6.541 Thread 0x000001bbef95e9d0 Thread exited: 0x000001bbef95e9d0
Event: 7.075 Thread 0x000001bbef95f900 Thread added: 0x000001bbef95f900
Event: 7.075 Thread 0x000001bbef95e9d0 Thread added: 0x000001bbef95e9d0
Event: 7.075 Thread 0x000001bbef95f3f0 Thread added: 0x000001bbef95f3f0
Event: 8.157 Thread 0x000001bbef95f3f0 Thread exited: 0x000001bbef95f3f0
Event: 8.174 Thread 0x000001bbef95e9d0 Thread exited: 0x000001bbef95e9d0
Event: 8.291 Thread 0x000001bbef95f900 Thread exited: 0x000001bbef95f900
Event: 109.509 Thread 0x000001bbef95e9d0 Thread added: 0x000001bbef95e9d0
Event: 109.509 Thread 0x000001bbef95fe10 Thread added: 0x000001bbef95fe10
Event: 116.662 Thread 0x000001bbef95fe10 Thread exited: 0x000001bbef95fe10
Event: 116.662 Thread 0x000001bbef95e9d0 Thread exited: 0x000001bbef95e9d0


Dynamic libraries:
0x00007ff68c5a0000 - 0x00007ff68c5b0000 	C:\Program Files\Java\jdk-18.0.2\bin\javaw.exe
0x00007ffe254f0000 - 0x00007ffe256e8000 	C:\WINDOWS\SYSTEM32\ntdll.dll
0x00007ffe250b0000 - 0x00007ffe2516d000 	C:\WINDOWS\System32\KERNEL32.DLL
0x00007ffe22d00000 - 0x00007ffe22fd2000 	C:\WINDOWS\System32\KERNELBASE.dll
0x00007ffe22c00000 - 0x00007ffe22d00000 	C:\WINDOWS\System32\ucrtbase.dll
0x00007ffe1f840000 - 0x00007ffe1f858000 	C:\Program Files\Java\jdk-18.0.2\bin\jli.dll
0x00007ffe1def0000 - 0x00007ffe1df0a000 	C:\Program Files\Java\jdk-18.0.2\bin\VCRUNTIME140.dll
0x00007ffe24d20000 - 0x00007ffe24dce000 	C:\WINDOWS\System32\ADVAPI32.dll
0x00007ffe25010000 - 0x00007ffe250ae000 	C:\WINDOWS\System32\msvcrt.dll
0x00007ffe23850000 - 0x00007ffe238ec000 	C:\WINDOWS\System32\sechost.dll
0x00007ffe23950000 - 0x00007ffe23a75000 	C:\WINDOWS\System32\RPCRT4.dll
0x00007ffe23580000 - 0x00007ffe2371d000 	C:\WINDOWS\System32\USER32.dll
0x00007ffe23370000 - 0x00007ffe23392000 	C:\WINDOWS\System32\win32u.dll
0x00007ffe04820000 - 0x00007ffe04aba000 	C:\WINDOWS\WinSxS\amd64_microsoft.windows.common-controls_6595b64144ccf1df_6.0.19041.1110_none_60b5254171f9507e\COMCTL32.dll
0x00007ffe23550000 - 0x00007ffe2357b000 	C:\WINDOWS\System32\GDI32.dll
0x00007ffe23440000 - 0x00007ffe2354f000 	C:\WINDOWS\System32\gdi32full.dll
0x00007ffe233a0000 - 0x00007ffe2343d000 	C:\WINDOWS\System32\msvcp_win.dll
0x00007ffe1c500000 - 0x00007ffe1c50a000 	C:\WINDOWS\SYSTEM32\VERSION.dll
0x00007ffe25250000 - 0x00007ffe25280000 	C:\WINDOWS\System32\IMM32.DLL
0x00007ffe1dee0000 - 0x00007ffe1deec000 	C:\Program Files\Java\jdk-18.0.2\bin\vcruntime140_1.dll
0x00007ffe160f0000 - 0x00007ffe1617d000 	C:\Program Files\Java\jdk-18.0.2\bin\msvcp140.dll
0x00007ffdb5540000 - 0x00007ffdb6151000 	C:\Program Files\Java\jdk-18.0.2\bin\server\jvm.dll
0x00007ffe253f0000 - 0x00007ffe253f8000 	C:\WINDOWS\System32\PSAPI.DLL
0x00007ffe12db0000 - 0x00007ffe12db9000 	C:\WINDOWS\SYSTEM32\WSOCK32.dll
0x00007ffe17030000 - 0x00007ffe17057000 	C:\WINDOWS\SYSTEM32\WINMM.dll
0x00007ffe24fa0000 - 0x00007ffe2500b000 	C:\WINDOWS\System32\WS2_32.dll
0x00007ffe21470000 - 0x00007ffe21482000 	C:\WINDOWS\SYSTEM32\kernel.appcore.dll
0x00007ffe16330000 - 0x00007ffe1633a000 	C:\Program Files\Java\jdk-18.0.2\bin\jimage.dll
0x00007ffe148e0000 - 0x00007ffe14ac4000 	C:\WINDOWS\SYSTEM32\DBGHELP.DLL
0x00007ffe13380000 - 0x00007ffe133ac000 	C:\WINDOWS\SYSTEM32\dbgcore.DLL
0x00007ffe23180000 - 0x00007ffe23202000 	C:\WINDOWS\System32\bcryptPrimitives.dll
0x00007ffdfbb70000 - 0x00007ffdfbbab000 	C:\Program Files\Java\jdk-18.0.2\bin\jdwp.dll
0x00007ffe16190000 - 0x00007ffe1619e000 	C:\Program Files\Java\jdk-18.0.2\bin\instrument.dll
0x00007ffe16300000 - 0x00007ffe16325000 	C:\Program Files\Java\jdk-18.0.2\bin\java.dll
0x00007ffe08070000 - 0x00007ffe08146000 	C:\Program Files\Java\jdk-18.0.2\bin\jsvml.dll
0x00007ffe23de0000 - 0x00007ffe24523000 	C:\WINDOWS\System32\SHELL32.dll
0x00007ffe20cc0000 - 0x00007ffe21451000 	C:\WINDOWS\SYSTEM32\windows.storage.dll
0x00007ffe23a80000 - 0x00007ffe23dd4000 	C:\WINDOWS\System32\combase.dll
0x00007ffe22660000 - 0x00007ffe22690000 	C:\WINDOWS\SYSTEM32\Wldp.dll
0x00007ffe24530000 - 0x00007ffe245dd000 	C:\WINDOWS\System32\SHCORE.dll
0x00007ffe251f0000 - 0x00007ffe25245000 	C:\WINDOWS\System32\shlwapi.dll
0x00007ffe22b40000 - 0x00007ffe22b5f000 	C:\WINDOWS\SYSTEM32\profapi.dll
0x00007ffe16180000 - 0x00007ffe1618c000 	C:\Program Files\Java\jdk-18.0.2\bin\dt_socket.dll
0x00007ffe22060000 - 0x00007ffe2209b000 	C:\WINDOWS\SYSTEM32\IPHLPAPI.DLL
0x00007ffe223c0000 - 0x00007ffe2242a000 	C:\WINDOWS\system32\mswsock.dll
0x00007ffe220b0000 - 0x00007ffe2217a000 	C:\WINDOWS\SYSTEM32\DNSAPI.dll
0x00007ffe24f90000 - 0x00007ffe24f98000 	C:\WINDOWS\System32\NSI.dll
0x000000005b5b0000 - 0x000000005b5ba000 	C:\Program Files\National Instruments\Shared\mDNS Responder\nimdnsNSP.dll
0x000000005b5a0000 - 0x000000005b5b0000 	C:\WINDOWS\SYSTEM32\nimdnsResponder.dll
0x00007ffe1aa60000 - 0x00007ffe1aa6a000 	C:\Windows\System32\rasadhlp.dll
0x00007ffe1a080000 - 0x00007ffe1a100000 	C:\WINDOWS\System32\fwpuclnt.dll
0x00007ffe23150000 - 0x00007ffe23177000 	C:\WINDOWS\System32\bcrypt.dll
0x00007ffe160b0000 - 0x00007ffe160c8000 	C:\Program Files\Java\jdk-18.0.2\bin\zip.dll
0x00007ffe162e0000 - 0x00007ffe162f3000 	C:\Program Files\Java\jdk-18.0.2\bin\net.dll
0x00007ffe1b2b0000 - 0x00007ffe1b3bd000 	C:\WINDOWS\SYSTEM32\WINHTTP.dll
0x00007ffe160d0000 - 0x00007ffe160e6000 	C:\Program Files\Java\jdk-18.0.2\bin\nio.dll
0x00007ffe160a0000 - 0x00007ffe160b0000 	C:\Program Files\Java\jdk-18.0.2\bin\verify.dll
0x00007ffdf9c10000 - 0x00007ffdf9c85000 	C:\Users\marvi\AppData\Local\Temp\lwjglmarvi\3.3.1-build-7\lwjgl.dll
0x00007ffdf5890000 - 0x00007ffdf58f1000 	C:\Users\marvi\AppData\Local\Temp\lwjglmarvi\3.3.1-build-7\glfw.dll
0x00007ffdfa9c0000 - 0x00007ffdfaa05000 	C:\WINDOWS\SYSTEM32\dinput8.dll
0x00007ffe16040000 - 0x00007ffe16051000 	C:\WINDOWS\SYSTEM32\xinput1_4.dll
0x00007ffe23090000 - 0x00007ffe230de000 	C:\WINDOWS\System32\cfgmgr32.dll
0x00007ffe229b0000 - 0x00007ffe229dc000 	C:\WINDOWS\SYSTEM32\DEVOBJ.dll
0x00007ffe207c0000 - 0x00007ffe207ef000 	C:\WINDOWS\SYSTEM32\dwmapi.dll
0x00007ffded9e0000 - 0x00007ffdedb32000 	C:\WINDOWS\SYSTEM32\inputhost.dll
0x00007ffe23780000 - 0x00007ffe2384d000 	C:\WINDOWS\System32\OLEAUT32.dll
0x00007ffe1fc50000 - 0x00007ffe1fd42000 	C:\WINDOWS\SYSTEM32\CoreMessaging.dll
0x00007ffe1f0b0000 - 0x00007ffe1f204000 	C:\WINDOWS\SYSTEM32\wintypes.dll
0x00007ffe20a00000 - 0x00007ffe20af6000 	C:\WINDOWS\SYSTEM32\PROPSYS.dll
0x00007ffe1f8f0000 - 0x00007ffe1fc4e000 	C:\WINDOWS\SYSTEM32\CoreUIComponents.dll
0x00007ffe21d90000 - 0x00007ffe21dc3000 	C:\WINDOWS\SYSTEM32\ntmarta.dll
0x00007ffe20200000 - 0x00007ffe2029e000 	C:\WINDOWS\system32\uxtheme.dll
0x00007ffe24660000 - 0x00007ffe24775000 	C:\WINDOWS\System32\MSCTF.dll
0x00007ffddde30000 - 0x00007ffdddf57000 	C:\WINDOWS\SYSTEM32\opengl32.dll
0x00007ffdf9ba0000 - 0x00007ffdf9bcc000 	C:\WINDOWS\SYSTEM32\GLU32.dll
0x00007ffe25400000 - 0x00007ffe254af000 	C:\WINDOWS\System32\clbcatq.dll
0x00007ffd9a3e0000 - 0x00007ffd9cf00000 	C:\WINDOWS\System32\DriverStore\FileRepository\nvmd.inf_amd64_0da8f93391b94ddf\nvoglv64.dll
0x00007ffe248b0000 - 0x00007ffe24d1f000 	C:\WINDOWS\System32\SETUPAPI.dll
0x00007ffe24780000 - 0x00007ffe248aa000 	C:\WINDOWS\System32\ole32.dll
0x00007ffe1e100000 - 0x00007ffe1e114000 	C:\WINDOWS\SYSTEM32\WTSAPI32.dll
0x00007ffe227f0000 - 0x00007ffe22802000 	C:\WINDOWS\SYSTEM32\msasn1.dll
0x00007ffe1c090000 - 0x00007ffe1c0c1000 	C:\WINDOWS\SYSTEM32\cryptnet.dll
0x00007ffe23210000 - 0x00007ffe23366000 	C:\WINDOWS\System32\CRYPT32.dll
0x00007ffe1a3a0000 - 0x00007ffe1a4e8000 	C:\WINDOWS\SYSTEM32\drvstore.dll
0x00007ffe225d0000 - 0x00007ffe225dc000 	C:\WINDOWS\SYSTEM32\cryptbase.dll
0x00007ffe230e0000 - 0x00007ffe23149000 	C:\WINDOWS\System32\WINTRUST.dll
0x00007ffe1d610000 - 0x00007ffe1d64b000 	C:\WINDOWS\SYSTEM32\dxcore.dll
0x00007ffddabe0000 - 0x00007ffddaea7000 	C:\WINDOWS\system32\nvspcap64.dll
0x00007ffe22180000 - 0x00007ffe221cb000 	C:\WINDOWS\SYSTEM32\powrprof.dll
0x00007ffe22040000 - 0x00007ffe22052000 	C:\WINDOWS\SYSTEM32\UMPDC.dll
0x00007ffe21900000 - 0x00007ffe21964000 	C:\WINDOWS\SYSTEM32\WINSTA.dll
0x00007ffdf17a0000 - 0x00007ffdf1899000 	C:\WINDOWS\SYSTEM32\textinputframework.dll
0x00007ffdf7690000 - 0x00007ffdf76ed000 	C:\Users\marvi\AppData\Local\Temp\lwjglmarvi\3.3.1-build-7\lwjgl_opengl.dll

dbghelp: loaded successfully - version: 4.0.5 - missing functions: none
symbol engine: initialized successfully - sym options: 0x614 - pdb path: .;C:\Program Files\Java\jdk-18.0.2\bin;C:\WINDOWS\SYSTEM32;C:\WINDOWS\WinSxS\amd64_microsoft.windows.common-controls_6595b64144ccf1df_6.0.19041.1110_none_60b5254171f9507e;C:\Program Files\Java\jdk-18.0.2\bin\server;C:\Program Files\National Instruments\Shared\mDNS Responder;C:\Users\marvi\AppData\Local\Temp\lwjglmarvi\3.3.1-build-7;C:\WINDOWS\System32\DriverStore\FileRepository\nvmd.inf_amd64_0da8f93391b94ddf

VM Arguments:
jvm_args: -XX:+ShowCodeDetailsInExceptionMessages -agentlib:jdwp=transport=dt_socket,suspend=y,address=localhost:56955 -javaagent:D:\Eclipse\eclipse\configuration\org.eclipse.osgi\228\0\.cp\lib\javaagent-shaded.jar -Dfile.encoding=UTF-8 
java_command: de.m_marvin.renderengine.RenderEngineTest
java_class_path (initial): E:\GitHub\LIBRARY-RenderEngine\RenderEngine\bin\default;C:\Users\marvi\.gradle\caches\modules-2\files-2.1\org.lwjgl\lwjgl-assimp\3.3.1\312072f451794f25670aebb0160ce6ec88aff842\lwjgl-assimp-3.3.1.jar;C:\Users\marvi\.gradle\caches\modules-2\files-2.1\org.lwjgl\lwjgl-glfw\3.3.1\cbac1b8d30cb4795149c1ef540f912671a8616d0\lwjgl-glfw-3.3.1.jar;C:\Users\marvi\.gradle\caches\modules-2\files-2.1\org.lwjgl\lwjgl-jawt\3.3.1\30330b16b809655d42f4951ece57f425cce43ce2\lwjgl-jawt-3.3.1.jar;C:\Users\marvi\.gradle\caches\modules-2\files-2.1\org.lwjgl\lwjgl-openal\3.3.1\2623a6b8ae1dfcd880738656a9f0243d2e6840bd\lwjgl-openal-3.3.1.jar;C:\Users\marvi\.gradle\caches\modules-2\files-2.1\org.lwjgl\lwjgl-opengl\3.3.1\831a5533a21a5f4f81bbc51bb13e9899319b5411\lwjgl-opengl-3.3.1.jar;C:\Users\marvi\.gradle\caches\modules-2\files-2.1\org.lwjgl\lwjgl-stb\3.3.1\b119297cf8ed01f247abe8685857f8e7fcf5980f\lwjgl-stb-3.3.1.jar;C:\Users\marvi\.gradle\caches\modules-2\files-2.1\org.lwjgl\lwjgl\3.3.1\ae58664f88e18a9bb2c77b063833ca7aaec484cb\lwjgl-3.3.1.jar;C:\Users\marvi\.gradle\caches\modules-2\files-2.1\com.google.guava\guava\16.0.1\5fa98cd1a63c99a44dd8d3b77e4762b066a5d0c5\guava-16.0.1.jar;C:\Users\marvi\.gradle\caches\modules-2\files-2.1\com.google.code.gson\gson\2.9.1\2cc2131b98ebfb04e2b2c7dfb84431f4045096b\gson-2.9.1.jar;C:\Users\marvi\.gradle\caches\modules-2\files-2.1\org.lwjgl\lwjgl-assimp\3.3.1\bfa2a0d57acbf952b716d0ad8a3acbd7ad9f5639\lwjgl-assimp-3.3.1-natives-windows.jar;C:\Users\marvi\.gradle\caches\modules-2\files-2.1\org.lwjgl\lwjgl-glfw\3.3.1\ed892f945cf7e79c8756796f32d00fa4ceaf573b\lwjgl-glfw-3.3.1-natives-windows.jar;C:\Users\marvi\.gradle\caches\modules-2\files-2.1\org.lwjgl\lwjgl-openal\3.3.1\30a474d0e57193d7bc128849a3ab66bc9316fdb1\lwjgl-openal-3.3.1-natives-windows.jar;C:\Users\marvi\.gradle\caches\modules-2\files-2.1\org.lwjgl\lwjgl-opengl\3.3.1\c1807e9bd571402787d7e37e3029776ae2513bb8\lwjgl-opengl-3.3.1-natives-windows.jar;C:\Users\marvi\.gradle\caches\modules-2\files-2.1\org.lwjgl\lwjgl-stb\3.3.1\86315914ac119efdb02dc9e8e978ade84f1702af\lwjgl-stb-3.3.1-natives-windows.jar;C:\Users\marvi\.gradle\caches\modules-2\files-2.1\org.lwjgl\lwjgl\3.3.1\36c37f16ab611b3aa11f3bcf80b1d509b4ce6b\lwjgl-3.3.1-natives-windows.jar
Launcher Type: SUN_STANDARD

[Global flags]
     intx CICompilerCount                          = 12                                        {product} {ergonomic}
     uint ConcGCThreads                            = 5                                         {product} {ergonomic}
     uint G1ConcRefinementThreads                  = 18                                        {product} {ergonomic}
   size_t G1HeapRegionSize                         = 16777216                                  {product} {ergonomic}
    uintx GCDrainStackTargetSize                   = 64                                        {product} {ergonomic}
   size_t InitialHeapSize                          = 2147483648                                {product} {ergonomic}
   size_t MarkStackSize                            = 4194304                                   {product} {ergonomic}
   size_t MaxHeapSize                              = 31675383808                               {product} {ergonomic}
   size_t MaxNewSize                               = 18991808512                               {product} {ergonomic}
   size_t MinHeapDeltaBytes                        = 16777216                                  {product} {ergonomic}
   size_t MinHeapSize                              = 16777216                                  {product} {ergonomic}
    uintx NonNMethodCodeHeapSize                   = 7602480                                {pd product} {ergonomic}
    uintx NonProfiledCodeHeapSize                  = 122027880                              {pd product} {ergonomic}
    uintx ProfiledCodeHeapSize                     = 122027880                              {pd product} {ergonomic}
    uintx ReservedCodeCacheSize                    = 251658240                              {pd product} {ergonomic}
     bool SegmentedCodeCache                       = true                                      {product} {ergonomic}
     bool ShowCodeDetailsInExceptionMessages       = true                                   {manageable} {command line}
   size_t SoftMaxHeapSize                          = 31675383808                            {manageable} {ergonomic}
     bool UseCompressedClassPointers               = true                           {product lp64_product} {ergonomic}
     bool UseCompressedOops                        = true                           {product lp64_product} {ergonomic}
     bool UseG1GC                                  = true                                      {product} {ergonomic}
     bool UseLargePagesIndividualAllocation        = false                                  {pd product} {ergonomic}

Logging:
Log output configuration:
 #0: stdout all=warning uptime,level,tags foldmultilines=false
 #1: stderr all=off uptime,level,tags foldmultilines=false

Environment Variables:
JAVA_HOME=C:\Program Files\Java\jdk-17.0.2
PATH=C:\Program Files\Common Files\Oracle\Java\javapath;C:\Program Files\Eclipse Foundation\jdk-8.0.302.8-hotspot\bin;C:\Program Files\Eclipse Adoptium\jdk-11.0.13.8-hotspot\bin;D:\TIAPortal\SCADA-RT_V11\WinCC\Bin;C:\Program Files\Common Files\Siemens\Automation\Simatic OAM\bin;C:\Program Files (x86)\Common Files\Siemens\Bin;C:\Program Files (x86)\Common Files\Siemens\CommonArchiving;C:\Program Files (x86)\Common Files\Siemens\ACE\Bin;C:\Program Files (x86)\Common Files\Oracle\Java\javapath;C:\Windows\system32;C:\Windows;C:\Windows\System32\Wbem;C:\Windows\System32\WindowsPowerShell\v1.0\;C:\Windows\System32\OpenSSH\;C:\Program Files (x86)\NVIDIA Corporation\PhysX\Common;C:\Program Files\NVIDIA Corporation\NVIDIA NvDLISR;C:\Program Files (x86)\Microsoft SQL Server\100\Tools\Binn\;C:\Program Files (x86)\Microsoft SQL Server\100\DTS\Binn\;C:\WINDOWS\system32;C:\WINDOWS;C:\WINDOWS\System32\Wbem;C:\WINDOWS\System32\WindowsPowerShell\v1.0\;C:\WINDOWS\System32\OpenSSH\;C:\Program Files (x86)\IVI Foundation\VISA\WinNT\Bin\;C:\Program Files\IVI Foundation\VISA\Win64\Bin\;C:\Program Files (x86)\Microsoft SQL Server\90\Tools\binn\;C:\Program Files\Microsoft SQL Server\Client SDK\ODBC\130\Tools\Binn\;C:\Program Files (x86)\Microsoft SQL Server\130\Tools\Binn\;C:\Program Files\Microsoft SQL Server\130\Tools\Binn\;C:\Program Files\Microsoft SQL Server\130\DTS\Binn\;D:\TIAPortal\SCADA-RT_V11\WinCC\Interfaces;C:\Program Files (x86)\Common Files\Siemens\;C:\Program Files (x86)\Common Files\Siemens\Interfaces;C:\Program Files (x86)\Common Files\Siemens\ACE\Interfaces;C:\Program Files\Microsoft SQL Server\Client SDK\ODBC\170\Tools\Binn\;C:\Program Files\Java\jdk-17.0.2\bin;C:\Program Files (x86)\IVI Foundation\IVI\bin;C:\Program Files\IVI Foundation\IVI\bin;C:\Program Files (x86)\IVI Foundation\VISA\WinNT\Bin;C:\Program Files\dotnet\;C:\Program Files\Git\cmd;C:\Users\marvi\AppData\Local\Microsoft\WindowsApps;C:\Users\marvi\AppData\Local\GitHubDesktop\bin;C:\Users\marvi\.dotnet\tools;C:\Gradle\gradle-7.4.2\bin;
USERNAME=marvi
OS=Windows_NT
PROCESSOR_IDENTIFIER=AMD64 Family 23 Model 113 Stepping 0, AuthenticAMD



---------------  S Y S T E M  ---------------

OS:
 Windows 10 , 64 bit Build 19041 (10.0.19041.1889)
OS uptime: 0 days 5:41 hours

CPU: total 24 (initial active 24) (24 cores per cpu, 2 threads per core) family 23 model 113 stepping 0 microcode 0x0, cx8, cmov, fxsr, ht, mmx, 3dnowpref, sse, sse2, sse3, ssse3, sse4a, sse4.1, sse4.2, popcnt, lzcnt, tsc, tscinvbit, avx, avx2, aes, clmul, bmi1, bmi2, adx, sha, fma, vzeroupper, clflush, clflushopt

Memory: 4k page, system-wide physical 131023M (119989M free)
TotalPageFile size 150479M (AvailPageFile size 117470M)
current process WorkingSet (physical memory assigned to process): 168M, peak: 168M
current process commit charge ("private bytes"): 2286M, peak: 2316M

vm_info: Java HotSpot(TM) 64-Bit Server VM (18.0.2+9-61) for windows-amd64 JRE (18.0.2+9-61), built on Jun  7 2022 13:09:01 by "mach5one" with MS VC++ 16.8 / 16.9 (VS2019)

END.
