#
# A fatal error has been detected by the Java Runtime Environment:
#
#  EXCEPTION_ACCESS_VIOLATION (0xc0000005) at pc=0x00007fffad3bfacd, pid=20416, tid=13236
#
# JRE version: Java(TM) SE Runtime Environment (18.0.2+9) (build 18.0.2+9-61)
# Java VM: Java HotSpot(TM) 64-Bit Server VM (18.0.2+9-61, mixed mode, sharing, tiered, compressed oops, compressed class ptrs, g1 gc, windows-amd64)
# Problematic frame:
# C  [lwjgl_opengl.dll+0xfacd]
#
# No core dump will be written. Minidumps are not enabled by default on client versions of Windows
#
# If you would like to submit a bug report, please visit:
#   https://bugreport.java.com/bugreport/crash.jsp
# The crash happened outside the Java Virtual Machine in native code.
# See problematic frame for where to report the bug.
#

---------------  S U M M A R Y ------------

Command Line: -Dfile.encoding=UTF-8 -XX:+ShowCodeDetailsInExceptionMessages de.m_marvin.renderengine.RenderEngine

Host: AMD Ryzen 9 3900X 12-Core Processor            , 24 cores, 127G,  Windows 10 , 64 bit Build 19041 (10.0.19041.1889)
Time: Wed Oct 12 00:34:51 2022 Mitteleuropäische Sommerzeit elapsed time: 0.140469 seconds (0d 0h 0m 0s)

---------------  T H R E A D  ---------------

Current thread (0x000001aaffa75720):  JavaThread "main" [_thread_in_native, id=13236, stack(0x0000001080400000,0x0000001080500000)]

Stack: [0x0000001080400000,0x0000001080500000],  sp=0x00000010804ff4c8,  free space=1021k
Native frames: (J=compiled Java code, j=interpreted, Vv=VM code, C=native code)
C  [lwjgl_opengl.dll+0xfacd]

Java frames: (J=compiled Java code, j=interpreted, Vv=VM code)
j  org.lwjgl.opengl.GL30C.nglGenVertexArrays(IJ)V+0
j  org.lwjgl.opengl.GL30C.glGenVertexArrays()I+20
j  org.lwjgl.opengl.GL30.glGenVertexArrays()I+0
j  de.m_marvin.renderengine.GLStateManager.genVertexArray(Ljava/util/function/IntConsumer;)V+1
j  de.m_marvin.renderengine.buffers.VertexBuffer.<init>()V+10
j  de.m_marvin.renderengine.RenderEngine.start()V+431
j  de.m_marvin.renderengine.RenderEngine.main([Ljava/lang/String;)V+7
v  ~StubRoutines::call_stub

siginfo: EXCEPTION_ACCESS_VIOLATION (0xc0000005), reading address 0x00000000000013c8


Register to memory mapping:

RIP=0x00007fffad3bfacd lwjgl_opengl.dll
RAX=0x000001aae6529b60 points into unknown readable memory: 0x0000000000000000 | 00 00 00 00 00 00 00 00
RBX={method} {0x000001aae2918248} 'nglGenVertexArrays' '(IJ)V' in 'org/lwjgl/opengl/GL30C'
RCX=0x0000000000000001 is an unknown value
RDX=0x000001aae655846c points into unknown readable memory: 00 00 00 00
RSP=0x00000010804ff4c8 is pointing into the stack for thread: 0x000001aaffa75720
RBP=0x00000010804ff558 is pointing into the stack for thread: 0x000001aaffa75720
RSI=0x000001aae24f43d0 is pointing into metadata
RDI=0x000001aa88c895cd is at code_begin+1325 in an Interpreter codelet
return entry points  [0x000001aa88c890a0, 0x000001aa88c89ba0]  2816 bytes
R8 =0x0000000000000001 is an unknown value
R9 =0x000001aae655846c points into unknown readable memory: 00 00 00 00
R10=0x0 is NULL
R11=0x000000011facbd40 is an oop: java.lang.Class 
{0x000000011facbd40} - klass: 'java/lang/Class'
 - ---- fields (total size 130 words):
 - private volatile transient 'classRedefinedCount' 'I' @12  0
 - abstract internal 'klass' 'J' @16  34372399600 (c131f0 8)
 - abstract internal 'array_klass' 'J' @24  0 (0 0)
 - abstract internal 'oop_size' 'I' @32  130 (82)
 - abstract internal 'static_oop_field_count' 'I' @36  0
 - private volatile transient 'cachedConstructor' 'Ljava/lang/reflect/Constructor;' @40  NULL (0)
 - private transient 'name' 'Ljava/lang/String;' @44  "org.lwjgl.opengl.GL30C"{0x000000011facc328} (23f59865)
 - private transient 'module' 'Ljava/lang/Module;' @48  a 'java/lang/Module'{0x000000011f06a3a8} (23e0d475)
 - private final 'classLoader' 'Ljava/lang/ClassLoader;' @52  a 'jdk/internal/loader/ClassLoaders$AppClassLoader'{0x000000011f06a1e8} (23e0d43d)
 - private transient 'classData' 'Ljava/lang/Object;' @56  NULL (0)
 - private transient 'packageName' 'Ljava/lang/String;' @60  "org.lwjgl.opengl"{0x000000011f16eae0} (23e2dd5c)
 - private final 'componentType' 'Ljava/lang/Class;' @64  NULL (0)
 - private volatile transient 'reflectionData' 'Ljava/lang/ref/SoftReference;' @68  NULL (0)
 - private volatile transient 'genericInfo' 'Lsun/reflect/generics/repository/ClassRepository;' @72  NULL (0)
 - private volatile transient 'enumConstants' '[Ljava/lang/Object;' @76  NULL (0)
 - private volatile transient 'enumConstantDirectory' 'Ljava/util/Map;' @80  NULL (0)
 - private volatile transient 'annotationData' 'Ljava/lang/Class$AnnotationData;' @84  NULL (0)
 - private volatile transient 'annotationType' 'Lsun/reflect/annotation/AnnotationType;' @88  NULL (0)
 - transient 'classValueMap' 'Ljava/lang/ClassValue$ClassValueMap;' @92  NULL (0)
 - abstract internal 'protection_domain' 'Ljava/lang/Object;' @96  a 'java/security/ProtectionDomain'{0x000000011f1824c8} (23e30499)
 - abstract internal 'signers_name' 'Ljava/lang/Object;' @100  NULL (0)
 - abstract internal 'source_file' 'Ljava/lang/Object;' @104  NULL (0)
 - signature: Lorg/lwjgl/opengl/GL30C;
 - ---- static fields (0):
 - public static final 'GL_MAJOR_VERSION' 'I' @112  33307 (821b)
 - public static final 'GL_MINOR_VERSION' 'I' @116  33308 (821c)
 - public static final 'GL_NUM_EXTENSIONS' 'I' @120  33309 (821d)
 - public static final 'GL_CONTEXT_FLAGS' 'I' @124  33310 (821e)
 - public static final 'GL_CONTEXT_FLAG_FORWARD_COMPATIBLE_BIT' 'I' @128  1
 - public static final 'GL_COMPARE_REF_TO_TEXTURE' 'I' @132  34894 (884e)
 - public static final 'GL_CLIP_DISTANCE0' 'I' @136  12288 (3000)
 - public static final 'GL_CLIP_DISTANCE1' 'I' @140  12289 (3001)
 - public static final 'GL_CLIP_DISTANCE2' 'I' @144  12290 (3002)
 - public static final 'GL_CLIP_DISTANCE3' 'I' @148  12291 (3003)
 - public static final 'GL_CLIP_DISTANCE4' 'I' @152  12292 (3004)
 - public static final 'GL_CLIP_DISTANCE5' 'I' @156  12293 (3005)
 - public static final 'GL_CLIP_DISTANCE6' 'I' @160  12294 (3006)
 - public static final 'GL_CLIP_DISTANCE7' 'I' @164  12295 (3007)
 - public static final 'GL_MAX_CLIP_DISTANCES' 'I' @168  3378 (d32)
 - public static final 'GL_MAX_VARYING_COMPONENTS' 'I' @172  35659 (8b4b)
 - public static final 'GL_VERTEX_ATTRIB_ARRAY_INTEGER' 'I' @176  35069 (88fd)
 - public static final 'GL_SAMPLER_1D_ARRAY' 'I' @180  36288 (8dc0)
 - public static final 'GL_SAMPLER_2D_ARRAY' 'I' @184  36289 (8dc1)
 - public static final 'GL_SAMPLER_1D_ARRAY_SHADOW' 'I' @188  36291 (8dc3)
 - public static final 'GL_SAMPLER_2D_ARRAY_SHADOW' 'I' @192  36292 (8dc4)
 - public static final 'GL_SAMPLER_CUBE_SHADOW' 'I' @196  36293 (8dc5)
 - public static final 'GL_UNSIGNED_INT_VEC2' 'I' @200  36294 (8dc6)
 - public static final 'GL_UNSIGNED_INT_VEC3' 'I' @204  36295 (8dc7)
 - public static final 'GL_UNSIGNED_INT_VEC4' 'I' @208  36296 (8dc8)
 - public static final 'GL_INT_SAMPLER_1D' 'I' @212  36297 (8dc9)
 - public static final 'GL_INT_SAMPLER_2D' 'I' @216  36298 (8dca)
 - public static final 'GL_INT_SAMPLER_3D' 'I' @220  36299 (8dcb)
 - public static final 'GL_INT_SAMPLER_CUBE' 'I' @224  36300 (8dcc)
 - public static final 'GL_INT_SAMPLER_1D_ARRAY' 'I' @228  36302 (8dce)
 - public static final 'GL_INT_SAMPLER_2D_ARRAY' 'I' @232  36303 (8dcf)
 - public static final 'GL_UNSIGNED_INT_SAMPLER_1D' 'I' @236  36305 (8dd1)
 - public static final 'GL_UNSIGNED_INT_SAMPLER_2D' 'I' @240  36306 (8dd2)
 - public static final 'GL_UNSIGNED_INT_SAMPLER_3D' 'I' @244  36307 (8dd3)
 - public static final 'GL_UNSIGNED_INT_SAMPLER_CUBE' 'I' @248  36308 (8dd4)
 - public static final 'GL_UNSIGNED_INT_SAMPLER_1D_ARRAY' 'I' @252  36310 (8dd6)
 - public static final 'GL_UNSIGNED_INT_SAMPLER_2D_ARRAY' 'I' @256  36311 (8dd7)
 - public static final 'GL_MIN_PROGRAM_TEXEL_OFFSET' 'I' @260  35076 (8904)
 - public static final 'GL_MAX_PROGRAM_TEXEL_OFFSET' 'I' @264  35077 (8905)
 - public static final 'GL_QUERY_WAIT' 'I' @268  36371 (8e13)
 - public static final 'GL_QUERY_NO_WAIT' 'I' @272  36372 (8e14)
 - public static final 'GL_QUERY_BY_REGION_WAIT' 'I' @276  36373 (8e15)
 - public static final 'GL_QUERY_BY_REGION_NO_WAIT' 'I' @280  36374 (8e16)
 - public static final 'GL_MAP_READ_BIT' 'I' @284  1
 - public static final 'GL_MAP_WRITE_BIT' 'I' @288  2
 - public static final 'GL_MAP_INVALIDATE_RANGE_BIT' 'I' @292  4
 - public static final 'GL_MAP_INVALIDATE_BUFFER_BIT' 'I' @296  8
 - public static final 'GL_MAP_FLUSH_EXPLICIT_BIT' 'I' @300  16 (10)
 - public static final 'GL_MAP_UNSYNCHRONIZED_BIT' 'I' @304  32 (20)
 - public static final 'GL_BUFFER_ACCESS_FLAGS' 'I' @308  37151 (911f)
 - public static final 'GL_BUFFER_MAP_LENGTH' 'I' @312  37152 (9120)
 - public static final 'GL_BUFFER_MAP_OFFSET' 'I' @316  37153 (9121)
 - public static final 'GL_CLAMP_READ_COLOR' 'I' @320  35100 (891c)
 - public static final 'GL_FIXED_ONLY' 'I' @324  35101 (891d)
 - public static final 'GL_DEPTH_COMPONENT32F' 'I' @328  36012 (8cac)
 - public static final 'GL_DEPTH32F_STENCIL8' 'I' @332  36013 (8cad)
 - public static final 'GL_FLOAT_32_UNSIGNED_INT_24_8_REV' 'I' @336  36269 (8dad)
 - public static final 'GL_TEXTURE_RED_TYPE' 'I' @340  35856 (8c10)
 - public static final 'GL_TEXTURE_GREEN_TYPE' 'I' @344  35857 (8c11)
 - public static final 'GL_TEXTURE_BLUE_TYPE' 'I' @348  35858 (8c12)
 - public static final 'GL_TEXTURE_ALPHA_TYPE' 'I' @352  35859 (8c13)
 - public static final 'GL_TEXTURE_DEPTH_TYPE' 'I' @356  35862 (8c16)
 - public static final 'GL_UNSIGNED_NORMALIZED' 'I' @360  35863 (8c17)
 - public static final 'GL_RGBA32F' 'I' @364  34836 (8814)
 - public static final 'GL_RGB32F' 'I' @368  34837 (8815)
 - public static final 'GL_RGBA16F' 'I' @372  34842 (881a)
 - public static final 'GL_RGB16F' 'I' @376  34843 (881b)
 - public static final 'GL_R11F_G11F_B10F' 'I' @380  35898 (8c3a)
 - public static final 'GL_UNSIGNED_INT_10F_11F_11F_REV' 'I' @384  35899 (8c3b)
 - public static final 'GL_RGB9_E5' 'I' @388  35901 (8c3d)
 - public static final 'GL_UNSIGNED_INT_5_9_9_9_REV' 'I' @392  35902 (8c3e)
 - public static final 'GL_TEXTURE_SHARED_SIZE' 'I' @396  35903 (8c3f)
 - public static final 'GL_FRAMEBUFFER' 'I' @400  36160 (8d40)
 - public static final 'GL_READ_FRAMEBUFFER' 'I' @404  36008 (8ca8)
 - public static final 'GL_DRAW_FRAMEBUFFER' 'I' @408  36009 (8ca9)
 - public static final 'GL_RENDERBUFFER' 'I' @412  36161 (8d41)
 - public static final 'GL_STENCIL_INDEX1' 'I' @416  36166 (8d46)
 - public static final 'GL_STENCIL_INDEX4' 'I' @420  36167 (8d47)
 - public static final 'GL_STENCIL_INDEX8' 'I' @424  36168 (8d48)
 - public static final 'GL_STENCIL_INDEX16' 'I' @428  36169 (8d49)
 - public static final 'GL_RENDERBUFFER_WIDTH' 'I' @432  36162 (8d42)
 - public static final 'GL_RENDERBUFFER_HEIGHT' 'I' @436  36163 (8d43)
 - public static final 'GL_RENDERBUFFER_INTERNAL_FORMAT' 'I' @440  36164 (8d44)
 - public static final 'GL_RENDERBUFFER_RED_SIZE' 'I' @444  36176 (8d50)
 - public static final 'GL_RENDERBUFFER_GREEN_SIZE' 'I' @448  36177 (8d51)
 - public static final 'GL_RENDERBUFFER_BLUE_SIZE' 'I' @452  36178 (8d52)
 - public static final 'GL_RENDERBUFFER_ALPHA_SIZE' 'I' @456  36179 (8d53)
 - public static final 'GL_RENDERBUFFER_DEPTH_SIZE' 'I' @460  36180 (8d54)
 - public static final 'GL_RENDERBUFFER_STENCIL_SIZE' 'I' @464  36181 (8d55)
 - public static final 'GL_RENDERBUFFER_SAMPLES' 'I' @468  36011 (8cab)
 - public static final 'GL_FRAMEBUFFER_ATTACHMENT_OBJECT_TYPE' 'I' @472  36048 (8cd0)
 - public static final 'GL_FRAMEBUFFER_ATTACHMENT_OBJECT_NAME' 'I' @476  36049 (8cd1)
 - public static final 'GL_FRAMEBUFFER_ATTACHMENT_TEXTURE_LEVEL' 'I' @480  36050 (8cd2)
 - public static final 'GL_FRAMEBUFFER_ATTACHMENT_TEXTURE_CUBE_MAP_FACE' 'I' @484  36051 (8cd3)
 - public static final 'GL_FRAMEBUFFER_ATTACHMENT_TEXTURE_LAYER' 'I' @488  36052 (8cd4)
 - public static final 'GL_FRAMEBUFFER_ATTACHMENT_COLOR_ENCODING' 'I' @492  33296 (8210)
 - public static final 'GL_FRAMEBUFFER_ATTACHMENT_COMPONENT_TYPE' 'I' @496  33297 (8211)
 - public static final 'GL_FRAMEBUFFER_ATTACHMENT_RED_SIZE' 'I' @500  33298 (8212)
 - public static final 'GL_FRAMEBUFFER_ATTACHMENT_GREEN_SIZE' 'I' @504  33299 (8213)
 - public static final 'GL_FRAMEBUFFER_ATTACHMENT_BLUE_SIZE' 'I' @508  33300 (8214)
 - public static final 'GL_FRAMEBUFFER_ATTACHMENT_ALPHA_SIZE' 'I' @512  33301 (8215)
 - public static final 'GL_FRAMEBUFFER_ATTACHMENT_DEPTH_SIZE' 'I' @516  33302 (8216)
 - public static final 'GL_FRAMEBUFFER_ATTACHMENT_STENCIL_SIZE' 'I' @520  33303 (8217)
 - public static final 'GL_FRAMEBUFFER_DEFAULT' 'I' @524  33304 (8218)
 - public static final 'GL_COLOR_ATTACHMENT0' 'I' @528  36064 (8ce0)
 - public static final 'GL_COLOR_ATTACHMENT1' 'I' @532  36065 (8ce1)
 - public static final 'GL_COLOR_ATTACHMENT2' 'I' @536  36066 (8ce2)
 - public static final 'GL_COLOR_ATTACHMENT3' 'I' @540  36067 (8ce3)
 - public static final 'GL_COLOR_ATTACHMENT4' 'I' @544  36068 (8ce4)
 - public static final 'GL_COLOR_ATTACHMENT5' 'I' @548  36069 (8ce5)
 - public static final 'GL_COLOR_ATTACHMENT6' 'I' @552  36070 (8ce6)
 - public static final 'GL_COLOR_ATTACHMENT7' 'I' @556  36071 (8ce7)
 - public static final 'GL_COLOR_ATTACHMENT8' 'I' @560  36072 (8ce8)
 - public static final 'GL_COLOR_ATTACHMENT9' 'I' @564  36073 (8ce9)
 - public static final 'GL_COLOR_ATTACHMENT10' 'I' @568  36074 (8cea)
 - public static final 'GL_COLOR_ATTACHMENT11' 'I' @572  36075 (8ceb)
 - public static final 'GL_COLOR_ATTACHMENT12' 'I' @576  36076 (8cec)
 - public static final 'GL_COLOR_ATTACHMENT13' 'I' @580  36077 (8ced)
 - public static final 'GL_COLOR_ATTACHMENT14' 'I' @584  36078 (8cee)
 - public static final 'GL_COLOR_ATTACHMENT15' 'I' @588  36079 (8cef)
 - public static final 'GL_COLOR_ATTACHMENT16' 'I' @592  36080 (8cf0)
 - public static final 'GL_COLOR_ATTACHMENT17' 'I' @596  36081 (8cf1)
 - public static final 'GL_COLOR_ATTACHMENT18' 'I' @600  36082 (8cf2)
 - public static final 'GL_COLOR_ATTACHMENT19' 'I' @604  36083 (8cf3)
 - public static final 'GL_COLOR_ATTACHMENT20' 'I' @608  36084 (8cf4)
 - public static final 'GL_COLOR_ATTACHMENT21' 'I' @612  36085 (8cf5)
 - public static final 'GL_COLOR_ATTACHMENT22' 'I' @616  36086 (8cf6)
 - public static final 'GL_COLOR_ATTACHMENT23' 'I' @620  36087 (8cf7)
 - public static final 'GL_COLOR_ATTACHMENT24' 'I' @624  36088 (8cf8)
 - public static final 'GL_COLOR_ATTACHMENT25' 'I' @628  36089 (8cf9)
 - public static final 'GL_COLOR_ATTACHMENT26' 'I' @632  36090 (8cfa)
 - public static final 'GL_COLOR_ATTACHMENT27' 'I' @636  36091 (8cfb)
 - public static final 'GL_COLOR_ATTACHMENT28' 'I' @640  36092 (8cfc)
 - public static final 'GL_COLOR_ATTACHMENT29' 'I' @644  36093 (8cfd)
 - public static final 'GL_COLOR_ATTACHMENT30' 'I' @648  36094 (8cfe)
 - public static final 'GL_COLOR_ATTACHMENT31' 'I' @652  36095 (8cff)
 - public static final 'GL_DEPTH_ATTACHMENT' 'I' @656  36096 (8d00)
 - public static final 'GL_STENCIL_ATTACHMENT' 'I' @660  36128 (8d20)
 - public static final 'GL_DEPTH_STENCIL_ATTACHMENT' 'I' @664  33306 (821a)
 - public static final 'GL_MAX_SAMPLES' 'I' @668  36183 (8d57)
 - public static final 'GL_FRAMEBUFFER_COMPLETE' 'I' @672  36053 (8cd5)
 - public static final 'GL_FRAMEBUFFER_INCOMPLETE_ATTACHMENT' 'I' @676  36054 (8cd6)
 - public static final 'GL_FRAMEBUFFER_INCOMPLETE_MISSING_ATTACHMENT' 'I' @680  36055 (8cd7)
 - public static final 'GL_FRAMEBUFFER_INCOMPLETE_DRAW_BUFFER' 'I' @684  36059 (8cdb)
 - public static final 'GL_FRAMEBUFFER_INCOMPLETE_READ_BUFFER' 'I' @688  36060 (8cdc)
 - public static final 'GL_FRAMEBUFFER_UNSUPPORTED' 'I' @692  36061 (8cdd)
 - public static final 'GL_FRAMEBUFFER_INCOMPLETE_MULTISAMPLE' 'I' @696  36182 (8d56)
 - public static final 'GL_FRAMEBUFFER_UNDEFINED' 'I' @700  33305 (8219)
 - public static final 'GL_FRAMEBUFFER_BINDING' 'I' @704  36006 (8ca6)
 - public static final 'GL_DRAW_FRAMEBUFFER_BINDING' 'I' @708  36006 (8ca6)
 - public static final 'GL_READ_FRAMEBUFFER_BINDING' 'I' @712  36010 (8caa)
 - public static final 'GL_RENDERBUFFER_BINDING' 'I' @716  36007 (8ca7)
 - public static final 'GL_MAX_COLOR_ATTACHMENTS' 'I' @720  36063 (8cdf)
 - public static final 'GL_MAX_RENDERBUFFER_SIZE' 'I' @724  34024 (84e8)
 - public static final 'GL_INVALID_FRAMEBUFFER_OPERATION' 'I' @728  1286 (506)
 - public static final 'GL_DEPTH_STENCIL' 'I' @732  34041 (84f9)
 - public static final 'GL_UNSIGNED_INT_24_8' 'I' @736  34042 (84fa)
 - public static final 'GL_DEPTH24_STENCIL8' 'I' @740  35056 (88f0)
 - public static final 'GL_TEXTURE_STENCIL_SIZE' 'I' @744  35057 (88f1)
 - public static final 'GL_HALF_FLOAT' 'I' @748  5131 (140b)
 - public static final 'GL_RGBA32UI' 'I' @752  36208 (8d70)
 - public static final 'GL_RGB32UI' 'I' @756  36209 (8d71)
 - public static final 'GL_RGBA16UI' 'I' @760  36214 (8d76)
 - public static final 'GL_RGB16UI' 'I' @764  36215 (8d77)
 - public static final 'GL_RGBA8UI' 'I' @768  36220 (8d7c)
 - public static final 'GL_RGB8UI' 'I' @772  36221 (8d7d)
 - public static final 'GL_RGBA32I' 'I' @776  36226 (8d82)
 - public static final 'GL_RGB32I' 'I' @780  36227 (8d83)
 - public static final 'GL_RGBA16I' 'I' @784  36232 (8d88)
 - public static final 'GL_RGB16I' 'I' @788  36233 (8d89)
 - public static final 'GL_RGBA8I' 'I' @792  36238 (8d8e)
 - public static final 'GL_RGB8I' 'I' @796  36239 (8d8f)
 - public static final 'GL_RED_INTEGER' 'I' @800  36244 (8d94)
 - public static final 'GL_GREEN_INTEGER' 'I' @804  36245 (8d95)
 - public static final 'GL_BLUE_INTEGER' 'I' @808  36246 (8d96)
 - public static final 'GL_RGB_INTEGER' 'I' @812  36248 (8d98)
 - public static final 'GL_RGBA_INTEGER' 'I' @816  36249 (8d99)
 - public static final 'GL_BGR_INTEGER' 'I' @820  36250 (8d9a)
 - public static final 'GL_BGRA_INTEGER' 'I' @824  36251 (8d9b)
 - public static final 'GL_TEXTURE_1D_ARRAY' 'I' @828  35864 (8c18)
 - public static final 'GL_TEXTURE_2D_ARRAY' 'I' @832  35866 (8c1a)
 - public static final 'GL_PROXY_TEXTURE_2D_ARRAY' 'I' @836  35867 (8c1b)
 - public static final 'GL_PROXY_TEXTURE_1D_ARRAY' 'I' @840  35865 (8c19)
 - public static final 'GL_TEXTURE_BINDING_1D_ARRAY' 'I' @844  35868 (8c1c)
 - public static final 'GL_TEXTURE_BINDING_2D_ARRAY' 'I' @848  35869 (8c1d)
 - public static final 'GL_MAX_ARRAY_TEXTURE_LAYERS' 'I' @852  35071 (88ff)
 - public static final 'GL_COMPRESSED_RED_RGTC1' 'I' @856  36283 (8dbb)
 - public static final 'GL_COMPRESSED_SIGNED_RED_RGTC1' 'I' @860  36284 (8dbc)
 - public static final 'GL_COMPRESSED_RG_RGTC2' 'I' @864  36285 (8dbd)
 - public static final 'GL_COMPRESSED_SIGNED_RG_RGTC2' 'I' @868  36286 (8dbe)
 - public static final 'GL_R8' 'I' @872  33321 (8229)
 - public static final 'GL_R16' 'I' @876  33322 (822a)
 - public static final 'GL_RG8' 'I' @880  33323 (822b)
 - public static final 'GL_RG16' 'I' @884  33324 (822c)
 - public static final 'GL_R16F' 'I' @888  33325 (822d)
 - public static final 'GL_R32F' 'I' @892  33326 (822e)
 - public static final 'GL_RG16F' 'I' @896  33327 (822f)
 - public static final 'GL_RG32F' 'I' @900  33328 (8230)
 - public static final 'GL_R8I' 'I' @904  33329 (8231)
 - public static final 'GL_R8UI' 'I' @908  33330 (8232)
 - public static final 'GL_R16I' 'I' @912  33331 (8233)
 - public static final 'GL_R16UI' 'I' @916  33332 (8234)
 - public static final 'GL_R32I' 'I' @920  33333 (8235)
 - public static final 'GL_R32UI' 'I' @924  33334 (8236)
 - public static final 'GL_RG8I' 'I' @928  33335 (8237)
 - public static final 'GL_RG8UI' 'I' @932  33336 (8238)
 - public static final 'GL_RG16I' 'I' @936  33337 (8239)
 - public static final 'GL_RG16UI' 'I' @940  33338 (823a)
 - public static final 'GL_RG32I' 'I' @944  33339 (823b)
 - public static final 'GL_RG32UI' 'I' @948  33340 (823c)
 - public static final 'GL_RG' 'I' @952  33319 (8227)
 - public static final 'GL_COMPRESSED_RED' 'I' @956  33317 (8225)
 - public static final 'GL_COMPRESSED_RG' 'I' @960  33318 (8226)
 - public static final 'GL_RG_INTEGER' 'I' @964  33320 (8228)
 - public static final 'GL_TRANSFORM_FEEDBACK_BUFFER' 'I' @968  35982 (8c8e)
 - public static final 'GL_TRANSFORM_FEEDBACK_BUFFER_START' 'I' @972  35972 (8c84)
 - public static final 'GL_TRANSFORM_FEEDBACK_BUFFER_SIZE' 'I' @976  35973 (8c85)
 - public static final 'GL_TRANSFORM_FEEDBACK_BUFFER_BINDING' 'I' @980  35983 (8c8f)
 - public static final 'GL_INTERLEAVED_ATTRIBS' 'I' @984  35980 (8c8c)
 - public static final 'GL_SEPARATE_ATTRIBS' 'I' @988  35981 (8c8d)
 - public static final 'GL_PRIMITIVES_GENERATED' 'I' @992  35975 (8c87)
 - public static final 'GL_TRANSFORM_FEEDBACK_PRIMITIVES_WRITTEN' 'I' @996  35976 (8c88)
 - public static final 'GL_RASTERIZER_DISCARD' 'I' @1000  35977 (8c89)
 - public static final 'GL_MAX_TRANSFORM_FEEDBACK_INTERLEAVED_COMPONENTS' 'I' @1004  35978 (8c8a)
 - public static final 'GL_MAX_TRANSFORM_FEEDBACK_SEPARATE_ATTRIBS' 'I' @1008  35979 (8c8b)
 - public static final 'GL_MAX_TRANSFORM_FEEDBACK_SEPARATE_COMPONENTS' 'I' @1012  35968 (8c80)
 - public static final 'GL_TRANSFORM_FEEDBACK_VARYINGS' 'I' @1016  35971 (8c83)
 - public static final 'GL_TRANSFORM_FEEDBACK_BUFFER_MODE' 'I' @1020  35967 (8c7f)
 - public static final 'GL_TRANSFORM_FEEDBACK_VARYING_MAX_LENGTH' 'I' @1024  35958 (8c76)
 - public static final 'GL_VERTEX_ARRAY_BINDING' 'I' @1028  34229 (85b5)
 - public static final 'GL_FRAMEBUFFER_SRGB' 'I' @1032  36281 (8db9)
R12=0x0 is NULL
R13={method} {0x000001aae2918248} 'nglGenVertexArrays' '(IJ)V' in 'org/lwjgl/opengl/GL30C'
R14=0x00000010804ff588 is pointing into the stack for thread: 0x000001aaffa75720
R15=0x000001aaffa75720 is a thread


Registers:
RAX=0x000001aae6529b60, RBX=0x000001aae2918240, RCX=0x0000000000000001, RDX=0x000001aae655846c
RSP=0x00000010804ff4c8, RBP=0x00000010804ff558, RSI=0x000001aae24f43d0, RDI=0x000001aa88c895cd
R8 =0x0000000000000001, R9 =0x000001aae655846c, R10=0x0000000000000000, R11=0x000000011facbd40
R12=0x0000000000000000, R13=0x000001aae2918240, R14=0x00000010804ff588, R15=0x000001aaffa75720
RIP=0x00007fffad3bfacd, EFLAGS=0x0000000000010206

Top of Stack: (sp=0x00000010804ff4c8)
0x00000010804ff4c8:   000001aa88c8d621 000001aa88c895cd
0x00000010804ff4d8:   000001aa88c8d33c 000001aae2918240
0x00000010804ff4e8:   000001aae24f43d0 00000010804ff508
0x00000010804ff4f8:   00000010804ff570 000001aa88c895cd
0x00000010804ff508:   000001aa88c8d2f6 00000010804ff510
0x00000010804ff518:   000001aae2918240 00000010804ff588
0x00000010804ff528:   000001aae294c2e0 0000000000000000
0x00000010804ff538:   000000011facbd40 000001aae2918240
0x00000010804ff548:   0000000000000000 00000010804ff578
0x00000010804ff558:   00000010804ff5d8 000001aa88c894fe
0x00000010804ff568:   000000011facbd40 000001aa88c8af78
0x00000010804ff578:   000001aae655846c 0000000000000000
0x00000010804ff588:   0000000000000001 00000010804ff590
0x00000010804ff598:   000001aae29183b4 00000010804ff608
0x00000010804ff5a8:   000001aae294c2e0 0000000000000000
0x00000010804ff5b8:   000000011facbd40 000001aae2918420 

Instructions: (pc=0x00007fffad3bfacd)
0x00007fffad3bf9cd:   98 13 00 00 cc cc cc cc cc cc cc cc cc cc cc cc
0x00007fffad3bf9dd:   cc cc cc 48 8b 01 48 8b 48 18 48 ff a1 a0 13 00
0x00007fffad3bf9ed:   00 cc cc 40 53 48 8b 01 41 8b d8 4c 8b 44 24 30
0x00007fffad3bf9fd:   41 8b d1 44 8b 4c 24 38 8b cb 4c 8b 50 18 5b 49
0x00007fffad3bfa0d:   ff a2 a8 13 00 00 cc cc cc cc cc cc cc cc cc cc
0x00007fffad3bfa1d:   cc cc cc 40 53 48 83 ec 40 48 8b 01 41 8b d8 44
0x00007fffad3bfa2d:   8b 44 24 70 41 8b d1 4c 8b 4c 24 78 8b cb 4c 8b
0x00007fffad3bfa3d:   50 18 48 8b 84 24 90 00 00 00 48 89 44 24 30 48
0x00007fffad3bfa4d:   8b 84 24 88 00 00 00 48 89 44 24 28 48 8b 84 24
0x00007fffad3bfa5d:   80 00 00 00 48 89 44 24 20 41 ff 92 b0 13 00 00
0x00007fffad3bfa6d:   48 83 c4 40 5b c3 cc cc cc cc cc cc cc cc cc cc
0x00007fffad3bfa7d:   cc cc cc 48 8b 01 41 8b c8 48 8b 50 18 48 ff a2
0x00007fffad3bfa8d:   b8 13 00 00 cc cc cc cc cc cc cc cc cc cc cc cc
0x00007fffad3bfa9d:   cc cc cc 48 8b 01 49 8b d1 41 8b c8 4c 8b 50 18
0x00007fffad3bfaad:   49 ff a2 c0 13 00 00 cc cc cc cc cc cc cc cc cc
0x00007fffad3bfabd:   cc cc cc 48 8b 01 49 8b d1 41 8b c8 4c 8b 50 18
0x00007fffad3bfacd:   49 ff a2 c8 13 00 00 cc cc cc cc cc cc cc cc cc
0x00007fffad3bfadd:   cc cc cc 48 8b 01 48 8b 48 18 48 8b 81 d0 13 00
0x00007fffad3bfaed:   00 41 8b c8 48 ff e0 cc cc cc cc cc cc cc cc cc
0x00007fffad3bfafd:   cc cc cc 40 53 48 8b 01 41 8b d8 44 8b 44 24 30
0x00007fffad3bfb0d:   41 8b d1 44 8b 4c 24 38 8b cb 4c 8b 50 18 5b 49
0x00007fffad3bfb1d:   ff a2 d8 13 00 00 cc cc cc cc cc cc cc cc cc cc
0x00007fffad3bfb2d:   cc cc cc 40 53 48 8b 01 41 8b d8 44 8b 44 24 30
0x00007fffad3bfb3d:   41 8b d1 4c 8b 4c 24 38 8b cb 4c 8b 50 18 8b 44
0x00007fffad3bfb4d:   24 40 89 44 24 30 5b 49 ff a2 e0 13 00 00 cc cc
0x00007fffad3bfb5d:   cc cc cc 40 53 48 8b 01 41 8b d8 4c 8b 44 24 30
0x00007fffad3bfb6d:   41 8b d1 4c 8b 4c 24 38 8b cb 4c 8b 50 18 48 8b
0x00007fffad3bfb7d:   44 24 40 48 89 44 24 30 5b 49 ff a2 e8 13 00 00
0x00007fffad3bfb8d:   cc cc cc 48 8b 01 41 8b c8 48 8b 50 18 48 ff a2
0x00007fffad3bfb9d:   f0 13 00 00 cc cc cc cc cc cc cc cc cc cc cc cc
0x00007fffad3bfbad:   cc cc cc 48 8b 01 45 8b d8 44 8b 44 24 28 41 8b
0x00007fffad3bfbbd:   d1 41 8b cb 4c 8b 50 18 49 ff a2 f8 13 00 00 cc 


Stack slot to memory mapping:
stack at sp + 0 slots: 0x000001aa88c8d621 is at code_begin+993 in an Interpreter codelet
method entry point (kind = native)  [0x000001aa88c8d240, 0x000001aa88c8dbc0]  2432 bytes
stack at sp + 1 slots: 0x000001aa88c895cd is at code_begin+1325 in an Interpreter codelet
return entry points  [0x000001aa88c890a0, 0x000001aa88c89ba0]  2816 bytes
stack at sp + 2 slots: 0x000001aa88c8d33c is at code_begin+252 in an Interpreter codelet
method entry point (kind = native)  [0x000001aa88c8d240, 0x000001aa88c8dbc0]  2432 bytes
stack at sp + 3 slots: {method} {0x000001aae2918248} 'nglGenVertexArrays' '(IJ)V' in 'org/lwjgl/opengl/GL30C'
stack at sp + 4 slots: 0x000001aae24f43d0 is pointing into metadata
stack at sp + 5 slots: 0x00000010804ff508 is pointing into the stack for thread: 0x000001aaffa75720
stack at sp + 6 slots: 0x00000010804ff570 is pointing into the stack for thread: 0x000001aaffa75720
stack at sp + 7 slots: 0x000001aa88c895cd is at code_begin+1325 in an Interpreter codelet
return entry points  [0x000001aa88c890a0, 0x000001aa88c89ba0]  2816 bytes


---------------  P R O C E S S  ---------------

Threads class SMR info:
_java_thread_list=0x000001aae1f57cb0, length=13, elements={
0x000001aaffa75720, 0x000001aae1e17ae0, 0x000001aae1e19890, 0x000001aae1e33260,
0x000001aae1e34c10, 0x000001aae1e355b0, 0x000001aae1e3e6b0, 0x000001aae1e43890,
0x000001aae1e44880, 0x000001aae1e59a80, 0x000001aae1f628e0, 0x000001aae1f7ee70,
0x000001aae1f80760
}

Java Threads: ( => current thread )
=>0x000001aaffa75720 JavaThread "main" [_thread_in_native, id=13236, stack(0x0000001080400000,0x0000001080500000)]
  0x000001aae1e17ae0 JavaThread "Reference Handler" daemon [_thread_blocked, id=18892, stack(0x0000001080b00000,0x0000001080c00000)]
  0x000001aae1e19890 JavaThread "Finalizer" daemon [_thread_blocked, id=19844, stack(0x0000001080c00000,0x0000001080d00000)]
  0x000001aae1e33260 JavaThread "Signal Dispatcher" daemon [_thread_blocked, id=24176, stack(0x0000001080d00000,0x0000001080e00000)]
  0x000001aae1e34c10 JavaThread "Attach Listener" daemon [_thread_blocked, id=10192, stack(0x0000001080e00000,0x0000001080f00000)]
  0x000001aae1e355b0 JavaThread "Service Thread" daemon [_thread_blocked, id=21344, stack(0x0000001080f00000,0x0000001081000000)]
  0x000001aae1e3e6b0 JavaThread "Monitor Deflation Thread" daemon [_thread_blocked, id=25416, stack(0x0000001081000000,0x0000001081100000)]
  0x000001aae1e43890 JavaThread "C2 CompilerThread0" daemon [_thread_blocked, id=10276, stack(0x0000001081100000,0x0000001081200000)]
  0x000001aae1e44880 JavaThread "C1 CompilerThread0" daemon [_thread_blocked, id=2080, stack(0x0000001081200000,0x0000001081300000)]
  0x000001aae1e59a80 JavaThread "Sweeper thread" daemon [_thread_blocked, id=5476, stack(0x0000001081300000,0x0000001081400000)]
  0x000001aae1f628e0 JavaThread "C1 CompilerThread1" daemon [_thread_blocked, id=17044, stack(0x0000001081400000,0x0000001081500000)]
  0x000001aae1f7ee70 JavaThread "Notification Thread" daemon [_thread_blocked, id=13280, stack(0x0000001081500000,0x0000001081600000)]
  0x000001aae1f80760 JavaThread "Common-Cleaner" daemon [_thread_blocked, id=18828, stack(0x0000001081700000,0x0000001081800000)]

Other Threads:
  0x000001aa987962f0 VMThread "VM Thread" [stack: 0x0000001080a00000,0x0000001080b00000] [id=5560]
  0x000001aae1f80340 WatcherThread "VM Periodic Task Thread" [stack: 0x0000001081600000,0x0000001081700000] [id=3860]
  0x000001aa9870d8e0 WorkerThread "GC Thread#0" [stack: 0x0000001080500000,0x0000001080600000] [id=17016]
  0x000001aaffb39280 ConcurrentGCThread "G1 Main Marker" [stack: 0x0000001080600000,0x0000001080700000] [id=25484]
  0x000001aaffb39c70 WorkerThread "G1 Conc#0" [stack: 0x0000001080700000,0x0000001080800000] [id=4068]
  0x000001aaffa9b770 ConcurrentGCThread "G1 Refine#0" [stack: 0x0000001080800000,0x0000001080900000] [id=19280]
  0x000001aa987c4190 ConcurrentGCThread "G1 Service" [stack: 0x0000001080900000,0x0000001080a00000] [id=3748]

Threads with active compile tasks:

VM state: not at safepoint (normal execution)

VM Mutex/Monitor currently owned by a thread: None

Heap address: 0x00000000a0000000, size: 30208 MB, Compressed Oops mode: Zero based, Oop shift amount: 3

CDS archive(s) mapped at: [0x0000000800000000-0x0000000800ba0000-0x0000000800ba0000), size 12189696, SharedBaseAddress: 0x0000000800000000, ArchiveRelocationMode: 0.
Compressed class space mapped at: 0x0000000800c00000-0x0000000840c00000, reserved size: 1073741824
Narrow klass base: 0x0000000800000000, Narrow klass shift: 0, Narrow klass range: 0x100000000

GC Precious Log:
 CardTable entry size: 512
 Card Set container configuration: InlinePtr #cards 3 size 8 Array Of Cards #cards 128 size 272 Howl #buckets 8 coarsen threshold 29491 Howl Bitmap #cards 4096 size 528 coarsen threshold 3686 Card regions per heap region 1 cards per card region 32768
 CPUs: 24 total, 24 available
 Memory: 127G
 Large Page Support: Disabled
 NUMA Support: Disabled
 Compressed Oops: Enabled (Zero based)
 Heap Region Size: 16M
 Heap Min Capacity: 16M
 Heap Initial Capacity: 2G
 Heap Max Capacity: 30208M
 Pre-touch: Disabled
 Parallel Workers: 18
 Concurrent Workers: 5
 Concurrent Refinement Workers: 18
 Periodic GC: Disabled

Heap:
 garbage-first heap   total 2097152K, used 0K [0x00000000a0000000, 0x0000000800000000)
  region size 16384K, 1 young (16384K), 0 survivors (0K)
 Metaspace       used 2453K, committed 2688K, reserved 1114112K
  class space    used 145K, committed 256K, reserved 1048576K

Heap Regions: E=young(eden), S=young(survivor), O=old, HS=humongous(starts), HC=humongous(continues), CS=collection set, F=free, OA=open archive, CA=closed archive, TAMS=top-at-mark-start (previous, next)
|   0|0x00000000a0000000, 0x00000000a0000000, 0x00000000a1000000|  0%| F|  |TAMS 0x00000000a0000000, 0x00000000a0000000| Untracked 
|   1|0x00000000a1000000, 0x00000000a1000000, 0x00000000a2000000|  0%| F|  |TAMS 0x00000000a1000000, 0x00000000a1000000| Untracked 
|   2|0x00000000a2000000, 0x00000000a2000000, 0x00000000a3000000|  0%| F|  |TAMS 0x00000000a2000000, 0x00000000a2000000| Untracked 
|   3|0x00000000a3000000, 0x00000000a3000000, 0x00000000a4000000|  0%| F|  |TAMS 0x00000000a3000000, 0x00000000a3000000| Untracked 
|   4|0x00000000a4000000, 0x00000000a4000000, 0x00000000a5000000|  0%| F|  |TAMS 0x00000000a4000000, 0x00000000a4000000| Untracked 
|   5|0x00000000a5000000, 0x00000000a5000000, 0x00000000a6000000|  0%| F|  |TAMS 0x00000000a5000000, 0x00000000a5000000| Untracked 
|   6|0x00000000a6000000, 0x00000000a6000000, 0x00000000a7000000|  0%| F|  |TAMS 0x00000000a6000000, 0x00000000a6000000| Untracked 
|   7|0x00000000a7000000, 0x00000000a7000000, 0x00000000a8000000|  0%| F|  |TAMS 0x00000000a7000000, 0x00000000a7000000| Untracked 
|   8|0x00000000a8000000, 0x00000000a8000000, 0x00000000a9000000|  0%| F|  |TAMS 0x00000000a8000000, 0x00000000a8000000| Untracked 
|   9|0x00000000a9000000, 0x00000000a9000000, 0x00000000aa000000|  0%| F|  |TAMS 0x00000000a9000000, 0x00000000a9000000| Untracked 
|  10|0x00000000aa000000, 0x00000000aa000000, 0x00000000ab000000|  0%| F|  |TAMS 0x00000000aa000000, 0x00000000aa000000| Untracked 
|  11|0x00000000ab000000, 0x00000000ab000000, 0x00000000ac000000|  0%| F|  |TAMS 0x00000000ab000000, 0x00000000ab000000| Untracked 
|  12|0x00000000ac000000, 0x00000000ac000000, 0x00000000ad000000|  0%| F|  |TAMS 0x00000000ac000000, 0x00000000ac000000| Untracked 
|  13|0x00000000ad000000, 0x00000000ad000000, 0x00000000ae000000|  0%| F|  |TAMS 0x00000000ad000000, 0x00000000ad000000| Untracked 
|  14|0x00000000ae000000, 0x00000000ae000000, 0x00000000af000000|  0%| F|  |TAMS 0x00000000ae000000, 0x00000000ae000000| Untracked 
|  15|0x00000000af000000, 0x00000000af000000, 0x00000000b0000000|  0%| F|  |TAMS 0x00000000af000000, 0x00000000af000000| Untracked 
|  16|0x00000000b0000000, 0x00000000b0000000, 0x00000000b1000000|  0%| F|  |TAMS 0x00000000b0000000, 0x00000000b0000000| Untracked 
|  17|0x00000000b1000000, 0x00000000b1000000, 0x00000000b2000000|  0%| F|  |TAMS 0x00000000b1000000, 0x00000000b1000000| Untracked 
|  18|0x00000000b2000000, 0x00000000b2000000, 0x00000000b3000000|  0%| F|  |TAMS 0x00000000b2000000, 0x00000000b2000000| Untracked 
|  19|0x00000000b3000000, 0x00000000b3000000, 0x00000000b4000000|  0%| F|  |TAMS 0x00000000b3000000, 0x00000000b3000000| Untracked 
|  20|0x00000000b4000000, 0x00000000b4000000, 0x00000000b5000000|  0%| F|  |TAMS 0x00000000b4000000, 0x00000000b4000000| Untracked 
|  21|0x00000000b5000000, 0x00000000b5000000, 0x00000000b6000000|  0%| F|  |TAMS 0x00000000b5000000, 0x00000000b5000000| Untracked 
|  22|0x00000000b6000000, 0x00000000b6000000, 0x00000000b7000000|  0%| F|  |TAMS 0x00000000b6000000, 0x00000000b6000000| Untracked 
|  23|0x00000000b7000000, 0x00000000b7000000, 0x00000000b8000000|  0%| F|  |TAMS 0x00000000b7000000, 0x00000000b7000000| Untracked 
|  24|0x00000000b8000000, 0x00000000b8000000, 0x00000000b9000000|  0%| F|  |TAMS 0x00000000b8000000, 0x00000000b8000000| Untracked 
|  25|0x00000000b9000000, 0x00000000b9000000, 0x00000000ba000000|  0%| F|  |TAMS 0x00000000b9000000, 0x00000000b9000000| Untracked 
|  26|0x00000000ba000000, 0x00000000ba000000, 0x00000000bb000000|  0%| F|  |TAMS 0x00000000ba000000, 0x00000000ba000000| Untracked 
|  27|0x00000000bb000000, 0x00000000bb000000, 0x00000000bc000000|  0%| F|  |TAMS 0x00000000bb000000, 0x00000000bb000000| Untracked 
|  28|0x00000000bc000000, 0x00000000bc000000, 0x00000000bd000000|  0%| F|  |TAMS 0x00000000bc000000, 0x00000000bc000000| Untracked 
|  29|0x00000000bd000000, 0x00000000bd000000, 0x00000000be000000|  0%| F|  |TAMS 0x00000000bd000000, 0x00000000bd000000| Untracked 
|  30|0x00000000be000000, 0x00000000be000000, 0x00000000bf000000|  0%| F|  |TAMS 0x00000000be000000, 0x00000000be000000| Untracked 
|  31|0x00000000bf000000, 0x00000000bf000000, 0x00000000c0000000|  0%| F|  |TAMS 0x00000000bf000000, 0x00000000bf000000| Untracked 
|  32|0x00000000c0000000, 0x00000000c0000000, 0x00000000c1000000|  0%| F|  |TAMS 0x00000000c0000000, 0x00000000c0000000| Untracked 
|  33|0x00000000c1000000, 0x00000000c1000000, 0x00000000c2000000|  0%| F|  |TAMS 0x00000000c1000000, 0x00000000c1000000| Untracked 
|  34|0x00000000c2000000, 0x00000000c2000000, 0x00000000c3000000|  0%| F|  |TAMS 0x00000000c2000000, 0x00000000c2000000| Untracked 
|  35|0x00000000c3000000, 0x00000000c3000000, 0x00000000c4000000|  0%| F|  |TAMS 0x00000000c3000000, 0x00000000c3000000| Untracked 
|  36|0x00000000c4000000, 0x00000000c4000000, 0x00000000c5000000|  0%| F|  |TAMS 0x00000000c4000000, 0x00000000c4000000| Untracked 
|  37|0x00000000c5000000, 0x00000000c5000000, 0x00000000c6000000|  0%| F|  |TAMS 0x00000000c5000000, 0x00000000c5000000| Untracked 
|  38|0x00000000c6000000, 0x00000000c6000000, 0x00000000c7000000|  0%| F|  |TAMS 0x00000000c6000000, 0x00000000c6000000| Untracked 
|  39|0x00000000c7000000, 0x00000000c7000000, 0x00000000c8000000|  0%| F|  |TAMS 0x00000000c7000000, 0x00000000c7000000| Untracked 
|  40|0x00000000c8000000, 0x00000000c8000000, 0x00000000c9000000|  0%| F|  |TAMS 0x00000000c8000000, 0x00000000c8000000| Untracked 
|  41|0x00000000c9000000, 0x00000000c9000000, 0x00000000ca000000|  0%| F|  |TAMS 0x00000000c9000000, 0x00000000c9000000| Untracked 
|  42|0x00000000ca000000, 0x00000000ca000000, 0x00000000cb000000|  0%| F|  |TAMS 0x00000000ca000000, 0x00000000ca000000| Untracked 
|  43|0x00000000cb000000, 0x00000000cb000000, 0x00000000cc000000|  0%| F|  |TAMS 0x00000000cb000000, 0x00000000cb000000| Untracked 
|  44|0x00000000cc000000, 0x00000000cc000000, 0x00000000cd000000|  0%| F|  |TAMS 0x00000000cc000000, 0x00000000cc000000| Untracked 
|  45|0x00000000cd000000, 0x00000000cd000000, 0x00000000ce000000|  0%| F|  |TAMS 0x00000000cd000000, 0x00000000cd000000| Untracked 
|  46|0x00000000ce000000, 0x00000000ce000000, 0x00000000cf000000|  0%| F|  |TAMS 0x00000000ce000000, 0x00000000ce000000| Untracked 
|  47|0x00000000cf000000, 0x00000000cf000000, 0x00000000d0000000|  0%| F|  |TAMS 0x00000000cf000000, 0x00000000cf000000| Untracked 
|  48|0x00000000d0000000, 0x00000000d0000000, 0x00000000d1000000|  0%| F|  |TAMS 0x00000000d0000000, 0x00000000d0000000| Untracked 
|  49|0x00000000d1000000, 0x00000000d1000000, 0x00000000d2000000|  0%| F|  |TAMS 0x00000000d1000000, 0x00000000d1000000| Untracked 
|  50|0x00000000d2000000, 0x00000000d2000000, 0x00000000d3000000|  0%| F|  |TAMS 0x00000000d2000000, 0x00000000d2000000| Untracked 
|  51|0x00000000d3000000, 0x00000000d3000000, 0x00000000d4000000|  0%| F|  |TAMS 0x00000000d3000000, 0x00000000d3000000| Untracked 
|  52|0x00000000d4000000, 0x00000000d4000000, 0x00000000d5000000|  0%| F|  |TAMS 0x00000000d4000000, 0x00000000d4000000| Untracked 
|  53|0x00000000d5000000, 0x00000000d5000000, 0x00000000d6000000|  0%| F|  |TAMS 0x00000000d5000000, 0x00000000d5000000| Untracked 
|  54|0x00000000d6000000, 0x00000000d6000000, 0x00000000d7000000|  0%| F|  |TAMS 0x00000000d6000000, 0x00000000d6000000| Untracked 
|  55|0x00000000d7000000, 0x00000000d7000000, 0x00000000d8000000|  0%| F|  |TAMS 0x00000000d7000000, 0x00000000d7000000| Untracked 
|  56|0x00000000d8000000, 0x00000000d8000000, 0x00000000d9000000|  0%| F|  |TAMS 0x00000000d8000000, 0x00000000d8000000| Untracked 
|  57|0x00000000d9000000, 0x00000000d9000000, 0x00000000da000000|  0%| F|  |TAMS 0x00000000d9000000, 0x00000000d9000000| Untracked 
|  58|0x00000000da000000, 0x00000000da000000, 0x00000000db000000|  0%| F|  |TAMS 0x00000000da000000, 0x00000000da000000| Untracked 
|  59|0x00000000db000000, 0x00000000db000000, 0x00000000dc000000|  0%| F|  |TAMS 0x00000000db000000, 0x00000000db000000| Untracked 
|  60|0x00000000dc000000, 0x00000000dc000000, 0x00000000dd000000|  0%| F|  |TAMS 0x00000000dc000000, 0x00000000dc000000| Untracked 
|  61|0x00000000dd000000, 0x00000000dd000000, 0x00000000de000000|  0%| F|  |TAMS 0x00000000dd000000, 0x00000000dd000000| Untracked 
|  62|0x00000000de000000, 0x00000000de000000, 0x00000000df000000|  0%| F|  |TAMS 0x00000000de000000, 0x00000000de000000| Untracked 
|  63|0x00000000df000000, 0x00000000df000000, 0x00000000e0000000|  0%| F|  |TAMS 0x00000000df000000, 0x00000000df000000| Untracked 
|  64|0x00000000e0000000, 0x00000000e0000000, 0x00000000e1000000|  0%| F|  |TAMS 0x00000000e0000000, 0x00000000e0000000| Untracked 
|  65|0x00000000e1000000, 0x00000000e1000000, 0x00000000e2000000|  0%| F|  |TAMS 0x00000000e1000000, 0x00000000e1000000| Untracked 
|  66|0x00000000e2000000, 0x00000000e2000000, 0x00000000e3000000|  0%| F|  |TAMS 0x00000000e2000000, 0x00000000e2000000| Untracked 
|  67|0x00000000e3000000, 0x00000000e3000000, 0x00000000e4000000|  0%| F|  |TAMS 0x00000000e3000000, 0x00000000e3000000| Untracked 
|  68|0x00000000e4000000, 0x00000000e4000000, 0x00000000e5000000|  0%| F|  |TAMS 0x00000000e4000000, 0x00000000e4000000| Untracked 
|  69|0x00000000e5000000, 0x00000000e5000000, 0x00000000e6000000|  0%| F|  |TAMS 0x00000000e5000000, 0x00000000e5000000| Untracked 
|  70|0x00000000e6000000, 0x00000000e6000000, 0x00000000e7000000|  0%| F|  |TAMS 0x00000000e6000000, 0x00000000e6000000| Untracked 
|  71|0x00000000e7000000, 0x00000000e7000000, 0x00000000e8000000|  0%| F|  |TAMS 0x00000000e7000000, 0x00000000e7000000| Untracked 
|  72|0x00000000e8000000, 0x00000000e8000000, 0x00000000e9000000|  0%| F|  |TAMS 0x00000000e8000000, 0x00000000e8000000| Untracked 
|  73|0x00000000e9000000, 0x00000000e9000000, 0x00000000ea000000|  0%| F|  |TAMS 0x00000000e9000000, 0x00000000e9000000| Untracked 
|  74|0x00000000ea000000, 0x00000000ea000000, 0x00000000eb000000|  0%| F|  |TAMS 0x00000000ea000000, 0x00000000ea000000| Untracked 
|  75|0x00000000eb000000, 0x00000000eb000000, 0x00000000ec000000|  0%| F|  |TAMS 0x00000000eb000000, 0x00000000eb000000| Untracked 
|  76|0x00000000ec000000, 0x00000000ec000000, 0x00000000ed000000|  0%| F|  |TAMS 0x00000000ec000000, 0x00000000ec000000| Untracked 
|  77|0x00000000ed000000, 0x00000000ed000000, 0x00000000ee000000|  0%| F|  |TAMS 0x00000000ed000000, 0x00000000ed000000| Untracked 
|  78|0x00000000ee000000, 0x00000000ee000000, 0x00000000ef000000|  0%| F|  |TAMS 0x00000000ee000000, 0x00000000ee000000| Untracked 
|  79|0x00000000ef000000, 0x00000000ef000000, 0x00000000f0000000|  0%| F|  |TAMS 0x00000000ef000000, 0x00000000ef000000| Untracked 
|  80|0x00000000f0000000, 0x00000000f0000000, 0x00000000f1000000|  0%| F|  |TAMS 0x00000000f0000000, 0x00000000f0000000| Untracked 
|  81|0x00000000f1000000, 0x00000000f1000000, 0x00000000f2000000|  0%| F|  |TAMS 0x00000000f1000000, 0x00000000f1000000| Untracked 
|  82|0x00000000f2000000, 0x00000000f2000000, 0x00000000f3000000|  0%| F|  |TAMS 0x00000000f2000000, 0x00000000f2000000| Untracked 
|  83|0x00000000f3000000, 0x00000000f3000000, 0x00000000f4000000|  0%| F|  |TAMS 0x00000000f3000000, 0x00000000f3000000| Untracked 
|  84|0x00000000f4000000, 0x00000000f4000000, 0x00000000f5000000|  0%| F|  |TAMS 0x00000000f4000000, 0x00000000f4000000| Untracked 
|  85|0x00000000f5000000, 0x00000000f5000000, 0x00000000f6000000|  0%| F|  |TAMS 0x00000000f5000000, 0x00000000f5000000| Untracked 
|  86|0x00000000f6000000, 0x00000000f6000000, 0x00000000f7000000|  0%| F|  |TAMS 0x00000000f6000000, 0x00000000f6000000| Untracked 
|  87|0x00000000f7000000, 0x00000000f7000000, 0x00000000f8000000|  0%| F|  |TAMS 0x00000000f7000000, 0x00000000f7000000| Untracked 
|  88|0x00000000f8000000, 0x00000000f8000000, 0x00000000f9000000|  0%| F|  |TAMS 0x00000000f8000000, 0x00000000f8000000| Untracked 
|  89|0x00000000f9000000, 0x00000000f9000000, 0x00000000fa000000|  0%| F|  |TAMS 0x00000000f9000000, 0x00000000f9000000| Untracked 
|  90|0x00000000fa000000, 0x00000000fa000000, 0x00000000fb000000|  0%| F|  |TAMS 0x00000000fa000000, 0x00000000fa000000| Untracked 
|  91|0x00000000fb000000, 0x00000000fb000000, 0x00000000fc000000|  0%| F|  |TAMS 0x00000000fb000000, 0x00000000fb000000| Untracked 
|  92|0x00000000fc000000, 0x00000000fc000000, 0x00000000fd000000|  0%| F|  |TAMS 0x00000000fc000000, 0x00000000fc000000| Untracked 
|  93|0x00000000fd000000, 0x00000000fd000000, 0x00000000fe000000|  0%| F|  |TAMS 0x00000000fd000000, 0x00000000fd000000| Untracked 
|  94|0x00000000fe000000, 0x00000000fe000000, 0x00000000ff000000|  0%| F|  |TAMS 0x00000000fe000000, 0x00000000fe000000| Untracked 
|  95|0x00000000ff000000, 0x00000000ff000000, 0x0000000100000000|  0%| F|  |TAMS 0x00000000ff000000, 0x00000000ff000000| Untracked 
|  96|0x0000000100000000, 0x0000000100000000, 0x0000000101000000|  0%| F|  |TAMS 0x0000000100000000, 0x0000000100000000| Untracked 
|  97|0x0000000101000000, 0x0000000101000000, 0x0000000102000000|  0%| F|  |TAMS 0x0000000101000000, 0x0000000101000000| Untracked 
|  98|0x0000000102000000, 0x0000000102000000, 0x0000000103000000|  0%| F|  |TAMS 0x0000000102000000, 0x0000000102000000| Untracked 
|  99|0x0000000103000000, 0x0000000103000000, 0x0000000104000000|  0%| F|  |TAMS 0x0000000103000000, 0x0000000103000000| Untracked 
| 100|0x0000000104000000, 0x0000000104000000, 0x0000000105000000|  0%| F|  |TAMS 0x0000000104000000, 0x0000000104000000| Untracked 
| 101|0x0000000105000000, 0x0000000105000000, 0x0000000106000000|  0%| F|  |TAMS 0x0000000105000000, 0x0000000105000000| Untracked 
| 102|0x0000000106000000, 0x0000000106000000, 0x0000000107000000|  0%| F|  |TAMS 0x0000000106000000, 0x0000000106000000| Untracked 
| 103|0x0000000107000000, 0x0000000107000000, 0x0000000108000000|  0%| F|  |TAMS 0x0000000107000000, 0x0000000107000000| Untracked 
| 104|0x0000000108000000, 0x0000000108000000, 0x0000000109000000|  0%| F|  |TAMS 0x0000000108000000, 0x0000000108000000| Untracked 
| 105|0x0000000109000000, 0x0000000109000000, 0x000000010a000000|  0%| F|  |TAMS 0x0000000109000000, 0x0000000109000000| Untracked 
| 106|0x000000010a000000, 0x000000010a000000, 0x000000010b000000|  0%| F|  |TAMS 0x000000010a000000, 0x000000010a000000| Untracked 
| 107|0x000000010b000000, 0x000000010b000000, 0x000000010c000000|  0%| F|  |TAMS 0x000000010b000000, 0x000000010b000000| Untracked 
| 108|0x000000010c000000, 0x000000010c000000, 0x000000010d000000|  0%| F|  |TAMS 0x000000010c000000, 0x000000010c000000| Untracked 
| 109|0x000000010d000000, 0x000000010d000000, 0x000000010e000000|  0%| F|  |TAMS 0x000000010d000000, 0x000000010d000000| Untracked 
| 110|0x000000010e000000, 0x000000010e000000, 0x000000010f000000|  0%| F|  |TAMS 0x000000010e000000, 0x000000010e000000| Untracked 
| 111|0x000000010f000000, 0x000000010f000000, 0x0000000110000000|  0%| F|  |TAMS 0x000000010f000000, 0x000000010f000000| Untracked 
| 112|0x0000000110000000, 0x0000000110000000, 0x0000000111000000|  0%| F|  |TAMS 0x0000000110000000, 0x0000000110000000| Untracked 
| 113|0x0000000111000000, 0x0000000111000000, 0x0000000112000000|  0%| F|  |TAMS 0x0000000111000000, 0x0000000111000000| Untracked 
| 114|0x0000000112000000, 0x0000000112000000, 0x0000000113000000|  0%| F|  |TAMS 0x0000000112000000, 0x0000000112000000| Untracked 
| 115|0x0000000113000000, 0x0000000113000000, 0x0000000114000000|  0%| F|  |TAMS 0x0000000113000000, 0x0000000113000000| Untracked 
| 116|0x0000000114000000, 0x0000000114000000, 0x0000000115000000|  0%| F|  |TAMS 0x0000000114000000, 0x0000000114000000| Untracked 
| 117|0x0000000115000000, 0x0000000115000000, 0x0000000116000000|  0%| F|  |TAMS 0x0000000115000000, 0x0000000115000000| Untracked 
| 118|0x0000000116000000, 0x0000000116000000, 0x0000000117000000|  0%| F|  |TAMS 0x0000000116000000, 0x0000000116000000| Untracked 
| 119|0x0000000117000000, 0x0000000117000000, 0x0000000118000000|  0%| F|  |TAMS 0x0000000117000000, 0x0000000117000000| Untracked 
| 120|0x0000000118000000, 0x0000000118000000, 0x0000000119000000|  0%| F|  |TAMS 0x0000000118000000, 0x0000000118000000| Untracked 
| 121|0x0000000119000000, 0x0000000119000000, 0x000000011a000000|  0%| F|  |TAMS 0x0000000119000000, 0x0000000119000000| Untracked 
| 122|0x000000011a000000, 0x000000011a000000, 0x000000011b000000|  0%| F|  |TAMS 0x000000011a000000, 0x000000011a000000| Untracked 
| 123|0x000000011b000000, 0x000000011b000000, 0x000000011c000000|  0%| F|  |TAMS 0x000000011b000000, 0x000000011b000000| Untracked 
| 124|0x000000011c000000, 0x000000011c000000, 0x000000011d000000|  0%| F|  |TAMS 0x000000011c000000, 0x000000011c000000| Untracked 
| 125|0x000000011d000000, 0x000000011d000000, 0x000000011e000000|  0%| F|  |TAMS 0x000000011d000000, 0x000000011d000000| Untracked 
| 126|0x000000011e000000, 0x000000011e000000, 0x000000011f000000|  0%| F|  |TAMS 0x000000011e000000, 0x000000011e000000| Untracked 
| 127|0x000000011f000000, 0x000000011fb91410, 0x0000000120000000| 72%| E|  |TAMS 0x000000011f000000, 0x000000011f000000| Complete 

Card table byte_map: [0x000001aa9c320000,0x000001aa9fe20000] _byte_map_base: 0x000001aa9be20000

Marking Bits (Prev, Next): (CMBitMap*) 0x000001aaffb295b0, (CMBitMap*) 0x000001aaffb295f0
 Prev Bits: [0x000001aaa3920000, 0x000001aac1120000)
 Next Bits: [0x000001aac1120000, 0x000001aade920000)

Polling page: 0x000001aafea40000

Metaspace:

Usage:
  Non-class:      2.25 MB used.
      Class:    145.27 KB used.
       Both:      2.40 MB used.

Virtual space:
  Non-class space:       64.00 MB reserved,       2.38 MB (  4%) committed,  1 nodes.
      Class space:        1.00 GB reserved,     256.00 KB ( <1%) committed,  1 nodes.
             Both:        1.06 GB reserved,       2.62 MB ( <1%) committed. 

Chunk freelists:
   Non-Class:  2.67 MB
       Class:  3.66 MB
        Both:  6.33 MB

MaxMetaspaceSize: unlimited
CompressedClassSpaceSize: 1.00 GB
Initial GC threshold: 21.00 MB
Current GC threshold: 21.00 MB
CDS: on
MetaspaceReclaimPolicy: balanced
 - commit_granule_bytes: 65536.
 - commit_granule_words: 8192.
 - virtual_space_node_default_size: 8388608.
 - enlarge_chunks_in_place: 1.
 - new_chunks_are_fully_committed: 0.
 - uncommit_free_chunks: 1.
 - use_allocation_guard: 0.


Internal statistics:

num_allocs_failed_limit: 0.
num_arena_births: 72.
num_arena_deaths: 0.
num_vsnodes_births: 2.
num_vsnodes_deaths: 0.
num_space_committed: 42.
num_space_uncommitted: 0.
num_chunks_returned_to_freelist: 0.
num_chunks_taken_from_freelist: 142.
num_chunk_merges: 0.
num_chunk_splits: 93.
num_chunks_enlarged: 65.
num_inconsistent_stats: 0.

CodeHeap 'non-profiled nmethods': size=119168Kb used=125Kb max_used=125Kb free=119042Kb
 bounds [0x000001aa90820000, 0x000001aa90a90000, 0x000001aa97c80000]
CodeHeap 'profiled nmethods': size=119104Kb used=679Kb max_used=679Kb free=118424Kb
 bounds [0x000001aa893d0000, 0x000001aa89640000, 0x000001aa90820000]
CodeHeap 'non-nmethods': size=7488Kb used=1740Kb max_used=1754Kb free=5747Kb
 bounds [0x000001aa88c80000, 0x000001aa88ef0000, 0x000001aa893d0000]
 total_blobs=927 nmethods=461 adapters=378
 compilation: enabled
              stopped_count=0, restarted_count=0
 full_count=0

Compilation events (20 events):
Event: 0.134 Thread 0x000001aae1e44880 nmethod 444 0x000001aa9083e390 code [0x000001aa9083e520, 0x000001aa9083e5f8]
Event: 0.134 Thread 0x000001aae1f628e0 nmethod 450 0x000001aa89477090 code [0x000001aa89477240, 0x000001aa89477438]
Event: 0.134 Thread 0x000001aae1e43890  451       4       java.lang.Integer::toUnsignedLong (7 bytes)
Event: 0.134 Thread 0x000001aae1e43890 nmethod 451 0x000001aa9083e690 code [0x000001aa9083e800, 0x000001aa9083e858]
Event: 0.134 Thread 0x000001aae1e44880  452       3       java.util.WeakHashMap::maskNull (12 bytes)
Event: 0.134 Thread 0x000001aae1f628e0  453       3       java.util.WeakHashMap::hash (28 bytes)
Event: 0.134 Thread 0x000001aae1e44880 nmethod 452 0x000001aa89477510 code [0x000001aa894776a0, 0x000001aa894777d8]
Event: 0.134 Thread 0x000001aae1e44880  454       3       java.util.WeakHashMap::getTable (9 bytes)
Event: 0.134 Thread 0x000001aae1f628e0 nmethod 453 0x000001aa89477890 code [0x000001aa89477a40, 0x000001aa89477c28]
Event: 0.134 Thread 0x000001aae1f628e0  455   !   3       java.util.WeakHashMap::expungeStaleEntries (139 bytes)
Event: 0.134 Thread 0x000001aae1e44880 nmethod 454 0x000001aa89477d10 code [0x000001aa89477ea0, 0x000001aa89477fe8]
Event: 0.134 Thread 0x000001aae1e44880  456       3       java.util.WeakHashMap::indexFor (6 bytes)
Event: 0.134 Thread 0x000001aae1e44880 nmethod 456 0x000001aa89478090 code [0x000001aa89478220, 0x000001aa89478318]
Event: 0.134 Thread 0x000001aae1f628e0 nmethod 455 0x000001aa89478390 code [0x000001aa894785a0, 0x000001aa89478fe8]
Event: 0.136 Thread 0x000001aae1f628e0  457       3       java.io.RandomAccessFile::seek (22 bytes)
Event: 0.136 Thread 0x000001aae1f628e0 nmethod 457 0x000001aa89479490 code [0x000001aa89479640, 0x000001aa89479878]
Event: 0.136 Thread 0x000001aae1f628e0  459       1       java.lang.NamedPackage::module (5 bytes)
Event: 0.136 Thread 0x000001aae1f628e0 nmethod 459 0x000001aa9083ed90 code [0x000001aa9083ef20, 0x000001aa9083eff8]
Event: 0.138 Thread 0x000001aae1f628e0  460       3       java.util.zip.ZipUtils::CENLEN (9 bytes)
Event: 0.138 Thread 0x000001aae1f628e0 nmethod 460 0x000001aa89479990 code [0x000001aa89479b40, 0x000001aa89479e18]

GC Heap History (0 events):
No events

Deoptimization events (2 events):
Event: 0.097 Thread 0x000001aaffa75720 DEOPT PACKING pc=0x000001aa893e9f67 sp=0x00000010804fb850
Event: 0.097 Thread 0x000001aaffa75720 DEOPT UNPACKING pc=0x000001aa88cd2b43 sp=0x00000010804fac70 mode 0

Classes loaded (20 events):
Event: 0.122 Loading class java/nio/DirectCharBufferU
Event: 0.122 Loading class java/nio/DirectCharBufferU done
Event: 0.122 Loading class java/nio/DirectFloatBufferU
Event: 0.122 Loading class java/nio/DirectFloatBufferU done
Event: 0.122 Loading class java/nio/DirectDoubleBufferU
Event: 0.122 Loading class java/nio/DirectDoubleBufferU done
Event: 0.122 Loading class sun/misc/Unsafe
Event: 0.122 Loading class sun/misc/Unsafe done
Event: 0.123 Loading class java/lang/invoke/DirectMethodHandle$StaticAccessor
Event: 0.123 Loading class java/lang/invoke/DirectMethodHandle$StaticAccessor done
Event: 0.124 Loading class java/util/function/LongPredicate
Event: 0.124 Loading class java/util/function/LongPredicate done
Event: 0.125 Loading class jdk/internal/access/foreign/MemorySegmentProxy
Event: 0.125 Loading class jdk/internal/access/foreign/MemorySegmentProxy done
Event: 0.128 Loading class java/nio/InvalidMarkException
Event: 0.128 Loading class java/nio/InvalidMarkException done
Event: 0.128 Loading class java/nio/BufferUnderflowException
Event: 0.128 Loading class java/nio/BufferUnderflowException done
Event: 0.129 Loading class java/lang/IndexOutOfBoundsException
Event: 0.129 Loading class java/lang/IndexOutOfBoundsException done

Classes unloaded (0 events):
No events

Classes redefined (0 events):
No events

Internal exceptions (20 events):
Event: 0.078 Thread 0x000001aaffa75720 Exception <a 'java/lang/NoSuchMethodError'{0x000000011f84fdd8}: 'void java.lang.invoke.DirectMethodHandle$Holder.invokeSpecial(java.lang.Object, java.lang.Object, java.lang.Object)'> (0x000000011f84fdd8) 
thrown [s\open\src\hotspot\share\interpreter\linkResolver.cpp, line 759]
Event: 0.079 Thread 0x000001aaffa75720 Exception <a 'java/lang/NoSuchMethodError'{0x000000011f863050}: 'java.lang.Object java.lang.invoke.DirectMethodHandle$Holder.invokeStatic(java.lang.Object, java.lang.Object, int)'> (0x000000011f863050) 
thrown [s\open\src\hotspot\share\interpreter\linkResolver.cpp, line 759]
Event: 0.080 Thread 0x000001aaffa75720 Exception <a 'java/lang/NoSuchMethodError'{0x000000011f86ede8}: 'void java.lang.invoke.DelegatingMethodHandle$Holder.delegate(java.lang.Object, java.lang.Object, int, java.lang.Object)'> (0x000000011f86ede8) 
thrown [s\open\src\hotspot\share\interpreter\linkResolver.cpp, line 759]
Event: 0.080 Thread 0x000001aaffa75720 Exception <a 'java/lang/NoSuchMethodError'{0x000000011f873030}: 'int java.lang.invoke.DirectMethodHandle$Holder.invokeSpecial(java.lang.Object, java.lang.Object, java.lang.Object)'> (0x000000011f873030) 
thrown [s\open\src\hotspot\share\interpreter\linkResolver.cpp, line 759]
Event: 0.083 Thread 0x000001aaffa75720 Exception <a 'java/lang/NoSuchMethodError'{0x000000011f88f9a8}: 'void java.lang.System.loadLibrary(java.lang.String, java.lang.Class)'> (0x000000011f88f9a8) 
thrown [s\open\src\hotspot\share\interpreter\linkResolver.cpp, line 759]
Event: 0.090 Thread 0x000001aaffa75720 Exception <a 'java/lang/NoSuchMethodError'{0x000000011f8e8088}: 'void java.lang.System.load(java.lang.String, java.lang.Class)'> (0x000000011f8e8088) 
thrown [s\open\src\hotspot\share\interpreter\linkResolver.cpp, line 759]
Event: 0.091 Thread 0x000001aaffa75720 Exception <a 'java/lang/NoSuchMethodError'{0x000000011f8eb010}: 'void java.lang.System.loadLibrary(java.lang.String, java.lang.Class)'> (0x000000011f8eb010) 
thrown [s\open\src\hotspot\share\interpreter\linkResolver.cpp, line 759]
Event: 0.111 Thread 0x000001aaffa75720 Exception <a 'sun/nio/fs/WindowsException'{0x000000011f958140}> (0x000000011f958140) 
thrown [s\open\src\hotspot\share\prims\jni.cpp, line 516]
Event: 0.111 Thread 0x000001aaffa75720 Exception <a 'sun/nio/fs/WindowsException'{0x000000011f958690}> (0x000000011f958690) 
thrown [s\open\src\hotspot\share\prims\jni.cpp, line 516]
Event: 0.116 Thread 0x000001aaffa75720 Exception <a 'sun/nio/fs/WindowsException'{0x000000011f96cd60}> (0x000000011f96cd60) 
thrown [s\open\src\hotspot\share\prims\jni.cpp, line 516]
Event: 0.116 Thread 0x000001aaffa75720 Exception <a 'sun/nio/fs/WindowsException'{0x000000011f96d108}> (0x000000011f96d108) 
thrown [s\open\src\hotspot\share\prims\jni.cpp, line 516]
Event: 0.118 Thread 0x000001aaffa75720 Exception <a 'sun/nio/fs/WindowsException'{0x000000011f972ae8}> (0x000000011f972ae8) 
thrown [s\open\src\hotspot\share\prims\jni.cpp, line 516]
Event: 0.118 Thread 0x000001aaffa75720 Exception <a 'sun/nio/fs/WindowsException'{0x000000011f972dc8}> (0x000000011f972dc8) 
thrown [s\open\src\hotspot\share\prims\jni.cpp, line 516]
Event: 0.121 Thread 0x000001aaffa75720 Exception <a 'java/lang/NoSuchMethodError'{0x000000011f9a8eb8}: 'java.lang.Object java.lang.invoke.DirectMethodHandle$Holder.invokeStaticInit(java.lang.Object)'> (0x000000011f9a8eb8) 
thrown [s\open\src\hotspot\share\interpreter\linkResolver.cpp, line 759]
Event: 0.124 Thread 0x000001aaffa75720 Exception <a 'java/lang/NoSuchMethodError'{0x000000011f9c6748}: 'int java.lang.invoke.DirectMethodHandle$Holder.invokeStaticInit(java.lang.Object, java.lang.Object, int, long)'> (0x000000011f9c6748) 
thrown [s\open\src\hotspot\share\interpreter\linkResolver.cpp, line 759]
Event: 0.125 Thread 0x000001aaffa75720 Exception <a 'java/lang/NoSuchMethodError'{0x000000011f9cc2b8}: 'java.lang.Object java.lang.invoke.DirectMethodHandle$Holder.newInvokeSpecial(java.lang.Object, java.lang.Object, int)'> (0x000000011f9cc2b8) 
thrown [s\open\src\hotspot\share\interpreter\linkResolver.cpp, line 759]
Event: 0.126 Thread 0x000001aaffa75720 Exception <a 'java/lang/NoSuchMethodError'{0x000000011f9db418}: 'int java.lang.invoke.DirectMethodHandle$Holder.invokeStaticInit(java.lang.Object, java.lang.Object, long, long)'> (0x000000011f9db418) 
thrown [s\open\src\hotspot\share\interpreter\linkResolver.cpp, line 759]
Event: 0.126 Thread 0x000001aaffa75720 Exception <a 'java/lang/NoSuchMethodError'{0x000000011f9e17d0}: 'java.lang.Object java.lang.invoke.DirectMethodHandle$Holder.newInvokeSpecial(java.lang.Object, java.lang.Object, long)'> (0x000000011f9e17d0) 
thrown [s\open\src\hotspot\share\interpreter\linkResolver.cpp, line 759]
Event: 0.127 Thread 0x000001aaffa75720 Exception <a 'java/lang/NoSuchMethodError'{0x000000011f9e5ad0}: 'java.lang.Object java.lang.invoke.Invokers$Holder.linkToTargetMethod(java.lang.Object, long, java.lang.Object)'> (0x000000011f9e5ad0) 
thrown [s\open\src\hotspot\share\interpreter\linkResolver.cpp, line 759]
Event: 0.127 Thread 0x000001aaffa75720 Exception <a 'java/lang/NoSuchMethodError'{0x000000011f9ed078}: 'int java.lang.invoke.DirectMethodHandle$Holder.invokeStaticInit(java.lang.Object, java.lang.Object, java.lang.Object, long)'> (0x000000011f9ed078) 
thrown [s\open\src\hotspot\share\interpreter\linkResolver.cpp, line 759]

VM Operations (2 events):
Event: 0.048 Executing VM operation: HandshakeAllThreads
Event: 0.048 Executing VM operation: HandshakeAllThreads done

Events (20 events):
Event: 0.014 Loaded shared library C:\Program Files\Java\jdk-18.0.2\bin\jsvml.dll
Event: 0.014 Thread 0x000001aaffa75720 Thread added: 0x000001aaffa75720
Event: 0.015 Thread 0x000001aae1e17ae0 Thread added: 0x000001aae1e17ae0
Event: 0.015 Thread 0x000001aae1e19890 Thread added: 0x000001aae1e19890
Event: 0.022 Thread 0x000001aae1e33260 Thread added: 0x000001aae1e33260
Event: 0.022 Thread 0x000001aae1e34c10 Thread added: 0x000001aae1e34c10
Event: 0.022 Thread 0x000001aae1e355b0 Thread added: 0x000001aae1e355b0
Event: 0.022 Thread 0x000001aae1e3e6b0 Thread added: 0x000001aae1e3e6b0
Event: 0.022 Thread 0x000001aae1e43890 Thread added: 0x000001aae1e43890
Event: 0.022 Thread 0x000001aae1e44880 Thread added: 0x000001aae1e44880
Event: 0.022 Thread 0x000001aae1e59a80 Thread added: 0x000001aae1e59a80
Event: 0.037 Thread 0x000001aae1f628e0 Thread added: 0x000001aae1f628e0
Event: 0.038 Thread 0x000001aae1f7ee70 Thread added: 0x000001aae1f7ee70
Event: 0.040 Thread 0x000001aae1f80760 Thread added: 0x000001aae1f80760
Event: 0.045 Loaded shared library C:\Program Files\Java\jdk-18.0.2\bin\net.dll
Event: 0.046 Loaded shared library C:\Program Files\Java\jdk-18.0.2\bin\nio.dll
Event: 0.048 Loaded shared library C:\Program Files\Java\jdk-18.0.2\bin\zip.dll
Event: 0.093 Loaded shared library C:\Program Files\Java\jdk-18.0.2\bin\jimage.dll
Event: 0.112 Loaded shared library C:\Users\marvi\AppData\Local\Temp\lwjglmarvi\3.3.1-build-7\lwjgl.dll
Event: 0.117 Loaded shared library C:\Users\marvi\AppData\Local\Temp\lwjglmarvi\3.3.1-build-7\lwjgl_opengl.dll


Dynamic libraries:
0x00007ff60ede0000 - 0x00007ff60edf0000 	C:\Program Files\Java\jdk-18.0.2\bin\javaw.exe
0x00007fffe49b0000 - 0x00007fffe4ba8000 	C:\WINDOWS\SYSTEM32\ntdll.dll
0x00007fffe35b0000 - 0x00007fffe366d000 	C:\WINDOWS\System32\KERNEL32.DLL
0x00007fffe21b0000 - 0x00007fffe247e000 	C:\WINDOWS\System32\KERNELBASE.dll
0x00007fffe2870000 - 0x00007fffe2970000 	C:\WINDOWS\System32\ucrtbase.dll
0x00007fffda1b0000 - 0x00007fffda1ca000 	C:\Program Files\Java\jdk-18.0.2\bin\VCRUNTIME140.dll
0x00007fffdecd0000 - 0x00007fffdece8000 	C:\Program Files\Java\jdk-18.0.2\bin\jli.dll
0x00007fffe3720000 - 0x00007fffe37ce000 	C:\WINDOWS\System32\ADVAPI32.dll
0x00007fffe4540000 - 0x00007fffe45de000 	C:\WINDOWS\System32\msvcrt.dll
0x00007fffe3510000 - 0x00007fffe35ac000 	C:\WINDOWS\System32\sechost.dll
0x00007fffe2f90000 - 0x00007fffe30b5000 	C:\WINDOWS\System32\RPCRT4.dll
0x00007fffe37d0000 - 0x00007fffe3970000 	C:\WINDOWS\System32\USER32.dll
0x00007fffd6560000 - 0x00007fffd67fa000 	C:\WINDOWS\WinSxS\amd64_microsoft.windows.common-controls_6595b64144ccf1df_6.0.19041.1110_none_60b5254171f9507e\COMCTL32.dll
0x00007fffe25d0000 - 0x00007fffe25f2000 	C:\WINDOWS\System32\win32u.dll
0x00007fffe4390000 - 0x00007fffe43ba000 	C:\WINDOWS\System32\GDI32.dll
0x00007fffe2760000 - 0x00007fffe286b000 	C:\WINDOWS\System32\gdi32full.dll
0x00007fffe2530000 - 0x00007fffe25cd000 	C:\WINDOWS\System32\msvcp_win.dll
0x00007fffdb5f0000 - 0x00007fffdb5fa000 	C:\WINDOWS\SYSTEM32\VERSION.dll
0x00007fffe2a10000 - 0x00007fffe2a40000 	C:\WINDOWS\System32\IMM32.DLL
0x00007fffdd190000 - 0x00007fffdd19c000 	C:\Program Files\Java\jdk-18.0.2\bin\vcruntime140_1.dll
0x00007fffad550000 - 0x00007fffad5dd000 	C:\Program Files\Java\jdk-18.0.2\bin\msvcp140.dll
0x00007fff21040000 - 0x00007fff21c51000 	C:\Program Files\Java\jdk-18.0.2\bin\server\jvm.dll
0x00007fffe3420000 - 0x00007fffe3428000 	C:\WINDOWS\System32\PSAPI.DLL
0x00007fffd3980000 - 0x00007fffd3989000 	C:\WINDOWS\SYSTEM32\WSOCK32.dll
0x00007fffdab30000 - 0x00007fffdab57000 	C:\WINDOWS\SYSTEM32\WINMM.dll
0x00007fffe4900000 - 0x00007fffe496b000 	C:\WINDOWS\System32\WS2_32.dll
0x00007fffe0970000 - 0x00007fffe0982000 	C:\WINDOWS\SYSTEM32\kernel.appcore.dll
0x00007fffdcd50000 - 0x00007fffdcd5a000 	C:\Program Files\Java\jdk-18.0.2\bin\jimage.dll
0x00007fffd3210000 - 0x00007fffd33f4000 	C:\WINDOWS\SYSTEM32\DBGHELP.DLL
0x00007fffd1c80000 - 0x00007fffd1cac000 	C:\WINDOWS\SYSTEM32\dbgcore.DLL
0x00007fffe20d0000 - 0x00007fffe2152000 	C:\WINDOWS\System32\bcryptPrimitives.dll
0x00007fffb9890000 - 0x00007fffb98b5000 	C:\Program Files\Java\jdk-18.0.2\bin\java.dll
0x00007fffa4e10000 - 0x00007fffa4ee6000 	C:\Program Files\Java\jdk-18.0.2\bin\jsvml.dll
0x00007fffe3a90000 - 0x00007fffe41d3000 	C:\WINDOWS\System32\SHELL32.dll
0x00007fffe01c0000 - 0x00007fffe0955000 	C:\WINDOWS\SYSTEM32\windows.storage.dll
0x00007fffe30c0000 - 0x00007fffe3414000 	C:\WINDOWS\System32\combase.dll
0x00007fffe1b30000 - 0x00007fffe1b60000 	C:\WINDOWS\SYSTEM32\Wldp.dll
0x00007fffe3670000 - 0x00007fffe371d000 	C:\WINDOWS\System32\SHCORE.dll
0x00007fffe2a60000 - 0x00007fffe2ab5000 	C:\WINDOWS\System32\shlwapi.dll
0x00007fffe2010000 - 0x00007fffe202f000 	C:\WINDOWS\SYSTEM32\profapi.dll
0x00007fffbc070000 - 0x00007fffbc083000 	C:\Program Files\Java\jdk-18.0.2\bin\net.dll
0x00007fffdcc30000 - 0x00007fffdcd3a000 	C:\WINDOWS\SYSTEM32\WINHTTP.dll
0x00007fffe1890000 - 0x00007fffe18fa000 	C:\WINDOWS\system32\mswsock.dll
0x00007fffbbde0000 - 0x00007fffbbdf6000 	C:\Program Files\Java\jdk-18.0.2\bin\nio.dll
0x00007fffbabe0000 - 0x00007fffbabf8000 	C:\Program Files\Java\jdk-18.0.2\bin\zip.dll
0x00007fffa8240000 - 0x00007fffa82b5000 	C:\Users\marvi\AppData\Local\Temp\lwjglmarvi\3.3.1-build-7\lwjgl.dll
0x00007fffad3b0000 - 0x00007fffad40d000 	C:\Users\marvi\AppData\Local\Temp\lwjglmarvi\3.3.1-build-7\lwjgl_opengl.dll
0x00007fff256a0000 - 0x00007fff257c7000 	C:\WINDOWS\SYSTEM32\opengl32.dll
0x00007fffc6c90000 - 0x00007fffc6cbc000 	C:\WINDOWS\SYSTEM32\GLU32.dll

dbghelp: loaded successfully - version: 4.0.5 - missing functions: none
symbol engine: initialized successfully - sym options: 0x614 - pdb path: .;C:\Program Files\Java\jdk-18.0.2\bin;C:\WINDOWS\SYSTEM32;C:\WINDOWS\WinSxS\amd64_microsoft.windows.common-controls_6595b64144ccf1df_6.0.19041.1110_none_60b5254171f9507e;C:\Program Files\Java\jdk-18.0.2\bin\server;C:\Users\marvi\AppData\Local\Temp\lwjglmarvi\3.3.1-build-7

VM Arguments:
jvm_args: -Dfile.encoding=UTF-8 -XX:+ShowCodeDetailsInExceptionMessages 
java_command: de.m_marvin.renderengine.RenderEngine
java_class_path (initial): E:\GitHub\LIBRARY-RenderEngine\RenderEngine\bin\default;C:\Users\marvi\.gradle\caches\modules-2\files-2.1\org.lwjgl\lwjgl-assimp\3.3.1\312072f451794f25670aebb0160ce6ec88aff842\lwjgl-assimp-3.3.1.jar;C:\Users\marvi\.gradle\caches\modules-2\files-2.1\org.lwjgl\lwjgl-glfw\3.3.1\cbac1b8d30cb4795149c1ef540f912671a8616d0\lwjgl-glfw-3.3.1.jar;C:\Users\marvi\.gradle\caches\modules-2\files-2.1\org.lwjgl\lwjgl-openal\3.3.1\2623a6b8ae1dfcd880738656a9f0243d2e6840bd\lwjgl-openal-3.3.1.jar;C:\Users\marvi\.gradle\caches\modules-2\files-2.1\org.lwjgl\lwjgl-opengl\3.3.1\831a5533a21a5f4f81bbc51bb13e9899319b5411\lwjgl-opengl-3.3.1.jar;C:\Users\marvi\.gradle\caches\modules-2\files-2.1\org.lwjgl\lwjgl-stb\3.3.1\b119297cf8ed01f247abe8685857f8e7fcf5980f\lwjgl-stb-3.3.1.jar;C:\Users\marvi\.gradle\caches\modules-2\files-2.1\org.lwjgl\lwjgl\3.3.1\ae58664f88e18a9bb2c77b063833ca7aaec484cb\lwjgl-3.3.1.jar;C:\Users\marvi\.gradle\caches\modules-2\files-2.1\com.google.guava\guava\16.0.1\5fa98cd1a63c99a44dd8d3b77e4762b066a5d0c5\guava-16.0.1.jar;C:\Users\marvi\.gradle\caches\modules-2\files-2.1\com.google.code.gson\gson\2.9.1\2cc2131b98ebfb04e2b2c7dfb84431f4045096b\gson-2.9.1.jar;C:\Users\marvi\.gradle\caches\modules-2\files-2.1\org.lwjgl\lwjgl-assimp\3.3.1\bfa2a0d57acbf952b716d0ad8a3acbd7ad9f5639\lwjgl-assimp-3.3.1-natives-windows.jar;C:\Users\marvi\.gradle\caches\modules-2\files-2.1\org.lwjgl\lwjgl-glfw\3.3.1\ed892f945cf7e79c8756796f32d00fa4ceaf573b\lwjgl-glfw-3.3.1-natives-windows.jar;C:\Users\marvi\.gradle\caches\modules-2\files-2.1\org.lwjgl\lwjgl-openal\3.3.1\30a474d0e57193d7bc128849a3ab66bc9316fdb1\lwjgl-openal-3.3.1-natives-windows.jar;C:\Users\marvi\.gradle\caches\modules-2\files-2.1\org.lwjgl\lwjgl-opengl\3.3.1\c1807e9bd571402787d7e37e3029776ae2513bb8\lwjgl-opengl-3.3.1-natives-windows.jar;C:\Users\marvi\.gradle\caches\modules-2\files-2.1\org.lwjgl\lwjgl-stb\3.3.1\86315914ac119efdb02dc9e8e978ade84f1702af\lwjgl-stb-3.3.1-natives-windows.jar;C:\Users\marvi\.gradle\caches\modules-2\files-2.1\org.lwjgl\lwjgl\3.3.1\36c37f16ab611b3aa11f3bcf80b1d509b4ce6b\lwjgl-3.3.1-natives-windows.jar
Launcher Type: SUN_STANDARD

[Global flags]
     intx CICompilerCount                          = 12                                        {product} {ergonomic}
     uint ConcGCThreads                            = 5                                         {product} {ergonomic}
     uint G1ConcRefinementThreads                  = 18                                        {product} {ergonomic}
   size_t G1HeapRegionSize                         = 16777216                                  {product} {ergonomic}
    uintx GCDrainStackTargetSize                   = 64                                        {product} {ergonomic}
   size_t InitialHeapSize                          = 2147483648                                {product} {ergonomic}
   size_t MarkStackSize                            = 4194304                                   {product} {ergonomic}
   size_t MaxHeapSize                              = 31675383808                               {product} {ergonomic}
   size_t MaxNewSize                               = 18991808512                               {product} {ergonomic}
   size_t MinHeapDeltaBytes                        = 16777216                                  {product} {ergonomic}
   size_t MinHeapSize                              = 16777216                                  {product} {ergonomic}
    uintx NonNMethodCodeHeapSize                   = 7602480                                {pd product} {ergonomic}
    uintx NonProfiledCodeHeapSize                  = 122027880                              {pd product} {ergonomic}
    uintx ProfiledCodeHeapSize                     = 122027880                              {pd product} {ergonomic}
    uintx ReservedCodeCacheSize                    = 251658240                              {pd product} {ergonomic}
     bool SegmentedCodeCache                       = true                                      {product} {ergonomic}
     bool ShowCodeDetailsInExceptionMessages       = true                                   {manageable} {command line}
   size_t SoftMaxHeapSize                          = 31675383808                            {manageable} {ergonomic}
     bool UseCompressedClassPointers               = true                           {product lp64_product} {ergonomic}
     bool UseCompressedOops                        = true                           {product lp64_product} {ergonomic}
     bool UseG1GC                                  = true                                      {product} {ergonomic}
     bool UseLargePagesIndividualAllocation        = false                                  {pd product} {ergonomic}

Logging:
Log output configuration:
 #0: stdout all=warning uptime,level,tags foldmultilines=false
 #1: stderr all=off uptime,level,tags foldmultilines=false

Environment Variables:
JAVA_HOME=C:\Program Files\Java\jdk-17.0.2
PATH=C:\Program Files\Common Files\Oracle\Java\javapath;C:\Program Files\Eclipse Foundation\jdk-8.0.302.8-hotspot\bin;C:\Program Files\Eclipse Adoptium\jdk-11.0.13.8-hotspot\bin;D:\TIAPortal\SCADA-RT_V11\WinCC\Bin;C:\Program Files\Common Files\Siemens\Automation\Simatic OAM\bin;C:\Program Files (x86)\Common Files\Siemens\Bin;C:\Program Files (x86)\Common Files\Siemens\CommonArchiving;C:\Program Files (x86)\Common Files\Siemens\ACE\Bin;C:\Program Files (x86)\Common Files\Oracle\Java\javapath;C:\Windows\system32;C:\Windows;C:\Windows\System32\Wbem;C:\Windows\System32\WindowsPowerShell\v1.0\;C:\Windows\System32\OpenSSH\;C:\Program Files (x86)\NVIDIA Corporation\PhysX\Common;C:\Program Files\NVIDIA Corporation\NVIDIA NvDLISR;C:\Program Files (x86)\Microsoft SQL Server\100\Tools\Binn\;C:\Program Files (x86)\Microsoft SQL Server\100\DTS\Binn\;C:\WINDOWS\system32;C:\WINDOWS;C:\WINDOWS\System32\Wbem;C:\WINDOWS\System32\WindowsPowerShell\v1.0\;C:\WINDOWS\System32\OpenSSH\;C:\Program Files (x86)\IVI Foundation\VISA\WinNT\Bin\;C:\Program Files\IVI Foundation\VISA\Win64\Bin\;C:\Program Files (x86)\Microsoft SQL Server\90\Tools\binn\;C:\Program Files\Microsoft SQL Server\Client SDK\ODBC\130\Tools\Binn\;C:\Program Files (x86)\Microsoft SQL Server\130\Tools\Binn\;C:\Program Files\Microsoft SQL Server\130\Tools\Binn\;C:\Program Files\Microsoft SQL Server\130\DTS\Binn\;D:\TIAPortal\SCADA-RT_V11\WinCC\Interfaces;C:\Program Files (x86)\Common Files\Siemens\;C:\Program Files (x86)\Common Files\Siemens\Interfaces;C:\Program Files (x86)\Common Files\Siemens\ACE\Interfaces;C:\Program Files\Microsoft SQL Server\Client SDK\ODBC\170\Tools\Binn\;C:\Program Files\Java\jdk-17.0.2\bin;C:\Program Files (x86)\IVI Foundation\IVI\bin;C:\Program Files\IVI Foundation\IVI\bin;C:\Program Files (x86)\IVI Foundation\VISA\WinNT\Bin;C:\Program Files\dotnet\;C:\Program Files\Git\cmd;C:\Users\marvi\AppData\Local\Microsoft\WindowsApps;C:\Users\marvi\AppData\Local\GitHubDesktop\bin;C:\Users\marvi\.dotnet\tools;C:\Gradle\gradle-7.4.2\bin;
USERNAME=marvi
OS=Windows_NT
PROCESSOR_IDENTIFIER=AMD64 Family 23 Model 113 Stepping 0, AuthenticAMD



---------------  S Y S T E M  ---------------

OS:
 Windows 10 , 64 bit Build 19041 (10.0.19041.1889)
OS uptime: 0 days 9:38 hours

CPU: total 24 (initial active 24) (24 cores per cpu, 2 threads per core) family 23 model 113 stepping 0 microcode 0x0, cx8, cmov, fxsr, ht, mmx, 3dnowpref, sse, sse2, sse3, ssse3, sse4a, sse4.1, sse4.2, popcnt, lzcnt, tsc, tscinvbit, avx, avx2, aes, clmul, bmi1, bmi2, adx, sha, fma, vzeroupper, clflush, clflushopt

Memory: 4k page, system-wide physical 131023M (118352M free)
TotalPageFile size 150479M (AvailPageFile size 115588M)
current process WorkingSet (physical memory assigned to process): 47M, peak: 47M
current process commit charge ("private bytes"): 2232M, peak: 2232M

vm_info: Java HotSpot(TM) 64-Bit Server VM (18.0.2+9-61) for windows-amd64 JRE (18.0.2+9-61), built on Jun  7 2022 13:09:01 by "mach5one" with MS VC++ 16.8 / 16.9 (VS2019)

END.
