#
# A fatal error has been detected by the Java Runtime Environment:
#
#  EXCEPTION_ACCESS_VIOLATION (0xc0000005) at pc=0x0000020eb647ff2b, pid=23248, tid=20840
#
# JRE version: Java(TM) SE Runtime Environment (18.0.2+9) (build 18.0.2+9-61)
# Java VM: Java HotSpot(TM) 64-Bit Server VM (18.0.2+9-61, mixed mode, sharing, tiered, compressed oops, compressed class ptrs, g1 gc, windows-amd64)
# Problematic frame:
# C  0x0000020eb647ff2b
#
# No core dump will be written. Minidumps are not enabled by default on client versions of Windows
#
# If you would like to submit a bug report, please visit:
#   https://bugreport.java.com/bugreport/crash.jsp
# The crash happened outside the Java Virtual Machine in native code.
# See problematic frame for where to report the bug.
#

---------------  S U M M A R Y ------------

Command Line: -XX:+ShowCodeDetailsInExceptionMessages -agentlib:jdwp=transport=dt_socket,suspend=y,address=localhost:59118 -javaagent:D:\Eclipse\eclipse\configuration\org.eclipse.osgi\228\0\.cp\lib\javaagent-shaded.jar -Dfile.encoding=UTF-8 de.m_marvin.renderengine.RenderEngine

Host: AMD Ryzen 9 3900X 12-Core Processor            , 24 cores, 127G,  Windows 10 , 64 bit Build 19041 (10.0.19041.1889)
Time: Sat Oct 15 21:14:21 2022 Mitteleuropäische Sommerzeit elapsed time: 564.060030 seconds (0d 0h 9m 24s)

---------------  T H R E A D  ---------------

Current thread (0x0000020eb64bdb40):  JavaThread "main" [_thread_in_native, id=20840, stack(0x0000001062100000,0x0000001062200000)]

Stack: [0x0000001062100000,0x0000001062200000],  sp=0x00000010621ff160,  free space=1020k
Native frames: (J=compiled Java code, j=interpreted, Vv=VM code, C=native code)
C  0x0000020eb647ff2b

Java frames: (J=compiled Java code, j=interpreted, Vv=VM code)
J 1335  org.lwjgl.opengl.GL11C.nglDrawElements(IIIJ)V (0 bytes) @ 0x0000020ec5a08876 [0x0000020ec5a08820+0x0000000000000056]
J 1351 c2 de.m_marvin.renderengine.GLStateManager.drawElements(III)V (8 bytes) @ 0x0000020ec5a0da50 [0x0000020ec5a0da20+0x0000000000000030]
j  de.m_marvin.renderengine.RenderEngine.start()V+482
j  de.m_marvin.renderengine.RenderEngine.main([Ljava/lang/String;)V+7
v  ~StubRoutines::call_stub

siginfo: EXCEPTION_ACCESS_VIOLATION (0xc0000005), reading address 0x0000000000000000


Register to memory mapping:

RIP=0x0000020eb647ff2b points into unknown readable memory: 8b 0a 49 ba f0
RAX=0x0000020e9d896770 points into unknown readable memory: 0x0000000000000000 | 00 00 00 00 00 00 00 00
RBX=0x0000020effba0000 points into unknown readable memory: 0x0000020efea76970 | 70 69 a7 fe 0e 02 00 00
RCX=0x0000020effba0000 points into unknown readable memory: 0x0000020efea76970 | 70 69 a7 fe 0e 02 00 00
RDX=0x0 is NULL
RSP=0x00000010621ff160 is pointing into the stack for thread: 0x0000020eb64bdb40
RBP=0x0000000000000020 is an unknown value
RSI=0x0 is NULL
RDI=0x0000020e9f84d720 points into unknown readable memory: 0x0020100400000009 | 09 00 00 00 04 10 20 00
R8 =0x0 is NULL
R9 =0x0000000000000008 is an unknown value
R10=0x0000020e9f84d720 points into unknown readable memory: 0x0020100400000009 | 09 00 00 00 04 10 20 00
R11=0x0000000000000020 is an unknown value
R12=0x0000000000000080 is an unknown value
R13=0x0 is NULL
R14=0x0000020e9d896770 points into unknown readable memory: 0x0000000000000000 | 00 00 00 00 00 00 00 00
R15=0x0000000000000008 is an unknown value


Registers:
RAX=0x0000020e9d896770, RBX=0x0000020effba0000, RCX=0x0000020effba0000, RDX=0x0000000000000000
RSP=0x00000010621ff160, RBP=0x0000000000000020, RSI=0x0000000000000000, RDI=0x0000020e9f84d720
R8 =0x0000000000000000, R9 =0x0000000000000008, R10=0x0000020e9f84d720, R11=0x0000000000000020
R12=0x0000000000000080, R13=0x0000000000000000, R14=0x0000020e9d896770, R15=0x0000000000000008
RIP=0x0000020eb647ff2b, EFLAGS=0x0000000000010206

Top of Stack: (sp=0x00000010621ff160)
0x00000010621ff160:   0000000052a3d77c 0000020e9f84d720
0x00000010621ff170:   0000000000000000 0000000000000008
0x00000010621ff180:   0000020effba0000 00007ff9eefed9d6
0x00000010621ff190:   0000000000000080 0000020effba0000
0x00000010621ff1a0:   0000000000000000 0000000000000080
0x00000010621ff1b0:   00007ff9ef002eb0 0000000000000000
0x00000010621ff1c0:   0000020e9f9a0310 0000020e9f84d720
0x00000010621ff1d0:   0000020e00000000 0000020e9d896770
0x00000010621ff1e0:   0000020e00000000 0000000000000000
0x00000010621ff1f0:   0000000000000000 0000000000000008
0x00000010621ff200:   0000020eb647ff00 0000000000000000
0x00000010621ff210:   0000020e9fd22bb8 0000020e9f84d720
0x00000010621ff220:   00000010621ff260 00000010621ff3a0
0x00000010621ff230:   0000020e00000006 00000010621ff3a0
0x00000010621ff240:   0000000052a3d77c 0000000000000000
0x00000010621ff250:   0000000000000000 0000000000000000 

Instructions: (pc=0x0000020eb647ff2b)
0x0000020eb647fe2b:   00 00 00 00 00 00 00 00 00 00 00 00 00 00 00 00
0x0000020eb647fe3b:   00 00 00 00 00 00 00 00 00 00 00 00 00 00 00 00
0x0000020eb647fe4b:   00 00 00 00 00 00 00 00 00 00 00 00 00 00 00 00
0x0000020eb647fe5b:   00 00 00 00 00 00 00 00 00 00 00 00 00 00 00 00
0x0000020eb647fe6b:   00 00 00 00 00 00 00 00 00 00 00 00 00 00 00 00
0x0000020eb647fe7b:   00 00 00 00 00 00 00 00 00 00 00 00 00 00 00 00
0x0000020eb647fe8b:   00 00 00 00 00 00 00 00 00 00 00 00 00 00 00 00
0x0000020eb647fe9b:   00 00 00 00 00 00 00 00 00 00 00 00 00 00 00 00
0x0000020eb647feab:   00 00 00 00 00 00 00 00 00 00 00 00 00 00 00 00
0x0000020eb647febb:   00 00 00 00 00 00 00 00 00 00 00 00 00 00 00 00
0x0000020eb647fecb:   00 00 00 00 00 00 00 00 00 00 00 00 00 00 00 00
0x0000020eb647fedb:   00 00 00 00 00 00 00 00 00 00 00 00 00 00 00 00
0x0000020eb647feeb:   00 00 00 00 00 00 00 00 00 00 00 00 00 40 ff ff
0x0000020eb647fefb:   ff c0 fe 00 00 48 83 ec 28 48 89 6c 24 20 48 89
0x0000020eb647ff0b:   5c 24 18 48 89 74 24 10 48 89 7c 24 08 48 8b d9
0x0000020eb647ff1b:   48 8b c2 49 8b e9 49 8b d0 48 8d 2c aa 4c 8b dd
0x0000020eb647ff2b:   8b 0a 49 ba f0 f0 c1 ff 0e 02 00 00 41 03 0a 48
0x0000020eb647ff3b:   83 c2 04 48 be 30 8e bf ff 0e 02 00 00 48 8b 36
0x0000020eb647ff4b:   48 8b b6 08 03 00 00 48 8b f9 48 c1 e7 04 48 03
0x0000020eb647ff5b:   f7 8b 3e 8b 6e 04 89 38 89 68 04 8b 7e 08 8b 6e
0x0000020eb647ff6b:   0c 89 78 08 89 68 0c 48 83 c0 10 49 3b d3 75 b0
0x0000020eb647ff7b:   48 8b 7c 24 08 48 8b 74 24 10 48 8b 5c 24 18 48
0x0000020eb647ff8b:   8b 6c 24 20 48 83 c4 28 c3 00 00 00 00 00 00 00
0x0000020eb647ff9b:   00 00 00 00 00 00 00 00 00 00 00 00 00 00 00 00
0x0000020eb647ffab:   00 00 00 00 00 00 00 00 00 00 00 00 00 c0 ff ff
0x0000020eb647ffbb:   ff c0 00 00 00 48 b8 a0 97 c3 ff 0e 02 00 00 48
0x0000020eb647ffcb:   8b 00 49 ba 08 d9 be ff 0e 02 00 00 48 83 ec 28
0x0000020eb647ffdb:   48 83 c4 28 c3 00 00 00 00 00 00 00 00 00 00 00
0x0000020eb647ffeb:   00 00 00 00 00 00 00 00 00 00 00 00 00 00 00 00
0x0000020eb647fffb:   00 40 00 00 00 00 00 00 00 00 00 00 00 81 2d 53
0x0000020eb648000b:   5f c9 fb 01 01 ee ff ee ff 02 00 00 00 18 00 bc
0x0000020eb648001b:   cd 0e 02 00 00 18 00 18 b4 0e 02 00 00 00 00 18 


Stack slot to memory mapping:
stack at sp + 0 slots: 0x0000000052a3d77c is an unknown value
stack at sp + 1 slots: 0x0000020e9f84d720 points into unknown readable memory: 0x0020100400000009 | 09 00 00 00 04 10 20 00
stack at sp + 2 slots: 0x0 is NULL
stack at sp + 3 slots: 0x0000000000000008 is an unknown value
stack at sp + 4 slots: 0x0000020effba0000 points into unknown readable memory: 0x0000020efea76970 | 70 69 a7 fe 0e 02 00 00
stack at sp + 5 slots: 0x00007ff9eefed9d6 nvoglv64.dll
stack at sp + 6 slots: 0x0000000000000080 is an unknown value
stack at sp + 7 slots: 0x0000020effba0000 points into unknown readable memory: 0x0000020efea76970 | 70 69 a7 fe 0e 02 00 00


Compiled method (n/a)  564098 1335     n 0       org.lwjgl.opengl.GL11C::nglDrawElements (native)
 total in heap  [0x0000020ec5a08690,0x0000020ec5a08a58] = 968
 relocation     [0x0000020ec5a087e8,0x0000020ec5a08818] = 48
 main code      [0x0000020ec5a08820,0x0000020ec5a08a50] = 560
 oops           [0x0000020ec5a08a50,0x0000020ec5a08a58] = 8

[Constant Pool (empty)]

[MachCode]
[Entry Point]
  # {method} {0x0000020efa5fb498} 'nglDrawElements' '(IIIJ)V' in 'org/lwjgl/opengl/GL11C'
  # parm0:    rdx       = int
  # parm1:    r8        = int
  # parm2:    r9        = int
  # parm3:    rdi:rdi   = long
  #           [sp+0x80]  (sp of caller)
  0x0000020ec5a08820: 448b 5208 | 49bb 0000 | 0000 0800 | 0000 4d03 | d349 3bc2 | 0f84 0600 

  0x0000020ec5a08838: ;   {runtime_call ic_miss_stub}
  0x0000020ec5a08838: 0000 e941 | 4243 f890 
[Verified Entry Point]
  0x0000020ec5a08840: 8984 2400 | 90ff ff55 | 488b ec48 | 83ec 7048 | 897c 2428 | 4c89 4c24 | 204d 8bc8 

  0x0000020ec5a0885c: ;   {oop(a 'java/lang/Class'{0x000000011ecffbd0} = 'org/lwjgl/opengl/GL11C')}
  0x0000020ec5a0885c: 4c8b c249 | bed0 fbcf | 1e01 0000 | 004c 8974 | 2460 4c8d | 7424 6049 | 8bd6 c5f8 

  0x0000020ec5a08878: ;   {internal_word}
  0x0000020ec5a08878: 7749 ba76 | 88a0 c50e | 0200 004d | 8997 7802 | 0000 4989 | a770 0200 

  0x0000020ec5a08890: ;   {external_word}
  0x0000020ec5a08890: 0049 ba9d | 3cc2 d3f9 | 7f00 0041 | 803a 000f | 8452 0000 | 0052 4150 

  0x0000020ec5a088a8: ;   {metadata({method} {0x0000020efa5fb498} 'nglDrawElements' '(IIIJ)V' in 'org/lwjgl/opengl/GL11C')}
  0x0000020ec5a088a8: 4151 48ba | 90b4 5ffa | 0e02 0000 | 498b cf48 | 83ec 20f7 | c40f 0000 | 000f 841a | 0000 0048 
  0x0000020ec5a088c8: ;   {runtime_call}
  0x0000020ec5a088c8: 83ec 0849 | ba90 d47e | d3f9 7f00 | 0041 ffd2 | 4883 c408 | e90d 0000 

  0x0000020ec5a088e0: ;   {runtime_call}
  0x0000020ec5a088e0: 0049 ba90 | d47e d3f9 | 7f00 0041 | ffd2 4883 | c420 4159 | 4158 5a49 | 8d8f 9002 | 0000 41c7 
  0x0000020ec5a08900: 8730 0300 | 0004 0000 

  0x0000020ec5a08908: ;   {runtime_call}
  0x0000020ec5a08908: 0049 bad0 | c50c 15fa | 7f00 0041 | ffd2 c5f8 | 7741 c787 | 3003 0000 | 0500 0000 | f083 4424 
  0x0000020ec5a08928: c000 493b | af38 0300 | 000f 8711 | 0000 0041 | 81bf 2003 | 0000 0000 | 0000 0f84 | 2400 0000 
  0x0000020ec5a08948: c5f8 7749 | 8bcf 4c8b | e448 83ec | 2048 83e4 

  0x0000020ec5a08958: ;   {runtime_call}
  0x0000020ec5a08958: f049 ba50 | 1689 d3f9 | 7f00 0041 | ffd2 498b | e44d 33e4 | 41c7 8730 | 0300 0008 | 0000 0041 
  0x0000020ec5a08978: 81bf a003 | 0000 0200 | 0000 0f84 | 9b00 0000 

  0x0000020ec5a08988: ;   {external_word}
  0x0000020ec5a08988: 49ba 9d3c | c2d3 f97f | 0000 4180 | 3a00 0f84 | 4800 0000 

  0x0000020ec5a0899c: ;   {metadata({method} {0x0000020efa5fb498} 'nglDrawElements' '(IIIJ)V' in 'org/lwjgl/opengl/GL11C')}
  0x0000020ec5a0899c: 48ba 90b4 | 5ffa 0e02 | 0000 498b | cf48 83ec | 20f7 c40f | 0000 000f | 841a 0000 | 0048 83ec 
  0x0000020ec5a089bc: ;   {runtime_call}
  0x0000020ec5a089bc: 0849 ba90 | d47e d3f9 | 7f00 0041 | ffd2 4883 | c408 e90d 

  0x0000020ec5a089d0: ;   {runtime_call}
  0x0000020ec5a089d0: 0000 0049 | ba90 d47e | d3f9 7f00 | 0041 ffd2 | 4883 c420 | 49c7 8770 | 0200 0000 | 0000 0049 
  0x0000020ec5a089f0: c787 7802 | 0000 0000 | 0000 c5f8 | 7749 8b8f | 0003 0000 | c781 0001 | 0000 0000 | 0000 c949 
  0x0000020ec5a08a10: 817f 0800 | 0000 000f | 8501 0000 

  0x0000020ec5a08a1c: ;   {runtime_call StubRoutines (1)}
  0x0000020ec5a08a1c: 00c3 e9dd | 843e f8c5 | f877 4c8b | e448 83ec | 2048 83e4 

  0x0000020ec5a08a30: ;   {runtime_call}
  0x0000020ec5a08a30: f049 ba50 | 047f d3f9 | 7f00 0041 | ffd2 498b | e44d 33e4 | e93f ffff | fff4 f4f4 | f4f4 f4f4 
[/MachCode]


Compiled method (c2)  564103 1351       4       de.m_marvin.renderengine.GLStateManager::drawElements (8 bytes)
 total in heap  [0x0000020ec5a0d890,0x0000020ec5a0db70] = 736
 relocation     [0x0000020ec5a0d9e8,0x0000020ec5a0da08] = 32
 main code      [0x0000020ec5a0da20,0x0000020ec5a0daa0] = 128
 stub code      [0x0000020ec5a0daa0,0x0000020ec5a0dac8] = 40
 oops           [0x0000020ec5a0dac8,0x0000020ec5a0dad0] = 8
 metadata       [0x0000020ec5a0dad0,0x0000020ec5a0dae8] = 24
 scopes data    [0x0000020ec5a0dae8,0x0000020ec5a0db20] = 56
 scopes pcs     [0x0000020ec5a0db20,0x0000020ec5a0db50] = 48
 dependencies   [0x0000020ec5a0db50,0x0000020ec5a0db58] = 8
 handler table  [0x0000020ec5a0db58,0x0000020ec5a0db70] = 24

[Constant Pool (empty)]

[MachCode]
[Verified Entry Point]
  # {method} {0x0000020efa636ef8} 'drawElements' '(III)V' in 'de/m_marvin/renderengine/GLStateManager'
  # parm0:    rdx       = int
  # parm1:    r8        = int
  # parm2:    r9        = int
  #           [sp+0x40]  (sp of caller)
  0x0000020ec5a0da20: 8984 2400 | 90ff ff55 | 4883 ec30 | 33ff 8954 | 2408 4489 | 4424 0c44 | 894c 2410 | 8954 2414 
  0x0000020ec5a0da40: 4489 4424 | 1844 894c 

  0x0000020ec5a0da48: ;   {static_call}
  0x0000020ec5a0da48: 241c 90e8 

  0x0000020ec5a0da4c: ; ImmutableOopMap {}
                      ;*invokestatic nglDrawElements {reexecute=0 rethrow=0 return_oop=0}
                      ; - org.lwjgl.opengl.GL11C::glDrawElements@4 (line 543)
                      ; - org.lwjgl.opengl.GL11::glDrawElements@4 (line 1870)
                      ; - de.m_marvin.renderengine.GLStateManager::drawElements@4 (line 137)
  0x0000020ec5a0da4c: f0ad ffff | 4883 c430 

  0x0000020ec5a0da54: ;   {poll_return}
  0x0000020ec5a0da54: 5d49 3ba7 | 3803 0000 | 0f87 0e00 | 0000 c348 | 8bd0 4883 

  0x0000020ec5a0da68: ;   {runtime_call _rethrow_Java}
  0x0000020ec5a0da68: c430 5de9 | 904b 4ff8 

  0x0000020ec5a0da70: ;   {internal_word}
  0x0000020ec5a0da70: 49ba 55da | a0c5 0e02 | 0000 4d89 | 9750 0300 

  0x0000020ec5a0da80: ;   {runtime_call SafepointBlob}
  0x0000020ec5a0da80: 00e9 7a59 | 43f8 f4f4 | f4f4 f4f4 | f4f4 f4f4 | f4f4 f4f4 | f4f4 f4f4 | f4f4 f4f4 | f4f4 f4f4 
[Stub Code]
  0x0000020ec5a0daa0: ;   {no_reloc}
  0x0000020ec5a0daa0: 48bb 0000 | 0000 0000 

  0x0000020ec5a0daa8: ;   {runtime_call}
  0x0000020ec5a0daa8: 0000 e9fb 

  0x0000020ec5a0daac: ;   {runtime_call ExceptionBlob}
  0x0000020ec5a0daac: ffff ffe9 | cc92 4ef8 
[Deopt Handler Code]
  0x0000020ec5a0dab4: e800 0000 | 0048 832c 

  0x0000020ec5a0dabc: ;   {runtime_call DeoptimizationBlob}
  0x0000020ec5a0dabc: 2405 e9dd | 4b43 f8f4 | f4f4 f4f4 
[/MachCode]


---------------  P R O C E S S  ---------------

Threads class SMR info:
_java_thread_list=0x0000020ea2b0ec50, length=15, elements={
0x0000020eb64bdb40, 0x0000020ef9bcb1d0, 0x0000020ef9bcbe80, 0x0000020ef9be2e00,
0x0000020ef9be46c0, 0x0000020ef9be4f70, 0x0000020ef9be5820, 0x0000020ef9be9b80,
0x0000020ef9c12710, 0x0000020ef9c267e0, 0x0000020ef9cd8220, 0x0000020ef9d97670,
0x0000020ef9e9be10, 0x0000020ef9e9d0a0, 0x0000020efe6f4580
}

Java Threads: ( => current thread )
=>0x0000020eb64bdb40 JavaThread "main" [_thread_in_native, id=20840, stack(0x0000001062100000,0x0000001062200000)]
  0x0000020ef9bcb1d0 JavaThread "Reference Handler" daemon [_thread_blocked, id=7748, stack(0x0000001062800000,0x0000001062900000)]
  0x0000020ef9bcbe80 JavaThread "Finalizer" daemon [_thread_blocked, id=21148, stack(0x0000001062900000,0x0000001062a00000)]
  0x0000020ef9be2e00 JavaThread "Signal Dispatcher" daemon [_thread_blocked, id=2672, stack(0x0000001062a00000,0x0000001062b00000)]
  0x0000020ef9be46c0 JavaThread "Attach Listener" daemon [_thread_blocked, id=19992, stack(0x0000001062b00000,0x0000001062c00000)]
  0x0000020ef9be4f70 JavaThread "Service Thread" daemon [_thread_blocked, id=984, stack(0x0000001062c00000,0x0000001062d00000)]
  0x0000020ef9be5820 JavaThread "Monitor Deflation Thread" daemon [_thread_blocked, id=22800, stack(0x0000001062d00000,0x0000001062e00000)]
  0x0000020ef9be9b80 JavaThread "C2 CompilerThread0" daemon [_thread_blocked, id=24176, stack(0x0000001062e00000,0x0000001062f00000)]
  0x0000020ef9c12710 JavaThread "C1 CompilerThread0" daemon [_thread_blocked, id=14964, stack(0x0000001062f00000,0x0000001063000000)]
  0x0000020ef9c267e0 JavaThread "Sweeper thread" daemon [_thread_blocked, id=12744, stack(0x0000001063000000,0x0000001063100000)]
  0x0000020ef9cd8220 JavaThread "Common-Cleaner" daemon [_thread_blocked, id=5784, stack(0x0000001063100000,0x0000001063200000)]
  0x0000020ef9d97670 JavaThread "JDWP Transport Listener: dt_socket" daemon [_thread_blocked, id=12128, stack(0x0000001063400000,0x0000001063500000)]
  0x0000020ef9e9be10 JavaThread "JDWP Event Helper Thread" daemon [_thread_blocked, id=24028, stack(0x0000001063500000,0x0000001063600000)]
  0x0000020ef9e9d0a0 JavaThread "JDWP Command Reader" daemon [_thread_in_native, id=3832, stack(0x0000001063600000,0x0000001063700000)]
  0x0000020efe6f4580 JavaThread "Notification Thread" daemon [_thread_blocked, id=13548, stack(0x0000001063900000,0x0000001063a00000)]

Other Threads:
  0x0000020ecdcea470 VMThread "VM Thread" [stack: 0x0000001062700000,0x0000001062800000] [id=24356]
  0x0000020efe7f7e30 WatcherThread "VM Periodic Task Thread" [stack: 0x0000001063a00000,0x0000001063b00000] [id=15416]
  0x0000020eb65697d0 WorkerThread "GC Thread#0" [stack: 0x0000001062200000,0x0000001062300000] [id=21584]
  0x0000020eb657b9d0 ConcurrentGCThread "G1 Main Marker" [stack: 0x0000001062300000,0x0000001062400000] [id=7604]
  0x0000020eb657c2d0 WorkerThread "G1 Conc#0" [stack: 0x0000001062400000,0x0000001062500000] [id=11848]
  0x0000020eb64e1380 ConcurrentGCThread "G1 Refine#0" [stack: 0x0000001062500000,0x0000001062600000] [id=10640]
  0x0000020ecdd61cb0 ConcurrentGCThread "G1 Service" [stack: 0x0000001062600000,0x0000001062700000] [id=15624]

Threads with active compile tasks:

VM state: not at safepoint (normal execution)

VM Mutex/Monitor currently owned by a thread: None

Heap address: 0x00000000a0000000, size: 30208 MB, Compressed Oops mode: Zero based, Oop shift amount: 3

CDS archive(s) mapped at: [0x0000000800000000-0x0000000800ba0000-0x0000000800ba0000), size 12189696, SharedBaseAddress: 0x0000000800000000, ArchiveRelocationMode: 0.
Compressed class space mapped at: 0x0000000800c00000-0x0000000840c00000, reserved size: 1073741824
Narrow klass base: 0x0000000800000000, Narrow klass shift: 0, Narrow klass range: 0x100000000

GC Precious Log:
 CardTable entry size: 512
 Card Set container configuration: InlinePtr #cards 3 size 8 Array Of Cards #cards 128 size 272 Howl #buckets 8 coarsen threshold 29491 Howl Bitmap #cards 4096 size 528 coarsen threshold 3686 Card regions per heap region 1 cards per card region 32768
 CPUs: 24 total, 24 available
 Memory: 127G
 Large Page Support: Disabled
 NUMA Support: Disabled
 Compressed Oops: Enabled (Zero based)
 Heap Region Size: 16M
 Heap Min Capacity: 16M
 Heap Initial Capacity: 2G
 Heap Max Capacity: 30208M
 Pre-touch: Disabled
 Parallel Workers: 18
 Concurrent Workers: 5
 Concurrent Refinement Workers: 18
 Periodic GC: Disabled

Heap:
 garbage-first heap   total 2097152K, used 49152K [0x00000000a0000000, 0x0000000800000000)
  region size 16384K, 4 young (65536K), 0 survivors (0K)
 Metaspace       used 7266K, committed 7424K, reserved 1114112K
  class space    used 516K, committed 576K, reserved 1048576K

Heap Regions: E=young(eden), S=young(survivor), O=old, HS=humongous(starts), HC=humongous(continues), CS=collection set, F=free, OA=open archive, CA=closed archive, TAMS=top-at-mark-start (previous, next)
|   0|0x00000000a0000000, 0x00000000a0000000, 0x00000000a1000000|  0%| F|  |TAMS 0x00000000a0000000, 0x00000000a0000000| Untracked 
|   1|0x00000000a1000000, 0x00000000a1000000, 0x00000000a2000000|  0%| F|  |TAMS 0x00000000a1000000, 0x00000000a1000000| Untracked 
|   2|0x00000000a2000000, 0x00000000a2000000, 0x00000000a3000000|  0%| F|  |TAMS 0x00000000a2000000, 0x00000000a2000000| Untracked 
|   3|0x00000000a3000000, 0x00000000a3000000, 0x00000000a4000000|  0%| F|  |TAMS 0x00000000a3000000, 0x00000000a3000000| Untracked 
|   4|0x00000000a4000000, 0x00000000a4000000, 0x00000000a5000000|  0%| F|  |TAMS 0x00000000a4000000, 0x00000000a4000000| Untracked 
|   5|0x00000000a5000000, 0x00000000a5000000, 0x00000000a6000000|  0%| F|  |TAMS 0x00000000a5000000, 0x00000000a5000000| Untracked 
|   6|0x00000000a6000000, 0x00000000a6000000, 0x00000000a7000000|  0%| F|  |TAMS 0x00000000a6000000, 0x00000000a6000000| Untracked 
|   7|0x00000000a7000000, 0x00000000a7000000, 0x00000000a8000000|  0%| F|  |TAMS 0x00000000a7000000, 0x00000000a7000000| Untracked 
|   8|0x00000000a8000000, 0x00000000a8000000, 0x00000000a9000000|  0%| F|  |TAMS 0x00000000a8000000, 0x00000000a8000000| Untracked 
|   9|0x00000000a9000000, 0x00000000a9000000, 0x00000000aa000000|  0%| F|  |TAMS 0x00000000a9000000, 0x00000000a9000000| Untracked 
|  10|0x00000000aa000000, 0x00000000aa000000, 0x00000000ab000000|  0%| F|  |TAMS 0x00000000aa000000, 0x00000000aa000000| Untracked 
|  11|0x00000000ab000000, 0x00000000ab000000, 0x00000000ac000000|  0%| F|  |TAMS 0x00000000ab000000, 0x00000000ab000000| Untracked 
|  12|0x00000000ac000000, 0x00000000ac000000, 0x00000000ad000000|  0%| F|  |TAMS 0x00000000ac000000, 0x00000000ac000000| Untracked 
|  13|0x00000000ad000000, 0x00000000ad000000, 0x00000000ae000000|  0%| F|  |TAMS 0x00000000ad000000, 0x00000000ad000000| Untracked 
|  14|0x00000000ae000000, 0x00000000ae000000, 0x00000000af000000|  0%| F|  |TAMS 0x00000000ae000000, 0x00000000ae000000| Untracked 
|  15|0x00000000af000000, 0x00000000af000000, 0x00000000b0000000|  0%| F|  |TAMS 0x00000000af000000, 0x00000000af000000| Untracked 
|  16|0x00000000b0000000, 0x00000000b0000000, 0x00000000b1000000|  0%| F|  |TAMS 0x00000000b0000000, 0x00000000b0000000| Untracked 
|  17|0x00000000b1000000, 0x00000000b1000000, 0x00000000b2000000|  0%| F|  |TAMS 0x00000000b1000000, 0x00000000b1000000| Untracked 
|  18|0x00000000b2000000, 0x00000000b2000000, 0x00000000b3000000|  0%| F|  |TAMS 0x00000000b2000000, 0x00000000b2000000| Untracked 
|  19|0x00000000b3000000, 0x00000000b3000000, 0x00000000b4000000|  0%| F|  |TAMS 0x00000000b3000000, 0x00000000b3000000| Untracked 
|  20|0x00000000b4000000, 0x00000000b4000000, 0x00000000b5000000|  0%| F|  |TAMS 0x00000000b4000000, 0x00000000b4000000| Untracked 
|  21|0x00000000b5000000, 0x00000000b5000000, 0x00000000b6000000|  0%| F|  |TAMS 0x00000000b5000000, 0x00000000b5000000| Untracked 
|  22|0x00000000b6000000, 0x00000000b6000000, 0x00000000b7000000|  0%| F|  |TAMS 0x00000000b6000000, 0x00000000b6000000| Untracked 
|  23|0x00000000b7000000, 0x00000000b7000000, 0x00000000b8000000|  0%| F|  |TAMS 0x00000000b7000000, 0x00000000b7000000| Untracked 
|  24|0x00000000b8000000, 0x00000000b8000000, 0x00000000b9000000|  0%| F|  |TAMS 0x00000000b8000000, 0x00000000b8000000| Untracked 
|  25|0x00000000b9000000, 0x00000000b9000000, 0x00000000ba000000|  0%| F|  |TAMS 0x00000000b9000000, 0x00000000b9000000| Untracked 
|  26|0x00000000ba000000, 0x00000000ba000000, 0x00000000bb000000|  0%| F|  |TAMS 0x00000000ba000000, 0x00000000ba000000| Untracked 
|  27|0x00000000bb000000, 0x00000000bb000000, 0x00000000bc000000|  0%| F|  |TAMS 0x00000000bb000000, 0x00000000bb000000| Untracked 
|  28|0x00000000bc000000, 0x00000000bc000000, 0x00000000bd000000|  0%| F|  |TAMS 0x00000000bc000000, 0x00000000bc000000| Untracked 
|  29|0x00000000bd000000, 0x00000000bd000000, 0x00000000be000000|  0%| F|  |TAMS 0x00000000bd000000, 0x00000000bd000000| Untracked 
|  30|0x00000000be000000, 0x00000000be000000, 0x00000000bf000000|  0%| F|  |TAMS 0x00000000be000000, 0x00000000be000000| Untracked 
|  31|0x00000000bf000000, 0x00000000bf000000, 0x00000000c0000000|  0%| F|  |TAMS 0x00000000bf000000, 0x00000000bf000000| Untracked 
|  32|0x00000000c0000000, 0x00000000c0000000, 0x00000000c1000000|  0%| F|  |TAMS 0x00000000c0000000, 0x00000000c0000000| Untracked 
|  33|0x00000000c1000000, 0x00000000c1000000, 0x00000000c2000000|  0%| F|  |TAMS 0x00000000c1000000, 0x00000000c1000000| Untracked 
|  34|0x00000000c2000000, 0x00000000c2000000, 0x00000000c3000000|  0%| F|  |TAMS 0x00000000c2000000, 0x00000000c2000000| Untracked 
|  35|0x00000000c3000000, 0x00000000c3000000, 0x00000000c4000000|  0%| F|  |TAMS 0x00000000c3000000, 0x00000000c3000000| Untracked 
|  36|0x00000000c4000000, 0x00000000c4000000, 0x00000000c5000000|  0%| F|  |TAMS 0x00000000c4000000, 0x00000000c4000000| Untracked 
|  37|0x00000000c5000000, 0x00000000c5000000, 0x00000000c6000000|  0%| F|  |TAMS 0x00000000c5000000, 0x00000000c5000000| Untracked 
|  38|0x00000000c6000000, 0x00000000c6000000, 0x00000000c7000000|  0%| F|  |TAMS 0x00000000c6000000, 0x00000000c6000000| Untracked 
|  39|0x00000000c7000000, 0x00000000c7000000, 0x00000000c8000000|  0%| F|  |TAMS 0x00000000c7000000, 0x00000000c7000000| Untracked 
|  40|0x00000000c8000000, 0x00000000c8000000, 0x00000000c9000000|  0%| F|  |TAMS 0x00000000c8000000, 0x00000000c8000000| Untracked 
|  41|0x00000000c9000000, 0x00000000c9000000, 0x00000000ca000000|  0%| F|  |TAMS 0x00000000c9000000, 0x00000000c9000000| Untracked 
|  42|0x00000000ca000000, 0x00000000ca000000, 0x00000000cb000000|  0%| F|  |TAMS 0x00000000ca000000, 0x00000000ca000000| Untracked 
|  43|0x00000000cb000000, 0x00000000cb000000, 0x00000000cc000000|  0%| F|  |TAMS 0x00000000cb000000, 0x00000000cb000000| Untracked 
|  44|0x00000000cc000000, 0x00000000cc000000, 0x00000000cd000000|  0%| F|  |TAMS 0x00000000cc000000, 0x00000000cc000000| Untracked 
|  45|0x00000000cd000000, 0x00000000cd000000, 0x00000000ce000000|  0%| F|  |TAMS 0x00000000cd000000, 0x00000000cd000000| Untracked 
|  46|0x00000000ce000000, 0x00000000ce000000, 0x00000000cf000000|  0%| F|  |TAMS 0x00000000ce000000, 0x00000000ce000000| Untracked 
|  47|0x00000000cf000000, 0x00000000cf000000, 0x00000000d0000000|  0%| F|  |TAMS 0x00000000cf000000, 0x00000000cf000000| Untracked 
|  48|0x00000000d0000000, 0x00000000d0000000, 0x00000000d1000000|  0%| F|  |TAMS 0x00000000d0000000, 0x00000000d0000000| Untracked 
|  49|0x00000000d1000000, 0x00000000d1000000, 0x00000000d2000000|  0%| F|  |TAMS 0x00000000d1000000, 0x00000000d1000000| Untracked 
|  50|0x00000000d2000000, 0x00000000d2000000, 0x00000000d3000000|  0%| F|  |TAMS 0x00000000d2000000, 0x00000000d2000000| Untracked 
|  51|0x00000000d3000000, 0x00000000d3000000, 0x00000000d4000000|  0%| F|  |TAMS 0x00000000d3000000, 0x00000000d3000000| Untracked 
|  52|0x00000000d4000000, 0x00000000d4000000, 0x00000000d5000000|  0%| F|  |TAMS 0x00000000d4000000, 0x00000000d4000000| Untracked 
|  53|0x00000000d5000000, 0x00000000d5000000, 0x00000000d6000000|  0%| F|  |TAMS 0x00000000d5000000, 0x00000000d5000000| Untracked 
|  54|0x00000000d6000000, 0x00000000d6000000, 0x00000000d7000000|  0%| F|  |TAMS 0x00000000d6000000, 0x00000000d6000000| Untracked 
|  55|0x00000000d7000000, 0x00000000d7000000, 0x00000000d8000000|  0%| F|  |TAMS 0x00000000d7000000, 0x00000000d7000000| Untracked 
|  56|0x00000000d8000000, 0x00000000d8000000, 0x00000000d9000000|  0%| F|  |TAMS 0x00000000d8000000, 0x00000000d8000000| Untracked 
|  57|0x00000000d9000000, 0x00000000d9000000, 0x00000000da000000|  0%| F|  |TAMS 0x00000000d9000000, 0x00000000d9000000| Untracked 
|  58|0x00000000da000000, 0x00000000da000000, 0x00000000db000000|  0%| F|  |TAMS 0x00000000da000000, 0x00000000da000000| Untracked 
|  59|0x00000000db000000, 0x00000000db000000, 0x00000000dc000000|  0%| F|  |TAMS 0x00000000db000000, 0x00000000db000000| Untracked 
|  60|0x00000000dc000000, 0x00000000dc000000, 0x00000000dd000000|  0%| F|  |TAMS 0x00000000dc000000, 0x00000000dc000000| Untracked 
|  61|0x00000000dd000000, 0x00000000dd000000, 0x00000000de000000|  0%| F|  |TAMS 0x00000000dd000000, 0x00000000dd000000| Untracked 
|  62|0x00000000de000000, 0x00000000de000000, 0x00000000df000000|  0%| F|  |TAMS 0x00000000de000000, 0x00000000de000000| Untracked 
|  63|0x00000000df000000, 0x00000000df000000, 0x00000000e0000000|  0%| F|  |TAMS 0x00000000df000000, 0x00000000df000000| Untracked 
|  64|0x00000000e0000000, 0x00000000e0000000, 0x00000000e1000000|  0%| F|  |TAMS 0x00000000e0000000, 0x00000000e0000000| Untracked 
|  65|0x00000000e1000000, 0x00000000e1000000, 0x00000000e2000000|  0%| F|  |TAMS 0x00000000e1000000, 0x00000000e1000000| Untracked 
|  66|0x00000000e2000000, 0x00000000e2000000, 0x00000000e3000000|  0%| F|  |TAMS 0x00000000e2000000, 0x00000000e2000000| Untracked 
|  67|0x00000000e3000000, 0x00000000e3000000, 0x00000000e4000000|  0%| F|  |TAMS 0x00000000e3000000, 0x00000000e3000000| Untracked 
|  68|0x00000000e4000000, 0x00000000e4000000, 0x00000000e5000000|  0%| F|  |TAMS 0x00000000e4000000, 0x00000000e4000000| Untracked 
|  69|0x00000000e5000000, 0x00000000e5000000, 0x00000000e6000000|  0%| F|  |TAMS 0x00000000e5000000, 0x00000000e5000000| Untracked 
|  70|0x00000000e6000000, 0x00000000e6000000, 0x00000000e7000000|  0%| F|  |TAMS 0x00000000e6000000, 0x00000000e6000000| Untracked 
|  71|0x00000000e7000000, 0x00000000e7000000, 0x00000000e8000000|  0%| F|  |TAMS 0x00000000e7000000, 0x00000000e7000000| Untracked 
|  72|0x00000000e8000000, 0x00000000e8000000, 0x00000000e9000000|  0%| F|  |TAMS 0x00000000e8000000, 0x00000000e8000000| Untracked 
|  73|0x00000000e9000000, 0x00000000e9000000, 0x00000000ea000000|  0%| F|  |TAMS 0x00000000e9000000, 0x00000000e9000000| Untracked 
|  74|0x00000000ea000000, 0x00000000ea000000, 0x00000000eb000000|  0%| F|  |TAMS 0x00000000ea000000, 0x00000000ea000000| Untracked 
|  75|0x00000000eb000000, 0x00000000eb000000, 0x00000000ec000000|  0%| F|  |TAMS 0x00000000eb000000, 0x00000000eb000000| Untracked 
|  76|0x00000000ec000000, 0x00000000ec000000, 0x00000000ed000000|  0%| F|  |TAMS 0x00000000ec000000, 0x00000000ec000000| Untracked 
|  77|0x00000000ed000000, 0x00000000ed000000, 0x00000000ee000000|  0%| F|  |TAMS 0x00000000ed000000, 0x00000000ed000000| Untracked 
|  78|0x00000000ee000000, 0x00000000ee000000, 0x00000000ef000000|  0%| F|  |TAMS 0x00000000ee000000, 0x00000000ee000000| Untracked 
|  79|0x00000000ef000000, 0x00000000ef000000, 0x00000000f0000000|  0%| F|  |TAMS 0x00000000ef000000, 0x00000000ef000000| Untracked 
|  80|0x00000000f0000000, 0x00000000f0000000, 0x00000000f1000000|  0%| F|  |TAMS 0x00000000f0000000, 0x00000000f0000000| Untracked 
|  81|0x00000000f1000000, 0x00000000f1000000, 0x00000000f2000000|  0%| F|  |TAMS 0x00000000f1000000, 0x00000000f1000000| Untracked 
|  82|0x00000000f2000000, 0x00000000f2000000, 0x00000000f3000000|  0%| F|  |TAMS 0x00000000f2000000, 0x00000000f2000000| Untracked 
|  83|0x00000000f3000000, 0x00000000f3000000, 0x00000000f4000000|  0%| F|  |TAMS 0x00000000f3000000, 0x00000000f3000000| Untracked 
|  84|0x00000000f4000000, 0x00000000f4000000, 0x00000000f5000000|  0%| F|  |TAMS 0x00000000f4000000, 0x00000000f4000000| Untracked 
|  85|0x00000000f5000000, 0x00000000f5000000, 0x00000000f6000000|  0%| F|  |TAMS 0x00000000f5000000, 0x00000000f5000000| Untracked 
|  86|0x00000000f6000000, 0x00000000f6000000, 0x00000000f7000000|  0%| F|  |TAMS 0x00000000f6000000, 0x00000000f6000000| Untracked 
|  87|0x00000000f7000000, 0x00000000f7000000, 0x00000000f8000000|  0%| F|  |TAMS 0x00000000f7000000, 0x00000000f7000000| Untracked 
|  88|0x00000000f8000000, 0x00000000f8000000, 0x00000000f9000000|  0%| F|  |TAMS 0x00000000f8000000, 0x00000000f8000000| Untracked 
|  89|0x00000000f9000000, 0x00000000f9000000, 0x00000000fa000000|  0%| F|  |TAMS 0x00000000f9000000, 0x00000000f9000000| Untracked 
|  90|0x00000000fa000000, 0x00000000fa000000, 0x00000000fb000000|  0%| F|  |TAMS 0x00000000fa000000, 0x00000000fa000000| Untracked 
|  91|0x00000000fb000000, 0x00000000fb000000, 0x00000000fc000000|  0%| F|  |TAMS 0x00000000fb000000, 0x00000000fb000000| Untracked 
|  92|0x00000000fc000000, 0x00000000fc000000, 0x00000000fd000000|  0%| F|  |TAMS 0x00000000fc000000, 0x00000000fc000000| Untracked 
|  93|0x00000000fd000000, 0x00000000fd000000, 0x00000000fe000000|  0%| F|  |TAMS 0x00000000fd000000, 0x00000000fd000000| Untracked 
|  94|0x00000000fe000000, 0x00000000fe000000, 0x00000000ff000000|  0%| F|  |TAMS 0x00000000fe000000, 0x00000000fe000000| Untracked 
|  95|0x00000000ff000000, 0x00000000ff000000, 0x0000000100000000|  0%| F|  |TAMS 0x00000000ff000000, 0x00000000ff000000| Untracked 
|  96|0x0000000100000000, 0x0000000100000000, 0x0000000101000000|  0%| F|  |TAMS 0x0000000100000000, 0x0000000100000000| Untracked 
|  97|0x0000000101000000, 0x0000000101000000, 0x0000000102000000|  0%| F|  |TAMS 0x0000000101000000, 0x0000000101000000| Untracked 
|  98|0x0000000102000000, 0x0000000102000000, 0x0000000103000000|  0%| F|  |TAMS 0x0000000102000000, 0x0000000102000000| Untracked 
|  99|0x0000000103000000, 0x0000000103000000, 0x0000000104000000|  0%| F|  |TAMS 0x0000000103000000, 0x0000000103000000| Untracked 
| 100|0x0000000104000000, 0x0000000104000000, 0x0000000105000000|  0%| F|  |TAMS 0x0000000104000000, 0x0000000104000000| Untracked 
| 101|0x0000000105000000, 0x0000000105000000, 0x0000000106000000|  0%| F|  |TAMS 0x0000000105000000, 0x0000000105000000| Untracked 
| 102|0x0000000106000000, 0x0000000106000000, 0x0000000107000000|  0%| F|  |TAMS 0x0000000106000000, 0x0000000106000000| Untracked 
| 103|0x0000000107000000, 0x0000000107000000, 0x0000000108000000|  0%| F|  |TAMS 0x0000000107000000, 0x0000000107000000| Untracked 
| 104|0x0000000108000000, 0x0000000108000000, 0x0000000109000000|  0%| F|  |TAMS 0x0000000108000000, 0x0000000108000000| Untracked 
| 105|0x0000000109000000, 0x0000000109000000, 0x000000010a000000|  0%| F|  |TAMS 0x0000000109000000, 0x0000000109000000| Untracked 
| 106|0x000000010a000000, 0x000000010a000000, 0x000000010b000000|  0%| F|  |TAMS 0x000000010a000000, 0x000000010a000000| Untracked 
| 107|0x000000010b000000, 0x000000010b000000, 0x000000010c000000|  0%| F|  |TAMS 0x000000010b000000, 0x000000010b000000| Untracked 
| 108|0x000000010c000000, 0x000000010c000000, 0x000000010d000000|  0%| F|  |TAMS 0x000000010c000000, 0x000000010c000000| Untracked 
| 109|0x000000010d000000, 0x000000010d000000, 0x000000010e000000|  0%| F|  |TAMS 0x000000010d000000, 0x000000010d000000| Untracked 
| 110|0x000000010e000000, 0x000000010e000000, 0x000000010f000000|  0%| F|  |TAMS 0x000000010e000000, 0x000000010e000000| Untracked 
| 111|0x000000010f000000, 0x000000010f000000, 0x0000000110000000|  0%| F|  |TAMS 0x000000010f000000, 0x000000010f000000| Untracked 
| 112|0x0000000110000000, 0x0000000110000000, 0x0000000111000000|  0%| F|  |TAMS 0x0000000110000000, 0x0000000110000000| Untracked 
| 113|0x0000000111000000, 0x0000000111000000, 0x0000000112000000|  0%| F|  |TAMS 0x0000000111000000, 0x0000000111000000| Untracked 
| 114|0x0000000112000000, 0x0000000112000000, 0x0000000113000000|  0%| F|  |TAMS 0x0000000112000000, 0x0000000112000000| Untracked 
| 115|0x0000000113000000, 0x0000000113000000, 0x0000000114000000|  0%| F|  |TAMS 0x0000000113000000, 0x0000000113000000| Untracked 
| 116|0x0000000114000000, 0x0000000114000000, 0x0000000115000000|  0%| F|  |TAMS 0x0000000114000000, 0x0000000114000000| Untracked 
| 117|0x0000000115000000, 0x0000000115000000, 0x0000000116000000|  0%| F|  |TAMS 0x0000000115000000, 0x0000000115000000| Untracked 
| 118|0x0000000116000000, 0x0000000116000000, 0x0000000117000000|  0%| F|  |TAMS 0x0000000116000000, 0x0000000116000000| Untracked 
| 119|0x0000000117000000, 0x0000000117000000, 0x0000000118000000|  0%| F|  |TAMS 0x0000000117000000, 0x0000000117000000| Untracked 
| 120|0x0000000118000000, 0x0000000118000000, 0x0000000119000000|  0%| F|  |TAMS 0x0000000118000000, 0x0000000118000000| Untracked 
| 121|0x0000000119000000, 0x0000000119000000, 0x000000011a000000|  0%| F|  |TAMS 0x0000000119000000, 0x0000000119000000| Untracked 
| 122|0x000000011a000000, 0x000000011a000000, 0x000000011b000000|  0%| F|  |TAMS 0x000000011a000000, 0x000000011a000000| Untracked 
| 123|0x000000011b000000, 0x000000011b000000, 0x000000011c000000|  0%| F|  |TAMS 0x000000011b000000, 0x000000011b000000| Untracked 
| 124|0x000000011c000000, 0x000000011c3d7940, 0x000000011d000000| 24%| E|  |TAMS 0x000000011c000000, 0x000000011c000000| Complete 
| 125|0x000000011d000000, 0x000000011e000000, 0x000000011e000000|100%| E|CS|TAMS 0x000000011d000000, 0x000000011d000000| Complete 
| 126|0x000000011e000000, 0x000000011f000000, 0x000000011f000000|100%| E|CS|TAMS 0x000000011e000000, 0x000000011e000000| Complete 
| 127|0x000000011f000000, 0x0000000120000000, 0x0000000120000000|100%| E|CS|TAMS 0x000000011f000000, 0x000000011f000000| Complete 

Card table byte_map: [0x0000020ed18c0000,0x0000020ed53c0000] _byte_map_base: 0x0000020ed13c0000

Marking Bits (Prev, Next): (CMBitMap*) 0x0000020eb656acf0, (CMBitMap*) 0x0000020eb656ad30
 Prev Bits: [0x0000020ed8ec0000, 0x0000020ef66c0000)
 Next Bits: [0x0000020e80000000, 0x0000020e9d800000)

Polling page: 0x0000020eb4370000

Metaspace:

Usage:
  Non-class:      6.59 MB used.
      Class:    516.02 KB used.
       Both:      7.10 MB used.

Virtual space:
  Non-class space:       64.00 MB reserved,       6.69 MB ( 10%) committed,  1 nodes.
      Class space:        1.00 GB reserved,     576.00 KB ( <1%) committed,  1 nodes.
             Both:        1.06 GB reserved,       7.25 MB ( <1%) committed. 

Chunk freelists:
   Non-Class:  672.00 KB
       Class:  3.38 MB
        Both:  4.04 MB

MaxMetaspaceSize: unlimited
CompressedClassSpaceSize: 1.00 GB
Initial GC threshold: 21.00 MB
Current GC threshold: 21.00 MB
CDS: on
MetaspaceReclaimPolicy: balanced
 - commit_granule_bytes: 65536.
 - commit_granule_words: 8192.
 - virtual_space_node_default_size: 8388608.
 - enlarge_chunks_in_place: 1.
 - new_chunks_are_fully_committed: 0.
 - uncommit_free_chunks: 1.
 - use_allocation_guard: 0.


Internal statistics:

num_allocs_failed_limit: 0.
num_arena_births: 96.
num_arena_deaths: 0.
num_vsnodes_births: 2.
num_vsnodes_deaths: 0.
num_space_committed: 114.
num_space_uncommitted: 0.
num_chunks_returned_to_freelist: 0.
num_chunks_taken_from_freelist: 240.
num_chunk_merges: 0.
num_chunk_splits: 173.
num_chunks_enlarged: 133.
num_inconsistent_stats: 0.

CodeHeap 'non-profiled nmethods': size=119168Kb used=509Kb max_used=509Kb free=118658Kb
 bounds [0x0000020ec5990000, 0x0000020ec5c00000, 0x0000020eccdf0000]
CodeHeap 'profiled nmethods': size=119104Kb used=2584Kb max_used=2584Kb free=116519Kb
 bounds [0x0000020ebe540000, 0x0000020ebe7d0000, 0x0000020ec5990000]
CodeHeap 'non-nmethods': size=7488Kb used=1653Kb max_used=3380Kb free=5834Kb
 bounds [0x0000020ebddf0000, 0x0000020ebe150000, 0x0000020ebe540000]
 total_blobs=2364 nmethods=1367 adapters=910
 compilation: enabled
              stopped_count=0, restarted_count=0
 full_count=0

Compilation events (20 events):
Event: 186.985 Thread 0x0000020ef9be9b80 1359       4       org.lwjgl.glfw.GLFW::glfwWindowShouldClose (29 bytes)
Event: 186.985 Thread 0x0000020ef9be9b80 nmethod 1359 0x0000020ec5a0e490 code [0x0000020ec5a0e620, 0x0000020ec5a0e6e8]
Event: 259.551 Thread 0x0000020ef9be9b80 1360       4       de.m_marvin.renderengine.RenderEngine$Window::swapFrames (8 bytes)
Event: 259.552 Thread 0x0000020ef9be9b80 nmethod 1360 0x0000020ec5a0e810 code [0x0000020ec5a0e9a0, 0x0000020ec5a0ea88]
Event: 259.568 Thread 0x0000020ef9be9b80 1361       4       de.m_marvin.renderengine.RenderEngine$Window::pollEvents (4 bytes)
Event: 259.568 Thread 0x0000020ef9be9b80 nmethod 1361 0x0000020ec5a0eb90 code [0x0000020ec5a0ed20, 0x0000020ec5a0edc8]
Event: 276.635 Thread 0x0000020ef9be9b80 1362       4       de.m_marvin.renderengine.RenderEngine$Window::shouldClose (8 bytes)
Event: 276.635 Thread 0x0000020ef9be9b80 nmethod 1362 0x0000020ec5a0ee90 code [0x0000020ec5a0f020, 0x0000020ec5a0f128]
Event: 498.453 Thread 0x0000020ef9be9b80 1363       4       de.m_marvin.renderengine.GLStateManager::bindBufferObject (6 bytes)
Event: 498.453 Thread 0x0000020ef9be9b80 nmethod 1363 0x0000020ec5a0f290 code [0x0000020ec5a0f420, 0x0000020ec5a0f4a8]
Event: 501.653 Thread 0x0000020ef9c12710 1364       3       de.m_marvin.renderengine.buffers.VertexBuffer::bind (12 bytes)
Event: 501.653 Thread 0x0000020ef9c12710 nmethod 1364 0x0000020ebe7c4190 code [0x0000020ebe7c4380, 0x0000020ebe7c47e8]
Event: 501.653 Thread 0x0000020ef9c12710 1365       3       de.m_marvin.renderengine.buffers.VertexBuffer::bindBuffers (19 bytes)
Event: 501.653 Thread 0x0000020ef9c12710 nmethod 1365 0x0000020ebe7c4a10 code [0x0000020ebe7c4be0, 0x0000020ebe7c4ed8]
Event: 501.653 Thread 0x0000020ef9c12710 1366       3       de.m_marvin.renderengine.buffers.VertexBuffer::indecieFormat (7 bytes)
Event: 501.653 Thread 0x0000020ef9c12710 nmethod 1366 0x0000020ebe7c5090 code [0x0000020ebe7c5220, 0x0000020ebe7c5358]
Event: 501.653 Thread 0x0000020ef9c12710 1367       3       de.m_marvin.renderengine.buffers.VertexBuffer::unbind (9 bytes)
Event: 501.653 Thread 0x0000020ef9c12710 nmethod 1367 0x0000020ebe7c5410 code [0x0000020ebe7c5600, 0x0000020ebe7c5a48]
Event: 501.653 Thread 0x0000020ef9c12710 1368       3       de.m_marvin.renderengine.buffers.VertexBuffer::unbindBuffers (13 bytes)
Event: 501.654 Thread 0x0000020ef9c12710 nmethod 1368 0x0000020ebe7c5c10 code [0x0000020ebe7c5de0, 0x0000020ebe7c60d8]

GC Heap History (0 events):
No events

Deoptimization events (20 events):
Event: 0.504 Thread 0x0000020eb64bdb40 DEOPT PACKING pc=0x0000020ec59a9cc8 sp=0x00000010621fe7e0
Event: 0.504 Thread 0x0000020eb64bdb40 DEOPT UNPACKING pc=0x0000020ebde423a3 sp=0x00000010621fe780 mode 2
Event: 0.506 Thread 0x0000020eb64bdb40 Uncommon trap: trap_request=0xffffff54 fr.pc=0x0000020ec59de3ec relative=0x000000000000006c
Event: 0.506 Thread 0x0000020eb64bdb40 Uncommon trap: reason=speculate_null_assert action=make_not_entrant pc=0x0000020ec59de3ec method=sun.misc.Unsafe.putLong(Ljava/lang/Object;JJ)V @ 7 c2
Event: 0.506 Thread 0x0000020eb64bdb40 DEOPT PACKING pc=0x0000020ec59de3ec sp=0x00000010621ff310
Event: 0.506 Thread 0x0000020eb64bdb40 DEOPT UNPACKING pc=0x0000020ebde423a3 sp=0x00000010621ff2a8 mode 2
Event: 0.627 Thread 0x0000020eb64bdb40 Uncommon trap: trap_request=0xffffff45 fr.pc=0x0000020ec59e6348 relative=0x00000000000002a8
Event: 0.627 Thread 0x0000020eb64bdb40 Uncommon trap: reason=unstable_if action=reinterpret pc=0x0000020ec59e6348 method=java.util.HashMap.getNode(Ljava/lang/Object;)Ljava/util/HashMap$Node; @ 66 c2
Event: 0.627 Thread 0x0000020eb64bdb40 DEOPT PACKING pc=0x0000020ec59e6348 sp=0x00000010621ff1f0
Event: 0.627 Thread 0x0000020eb64bdb40 DEOPT UNPACKING pc=0x0000020ebde423a3 sp=0x00000010621ff180 mode 2
Event: 0.627 Thread 0x0000020eb64bdb40 Uncommon trap: trap_request=0xffffffc6 fr.pc=0x0000020ec59e13ac relative=0x00000000000010cc
Event: 0.627 Thread 0x0000020eb64bdb40 Uncommon trap: reason=bimorphic_or_optimized_type_check action=maybe_recompile pc=0x0000020ec59e13ac method=java.util.HashMap.putVal(ILjava/lang/Object;Ljava/lang/Object;ZZ)Ljava/lang/Object; @ 91 c2
Event: 0.627 Thread 0x0000020eb64bdb40 DEOPT PACKING pc=0x0000020ec59e13ac sp=0x00000010621ff1a0
Event: 0.627 Thread 0x0000020eb64bdb40 DEOPT UNPACKING pc=0x0000020ebde423a3 sp=0x00000010621ff148 mode 2
Event: 0.628 Thread 0x0000020eb64bdb40 Uncommon trap: trap_request=0xffffff45 fr.pc=0x0000020ec59dae18 relative=0x00000000000002f8
Event: 0.628 Thread 0x0000020eb64bdb40 Uncommon trap: reason=unstable_if action=reinterpret pc=0x0000020ec59dae18 method=java.util.concurrent.ConcurrentHashMap.get(Ljava/lang/Object;)Ljava/lang/Object; @ 76 c2
Event: 0.628 Thread 0x0000020eb64bdb40 DEOPT PACKING pc=0x0000020ec59dae18 sp=0x00000010621ff380
Event: 0.628 Thread 0x0000020eb64bdb40 DEOPT UNPACKING pc=0x0000020ebde423a3 sp=0x00000010621ff318 mode 2
Event: 169.927 Thread 0x0000020ef9d97670 DEOPT PACKING pc=0x0000020ebe731261 sp=0x00000010634fddd0
Event: 169.927 Thread 0x0000020ef9d97670 DEOPT UNPACKING pc=0x0000020ebde42b43 sp=0x00000010634fd2e8 mode 0

Classes loaded (20 events):
Event: 0.606 Loading class java/util/concurrent/atomic/AtomicBoolean
Event: 0.606 Loading class java/util/concurrent/atomic/AtomicBoolean done
Event: 0.606 Loading class java/util/concurrent/atomic/AtomicIntegerArray
Event: 0.606 Loading class java/util/concurrent/atomic/AtomicIntegerArray done
Event: 0.607 Loading class java/util/UUID
Event: 0.607 Loading class java/util/UUID done
Event: 0.608 Loading class java/util/Currency
Event: 0.608 Loading class java/util/Currency done
Event: 0.611 Loading class java/util/concurrent/atomic/AtomicLongArray
Event: 0.611 Loading class java/util/concurrent/atomic/AtomicLongArray done
Event: 0.616 Loading class sun/nio/cs/StreamDecoder
Event: 0.616 Loading class sun/nio/cs/StreamDecoder done
Event: 0.616 Loading class sun/nio/cs/UTF_8$Decoder
Event: 0.616 Loading class sun/nio/cs/UTF_8$Decoder done
Event: 0.618 Loading class java/io/InvalidObjectException
Event: 0.619 Loading class java/io/ObjectStreamException
Event: 0.619 Loading class java/io/ObjectStreamException done
Event: 0.619 Loading class java/io/InvalidObjectException done
Event: 0.620 Loading class java/io/BufferedReader
Event: 0.620 Loading class java/io/BufferedReader done

Classes unloaded (0 events):
No events

Classes redefined (6 events):
Event: 91.013 Thread 0x0000020ecdcea470 redefined class name=de.m_marvin.renderengine.vertecies.VertexFormat, count=1
Event: 91.013 Thread 0x0000020ecdcea470 redefined class name=de.m_marvin.renderengine.vertecies.VertexFormat$VertexElement, count=1
Event: 169.929 Thread 0x0000020ecdcea470 redefined class name=de.m_marvin.renderengine.RenderEngine$Window, count=1
Event: 169.929 Thread 0x0000020ecdcea470 redefined class name=de.m_marvin.renderengine.RenderEngine, count=1
Event: 497.403 Thread 0x0000020ecdcea470 redefined class name=de.m_marvin.renderengine.buffers.VertexBuffer, count=1
Event: 564.044 Thread 0x0000020ecdcea470 redefined class name=de.m_marvin.renderengine.buffers.VertexBuffer, count=2

Internal exceptions (20 events):
Event: 0.263 Thread 0x0000020eb64bdb40 Exception <a 'sun/nio/fs/WindowsException'{0x000000011e348d70}> (0x000000011e348d70) 
thrown [s\open\src\hotspot\share\prims\jni.cpp, line 516]
Event: 0.269 Thread 0x0000020eb64bdb40 Exception <a 'sun/nio/fs/WindowsException'{0x000000011e36d470}> (0x000000011e36d470) 
thrown [s\open\src\hotspot\share\prims\jni.cpp, line 516]
Event: 0.269 Thread 0x0000020eb64bdb40 Exception <a 'sun/nio/fs/WindowsException'{0x000000011e36d7d0}> (0x000000011e36d7d0) 
thrown [s\open\src\hotspot\share\prims\jni.cpp, line 516]
Event: 0.273 Thread 0x0000020eb64bdb40 Exception <a 'java/lang/NoSuchMethodError'{0x000000011e412208}: 'java.lang.Object java.lang.invoke.DirectMethodHandle$Holder.invokeStaticInit(java.lang.Object)'> (0x000000011e412208) 
thrown [s\open\src\hotspot\share\interpreter\linkResolver.cpp, line 759]
Event: 0.277 Thread 0x0000020eb64bdb40 Exception <a 'java/lang/NoSuchMethodError'{0x000000011e461770}: 'int java.lang.invoke.DirectMethodHandle$Holder.invokeStaticInit(java.lang.Object, java.lang.Object, int, long)'> (0x000000011e461770) 
thrown [s\open\src\hotspot\share\interpreter\linkResolver.cpp, line 759]
Event: 0.277 Thread 0x0000020eb64bdb40 Exception <a 'java/lang/NoSuchMethodError'{0x000000011e467038}: 'java.lang.Object java.lang.invoke.DirectMethodHandle$Holder.newInvokeSpecial(java.lang.Object, java.lang.Object, int)'> (0x000000011e467038) 
thrown [s\open\src\hotspot\share\interpreter\linkResolver.cpp, line 759]
Event: 0.278 Thread 0x0000020eb64bdb40 Exception <a 'java/lang/NoSuchMethodError'{0x000000011e481490}: 'int java.lang.invoke.DirectMethodHandle$Holder.invokeStaticInit(java.lang.Object, java.lang.Object, long, long)'> (0x000000011e481490) 
thrown [s\open\src\hotspot\share\interpreter\linkResolver.cpp, line 759]
Event: 0.279 Thread 0x0000020eb64bdb40 Exception <a 'java/lang/NoSuchMethodError'{0x000000011e4875a0}: 'java.lang.Object java.lang.invoke.DirectMethodHandle$Holder.newInvokeSpecial(java.lang.Object, java.lang.Object, long)'> (0x000000011e4875a0) 
thrown [s\open\src\hotspot\share\interpreter\linkResolver.cpp, line 759]
Event: 0.279 Thread 0x0000020eb64bdb40 Exception <a 'java/lang/NoSuchMethodError'{0x000000011e48b8a0}: 'java.lang.Object java.lang.invoke.Invokers$Holder.linkToTargetMethod(java.lang.Object, long, java.lang.Object)'> (0x000000011e48b8a0) 
thrown [s\open\src\hotspot\share\interpreter\linkResolver.cpp, line 759]
Event: 0.279 Thread 0x0000020eb64bdb40 Exception <a 'java/lang/NoSuchMethodError'{0x000000011e492e48}: 'int java.lang.invoke.DirectMethodHandle$Holder.invokeStaticInit(java.lang.Object, java.lang.Object, java.lang.Object, long)'> (0x000000011e492e48) 
thrown [s\open\src\hotspot\share\interpreter\linkResolver.cpp, line 759]
Event: 0.311 Thread 0x0000020eb64bdb40 Exception <a 'java/lang/NoSuchMethodError'{0x000000011e748f80}: 'int java.lang.invoke.Invokers$Holder.invokeExact_MT(java.lang.Object, java.lang.Object)'> (0x000000011e748f80) 
thrown [s\open\src\hotspot\share\interpreter\linkResolver.cpp, line 759]
Event: 0.492 Thread 0x0000020eb64bdb40 Exception <a 'java/lang/NoSuchMethodError'{0x000000011e7b2598}: 'void java.lang.System.load(java.lang.String, java.lang.Class)'> (0x000000011e7b2598) 
thrown [s\open\src\hotspot\share\interpreter\linkResolver.cpp, line 759]
Event: 0.492 Thread 0x0000020eb64bdb40 Exception <a 'java/lang/NoSuchMethodError'{0x000000011e7b5428}: 'void java.lang.System.loadLibrary(java.lang.String, java.lang.Class)'> (0x000000011e7b5428) 
thrown [s\open\src\hotspot\share\interpreter\linkResolver.cpp, line 759]
Event: 0.496 Thread 0x0000020eb64bdb40 Exception <a 'sun/nio/fs/WindowsException'{0x000000011e7c57b0}> (0x000000011e7c57b0) 
thrown [s\open\src\hotspot\share\prims\jni.cpp, line 516]
Event: 0.496 Thread 0x0000020eb64bdb40 Exception <a 'sun/nio/fs/WindowsException'{0x000000011e7c5b58}> (0x000000011e7c5b58) 
thrown [s\open\src\hotspot\share\prims\jni.cpp, line 516]
Event: 0.498 Thread 0x0000020eb64bdb40 Exception <a 'sun/nio/fs/WindowsException'{0x000000011e7ce2d8}> (0x000000011e7ce2d8) 
thrown [s\open\src\hotspot\share\prims\jni.cpp, line 516]
Event: 0.498 Thread 0x0000020eb64bdb40 Exception <a 'sun/nio/fs/WindowsException'{0x000000011e7ce5b8}> (0x000000011e7ce5b8) 
thrown [s\open\src\hotspot\share\prims\jni.cpp, line 516]
Event: 0.561 Thread 0x0000020eb64bdb40 Exception <a 'java/lang/NoSuchMethodError'{0x000000011edceb68}: 'void java.lang.invoke.DirectMethodHandle$Holder.invokeStaticInit(java.lang.Object, java.lang.Object, java.lang.Object)'> (0x000000011edceb68) 
thrown [s\open\src\hotspot\share\interpreter\linkResolver.cpp, line 759]
Event: 0.566 Thread 0x0000020eb64bdb40 Exception <a 'java/lang/NoSuchMethodError'{0x000000011ee3d4b0}: 'void java.lang.invoke.DirectMethodHandle$Holder.invokeSpecial(java.lang.Object, java.lang.Object, int)'> (0x000000011ee3d4b0) 
thrown [s\open\src\hotspot\share\interpreter\linkResolver.cpp, line 759]
Event: 0.625 Thread 0x0000020eb64bdb40 Exception <a 'java/lang/NoSuchMethodError'{0x000000011d860f20}: 'void java.lang.invoke.DirectMethodHandle$Holder.invokeStaticInit(java.lang.Object, int, int, java.lang.Object)'> (0x000000011d860f20) 
thrown [s\open\src\hotspot\share\interpreter\linkResolver.cpp, line 759]

VM Operations (20 events):
Event: 0.258 Executing VM operation: HandshakeAllThreads
Event: 0.258 Executing VM operation: HandshakeAllThreads done
Event: 0.263 Executing VM operation: HandshakeAllThreads
Event: 0.263 Executing VM operation: HandshakeAllThreads done
Event: 0.504 Executing VM operation: HandshakeAllThreads
Event: 0.504 Executing VM operation: HandshakeAllThreads done
Event: 1.508 Executing VM operation: Cleanup
Event: 1.508 Executing VM operation: Cleanup done
Event: 10.563 Executing VM operation: Cleanup
Event: 10.563 Executing VM operation: Cleanup done
Event: 45.748 Executing VM operation: Cleanup
Event: 45.748 Executing VM operation: Cleanup done
Event: 91.011 Executing VM operation: RedefineClasses
Event: 91.015 Executing VM operation: RedefineClasses done
Event: 169.928 Executing VM operation: RedefineClasses
Event: 169.932 Executing VM operation: RedefineClasses done
Event: 497.401 Executing VM operation: RedefineClasses
Event: 497.405 Executing VM operation: RedefineClasses done
Event: 564.043 Executing VM operation: RedefineClasses
Event: 564.047 Executing VM operation: RedefineClasses done

Events (20 events):
Event: 0.102 Loaded shared library C:\Program Files\Java\jdk-18.0.2\bin\zip.dll
Event: 0.104 Loaded shared library C:\Program Files\Java\jdk-18.0.2\bin\instrument.dll
Event: 0.107 Loaded shared library C:\Program Files\Java\jdk-18.0.2\bin\net.dll
Event: 0.108 Loaded shared library C:\Program Files\Java\jdk-18.0.2\bin\nio.dll
Event: 0.110 Loaded shared library C:\Program Files\Java\jdk-18.0.2\bin\zip.dll
Event: 0.157 Loaded shared library C:\Program Files\Java\jdk-18.0.2\bin\jimage.dll
Event: 0.165 Thread 0x0000020efe5b9fe0 Thread added: 0x0000020efe5b9fe0
Event: 0.195 Thread 0x0000020efe5b78d0 Thread added: 0x0000020efe5b78d0
Event: 0.199 Thread 0x0000020efe6f4580 Thread added: 0x0000020efe6f4580
Event: 0.203 Loaded shared library C:\Program Files\Java\jdk-18.0.2\bin\verify.dll
Event: 0.264 Loaded shared library C:\Users\marvi\AppData\Local\Temp\lwjglmarvi\3.3.1-build-7\lwjgl.dll
Event: 0.490 Thread 0x0000020efe5b78d0 Thread exited: 0x0000020efe5b78d0
Event: 0.497 Loaded shared library C:\Users\marvi\AppData\Local\Temp\lwjglmarvi\3.3.1-build-7\lwjgl_opengl.dll
Event: 0.508 Thread 0x0000020e9fba2900 Thread added: 0x0000020e9fba2900
Event: 0.585 Thread 0x0000020e9fb997c0 Thread added: 0x0000020e9fb997c0
Event: 0.933 Thread 0x0000020e9fb997c0 Thread exited: 0x0000020e9fb997c0
Event: 0.933 Thread 0x0000020e9fba2900 Thread exited: 0x0000020e9fba2900
Event: 2.683 Thread 0x0000020ecddb9160 Thread exited: 0x0000020ecddb9160
Event: 2.683 Thread 0x0000020ef9d188e0 Thread exited: 0x0000020ef9d188e0
Event: 2.683 Thread 0x0000020efe5b9fe0 Thread exited: 0x0000020efe5b9fe0


Dynamic libraries:
0x00007ff6edbe0000 - 0x00007ff6edbf0000 	C:\Program Files\Java\jdk-18.0.2\bin\javaw.exe
0x00007ffa5c6b0000 - 0x00007ffa5c8a8000 	C:\WINDOWS\SYSTEM32\ntdll.dll
0x00007ffa5bed0000 - 0x00007ffa5bf8d000 	C:\WINDOWS\System32\KERNEL32.DLL
0x00007ffa59ec0000 - 0x00007ffa5a192000 	C:\WINDOWS\System32\KERNELBASE.dll
0x00007ffa5a610000 - 0x00007ffa5a710000 	C:\WINDOWS\System32\ucrtbase.dll
0x00007ffa51d20000 - 0x00007ffa51d38000 	C:\Program Files\Java\jdk-18.0.2\bin\jli.dll
0x00007ffa4db40000 - 0x00007ffa4db5a000 	C:\Program Files\Java\jdk-18.0.2\bin\VCRUNTIME140.dll
0x00007ffa5c510000 - 0x00007ffa5c5be000 	C:\WINDOWS\System32\ADVAPI32.dll
0x00007ffa5bc70000 - 0x00007ffa5bd0e000 	C:\WINDOWS\System32\msvcrt.dll
0x00007ffa5c020000 - 0x00007ffa5c0bc000 	C:\WINDOWS\System32\sechost.dll
0x00007ffa5ba00000 - 0x00007ffa5bb25000 	C:\WINDOWS\System32\RPCRT4.dll
0x00007ffa5c150000 - 0x00007ffa5c2ed000 	C:\WINDOWS\System32\USER32.dll
0x00007ffa5a5e0000 - 0x00007ffa5a602000 	C:\WINDOWS\System32\win32u.dll
0x00007ffa3bab0000 - 0x00007ffa3bd4a000 	C:\WINDOWS\WinSxS\amd64_microsoft.windows.common-controls_6595b64144ccf1df_6.0.19041.1110_none_60b5254171f9507e\COMCTL32.dll
0x00007ffa5b9d0000 - 0x00007ffa5b9fb000 	C:\WINDOWS\System32\GDI32.dll
0x00007ffa5a270000 - 0x00007ffa5a37f000 	C:\WINDOWS\System32\gdi32full.dll
0x00007ffa5a1a0000 - 0x00007ffa5a23d000 	C:\WINDOWS\System32\msvcp_win.dll
0x00007ffa53340000 - 0x00007ffa5334a000 	C:\WINDOWS\SYSTEM32\VERSION.dll
0x00007ffa5bff0000 - 0x00007ffa5c020000 	C:\WINDOWS\System32\IMM32.DLL
0x00007ffa56960000 - 0x00007ffa5696c000 	C:\Program Files\Java\jdk-18.0.2\bin\vcruntime140_1.dll
0x00007ff9e90c0000 - 0x00007ff9e914d000 	C:\Program Files\Java\jdk-18.0.2\bin\msvcp140.dll
0x00007ff9d30f0000 - 0x00007ff9d3d01000 	C:\Program Files\Java\jdk-18.0.2\bin\server\jvm.dll
0x00007ffa5c370000 - 0x00007ffa5c378000 	C:\WINDOWS\System32\PSAPI.DLL
0x00007ffa4ac60000 - 0x00007ffa4ac69000 	C:\WINDOWS\SYSTEM32\WSOCK32.dll
0x00007ffa4eee0000 - 0x00007ffa4ef07000 	C:\WINDOWS\SYSTEM32\WINMM.dll
0x00007ffa5b600000 - 0x00007ffa5b66b000 	C:\WINDOWS\System32\WS2_32.dll
0x00007ffa58630000 - 0x00007ffa58642000 	C:\WINDOWS\SYSTEM32\kernel.appcore.dll
0x00007ffa550a0000 - 0x00007ffa550aa000 	C:\Program Files\Java\jdk-18.0.2\bin\jimage.dll
0x00007ffa4b8f0000 - 0x00007ffa4bad4000 	C:\WINDOWS\SYSTEM32\DBGHELP.DLL
0x00007ffa4ac30000 - 0x00007ffa4ac5c000 	C:\WINDOWS\SYSTEM32\dbgcore.DLL
0x00007ffa59dc0000 - 0x00007ffa59e42000 	C:\WINDOWS\System32\bcryptPrimitives.dll
0x00007ffa27d70000 - 0x00007ffa27dab000 	C:\Program Files\Java\jdk-18.0.2\bin\jdwp.dll
0x00007ffa57040000 - 0x00007ffa5704e000 	C:\Program Files\Java\jdk-18.0.2\bin\instrument.dll
0x00007ffa4dac0000 - 0x00007ffa4dae5000 	C:\Program Files\Java\jdk-18.0.2\bin\java.dll
0x00007ff9e8a80000 - 0x00007ff9e8b56000 	C:\Program Files\Java\jdk-18.0.2\bin\jsvml.dll
0x00007ffa5aa40000 - 0x00007ffa5b183000 	C:\WINDOWS\System32\SHELL32.dll
0x00007ffa57e80000 - 0x00007ffa58611000 	C:\WINDOWS\SYSTEM32\windows.storage.dll
0x00007ffa5b670000 - 0x00007ffa5b9c4000 	C:\WINDOWS\System32\combase.dll
0x00007ffa59820000 - 0x00007ffa59850000 	C:\WINDOWS\SYSTEM32\Wldp.dll
0x00007ffa5c5c0000 - 0x00007ffa5c66d000 	C:\WINDOWS\System32\SHCORE.dll
0x00007ffa5a710000 - 0x00007ffa5a765000 	C:\WINDOWS\System32\shlwapi.dll
0x00007ffa59d00000 - 0x00007ffa59d1f000 	C:\WINDOWS\SYSTEM32\profapi.dll
0x00007ffa4da60000 - 0x00007ffa4da6c000 	C:\Program Files\Java\jdk-18.0.2\bin\dt_socket.dll
0x00007ffa59220000 - 0x00007ffa5925b000 	C:\WINDOWS\SYSTEM32\IPHLPAPI.DLL
0x00007ffa59580000 - 0x00007ffa595ea000 	C:\WINDOWS\system32\mswsock.dll
0x00007ffa59270000 - 0x00007ffa5933a000 	C:\WINDOWS\SYSTEM32\DNSAPI.dll
0x00007ffa5bec0000 - 0x00007ffa5bec8000 	C:\WINDOWS\System32\NSI.dll
0x000000006a350000 - 0x000000006a35a000 	C:\Program Files\National Instruments\Shared\mDNS Responder\nimdnsNSP.dll
0x000000006a340000 - 0x000000006a350000 	C:\WINDOWS\SYSTEM32\nimdnsResponder.dll
0x00007ffa525c0000 - 0x00007ffa525ca000 	C:\Windows\System32\rasadhlp.dll
0x00007ffa517a0000 - 0x00007ffa51820000 	C:\WINDOWS\System32\fwpuclnt.dll
0x00007ffa5a240000 - 0x00007ffa5a267000 	C:\WINDOWS\System32\bcrypt.dll
0x00007ffa4d970000 - 0x00007ffa4d988000 	C:\Program Files\Java\jdk-18.0.2\bin\zip.dll
0x00007ffa4daa0000 - 0x00007ffa4dab3000 	C:\Program Files\Java\jdk-18.0.2\bin\net.dll
0x00007ffa529b0000 - 0x00007ffa52abd000 	C:\WINDOWS\SYSTEM32\WINHTTP.dll
0x00007ffa4da80000 - 0x00007ffa4da96000 	C:\Program Files\Java\jdk-18.0.2\bin\nio.dll
0x00007ffa51dd0000 - 0x00007ffa51de0000 	C:\Program Files\Java\jdk-18.0.2\bin\verify.dll
0x00007ffa19330000 - 0x00007ffa193a5000 	C:\Users\marvi\AppData\Local\Temp\lwjglmarvi\3.3.1-build-7\lwjgl.dll
0x00007ffa15270000 - 0x00007ffa152d1000 	C:\Users\marvi\AppData\Local\Temp\lwjglmarvi\3.3.1-build-7\glfw.dll
0x00007ffa237e0000 - 0x00007ffa23825000 	C:\WINDOWS\SYSTEM32\dinput8.dll
0x00007ffa33d90000 - 0x00007ffa33da1000 	C:\WINDOWS\SYSTEM32\xinput1_4.dll
0x00007ffa5a380000 - 0x00007ffa5a3ce000 	C:\WINDOWS\System32\cfgmgr32.dll
0x00007ffa59b70000 - 0x00007ffa59b9c000 	C:\WINDOWS\SYSTEM32\DEVOBJ.dll
0x00007ffa578b0000 - 0x00007ffa578df000 	C:\WINDOWS\SYSTEM32\dwmapi.dll
0x00007ffa26180000 - 0x00007ffa262d2000 	C:\WINDOWS\SYSTEM32\inputhost.dll
0x00007ffa5a770000 - 0x00007ffa5a83d000 	C:\WINDOWS\System32\OLEAUT32.dll
0x00007ffa57d10000 - 0x00007ffa57e06000 	C:\WINDOWS\SYSTEM32\PROPSYS.dll
0x00007ffa56e10000 - 0x00007ffa56f02000 	C:\WINDOWS\SYSTEM32\CoreMessaging.dll
0x00007ffa56270000 - 0x00007ffa563c4000 	C:\WINDOWS\SYSTEM32\wintypes.dll
0x00007ffa56ab0000 - 0x00007ffa56e0e000 	C:\WINDOWS\SYSTEM32\CoreUIComponents.dll
0x00007ffa58f50000 - 0x00007ffa58f83000 	C:\WINDOWS\SYSTEM32\ntmarta.dll
0x00007ffa573c0000 - 0x00007ffa5745e000 	C:\WINDOWS\system32\uxtheme.dll
0x00007ffa5a840000 - 0x00007ffa5a955000 	C:\WINDOWS\System32\MSCTF.dll
0x00007ff9f2c50000 - 0x00007ff9f2d77000 	C:\WINDOWS\SYSTEM32\opengl32.dll
0x00007ffa316c0000 - 0x00007ffa316ec000 	C:\WINDOWS\SYSTEM32\GLU32.dll
0x00007ffa5c380000 - 0x00007ffa5c42f000 	C:\WINDOWS\System32\clbcatq.dll
0x00007ff9ee0b0000 - 0x00007ff9f0bd0000 	C:\WINDOWS\System32\DriverStore\FileRepository\nvmd.inf_amd64_0da8f93391b94ddf\nvoglv64.dll
0x00007ffa5b190000 - 0x00007ffa5b5ff000 	C:\WINDOWS\System32\SETUPAPI.dll
0x00007ffa5bb30000 - 0x00007ffa5bc5a000 	C:\WINDOWS\System32\ole32.dll
0x00007ffa552b0000 - 0x00007ffa552c4000 	C:\WINDOWS\SYSTEM32\WTSAPI32.dll
0x00007ffa599b0000 - 0x00007ffa599c2000 	C:\WINDOWS\SYSTEM32\msasn1.dll
0x00007ffa53100000 - 0x00007ffa53131000 	C:\WINDOWS\SYSTEM32\cryptnet.dll
0x00007ffa5a480000 - 0x00007ffa5a5d6000 	C:\WINDOWS\System32\CRYPT32.dll
0x00007ffa515e0000 - 0x00007ffa51728000 	C:\WINDOWS\SYSTEM32\drvstore.dll
0x00007ffa59790000 - 0x00007ffa5979c000 	C:\WINDOWS\SYSTEM32\cryptbase.dll
0x00007ffa59e50000 - 0x00007ffa59eb9000 	C:\WINDOWS\System32\WINTRUST.dll
0x00007ffa540f0000 - 0x00007ffa5412b000 	C:\WINDOWS\SYSTEM32\dxcore.dll
0x00007ffa03a30000 - 0x00007ffa03cf7000 	C:\WINDOWS\system32\nvspcap64.dll
0x00007ffa59340000 - 0x00007ffa5938b000 	C:\WINDOWS\SYSTEM32\powrprof.dll
0x00007ffa59200000 - 0x00007ffa59212000 	C:\WINDOWS\SYSTEM32\UMPDC.dll
0x00007ffa58ac0000 - 0x00007ffa58b24000 	C:\WINDOWS\SYSTEM32\WINSTA.dll
0x00007ffa262e0000 - 0x00007ffa263d9000 	C:\WINDOWS\SYSTEM32\textinputframework.dll
0x00007ffa150c0000 - 0x00007ffa1511d000 	C:\Users\marvi\AppData\Local\Temp\lwjglmarvi\3.3.1-build-7\lwjgl_opengl.dll

dbghelp: loaded successfully - version: 4.0.5 - missing functions: none
symbol engine: initialized successfully - sym options: 0x614 - pdb path: .;C:\Program Files\Java\jdk-18.0.2\bin;C:\WINDOWS\SYSTEM32;C:\WINDOWS\WinSxS\amd64_microsoft.windows.common-controls_6595b64144ccf1df_6.0.19041.1110_none_60b5254171f9507e;C:\Program Files\Java\jdk-18.0.2\bin\server;C:\Program Files\National Instruments\Shared\mDNS Responder;C:\Users\marvi\AppData\Local\Temp\lwjglmarvi\3.3.1-build-7;C:\WINDOWS\System32\DriverStore\FileRepository\nvmd.inf_amd64_0da8f93391b94ddf

VM Arguments:
jvm_args: -XX:+ShowCodeDetailsInExceptionMessages -agentlib:jdwp=transport=dt_socket,suspend=y,address=localhost:59118 -javaagent:D:\Eclipse\eclipse\configuration\org.eclipse.osgi\228\0\.cp\lib\javaagent-shaded.jar -Dfile.encoding=UTF-8 
java_command: de.m_marvin.renderengine.RenderEngine
java_class_path (initial): E:\GitHub\LIBRARY-RenderEngine\RenderEngine\bin\default;C:\Users\marvi\.gradle\caches\modules-2\files-2.1\org.lwjgl\lwjgl-assimp\3.3.1\312072f451794f25670aebb0160ce6ec88aff842\lwjgl-assimp-3.3.1.jar;C:\Users\marvi\.gradle\caches\modules-2\files-2.1\org.lwjgl\lwjgl-glfw\3.3.1\cbac1b8d30cb4795149c1ef540f912671a8616d0\lwjgl-glfw-3.3.1.jar;C:\Users\marvi\.gradle\caches\modules-2\files-2.1\org.lwjgl\lwjgl-jawt\3.3.1\30330b16b809655d42f4951ece57f425cce43ce2\lwjgl-jawt-3.3.1.jar;C:\Users\marvi\.gradle\caches\modules-2\files-2.1\org.lwjgl\lwjgl-openal\3.3.1\2623a6b8ae1dfcd880738656a9f0243d2e6840bd\lwjgl-openal-3.3.1.jar;C:\Users\marvi\.gradle\caches\modules-2\files-2.1\org.lwjgl\lwjgl-opengl\3.3.1\831a5533a21a5f4f81bbc51bb13e9899319b5411\lwjgl-opengl-3.3.1.jar;C:\Users\marvi\.gradle\caches\modules-2\files-2.1\org.lwjgl\lwjgl-stb\3.3.1\b119297cf8ed01f247abe8685857f8e7fcf5980f\lwjgl-stb-3.3.1.jar;C:\Users\marvi\.gradle\caches\modules-2\files-2.1\org.lwjgl\lwjgl\3.3.1\ae58664f88e18a9bb2c77b063833ca7aaec484cb\lwjgl-3.3.1.jar;C:\Users\marvi\.gradle\caches\modules-2\files-2.1\com.google.guava\guava\16.0.1\5fa98cd1a63c99a44dd8d3b77e4762b066a5d0c5\guava-16.0.1.jar;C:\Users\marvi\.gradle\caches\modules-2\files-2.1\com.google.code.gson\gson\2.9.1\2cc2131b98ebfb04e2b2c7dfb84431f4045096b\gson-2.9.1.jar;C:\Users\marvi\.gradle\caches\modules-2\files-2.1\org.lwjgl\lwjgl-assimp\3.3.1\bfa2a0d57acbf952b716d0ad8a3acbd7ad9f5639\lwjgl-assimp-3.3.1-natives-windows.jar;C:\Users\marvi\.gradle\caches\modules-2\files-2.1\org.lwjgl\lwjgl-glfw\3.3.1\ed892f945cf7e79c8756796f32d00fa4ceaf573b\lwjgl-glfw-3.3.1-natives-windows.jar;C:\Users\marvi\.gradle\caches\modules-2\files-2.1\org.lwjgl\lwjgl-openal\3.3.1\30a474d0e57193d7bc128849a3ab66bc9316fdb1\lwjgl-openal-3.3.1-natives-windows.jar;C:\Users\marvi\.gradle\caches\modules-2\files-2.1\org.lwjgl\lwjgl-opengl\3.3.1\c1807e9bd571402787d7e37e3029776ae2513bb8\lwjgl-opengl-3.3.1-natives-windows.jar;C:\Users\marvi\.gradle\caches\modules-2\files-2.1\org.lwjgl\lwjgl-stb\3.3.1\86315914ac119efdb02dc9e8e978ade84f1702af\lwjgl-stb-3.3.1-natives-windows.jar;C:\Users\marvi\.gradle\caches\modules-2\files-2.1\org.lwjgl\lwjgl\3.3.1\36c37f16ab611b3aa11f3bcf80b1d509b4ce6b\lwjgl-3.3.1-natives-windows.jar
Launcher Type: SUN_STANDARD

[Global flags]
     intx CICompilerCount                          = 12                                        {product} {ergonomic}
     uint ConcGCThreads                            = 5                                         {product} {ergonomic}
     uint G1ConcRefinementThreads                  = 18                                        {product} {ergonomic}
   size_t G1HeapRegionSize                         = 16777216                                  {product} {ergonomic}
    uintx GCDrainStackTargetSize                   = 64                                        {product} {ergonomic}
   size_t InitialHeapSize                          = 2147483648                                {product} {ergonomic}
   size_t MarkStackSize                            = 4194304                                   {product} {ergonomic}
   size_t MaxHeapSize                              = 31675383808                               {product} {ergonomic}
   size_t MaxNewSize                               = 18991808512                               {product} {ergonomic}
   size_t MinHeapDeltaBytes                        = 16777216                                  {product} {ergonomic}
   size_t MinHeapSize                              = 16777216                                  {product} {ergonomic}
    uintx NonNMethodCodeHeapSize                   = 7602480                                {pd product} {ergonomic}
    uintx NonProfiledCodeHeapSize                  = 122027880                              {pd product} {ergonomic}
    uintx ProfiledCodeHeapSize                     = 122027880                              {pd product} {ergonomic}
    uintx ReservedCodeCacheSize                    = 251658240                              {pd product} {ergonomic}
     bool SegmentedCodeCache                       = true                                      {product} {ergonomic}
     bool ShowCodeDetailsInExceptionMessages       = true                                   {manageable} {command line}
   size_t SoftMaxHeapSize                          = 31675383808                            {manageable} {ergonomic}
     bool UseCompressedClassPointers               = true                           {product lp64_product} {ergonomic}
     bool UseCompressedOops                        = true                           {product lp64_product} {ergonomic}
     bool UseG1GC                                  = true                                      {product} {ergonomic}
     bool UseLargePagesIndividualAllocation        = false                                  {pd product} {ergonomic}

Logging:
Log output configuration:
 #0: stdout all=warning uptime,level,tags foldmultilines=false
 #1: stderr all=off uptime,level,tags foldmultilines=false

Environment Variables:
JAVA_HOME=C:\Program Files\Java\jdk-17.0.2
PATH=C:\Program Files\Common Files\Oracle\Java\javapath;C:\Program Files\Eclipse Foundation\jdk-8.0.302.8-hotspot\bin;C:\Program Files\Eclipse Adoptium\jdk-11.0.13.8-hotspot\bin;D:\TIAPortal\SCADA-RT_V11\WinCC\Bin;C:\Program Files\Common Files\Siemens\Automation\Simatic OAM\bin;C:\Program Files (x86)\Common Files\Siemens\Bin;C:\Program Files (x86)\Common Files\Siemens\CommonArchiving;C:\Program Files (x86)\Common Files\Siemens\ACE\Bin;C:\Program Files (x86)\Common Files\Oracle\Java\javapath;C:\Windows\system32;C:\Windows;C:\Windows\System32\Wbem;C:\Windows\System32\WindowsPowerShell\v1.0\;C:\Windows\System32\OpenSSH\;C:\Program Files (x86)\NVIDIA Corporation\PhysX\Common;C:\Program Files\NVIDIA Corporation\NVIDIA NvDLISR;C:\Program Files (x86)\Microsoft SQL Server\100\Tools\Binn\;C:\Program Files (x86)\Microsoft SQL Server\100\DTS\Binn\;C:\WINDOWS\system32;C:\WINDOWS;C:\WINDOWS\System32\Wbem;C:\WINDOWS\System32\WindowsPowerShell\v1.0\;C:\WINDOWS\System32\OpenSSH\;C:\Program Files (x86)\IVI Foundation\VISA\WinNT\Bin\;C:\Program Files\IVI Foundation\VISA\Win64\Bin\;C:\Program Files (x86)\Microsoft SQL Server\90\Tools\binn\;C:\Program Files\Microsoft SQL Server\Client SDK\ODBC\130\Tools\Binn\;C:\Program Files (x86)\Microsoft SQL Server\130\Tools\Binn\;C:\Program Files\Microsoft SQL Server\130\Tools\Binn\;C:\Program Files\Microsoft SQL Server\130\DTS\Binn\;D:\TIAPortal\SCADA-RT_V11\WinCC\Interfaces;C:\Program Files (x86)\Common Files\Siemens\;C:\Program Files (x86)\Common Files\Siemens\Interfaces;C:\Program Files (x86)\Common Files\Siemens\ACE\Interfaces;C:\Program Files\Microsoft SQL Server\Client SDK\ODBC\170\Tools\Binn\;C:\Program Files\Java\jdk-17.0.2\bin;C:\Program Files (x86)\IVI Foundation\IVI\bin;C:\Program Files\IVI Foundation\IVI\bin;C:\Program Files (x86)\IVI Foundation\VISA\WinNT\Bin;C:\Program Files\dotnet\;C:\Program Files\Git\cmd;C:\Users\marvi\AppData\Local\Microsoft\WindowsApps;C:\Users\marvi\AppData\Local\GitHubDesktop\bin;C:\Users\marvi\.dotnet\tools;C:\Gradle\gradle-7.4.2\bin;
USERNAME=marvi
OS=Windows_NT
PROCESSOR_IDENTIFIER=AMD64 Family 23 Model 113 Stepping 0, AuthenticAMD



---------------  S Y S T E M  ---------------

OS:
 Windows 10 , 64 bit Build 19041 (10.0.19041.1889)
OS uptime: 0 days 8:00 hours

CPU: total 24 (initial active 24) (24 cores per cpu, 2 threads per core) family 23 model 113 stepping 0 microcode 0x0, cx8, cmov, fxsr, ht, mmx, 3dnowpref, sse, sse2, sse3, ssse3, sse4a, sse4.1, sse4.2, popcnt, lzcnt, tsc, tscinvbit, avx, avx2, aes, clmul, bmi1, bmi2, adx, sha, fma, vzeroupper, clflush, clflushopt

Memory: 4k page, system-wide physical 131023M (89978M free)
TotalPageFile size 150479M (AvailPageFile size 83036M)
current process WorkingSet (physical memory assigned to process): 128M, peak: 136M
current process commit charge ("private bytes"): 2284M, peak: 2303M

vm_info: Java HotSpot(TM) 64-Bit Server VM (18.0.2+9-61) for windows-amd64 JRE (18.0.2+9-61), built on Jun  7 2022 13:09:01 by "mach5one" with MS VC++ 16.8 / 16.9 (VS2019)

END.
