#
# A fatal error has been detected by the Java Runtime Environment:
#
#  EXCEPTION_ACCESS_VIOLATION (0xc0000005) at pc=0x00007ffa163bcdec, pid=3172, tid=11296
#
# JRE version: Java(TM) SE Runtime Environment (18.0.2+9) (build 18.0.2+9-61)
# Java VM: Java HotSpot(TM) 64-Bit Server VM (18.0.2+9-61, mixed mode, sharing, tiered, compressed oops, compressed class ptrs, g1 gc, windows-amd64)
# Problematic frame:
# C  [lwjgl_opengl.dll+0xcdec]
#
# No core dump will be written. Minidumps are not enabled by default on client versions of Windows
#
# If you would like to submit a bug report, please visit:
#   https://bugreport.java.com/bugreport/crash.jsp
# The crash happened outside the Java Virtual Machine in native code.
# See problematic frame for where to report the bug.
#

---------------  S U M M A R Y ------------

Command Line: -Dfile.encoding=UTF-8 -XX:+ShowCodeDetailsInExceptionMessages de.m_marvin.voxelengine.VoxelEngine

Host: AMD Ryzen 9 3900X 12-Core Processor            , 24 cores, 127G,  Windows 10 , 64 bit Build 19041 (10.0.19041.2251)
Time: Wed Nov 23 19:29:22 2022 Mitteleuropäische Zeit elapsed time: 1.435688 seconds (0d 0h 0m 1s)

---------------  T H R E A D  ---------------

Current thread (0x0000029a30687880):  JavaThread "main" [_thread_in_native, id=11296, stack(0x000000a4feb00000,0x000000a4fec00000)]

Stack: [0x000000a4feb00000,0x000000a4fec00000],  sp=0x000000a4febfbcc8,  free space=1007k
Native frames: (J=compiled Java code, j=interpreted, Vv=VM code, C=native code)
C  [lwjgl_opengl.dll+0xcdec]

Java frames: (J=compiled Java code, j=interpreted, Vv=VM code)
j  org.lwjgl.opengl.GL11C.glViewport(IIII)V+0
j  org.lwjgl.opengl.GL11.glViewport(IIII)V+4
j  de.m_marvin.renderengine.GLStateManager.resizeViewport(IIII)V+4
j  de.m_marvin.voxelengine.rendering.LevelRenderer.updatePerspective()V+42
j  de.m_marvin.voxelengine.VoxelEngine.lambda$1(ZLjava/util/Optional;ZZZZ)V+13
j  de.m_marvin.voxelengine.VoxelEngine$$Lambda$50+0x0000000800c28f90.windowEvent(ZLjava/util/Optional;ZZZZ)V+9
j  de.m_marvin.renderengine.windows.Window.lambda$7(IILde/m_marvin/renderengine/windows/Window$WindowEventConsumer;)V+24
j  de.m_marvin.renderengine.windows.Window$$Lambda$142+0x0000000800d03158.accept(Ljava/lang/Object;)V+12
j  java.util.ArrayList.forEach(Ljava/util/function/Consumer;)V+46 java.base@18.0.2
j  de.m_marvin.renderengine.windows.Window.lambda$6(JII)V+12
j  de.m_marvin.renderengine.windows.Window$$Lambda$40+0x0000000800c24000.invoke(JII)V+8
j  org.lwjgl.glfw.GLFWFramebufferSizeCallbackI.callback(JJ)V+34
v  ~StubRoutines::call_stub
j  org.lwjgl.system.JNI.invokeV(J)V+0
j  org.lwjgl.glfw.GLFW.glfwPollEvents()V+5
j  de.m_marvin.renderengine.windows.Window.pollEvents()V+0
j  de.m_marvin.voxelengine.VoxelEngine.tick()V+4
J 977% c2 de.m_marvin.voxelengine.VoxelEngine.startUpdateLoop()V (122 bytes) @ 0x0000029a3fba1758 [0x0000029a3fba1640+0x0000000000000118]
j  de.m_marvin.voxelengine.VoxelEngine.run()V+199
j  de.m_marvin.voxelengine.VoxelEngine.main([Ljava/lang/String;)V+7
v  ~StubRoutines::call_stub

siginfo: EXCEPTION_ACCESS_VIOLATION (0xc0000005), reading address 0x0000000000000a78


Register to memory mapping:

RIP=0x00007ffa163bcdec lwjgl_opengl.dll
RAX=0x0000029a785e70d0 points into unknown readable memory: 0x0000000000000000 | 00 00 00 00 00 00 00 00
RBX={method} {0x0000029a74afe0b8} 'glViewport' '(IIII)V' in 'org/lwjgl/opengl/GL11C'
RCX=0x0 is NULL
RDX=0x00000000000003ea is an unknown value
RSP=0x000000a4febfbcc8 is pointing into the stack for thread: 0x0000029a30687880
RBP=0x000000a4febfbd58 is pointing into the stack for thread: 0x0000029a30687880
RSI=0x0 is NULL
RDI=0x0000029a37fc94fe is at code_begin+1118 in an Interpreter codelet
return entry points  [0x0000029a37fc90a0, 0x0000029a37fc9ba0]  2816 bytes
R8 =0x0 is NULL
R9 =0x0000000000000258 is an unknown value
R10=0x0 is NULL
R11=0x000000011e66c2d0 is an oop: java.lang.Class 
{0x000000011e66c2d0} - klass: 'java/lang/Class'
 - ---- fields (total size 116 words):
 - private volatile transient 'classRedefinedCount' 'I' @12  0
 - abstract internal 'klass' 'J' @16  34372905568 (c8ea60 8)
 - abstract internal 'array_klass' 'J' @24  0 (0 0)
 - abstract internal 'oop_size' 'I' @32  116 (74)
 - abstract internal 'static_oop_field_count' 'I' @36  0
 - private volatile transient 'cachedConstructor' 'Ljava/lang/reflect/Constructor;' @40  NULL (0)
 - private transient 'name' 'Ljava/lang/String;' @44  "org.lwjgl.opengl.GL11C"{0x000000011e66c680} (23ccd8d0)
 - private transient 'module' 'Ljava/lang/Module;' @48  a 'java/lang/Module'{0x000000011f06ca28} (23e0d945)
 - private final 'classLoader' 'Ljava/lang/ClassLoader;' @52  a 'jdk/internal/loader/ClassLoaders$AppClassLoader'{0x000000011f06c868} (23e0d90d)
 - private transient 'classData' 'Ljava/lang/Object;' @56  NULL (0)
 - private transient 'packageName' 'Ljava/lang/String;' @60  "org.lwjgl.opengl"{0x000000011fb9a638} (23f734c7)
 - private final 'componentType' 'Ljava/lang/Class;' @64  NULL (0)
 - private volatile transient 'reflectionData' 'Ljava/lang/ref/SoftReference;' @68  NULL (0)
 - private volatile transient 'genericInfo' 'Lsun/reflect/generics/repository/ClassRepository;' @72  NULL (0)
 - private volatile transient 'enumConstants' '[Ljava/lang/Object;' @76  NULL (0)
 - private volatile transient 'enumConstantDirectory' 'Ljava/util/Map;' @80  NULL (0)
 - private volatile transient 'annotationData' 'Ljava/lang/Class$AnnotationData;' @84  NULL (0)
 - private volatile transient 'annotationType' 'Lsun/reflect/annotation/AnnotationType;' @88  NULL (0)
 - transient 'classValueMap' 'Ljava/lang/ClassValue$ClassValueMap;' @92  NULL (0)
 - abstract internal 'protection_domain' 'Ljava/lang/Object;' @96  a 'java/security/ProtectionDomain'{0x000000011fbad578} (23f75aaf)
 - abstract internal 'signers_name' 'Ljava/lang/Object;' @100  NULL (0)
 - abstract internal 'source_file' 'Ljava/lang/Object;' @104  NULL (0)
 - signature: Lorg/lwjgl/opengl/GL11C;
 - ---- static fields (0):
 - public static final 'GL_NEVER' 'I' @112  512 (200)
 - public static final 'GL_LESS' 'I' @116  513 (201)
 - public static final 'GL_EQUAL' 'I' @120  514 (202)
 - public static final 'GL_LEQUAL' 'I' @124  515 (203)
 - public static final 'GL_GREATER' 'I' @128  516 (204)
 - public static final 'GL_NOTEQUAL' 'I' @132  517 (205)
 - public static final 'GL_GEQUAL' 'I' @136  518 (206)
 - public static final 'GL_ALWAYS' 'I' @140  519 (207)
 - public static final 'GL_DEPTH_BUFFER_BIT' 'I' @144  256 (100)
 - public static final 'GL_STENCIL_BUFFER_BIT' 'I' @148  1024 (400)
 - public static final 'GL_COLOR_BUFFER_BIT' 'I' @152  16384 (4000)
 - public static final 'GL_POINTS' 'I' @156  0
 - public static final 'GL_LINES' 'I' @160  1
 - public static final 'GL_LINE_LOOP' 'I' @164  2
 - public static final 'GL_LINE_STRIP' 'I' @168  3
 - public static final 'GL_TRIANGLES' 'I' @172  4
 - public static final 'GL_TRIANGLE_STRIP' 'I' @176  5
 - public static final 'GL_TRIANGLE_FAN' 'I' @180  6
 - public static final 'GL_QUADS' 'I' @184  7
 - public static final 'GL_ZERO' 'I' @188  0
 - public static final 'GL_ONE' 'I' @192  1
 - public static final 'GL_SRC_COLOR' 'I' @196  768 (300)
 - public static final 'GL_ONE_MINUS_SRC_COLOR' 'I' @200  769 (301)
 - public static final 'GL_SRC_ALPHA' 'I' @204  770 (302)
 - public static final 'GL_ONE_MINUS_SRC_ALPHA' 'I' @208  771 (303)
 - public static final 'GL_DST_ALPHA' 'I' @212  772 (304)
 - public static final 'GL_ONE_MINUS_DST_ALPHA' 'I' @216  773 (305)
 - public static final 'GL_DST_COLOR' 'I' @220  774 (306)
 - public static final 'GL_ONE_MINUS_DST_COLOR' 'I' @224  775 (307)
 - public static final 'GL_SRC_ALPHA_SATURATE' 'I' @228  776 (308)
 - public static final 'GL_TRUE' 'I' @232  1
 - public static final 'GL_FALSE' 'I' @236  0
 - public static final 'GL_BYTE' 'I' @240  5120 (1400)
 - public static final 'GL_UNSIGNED_BYTE' 'I' @244  5121 (1401)
 - public static final 'GL_SHORT' 'I' @248  5122 (1402)
 - public static final 'GL_UNSIGNED_SHORT' 'I' @252  5123 (1403)
 - public static final 'GL_INT' 'I' @256  5124 (1404)
 - public static final 'GL_UNSIGNED_INT' 'I' @260  5125 (1405)
 - public static final 'GL_FLOAT' 'I' @264  5126 (1406)
 - public static final 'GL_DOUBLE' 'I' @268  5130 (140a)
 - public static final 'GL_NONE' 'I' @272  0
 - public static final 'GL_FRONT_LEFT' 'I' @276  1024 (400)
 - public static final 'GL_FRONT_RIGHT' 'I' @280  1025 (401)
 - public static final 'GL_BACK_LEFT' 'I' @284  1026 (402)
 - public static final 'GL_BACK_RIGHT' 'I' @288  1027 (403)
 - public static final 'GL_FRONT' 'I' @292  1028 (404)
 - public static final 'GL_BACK' 'I' @296  1029 (405)
 - public static final 'GL_LEFT' 'I' @300  1030 (406)
 - public static final 'GL_RIGHT' 'I' @304  1031 (407)
 - public static final 'GL_FRONT_AND_BACK' 'I' @308  1032 (408)
 - public static final 'GL_NO_ERROR' 'I' @312  0
 - public static final 'GL_INVALID_ENUM' 'I' @316  1280 (500)
 - public static final 'GL_INVALID_VALUE' 'I' @320  1281 (501)
 - public static final 'GL_INVALID_OPERATION' 'I' @324  1282 (502)
 - public static final 'GL_STACK_OVERFLOW' 'I' @328  1283 (503)
 - public static final 'GL_STACK_UNDERFLOW' 'I' @332  1284 (504)
 - public static final 'GL_OUT_OF_MEMORY' 'I' @336  1285 (505)
 - public static final 'GL_CW' 'I' @340  2304 (900)
 - public static final 'GL_CCW' 'I' @344  2305 (901)
 - public static final 'GL_POINT_SIZE' 'I' @348  2833 (b11)
 - public static final 'GL_POINT_SIZE_RANGE' 'I' @352  2834 (b12)
 - public static final 'GL_POINT_SIZE_GRANULARITY' 'I' @356  2835 (b13)
 - public static final 'GL_LINE_SMOOTH' 'I' @360  2848 (b20)
 - public static final 'GL_LINE_WIDTH' 'I' @364  2849 (b21)
 - public static final 'GL_LINE_WIDTH_RANGE' 'I' @368  2850 (b22)
 - public static final 'GL_LINE_WIDTH_GRANULARITY' 'I' @372  2851 (b23)
 - public static final 'GL_POLYGON_MODE' 'I' @376  2880 (b40)
 - public static final 'GL_POLYGON_SMOOTH' 'I' @380  2881 (b41)
 - public static final 'GL_CULL_FACE' 'I' @384  2884 (b44)
 - public static final 'GL_CULL_FACE_MODE' 'I' @388  2885 (b45)
 - public static final 'GL_FRONT_FACE' 'I' @392  2886 (b46)
 - public static final 'GL_DEPTH_RANGE' 'I' @396  2928 (b70)
 - public static final 'GL_DEPTH_TEST' 'I' @400  2929 (b71)
 - public static final 'GL_DEPTH_WRITEMASK' 'I' @404  2930 (b72)
 - public static final 'GL_DEPTH_CLEAR_VALUE' 'I' @408  2931 (b73)
 - public static final 'GL_DEPTH_FUNC' 'I' @412  2932 (b74)
 - public static final 'GL_STENCIL_TEST' 'I' @416  2960 (b90)
 - public static final 'GL_STENCIL_CLEAR_VALUE' 'I' @420  2961 (b91)
 - public static final 'GL_STENCIL_FUNC' 'I' @424  2962 (b92)
 - public static final 'GL_STENCIL_VALUE_MASK' 'I' @428  2963 (b93)
 - public static final 'GL_STENCIL_FAIL' 'I' @432  2964 (b94)
 - public static final 'GL_STENCIL_PASS_DEPTH_FAIL' 'I' @436  2965 (b95)
 - public static final 'GL_STENCIL_PASS_DEPTH_PASS' 'I' @440  2966 (b96)
 - public static final 'GL_STENCIL_REF' 'I' @444  2967 (b97)
 - public static final 'GL_STENCIL_WRITEMASK' 'I' @448  2968 (b98)
 - public static final 'GL_VIEWPORT' 'I' @452  2978 (ba2)
 - public static final 'GL_DITHER' 'I' @456  3024 (bd0)
 - public static final 'GL_BLEND_DST' 'I' @460  3040 (be0)
 - public static final 'GL_BLEND_SRC' 'I' @464  3041 (be1)
 - public static final 'GL_BLEND' 'I' @468  3042 (be2)
 - public static final 'GL_LOGIC_OP_MODE' 'I' @472  3056 (bf0)
 - public static final 'GL_COLOR_LOGIC_OP' 'I' @476  3058 (bf2)
 - public static final 'GL_DRAW_BUFFER' 'I' @480  3073 (c01)
 - public static final 'GL_READ_BUFFER' 'I' @484  3074 (c02)
 - public static final 'GL_SCISSOR_BOX' 'I' @488  3088 (c10)
 - public static final 'GL_SCISSOR_TEST' 'I' @492  3089 (c11)
 - public static final 'GL_COLOR_CLEAR_VALUE' 'I' @496  3106 (c22)
 - public static final 'GL_COLOR_WRITEMASK' 'I' @500  3107 (c23)
 - public static final 'GL_DOUBLEBUFFER' 'I' @504  3122 (c32)
 - public static final 'GL_STEREO' 'I' @508  3123 (c33)
 - public static final 'GL_LINE_SMOOTH_HINT' 'I' @512  3154 (c52)
 - public static final 'GL_POLYGON_SMOOTH_HINT' 'I' @516  3155 (c53)
 - public static final 'GL_UNPACK_SWAP_BYTES' 'I' @520  3312 (cf0)
 - public static final 'GL_UNPACK_LSB_FIRST' 'I' @524  3313 (cf1)
 - public static final 'GL_UNPACK_ROW_LENGTH' 'I' @528  3314 (cf2)
 - public static final 'GL_UNPACK_SKIP_ROWS' 'I' @532  3315 (cf3)
 - public static final 'GL_UNPACK_SKIP_PIXELS' 'I' @536  3316 (cf4)
 - public static final 'GL_UNPACK_ALIGNMENT' 'I' @540  3317 (cf5)
 - public static final 'GL_PACK_SWAP_BYTES' 'I' @544  3328 (d00)
 - public static final 'GL_PACK_LSB_FIRST' 'I' @548  3329 (d01)
 - public static final 'GL_PACK_ROW_LENGTH' 'I' @552  3330 (d02)
 - public static final 'GL_PACK_SKIP_ROWS' 'I' @556  3331 (d03)
 - public static final 'GL_PACK_SKIP_PIXELS' 'I' @560  3332 (d04)
 - public static final 'GL_PACK_ALIGNMENT' 'I' @564  3333 (d05)
 - public static final 'GL_MAX_TEXTURE_SIZE' 'I' @568  3379 (d33)
 - public static final 'GL_MAX_VIEWPORT_DIMS' 'I' @572  3386 (d3a)
 - public static final 'GL_SUBPIXEL_BITS' 'I' @576  3408 (d50)
 - public static final 'GL_TEXTURE_1D' 'I' @580  3552 (de0)
 - public static final 'GL_TEXTURE_2D' 'I' @584  3553 (de1)
 - public static final 'GL_TEXTURE_WIDTH' 'I' @588  4096 (1000)
 - public static final 'GL_TEXTURE_HEIGHT' 'I' @592  4097 (1001)
 - public static final 'GL_TEXTURE_INTERNAL_FORMAT' 'I' @596  4099 (1003)
 - public static final 'GL_TEXTURE_BORDER_COLOR' 'I' @600  4100 (1004)
 - public static final 'GL_DONT_CARE' 'I' @604  4352 (1100)
 - public static final 'GL_FASTEST' 'I' @608  4353 (1101)
 - public static final 'GL_NICEST' 'I' @612  4354 (1102)
 - public static final 'GL_CLEAR' 'I' @616  5376 (1500)
 - public static final 'GL_AND' 'I' @620  5377 (1501)
 - public static final 'GL_AND_REVERSE' 'I' @624  5378 (1502)
 - public static final 'GL_COPY' 'I' @628  5379 (1503)
 - public static final 'GL_AND_INVERTED' 'I' @632  5380 (1504)
 - public static final 'GL_NOOP' 'I' @636  5381 (1505)
 - public static final 'GL_XOR' 'I' @640  5382 (1506)
 - public static final 'GL_OR' 'I' @644  5383 (1507)
 - public static final 'GL_NOR' 'I' @648  5384 (1508)
 - public static final 'GL_EQUIV' 'I' @652  5385 (1509)
 - public static final 'GL_INVERT' 'I' @656  5386 (150a)
 - public static final 'GL_OR_REVERSE' 'I' @660  5387 (150b)
 - public static final 'GL_COPY_INVERTED' 'I' @664  5388 (150c)
 - public static final 'GL_OR_INVERTED' 'I' @668  5389 (150d)
 - public static final 'GL_NAND' 'I' @672  5390 (150e)
 - public static final 'GL_SET' 'I' @676  5391 (150f)
 - public static final 'GL_TEXTURE' 'I' @680  5890 (1702)
 - public static final 'GL_COLOR' 'I' @684  6144 (1800)
 - public static final 'GL_DEPTH' 'I' @688  6145 (1801)
 - public static final 'GL_STENCIL' 'I' @692  6146 (1802)
 - public static final 'GL_STENCIL_INDEX' 'I' @696  6401 (1901)
 - public static final 'GL_DEPTH_COMPONENT' 'I' @700  6402 (1902)
 - public static final 'GL_RED' 'I' @704  6403 (1903)
 - public static final 'GL_GREEN' 'I' @708  6404 (1904)
 - public static final 'GL_BLUE' 'I' @712  6405 (1905)
 - public static final 'GL_ALPHA' 'I' @716  6406 (1906)
 - public static final 'GL_RGB' 'I' @720  6407 (1907)
 - public static final 'GL_RGBA' 'I' @724  6408 (1908)
 - public static final 'GL_POINT' 'I' @728  6912 (1b00)
 - public static final 'GL_LINE' 'I' @732  6913 (1b01)
 - public static final 'GL_FILL' 'I' @736  6914 (1b02)
 - public static final 'GL_KEEP' 'I' @740  7680 (1e00)
 - public static final 'GL_REPLACE' 'I' @744  7681 (1e01)
 - public static final 'GL_INCR' 'I' @748  7682 (1e02)
 - public static final 'GL_DECR' 'I' @752  7683 (1e03)
 - public static final 'GL_VENDOR' 'I' @756  7936 (1f00)
 - public static final 'GL_RENDERER' 'I' @760  7937 (1f01)
 - public static final 'GL_VERSION' 'I' @764  7938 (1f02)
 - public static final 'GL_EXTENSIONS' 'I' @768  7939 (1f03)
 - public static final 'GL_NEAREST' 'I' @772  9728 (2600)
 - public static final 'GL_LINEAR' 'I' @776  9729 (2601)
 - public static final 'GL_NEAREST_MIPMAP_NEAREST' 'I' @780  9984 (2700)
 - public static final 'GL_LINEAR_MIPMAP_NEAREST' 'I' @784  9985 (2701)
 - public static final 'GL_NEAREST_MIPMAP_LINEAR' 'I' @788  9986 (2702)
 - public static final 'GL_LINEAR_MIPMAP_LINEAR' 'I' @792  9987 (2703)
 - public static final 'GL_TEXTURE_MAG_FILTER' 'I' @796  10240 (2800)
 - public static final 'GL_TEXTURE_MIN_FILTER' 'I' @800  10241 (2801)
 - public static final 'GL_TEXTURE_WRAP_S' 'I' @804  10242 (2802)
 - public static final 'GL_TEXTURE_WRAP_T' 'I' @808  10243 (2803)
 - public static final 'GL_REPEAT' 'I' @812  10497 (2901)
 - public static final 'GL_POLYGON_OFFSET_FACTOR' 'I' @816  32824 (8038)
 - public static final 'GL_POLYGON_OFFSET_UNITS' 'I' @820  10752 (2a00)
 - public static final 'GL_POLYGON_OFFSET_POINT' 'I' @824  10753 (2a01)
 - public static final 'GL_POLYGON_OFFSET_LINE' 'I' @828  10754 (2a02)
 - public static final 'GL_POLYGON_OFFSET_FILL' 'I' @832  32823 (8037)
 - public static final 'GL_R3_G3_B2' 'I' @836  10768 (2a10)
 - public static final 'GL_RGB4' 'I' @840  32847 (804f)
 - public static final 'GL_RGB5' 'I' @844  32848 (8050)
 - public static final 'GL_RGB8' 'I' @848  32849 (8051)
 - public static final 'GL_RGB10' 'I' @852  32850 (8052)
 - public static final 'GL_RGB12' 'I' @856  32851 (8053)
 - public static final 'GL_RGB16' 'I' @860  32852 (8054)
 - public static final 'GL_RGBA2' 'I' @864  32853 (8055)
 - public static final 'GL_RGBA4' 'I' @868  32854 (8056)
 - public static final 'GL_RGB5_A1' 'I' @872  32855 (8057)
 - public static final 'GL_RGBA8' 'I' @876  32856 (8058)
 - public static final 'GL_RGB10_A2' 'I' @880  32857 (8059)
 - public static final 'GL_RGBA12' 'I' @884  32858 (805a)
 - public static final 'GL_RGBA16' 'I' @888  32859 (805b)
 - public static final 'GL_TEXTURE_RED_SIZE' 'I' @892  32860 (805c)
 - public static final 'GL_TEXTURE_GREEN_SIZE' 'I' @896  32861 (805d)
 - public static final 'GL_TEXTURE_BLUE_SIZE' 'I' @900  32862 (805e)
 - public static final 'GL_TEXTURE_ALPHA_SIZE' 'I' @904  32863 (805f)
 - public static final 'GL_PROXY_TEXTURE_1D' 'I' @908  32867 (8063)
 - public static final 'GL_PROXY_TEXTURE_2D' 'I' @912  32868 (8064)
 - public static final 'GL_TEXTURE_BINDING_1D' 'I' @916  32872 (8068)
 - public static final 'GL_TEXTURE_BINDING_2D' 'I' @920  32873 (8069)
 - public static final 'GL_VERTEX_ARRAY' 'I' @924  32884 (8074)
R12=0x0 is NULL
R13=0x0000029a74afe0a8 is pointing into metadata
R14=0x000000a4febfbd90 is pointing into the stack for thread: 0x0000029a30687880
R15=0x0000029a30687880 is a thread


Registers:
RAX=0x0000029a785e70d0, RBX=0x0000029a74afe0b0, RCX=0x0000000000000000, RDX=0x00000000000003ea
RSP=0x000000a4febfbcc8, RBP=0x000000a4febfbd58, RSI=0x0000000000000000, RDI=0x0000029a37fc94fe
R8 =0x0000000000000000, R9 =0x0000000000000258, R10=0x0000000000000000, R11=0x000000011e66c2d0
R12=0x0000000000000000, R13=0x0000029a74afe0a8, R14=0x000000a4febfbd90, R15=0x0000029a30687880
RIP=0x00007ffa163bcdec, EFLAGS=0x0000000000010206

Top of Stack: (sp=0x000000a4febfbcc8)
0x000000a4febfbcc8:   0000029a37fcd621 0000000000000001
0x000000a4febfbcd8:   00007ff9c78bb9b3 000000a4febfbd40
0x000000a4febfbce8:   0000029a30687880 000000a400000000
0x000000a4febfbcf8:   000000a400000258 0000000000000000
0x000000a4febfbd08:   000000a4febfbd00 000000a4febfbd10
0x000000a4febfbd18:   0000000000000000 000000a4febfbd90
0x000000a4febfbd28:   0000029a74b01318 0000000000000000
0x000000a4febfbd38:   000000011e66c2d0 0000029a74afe0b0
0x000000a4febfbd48:   0000000000000000 000000a4febfbd78
0x000000a4febfbd58:   000000a4febfbde0 0000029a37fc94fe
0x000000a4febfbd68:   000000011e66c2d0 0000029a37fcaf78
0x000000a4febfbd78:   0000000000000258 0000000000000000
0x000000a4febfbd88:   00000000000003ea 0000000000000000
0x000000a4febfbd98:   000000a4febfbd98 0000029a74ae53c4
0x000000a4febfbda8:   000000a4febfbe08 0000029a74af0180
0x000000a4febfbdb8:   0000000000000000 000000011e647d88 

Instructions: (pc=0x00007ffa163bcdec)
0x00007ffa163bccec:   cc cc cc cc 48 8b 01 45 8b d8 4c 8b 44 24 28 41
0x00007ffa163bccfc:   8b d1 41 8b cb 4c 8b 50 18 49 ff a2 88 09 00 00
0x00007ffa163bcd0c:   cc cc cc cc 40 53 48 83 ec 40 48 8b 01 41 8b d8
0x00007ffa163bcd1c:   44 8b 44 24 70 41 8b d1 44 8b 4c 24 78 8b cb 4c
0x00007ffa163bcd2c:   8b 50 18 48 8b 84 24 90 00 00 00 48 89 44 24 30
0x00007ffa163bcd3c:   8b 84 24 88 00 00 00 89 44 24 28 8b 84 24 80 00
0x00007ffa163bcd4c:   00 00 89 44 24 20 41 ff 92 90 09 00 00 48 83 c4
0x00007ffa163bcd5c:   40 5b c3 cc 40 53 48 83 ec 50 48 8b 01 41 8b d8
0x00007ffa163bcd6c:   44 8b 84 24 80 00 00 00 41 8b d1 44 8b 8c 24 88
0x00007ffa163bcd7c:   00 00 00 8b cb 4c 8b 50 18 48 8b 84 24 b0 00 00
0x00007ffa163bcd8c:   00 48 89 44 24 40 8b 84 24 a8 00 00 00 89 44 24
0x00007ffa163bcd9c:   38 8b 84 24 a0 00 00 00 89 44 24 30 8b 84 24 98
0x00007ffa163bcdac:   00 00 00 89 44 24 28 8b 84 24 90 00 00 00 89 44
0x00007ffa163bcdbc:   24 20 41 ff 92 98 09 00 00 48 83 c4 50 5b c3 cc
0x00007ffa163bcdcc:   cc cc cc cc 40 53 48 8b 01 41 8b d8 44 8b 44 24
0x00007ffa163bcddc:   30 41 8b d1 44 8b 4c 24 38 8b cb 4c 8b 50 18 5b
0x00007ffa163bcdec:   49 ff a2 78 0a 00 00 cc cc cc cc cc cc cc cc cc
0x00007ffa163bcdfc:   cc cc cc cc 40 53 48 83 ec 50 48 8b 01 41 8b d8
0x00007ffa163bce0c:   44 8b 84 24 80 00 00 00 41 8b d1 44 8b 8c 24 88
0x00007ffa163bce1c:   00 00 00 8b cb 4c 8b 50 18 48 8b 84 24 b8 00 00
0x00007ffa163bce2c:   00 48 89 44 24 48 8b 84 24 b0 00 00 00 89 44 24
0x00007ffa163bce3c:   40 8b 84 24 a8 00 00 00 89 44 24 38 8b 84 24 a0
0x00007ffa163bce4c:   00 00 00 89 44 24 30 8b 84 24 98 00 00 00 89 44
0x00007ffa163bce5c:   24 28 8b 84 24 90 00 00 00 89 44 24 20 41 ff 92
0x00007ffa163bce6c:   80 0a 00 00 48 83 c4 50 5b c3 cc cc cc cc cc cc
0x00007ffa163bce7c:   cc cc cc cc 40 53 48 83 ec 60 48 8b 01 41 8b d8
0x00007ffa163bce8c:   44 8b 84 24 90 00 00 00 41 8b d1 44 8b 8c 24 98
0x00007ffa163bce9c:   00 00 00 8b cb 4c 8b 50 18 48 8b 84 24 d0 00 00
0x00007ffa163bceac:   00 48 89 44 24 50 8b 84 24 c8 00 00 00 89 44 24
0x00007ffa163bcebc:   48 8b 84 24 c0 00 00 00 89 44 24 40 8b 84 24 b8
0x00007ffa163bcecc:   00 00 00 89 44 24 38 8b 84 24 b0 00 00 00 89 44
0x00007ffa163bcedc:   24 30 8b 84 24 a8 00 00 00 89 44 24 28 8b 84 24 


Stack slot to memory mapping:
stack at sp + 0 slots: 0x0000029a37fcd621 is at code_begin+993 in an Interpreter codelet
method entry point (kind = native)  [0x0000029a37fcd240, 0x0000029a37fcdbc0]  2432 bytes
stack at sp + 1 slots: 0x0000000000000001 is an unknown value
stack at sp + 2 slots: 0x00007ff9c78bb9b3 jvm.dll
stack at sp + 3 slots: 0x000000a4febfbd40 is pointing into the stack for thread: 0x0000029a30687880
stack at sp + 4 slots: 0x0000029a30687880 is a thread
stack at sp + 5 slots: 0x000000a400000000 is an unknown value
stack at sp + 6 slots: 0x000000a400000258 is an unknown value
stack at sp + 7 slots: 0x0 is NULL


Compiled method (c2)    1471  977 %     4       de.m_marvin.voxelengine.VoxelEngine::startUpdateLoop @ 24 (122 bytes)
 total in heap  [0x0000029a3fba1490,0x0000029a3fba1a58] = 1480
 relocation     [0x0000029a3fba15e8,0x0000029a3fba1620] = 56
 constants      [0x0000029a3fba1620,0x0000029a3fba1640] = 32
 main code      [0x0000029a3fba1640,0x0000029a3fba1820] = 480
 stub code      [0x0000029a3fba1820,0x0000029a3fba1858] = 56
 oops           [0x0000029a3fba1858,0x0000029a3fba1860] = 8
 metadata       [0x0000029a3fba1860,0x0000029a3fba1890] = 48
 scopes data    [0x0000029a3fba1890,0x0000029a3fba1968] = 216
 scopes pcs     [0x0000029a3fba1968,0x0000029a3fba1a08] = 160
 dependencies   [0x0000029a3fba1a08,0x0000029a3fba1a10] = 8
 handler table  [0x0000029a3fba1a10,0x0000029a3fba1a40] = 48
 nul chk table  [0x0000029a3fba1a40,0x0000029a3fba1a58] = 24


[Constant Pool]
             Address          hex4                    hex8      
  0x0000029a3fba1620:   0x3f800000      0xf4f4f4f43f800000      
  0x0000029a3fba1624:   0xf4f4f4f4                              
  0x0000029a3fba1628:   0xf4f4f4f4      0xf4f4f4f4f4f4f4f4      
  0x0000029a3fba162c:   0xf4f4f4f4                              
  0x0000029a3fba1630:   0xf4f4f4f4      0xf4f4f4f4f4f4f4f4      
  0x0000029a3fba1634:   0xf4f4f4f4                              
  0x0000029a3fba1638:   0xf4f4f4f4      0xf4f4f4f4f4f4f4f4      
  0x0000029a3fba163c:   0xf4f4f4f4                              

[MachCode]
[Verified Entry Point]
  # {method} {0x0000029a74802100} 'startUpdateLoop' '()V' in 'de/m_marvin/voxelengine/VoxelEngine'
  0x0000029a3fba1640: ;   {no_reloc}
  0x0000029a3fba1640: cc0f 1f84 | 0000 0000 | 000f 1f80 | 0000 0000 | 8984 2400 | 90ff ff55 | 4883 ec60 | 488b 7220 
  0x0000029a3fba1660: c5fa 104a | 18c5 fa11 | 4c24 208b | 5a10 488b | 3a48 8bca | 49ba 508c | 30c7 f97f | 0000 41ff 
  0x0000029a3fba1680: d244 8b56 

  0x0000029a3fba1684: ;   {metadata('de/m_marvin/voxelengine/VoxelEngine')}
  0x0000029a3fba1684: 0841 81fa | 0008 c000 | 0f85 3601 | 0000 eb5a | 895e 2848 | 81c7 e803 | 0000 33db | 448b 5e4c 
  0x0000029a3fba16a4: ; implicit exception: dispatches to 0x0000029a3fba17f6
  0x0000029a3fba16a4: 4b8b 54dc | 1048 85d2 | 0f84 d300 | 0000 488b | ee48 897c | 2428 895c | 2424 49b8 | 607e dd14 
  0x0000029a3fba16c4: fa7f 0000 

  0x0000029a3fba16c8: ;   {static_call}
  0x0000029a3fba16c8: 6666 90e8 

  0x0000029a3fba16cc: ; ImmutableOopMap {rbp=Oop }
                      ;*invokestatic invokePI {reexecute=0 rethrow=0 return_oop=0}
                      ; - org.lwjgl.glfw.GLFW::glfwWindowShouldClose@17 (line 2246)
                      ; - de.m_marvin.renderengine.windows.Window::shouldClose@4 (line 290)
                      ; - de.m_marvin.voxelengine.VoxelEngine::startUpdateLoop@115 (line 186)
  0x0000029a3fba16cc: 70ee ffff | 85c0 0f85 | e000 0000 | 4d8b 9740 

  0x0000029a3fba16dc: ; ImmutableOopMap {rbp=Oop }
                      ;*ifeq {reexecute=1 rethrow=0 return_oop=0}
                      ; - (reexecute) de.m_marvin.voxelengine.VoxelEngine::startUpdateLoop@118 (line 186)
                      ;   {poll}
  0x0000029a3fba16dc: 0300 0041 | 8502 8b5c | 2424 488b | 7c24 2848 | 8bf5 488b | 6e10 4889 | 6e18 49ba | d04a 8ec7 
  0x0000029a3fba16fc: f97f 0000 | 41ff d248 | 8946 10c5 | fa2a 462c | 4c8b d04c | 2bd5 c4c1 | f22a cac5 | f25e c8c5 
  0x0000029a3fba171c: fa10 4424 | 20c5 fa58 

  0x0000029a3fba1724: ;   {section_word}
  0x0000029a3fba1724: c1c5 f82e | 05f3 feff | ff72 3b48 | 897c 2428 | 48ff 4620 | 4889 7424 

  0x0000029a3fba173c: ;   {section_word}
  0x0000029a3fba173c: 30c5 fa5c | 05db feff | ffc5 fa11 | 4424 20ff | c38b eb48 

  0x0000029a3fba1750: ;   {optimized virtual_call}
  0x0000029a3fba1750: 8bd6 90e8 

  0x0000029a3fba1754: ; ImmutableOopMap {[48]=Oop }
                      ;*invokevirtual tick {reexecute=0 rethrow=0 return_oop=0}
                      ; - de.m_marvin.voxelengine.VoxelEngine::startUpdateLoop@82 (line 196)
  0x0000029a3fba1754: d700 0000 | 488b 7424 | 3048 8b46 | 108b dd48 | 8b7c 2428 | eb06 c5fa | 1144 2420 | 482b c748 
  0x0000029a3fba1774: 81f8 e803 | 0000 0f8f | 14ff ffff | e91b ffff | ff45 33d2 | 493b d2bd | ffff ffff | 7c08 400f 
  0x0000029a3fba1794: 95c5 400f | b6ed 4889 | 7424 2889 | 5c24 2448 | 897c 2430 | 4889 5424 | 40ba 45ff 

  0x0000029a3fba17b0: ;   {runtime_call UncommonTrapBlob}
  0x0000029a3fba17b0: ffff 90e8 

  0x0000029a3fba17b4: ; ImmutableOopMap {[40]=Oop }
                      ;*ifne {reexecute=1 rethrow=0 return_oop=0}
                      ; - (reexecute) org.lwjgl.system.Checks::check@3 (line 187)
                      ; - org.lwjgl.glfw.GLFW::glfwWindowShouldClose@11 (line 2244)
                      ; - de.m_marvin.renderengine.windows.Window::shouldClose@4 (line 290)
                      ; - de.m_marvin.voxelengine.VoxelEngine::startUpdateLoop@115 (line 186)
  0x0000029a3fba17b4: 480b 47f8 | ba45 ffff | ff89 4424 

  0x0000029a3fba17c0: ;   {runtime_call UncommonTrapBlob}
  0x0000029a3fba17c0: 3066 90e8 

  0x0000029a3fba17c4: ; ImmutableOopMap {rbp=Oop }
                      ;*ifeq {reexecute=1 rethrow=0 return_oop=0}
                      ; - (reexecute) org.lwjgl.glfw.GLFW::glfwWindowShouldClose@20 (line 2246)
                      ; - de.m_marvin.renderengine.windows.Window::shouldClose@4 (line 290)
                      ; - de.m_marvin.voxelengine.VoxelEngine::startUpdateLoop@115 (line 186)
  0x0000029a3fba17c4: 380b 47f8 | ba8d ffff | ff8b 6c24 | 2089 5c24 | 2048 897c | 2428 4889 

  0x0000029a3fba17dc: ;   {runtime_call UncommonTrapBlob}
  0x0000029a3fba17dc: 7424 30e8 

  0x0000029a3fba17e0: ; ImmutableOopMap {[48]=Oop }
                      ;*aload_0 {reexecute=0 rethrow=0 return_oop=0}
                      ; - de.m_marvin.voxelengine.VoxelEngine::startUpdateLoop@24 (line 188)
  0x0000029a3fba17e0: 1c0b 47f8 | 488b d0eb | 0348 8bd0 | 4883 c460 

  0x0000029a3fba17f0: ;   {runtime_call _rethrow_Java}
  0x0000029a3fba17f0: 5de9 8afa | 51f8 baf6 

  0x0000029a3fba17f8: ;   {runtime_call UncommonTrapBlob}
  0x0000029a3fba17f8: ffff ffe8 

  0x0000029a3fba17fc: ; ImmutableOopMap {}
                      ;*invokevirtual shouldClose {reexecute=0 rethrow=0 return_oop=0}
                      ; - de.m_marvin.voxelengine.VoxelEngine::startUpdateLoop@115 (line 186)
  0x0000029a3fba17fc: 000b 47f8 | ba76 ffff | ff8b 6c24 | 2089 5c24 | 2048 897c 

  0x0000029a3fba1810: ;   {runtime_call UncommonTrapBlob}
  0x0000029a3fba1810: 2428 90e8 

  0x0000029a3fba1814: ; ImmutableOopMap {}
                      ;*aload_0 {reexecute=0 rethrow=0 return_oop=0}
                      ; - de.m_marvin.voxelengine.VoxelEngine::startUpdateLoop@24 (line 188)
  0x0000029a3fba1814: e80a 47f8 | f4f4 f4f4 | f4f4 f4f4 
[Stub Code]
  0x0000029a3fba1820: ;   {no_reloc}
  0x0000029a3fba1820: 48bb 0000 | 0000 0000 

  0x0000029a3fba1828: ;   {runtime_call}
  0x0000029a3fba1828: 0000 e9fb 

  0x0000029a3fba182c: ;   {static_stub}
  0x0000029a3fba182c: ffff ff48 | bb08 2a80 | 749a 0200 

  0x0000029a3fba1838: ;   {runtime_call I2C/C2I adapters}
  0x0000029a3fba1838: 00e9 1bff 

  0x0000029a3fba183c: ;   {runtime_call ExceptionBlob}
  0x0000029a3fba183c: 46f8 e9bd | 4151 f8e8 | 0000 0000 | 4883 2c24 

  0x0000029a3fba184c: ;   {runtime_call DeoptimizationBlob}
  0x0000029a3fba184c: 05e9 4e0e | 47f8 f4f4 | f4f4 f4f4 
[/MachCode]


---------------  P R O C E S S  ---------------

Threads class SMR info:
_java_thread_list=0x0000029a7ee224d0, length=17, elements={
0x0000029a30687880, 0x0000029a73d9bac0, 0x0000029a73d9d870, 0x0000029a73db7000,
0x0000029a73db88c0, 0x0000029a73db9260, 0x0000029a73dc1d50, 0x0000029a73dce7d0,
0x0000029a73dcf1b0, 0x0000029a73de2360, 0x0000029a73f0ac00, 0x0000029a73f26700,
0x0000029a73f2f650, 0x0000029a7e411be0, 0x0000029a7e686d70, 0x0000029a7e765be0,
0x0000029a7ed4f030
}

Java Threads: ( => current thread )
=>0x0000029a30687880 JavaThread "main" [_thread_in_native, id=11296, stack(0x000000a4feb00000,0x000000a4fec00000)]
  0x0000029a73d9bac0 JavaThread "Reference Handler" daemon [_thread_blocked, id=5372, stack(0x000000a4ff200000,0x000000a4ff300000)]
  0x0000029a73d9d870 JavaThread "Finalizer" daemon [_thread_blocked, id=5564, stack(0x000000a4ff300000,0x000000a4ff400000)]
  0x0000029a73db7000 JavaThread "Signal Dispatcher" daemon [_thread_blocked, id=22232, stack(0x000000a4ff400000,0x000000a4ff500000)]
  0x0000029a73db88c0 JavaThread "Attach Listener" daemon [_thread_blocked, id=6060, stack(0x000000a4ff500000,0x000000a4ff600000)]
  0x0000029a73db9260 JavaThread "Service Thread" daemon [_thread_blocked, id=12704, stack(0x000000a4ff600000,0x000000a4ff700000)]
  0x0000029a73dc1d50 JavaThread "Monitor Deflation Thread" daemon [_thread_blocked, id=7624, stack(0x000000a4ff700000,0x000000a4ff800000)]
  0x0000029a73dce7d0 JavaThread "C2 CompilerThread0" daemon [_thread_blocked, id=11584, stack(0x000000a4ff800000,0x000000a4ff900000)]
  0x0000029a73dcf1b0 JavaThread "C1 CompilerThread0" daemon [_thread_blocked, id=15268, stack(0x000000a4ff900000,0x000000a4ffa00000)]
  0x0000029a73de2360 JavaThread "Sweeper thread" daemon [_thread_blocked, id=12180, stack(0x000000a4ffa00000,0x000000a4ffb00000)]
  0x0000029a73f0ac00 JavaThread "C1 CompilerThread1" daemon [_thread_blocked, id=11864, stack(0x000000a4ffb00000,0x000000a4ffc00000)]
  0x0000029a73f26700 JavaThread "Notification Thread" daemon [_thread_blocked, id=12104, stack(0x000000a4ffc00000,0x000000a4ffd00000)]
  0x0000029a73f2f650 JavaThread "Common-Cleaner" daemon [_thread_blocked, id=8744, stack(0x000000a4ffe00000,0x000000a4fff00000)]
  0x0000029a7e411be0 JavaThread "RenderThread" [_thread_in_native, id=12012, stack(0x000000a480500000,0x000000a480600000)]
  0x0000029a7e686d70 JavaThread "C1 CompilerThread2" daemon [_thread_blocked, id=11008, stack(0x000000a480800000,0x000000a480900000)]
  0x0000029a7e765be0 JavaThread "C1 CompilerThread3" daemon [_thread_blocked, id=14828, stack(0x000000a480900000,0x000000a480a00000)]
  0x0000029a7ed4f030 JavaThread "Java2D Disposer" daemon [_thread_blocked, id=14664, stack(0x000000a480a00000,0x000000a480b00000)]

Other Threads:
  0x0000029a47f17aa0 VMThread "VM Thread" [stack: 0x000000a4ff100000,0x000000a4ff200000] [id=14996]
  0x0000029a73f2de10 WatcherThread "VM Periodic Task Thread" [stack: 0x000000a4ffd00000,0x000000a4ffe00000] [id=18724]
  0x0000029a47e8dbe0 WorkerThread "GC Thread#0" [stack: 0x000000a4fec00000,0x000000a4fed00000] [id=1868]
  0x0000029a30749860 ConcurrentGCThread "G1 Main Marker" [stack: 0x000000a4fed00000,0x000000a4fee00000] [id=21868]
  0x0000029a3074a460 WorkerThread "G1 Conc#0" [stack: 0x000000a4fee00000,0x000000a4fef00000] [id=22440]
  0x0000029a306ace30 ConcurrentGCThread "G1 Refine#0" [stack: 0x000000a4fef00000,0x000000a4ff000000] [id=15412]
  0x0000029a47f46090 ConcurrentGCThread "G1 Service" [stack: 0x000000a4ff000000,0x000000a4ff100000] [id=16852]

Threads with active compile tasks:

VM state: not at safepoint (normal execution)

VM Mutex/Monitor currently owned by a thread: None

Heap address: 0x00000000a0000000, size: 30208 MB, Compressed Oops mode: Zero based, Oop shift amount: 3

CDS archive(s) mapped at: [0x0000000800000000-0x0000000800ba0000-0x0000000800ba0000), size 12189696, SharedBaseAddress: 0x0000000800000000, ArchiveRelocationMode: 0.
Compressed class space mapped at: 0x0000000800c00000-0x0000000840c00000, reserved size: 1073741824
Narrow klass base: 0x0000000800000000, Narrow klass shift: 0, Narrow klass range: 0x100000000

GC Precious Log:
 CardTable entry size: 512
 Card Set container configuration: InlinePtr #cards 3 size 8 Array Of Cards #cards 128 size 272 Howl #buckets 8 coarsen threshold 29491 Howl Bitmap #cards 4096 size 528 coarsen threshold 3686 Card regions per heap region 1 cards per card region 32768
 CPUs: 24 total, 24 available
 Memory: 127G
 Large Page Support: Disabled
 NUMA Support: Disabled
 Compressed Oops: Enabled (Zero based)
 Heap Region Size: 16M
 Heap Min Capacity: 16M
 Heap Initial Capacity: 2G
 Heap Max Capacity: 30208M
 Pre-touch: Disabled
 Parallel Workers: 18
 Concurrent Workers: 5
 Concurrent Refinement Workers: 18
 Periodic GC: Disabled

Heap:
 garbage-first heap   total 2097152K, used 49152K [0x00000000a0000000, 0x0000000800000000)
  region size 16384K, 4 young (65536K), 0 survivors (0K)
 Metaspace       used 9781K, committed 10112K, reserved 1114112K
  class space    used 874K, committed 1024K, reserved 1048576K

Heap Regions: E=young(eden), S=young(survivor), O=old, HS=humongous(starts), HC=humongous(continues), CS=collection set, F=free, OA=open archive, CA=closed archive, TAMS=top-at-mark-start (previous, next)
|   0|0x00000000a0000000, 0x00000000a0000000, 0x00000000a1000000|  0%| F|  |TAMS 0x00000000a0000000, 0x00000000a0000000| Untracked 
|   1|0x00000000a1000000, 0x00000000a1000000, 0x00000000a2000000|  0%| F|  |TAMS 0x00000000a1000000, 0x00000000a1000000| Untracked 
|   2|0x00000000a2000000, 0x00000000a2000000, 0x00000000a3000000|  0%| F|  |TAMS 0x00000000a2000000, 0x00000000a2000000| Untracked 
|   3|0x00000000a3000000, 0x00000000a3000000, 0x00000000a4000000|  0%| F|  |TAMS 0x00000000a3000000, 0x00000000a3000000| Untracked 
|   4|0x00000000a4000000, 0x00000000a4000000, 0x00000000a5000000|  0%| F|  |TAMS 0x00000000a4000000, 0x00000000a4000000| Untracked 
|   5|0x00000000a5000000, 0x00000000a5000000, 0x00000000a6000000|  0%| F|  |TAMS 0x00000000a5000000, 0x00000000a5000000| Untracked 
|   6|0x00000000a6000000, 0x00000000a6000000, 0x00000000a7000000|  0%| F|  |TAMS 0x00000000a6000000, 0x00000000a6000000| Untracked 
|   7|0x00000000a7000000, 0x00000000a7000000, 0x00000000a8000000|  0%| F|  |TAMS 0x00000000a7000000, 0x00000000a7000000| Untracked 
|   8|0x00000000a8000000, 0x00000000a8000000, 0x00000000a9000000|  0%| F|  |TAMS 0x00000000a8000000, 0x00000000a8000000| Untracked 
|   9|0x00000000a9000000, 0x00000000a9000000, 0x00000000aa000000|  0%| F|  |TAMS 0x00000000a9000000, 0x00000000a9000000| Untracked 
|  10|0x00000000aa000000, 0x00000000aa000000, 0x00000000ab000000|  0%| F|  |TAMS 0x00000000aa000000, 0x00000000aa000000| Untracked 
|  11|0x00000000ab000000, 0x00000000ab000000, 0x00000000ac000000|  0%| F|  |TAMS 0x00000000ab000000, 0x00000000ab000000| Untracked 
|  12|0x00000000ac000000, 0x00000000ac000000, 0x00000000ad000000|  0%| F|  |TAMS 0x00000000ac000000, 0x00000000ac000000| Untracked 
|  13|0x00000000ad000000, 0x00000000ad000000, 0x00000000ae000000|  0%| F|  |TAMS 0x00000000ad000000, 0x00000000ad000000| Untracked 
|  14|0x00000000ae000000, 0x00000000ae000000, 0x00000000af000000|  0%| F|  |TAMS 0x00000000ae000000, 0x00000000ae000000| Untracked 
|  15|0x00000000af000000, 0x00000000af000000, 0x00000000b0000000|  0%| F|  |TAMS 0x00000000af000000, 0x00000000af000000| Untracked 
|  16|0x00000000b0000000, 0x00000000b0000000, 0x00000000b1000000|  0%| F|  |TAMS 0x00000000b0000000, 0x00000000b0000000| Untracked 
|  17|0x00000000b1000000, 0x00000000b1000000, 0x00000000b2000000|  0%| F|  |TAMS 0x00000000b1000000, 0x00000000b1000000| Untracked 
|  18|0x00000000b2000000, 0x00000000b2000000, 0x00000000b3000000|  0%| F|  |TAMS 0x00000000b2000000, 0x00000000b2000000| Untracked 
|  19|0x00000000b3000000, 0x00000000b3000000, 0x00000000b4000000|  0%| F|  |TAMS 0x00000000b3000000, 0x00000000b3000000| Untracked 
|  20|0x00000000b4000000, 0x00000000b4000000, 0x00000000b5000000|  0%| F|  |TAMS 0x00000000b4000000, 0x00000000b4000000| Untracked 
|  21|0x00000000b5000000, 0x00000000b5000000, 0x00000000b6000000|  0%| F|  |TAMS 0x00000000b5000000, 0x00000000b5000000| Untracked 
|  22|0x00000000b6000000, 0x00000000b6000000, 0x00000000b7000000|  0%| F|  |TAMS 0x00000000b6000000, 0x00000000b6000000| Untracked 
|  23|0x00000000b7000000, 0x00000000b7000000, 0x00000000b8000000|  0%| F|  |TAMS 0x00000000b7000000, 0x00000000b7000000| Untracked 
|  24|0x00000000b8000000, 0x00000000b8000000, 0x00000000b9000000|  0%| F|  |TAMS 0x00000000b8000000, 0x00000000b8000000| Untracked 
|  25|0x00000000b9000000, 0x00000000b9000000, 0x00000000ba000000|  0%| F|  |TAMS 0x00000000b9000000, 0x00000000b9000000| Untracked 
|  26|0x00000000ba000000, 0x00000000ba000000, 0x00000000bb000000|  0%| F|  |TAMS 0x00000000ba000000, 0x00000000ba000000| Untracked 
|  27|0x00000000bb000000, 0x00000000bb000000, 0x00000000bc000000|  0%| F|  |TAMS 0x00000000bb000000, 0x00000000bb000000| Untracked 
|  28|0x00000000bc000000, 0x00000000bc000000, 0x00000000bd000000|  0%| F|  |TAMS 0x00000000bc000000, 0x00000000bc000000| Untracked 
|  29|0x00000000bd000000, 0x00000000bd000000, 0x00000000be000000|  0%| F|  |TAMS 0x00000000bd000000, 0x00000000bd000000| Untracked 
|  30|0x00000000be000000, 0x00000000be000000, 0x00000000bf000000|  0%| F|  |TAMS 0x00000000be000000, 0x00000000be000000| Untracked 
|  31|0x00000000bf000000, 0x00000000bf000000, 0x00000000c0000000|  0%| F|  |TAMS 0x00000000bf000000, 0x00000000bf000000| Untracked 
|  32|0x00000000c0000000, 0x00000000c0000000, 0x00000000c1000000|  0%| F|  |TAMS 0x00000000c0000000, 0x00000000c0000000| Untracked 
|  33|0x00000000c1000000, 0x00000000c1000000, 0x00000000c2000000|  0%| F|  |TAMS 0x00000000c1000000, 0x00000000c1000000| Untracked 
|  34|0x00000000c2000000, 0x00000000c2000000, 0x00000000c3000000|  0%| F|  |TAMS 0x00000000c2000000, 0x00000000c2000000| Untracked 
|  35|0x00000000c3000000, 0x00000000c3000000, 0x00000000c4000000|  0%| F|  |TAMS 0x00000000c3000000, 0x00000000c3000000| Untracked 
|  36|0x00000000c4000000, 0x00000000c4000000, 0x00000000c5000000|  0%| F|  |TAMS 0x00000000c4000000, 0x00000000c4000000| Untracked 
|  37|0x00000000c5000000, 0x00000000c5000000, 0x00000000c6000000|  0%| F|  |TAMS 0x00000000c5000000, 0x00000000c5000000| Untracked 
|  38|0x00000000c6000000, 0x00000000c6000000, 0x00000000c7000000|  0%| F|  |TAMS 0x00000000c6000000, 0x00000000c6000000| Untracked 
|  39|0x00000000c7000000, 0x00000000c7000000, 0x00000000c8000000|  0%| F|  |TAMS 0x00000000c7000000, 0x00000000c7000000| Untracked 
|  40|0x00000000c8000000, 0x00000000c8000000, 0x00000000c9000000|  0%| F|  |TAMS 0x00000000c8000000, 0x00000000c8000000| Untracked 
|  41|0x00000000c9000000, 0x00000000c9000000, 0x00000000ca000000|  0%| F|  |TAMS 0x00000000c9000000, 0x00000000c9000000| Untracked 
|  42|0x00000000ca000000, 0x00000000ca000000, 0x00000000cb000000|  0%| F|  |TAMS 0x00000000ca000000, 0x00000000ca000000| Untracked 
|  43|0x00000000cb000000, 0x00000000cb000000, 0x00000000cc000000|  0%| F|  |TAMS 0x00000000cb000000, 0x00000000cb000000| Untracked 
|  44|0x00000000cc000000, 0x00000000cc000000, 0x00000000cd000000|  0%| F|  |TAMS 0x00000000cc000000, 0x00000000cc000000| Untracked 
|  45|0x00000000cd000000, 0x00000000cd000000, 0x00000000ce000000|  0%| F|  |TAMS 0x00000000cd000000, 0x00000000cd000000| Untracked 
|  46|0x00000000ce000000, 0x00000000ce000000, 0x00000000cf000000|  0%| F|  |TAMS 0x00000000ce000000, 0x00000000ce000000| Untracked 
|  47|0x00000000cf000000, 0x00000000cf000000, 0x00000000d0000000|  0%| F|  |TAMS 0x00000000cf000000, 0x00000000cf000000| Untracked 
|  48|0x00000000d0000000, 0x00000000d0000000, 0x00000000d1000000|  0%| F|  |TAMS 0x00000000d0000000, 0x00000000d0000000| Untracked 
|  49|0x00000000d1000000, 0x00000000d1000000, 0x00000000d2000000|  0%| F|  |TAMS 0x00000000d1000000, 0x00000000d1000000| Untracked 
|  50|0x00000000d2000000, 0x00000000d2000000, 0x00000000d3000000|  0%| F|  |TAMS 0x00000000d2000000, 0x00000000d2000000| Untracked 
|  51|0x00000000d3000000, 0x00000000d3000000, 0x00000000d4000000|  0%| F|  |TAMS 0x00000000d3000000, 0x00000000d3000000| Untracked 
|  52|0x00000000d4000000, 0x00000000d4000000, 0x00000000d5000000|  0%| F|  |TAMS 0x00000000d4000000, 0x00000000d4000000| Untracked 
|  53|0x00000000d5000000, 0x00000000d5000000, 0x00000000d6000000|  0%| F|  |TAMS 0x00000000d5000000, 0x00000000d5000000| Untracked 
|  54|0x00000000d6000000, 0x00000000d6000000, 0x00000000d7000000|  0%| F|  |TAMS 0x00000000d6000000, 0x00000000d6000000| Untracked 
|  55|0x00000000d7000000, 0x00000000d7000000, 0x00000000d8000000|  0%| F|  |TAMS 0x00000000d7000000, 0x00000000d7000000| Untracked 
|  56|0x00000000d8000000, 0x00000000d8000000, 0x00000000d9000000|  0%| F|  |TAMS 0x00000000d8000000, 0x00000000d8000000| Untracked 
|  57|0x00000000d9000000, 0x00000000d9000000, 0x00000000da000000|  0%| F|  |TAMS 0x00000000d9000000, 0x00000000d9000000| Untracked 
|  58|0x00000000da000000, 0x00000000da000000, 0x00000000db000000|  0%| F|  |TAMS 0x00000000da000000, 0x00000000da000000| Untracked 
|  59|0x00000000db000000, 0x00000000db000000, 0x00000000dc000000|  0%| F|  |TAMS 0x00000000db000000, 0x00000000db000000| Untracked 
|  60|0x00000000dc000000, 0x00000000dc000000, 0x00000000dd000000|  0%| F|  |TAMS 0x00000000dc000000, 0x00000000dc000000| Untracked 
|  61|0x00000000dd000000, 0x00000000dd000000, 0x00000000de000000|  0%| F|  |TAMS 0x00000000dd000000, 0x00000000dd000000| Untracked 
|  62|0x00000000de000000, 0x00000000de000000, 0x00000000df000000|  0%| F|  |TAMS 0x00000000de000000, 0x00000000de000000| Untracked 
|  63|0x00000000df000000, 0x00000000df000000, 0x00000000e0000000|  0%| F|  |TAMS 0x00000000df000000, 0x00000000df000000| Untracked 
|  64|0x00000000e0000000, 0x00000000e0000000, 0x00000000e1000000|  0%| F|  |TAMS 0x00000000e0000000, 0x00000000e0000000| Untracked 
|  65|0x00000000e1000000, 0x00000000e1000000, 0x00000000e2000000|  0%| F|  |TAMS 0x00000000e1000000, 0x00000000e1000000| Untracked 
|  66|0x00000000e2000000, 0x00000000e2000000, 0x00000000e3000000|  0%| F|  |TAMS 0x00000000e2000000, 0x00000000e2000000| Untracked 
|  67|0x00000000e3000000, 0x00000000e3000000, 0x00000000e4000000|  0%| F|  |TAMS 0x00000000e3000000, 0x00000000e3000000| Untracked 
|  68|0x00000000e4000000, 0x00000000e4000000, 0x00000000e5000000|  0%| F|  |TAMS 0x00000000e4000000, 0x00000000e4000000| Untracked 
|  69|0x00000000e5000000, 0x00000000e5000000, 0x00000000e6000000|  0%| F|  |TAMS 0x00000000e5000000, 0x00000000e5000000| Untracked 
|  70|0x00000000e6000000, 0x00000000e6000000, 0x00000000e7000000|  0%| F|  |TAMS 0x00000000e6000000, 0x00000000e6000000| Untracked 
|  71|0x00000000e7000000, 0x00000000e7000000, 0x00000000e8000000|  0%| F|  |TAMS 0x00000000e7000000, 0x00000000e7000000| Untracked 
|  72|0x00000000e8000000, 0x00000000e8000000, 0x00000000e9000000|  0%| F|  |TAMS 0x00000000e8000000, 0x00000000e8000000| Untracked 
|  73|0x00000000e9000000, 0x00000000e9000000, 0x00000000ea000000|  0%| F|  |TAMS 0x00000000e9000000, 0x00000000e9000000| Untracked 
|  74|0x00000000ea000000, 0x00000000ea000000, 0x00000000eb000000|  0%| F|  |TAMS 0x00000000ea000000, 0x00000000ea000000| Untracked 
|  75|0x00000000eb000000, 0x00000000eb000000, 0x00000000ec000000|  0%| F|  |TAMS 0x00000000eb000000, 0x00000000eb000000| Untracked 
|  76|0x00000000ec000000, 0x00000000ec000000, 0x00000000ed000000|  0%| F|  |TAMS 0x00000000ec000000, 0x00000000ec000000| Untracked 
|  77|0x00000000ed000000, 0x00000000ed000000, 0x00000000ee000000|  0%| F|  |TAMS 0x00000000ed000000, 0x00000000ed000000| Untracked 
|  78|0x00000000ee000000, 0x00000000ee000000, 0x00000000ef000000|  0%| F|  |TAMS 0x00000000ee000000, 0x00000000ee000000| Untracked 
|  79|0x00000000ef000000, 0x00000000ef000000, 0x00000000f0000000|  0%| F|  |TAMS 0x00000000ef000000, 0x00000000ef000000| Untracked 
|  80|0x00000000f0000000, 0x00000000f0000000, 0x00000000f1000000|  0%| F|  |TAMS 0x00000000f0000000, 0x00000000f0000000| Untracked 
|  81|0x00000000f1000000, 0x00000000f1000000, 0x00000000f2000000|  0%| F|  |TAMS 0x00000000f1000000, 0x00000000f1000000| Untracked 
|  82|0x00000000f2000000, 0x00000000f2000000, 0x00000000f3000000|  0%| F|  |TAMS 0x00000000f2000000, 0x00000000f2000000| Untracked 
|  83|0x00000000f3000000, 0x00000000f3000000, 0x00000000f4000000|  0%| F|  |TAMS 0x00000000f3000000, 0x00000000f3000000| Untracked 
|  84|0x00000000f4000000, 0x00000000f4000000, 0x00000000f5000000|  0%| F|  |TAMS 0x00000000f4000000, 0x00000000f4000000| Untracked 
|  85|0x00000000f5000000, 0x00000000f5000000, 0x00000000f6000000|  0%| F|  |TAMS 0x00000000f5000000, 0x00000000f5000000| Untracked 
|  86|0x00000000f6000000, 0x00000000f6000000, 0x00000000f7000000|  0%| F|  |TAMS 0x00000000f6000000, 0x00000000f6000000| Untracked 
|  87|0x00000000f7000000, 0x00000000f7000000, 0x00000000f8000000|  0%| F|  |TAMS 0x00000000f7000000, 0x00000000f7000000| Untracked 
|  88|0x00000000f8000000, 0x00000000f8000000, 0x00000000f9000000|  0%| F|  |TAMS 0x00000000f8000000, 0x00000000f8000000| Untracked 
|  89|0x00000000f9000000, 0x00000000f9000000, 0x00000000fa000000|  0%| F|  |TAMS 0x00000000f9000000, 0x00000000f9000000| Untracked 
|  90|0x00000000fa000000, 0x00000000fa000000, 0x00000000fb000000|  0%| F|  |TAMS 0x00000000fa000000, 0x00000000fa000000| Untracked 
|  91|0x00000000fb000000, 0x00000000fb000000, 0x00000000fc000000|  0%| F|  |TAMS 0x00000000fb000000, 0x00000000fb000000| Untracked 
|  92|0x00000000fc000000, 0x00000000fc000000, 0x00000000fd000000|  0%| F|  |TAMS 0x00000000fc000000, 0x00000000fc000000| Untracked 
|  93|0x00000000fd000000, 0x00000000fd000000, 0x00000000fe000000|  0%| F|  |TAMS 0x00000000fd000000, 0x00000000fd000000| Untracked 
|  94|0x00000000fe000000, 0x00000000fe000000, 0x00000000ff000000|  0%| F|  |TAMS 0x00000000fe000000, 0x00000000fe000000| Untracked 
|  95|0x00000000ff000000, 0x00000000ff000000, 0x0000000100000000|  0%| F|  |TAMS 0x00000000ff000000, 0x00000000ff000000| Untracked 
|  96|0x0000000100000000, 0x0000000100000000, 0x0000000101000000|  0%| F|  |TAMS 0x0000000100000000, 0x0000000100000000| Untracked 
|  97|0x0000000101000000, 0x0000000101000000, 0x0000000102000000|  0%| F|  |TAMS 0x0000000101000000, 0x0000000101000000| Untracked 
|  98|0x0000000102000000, 0x0000000102000000, 0x0000000103000000|  0%| F|  |TAMS 0x0000000102000000, 0x0000000102000000| Untracked 
|  99|0x0000000103000000, 0x0000000103000000, 0x0000000104000000|  0%| F|  |TAMS 0x0000000103000000, 0x0000000103000000| Untracked 
| 100|0x0000000104000000, 0x0000000104000000, 0x0000000105000000|  0%| F|  |TAMS 0x0000000104000000, 0x0000000104000000| Untracked 
| 101|0x0000000105000000, 0x0000000105000000, 0x0000000106000000|  0%| F|  |TAMS 0x0000000105000000, 0x0000000105000000| Untracked 
| 102|0x0000000106000000, 0x0000000106000000, 0x0000000107000000|  0%| F|  |TAMS 0x0000000106000000, 0x0000000106000000| Untracked 
| 103|0x0000000107000000, 0x0000000107000000, 0x0000000108000000|  0%| F|  |TAMS 0x0000000107000000, 0x0000000107000000| Untracked 
| 104|0x0000000108000000, 0x0000000108000000, 0x0000000109000000|  0%| F|  |TAMS 0x0000000108000000, 0x0000000108000000| Untracked 
| 105|0x0000000109000000, 0x0000000109000000, 0x000000010a000000|  0%| F|  |TAMS 0x0000000109000000, 0x0000000109000000| Untracked 
| 106|0x000000010a000000, 0x000000010a000000, 0x000000010b000000|  0%| F|  |TAMS 0x000000010a000000, 0x000000010a000000| Untracked 
| 107|0x000000010b000000, 0x000000010b000000, 0x000000010c000000|  0%| F|  |TAMS 0x000000010b000000, 0x000000010b000000| Untracked 
| 108|0x000000010c000000, 0x000000010c000000, 0x000000010d000000|  0%| F|  |TAMS 0x000000010c000000, 0x000000010c000000| Untracked 
| 109|0x000000010d000000, 0x000000010d000000, 0x000000010e000000|  0%| F|  |TAMS 0x000000010d000000, 0x000000010d000000| Untracked 
| 110|0x000000010e000000, 0x000000010e000000, 0x000000010f000000|  0%| F|  |TAMS 0x000000010e000000, 0x000000010e000000| Untracked 
| 111|0x000000010f000000, 0x000000010f000000, 0x0000000110000000|  0%| F|  |TAMS 0x000000010f000000, 0x000000010f000000| Untracked 
| 112|0x0000000110000000, 0x0000000110000000, 0x0000000111000000|  0%| F|  |TAMS 0x0000000110000000, 0x0000000110000000| Untracked 
| 113|0x0000000111000000, 0x0000000111000000, 0x0000000112000000|  0%| F|  |TAMS 0x0000000111000000, 0x0000000111000000| Untracked 
| 114|0x0000000112000000, 0x0000000112000000, 0x0000000113000000|  0%| F|  |TAMS 0x0000000112000000, 0x0000000112000000| Untracked 
| 115|0x0000000113000000, 0x0000000113000000, 0x0000000114000000|  0%| F|  |TAMS 0x0000000113000000, 0x0000000113000000| Untracked 
| 116|0x0000000114000000, 0x0000000114000000, 0x0000000115000000|  0%| F|  |TAMS 0x0000000114000000, 0x0000000114000000| Untracked 
| 117|0x0000000115000000, 0x0000000115000000, 0x0000000116000000|  0%| F|  |TAMS 0x0000000115000000, 0x0000000115000000| Untracked 
| 118|0x0000000116000000, 0x0000000116000000, 0x0000000117000000|  0%| F|  |TAMS 0x0000000116000000, 0x0000000116000000| Untracked 
| 119|0x0000000117000000, 0x0000000117000000, 0x0000000118000000|  0%| F|  |TAMS 0x0000000117000000, 0x0000000117000000| Untracked 
| 120|0x0000000118000000, 0x0000000118000000, 0x0000000119000000|  0%| F|  |TAMS 0x0000000118000000, 0x0000000118000000| Untracked 
| 121|0x0000000119000000, 0x0000000119000000, 0x000000011a000000|  0%| F|  |TAMS 0x0000000119000000, 0x0000000119000000| Untracked 
| 122|0x000000011a000000, 0x000000011a000000, 0x000000011b000000|  0%| F|  |TAMS 0x000000011a000000, 0x000000011a000000| Untracked 
| 123|0x000000011b000000, 0x000000011b000000, 0x000000011c000000|  0%| F|  |TAMS 0x000000011b000000, 0x000000011b000000| Untracked 
| 124|0x000000011c000000, 0x000000011cd712f8, 0x000000011d000000| 84%| E|  |TAMS 0x000000011c000000, 0x000000011c000000| Complete 
| 125|0x000000011d000000, 0x000000011e000000, 0x000000011e000000|100%| E|CS|TAMS 0x000000011d000000, 0x000000011d000000| Complete 
| 126|0x000000011e000000, 0x000000011f000000, 0x000000011f000000|100%| E|CS|TAMS 0x000000011e000000, 0x000000011e000000| Complete 
| 127|0x000000011f000000, 0x0000000120000000, 0x0000000120000000|100%| E|CS|TAMS 0x000000011f000000, 0x000000011f000000| Complete 

Card table byte_map: [0x0000029a4baa0000,0x0000029a4f5a0000] _byte_map_base: 0x0000029a4b5a0000

Marking Bits (Prev, Next): (CMBitMap*) 0x0000029a30739af0, (CMBitMap*) 0x0000029a30739b30
 Prev Bits: [0x0000029a530a0000, 0x0000029a708a0000)
 Next Bits: [0x0000029a00000000, 0x0000029a1d800000)

Polling page: 0x0000029a2e620000

Metaspace:

Usage:
  Non-class:      8.70 MB used.
      Class:    874.21 KB used.
       Both:      9.55 MB used.

Virtual space:
  Non-class space:       64.00 MB reserved,       8.88 MB ( 14%) committed,  1 nodes.
      Class space:        1.00 GB reserved,       1.00 MB ( <1%) committed,  1 nodes.
             Both:        1.06 GB reserved,       9.88 MB ( <1%) committed. 

Chunk freelists:
   Non-Class:  2.51 MB
       Class:  2.98 MB
        Both:  5.49 MB

MaxMetaspaceSize: unlimited
CompressedClassSpaceSize: 1.00 GB
Initial GC threshold: 21.00 MB
Current GC threshold: 21.00 MB
CDS: on
MetaspaceReclaimPolicy: balanced
 - commit_granule_bytes: 65536.
 - commit_granule_words: 8192.
 - virtual_space_node_default_size: 8388608.
 - enlarge_chunks_in_place: 1.
 - new_chunks_are_fully_committed: 0.
 - uncommit_free_chunks: 1.
 - use_allocation_guard: 0.


Internal statistics:

num_allocs_failed_limit: 0.
num_arena_births: 332.
num_arena_deaths: 0.
num_vsnodes_births: 2.
num_vsnodes_deaths: 0.
num_space_committed: 156.
num_space_uncommitted: 0.
num_chunks_returned_to_freelist: 0.
num_chunks_taken_from_freelist: 581.
num_chunk_merges: 0.
num_chunk_splits: 377.
num_chunks_enlarged: 235.
num_inconsistent_stats: 0.

CodeHeap 'non-profiled nmethods': size=119168Kb used=571Kb max_used=571Kb free=118596Kb
 bounds [0x0000029a3fb60000, 0x0000029a3fdd0000, 0x0000029a46fc0000]
CodeHeap 'profiled nmethods': size=119104Kb used=2936Kb max_used=2936Kb free=116167Kb
 bounds [0x0000029a38710000, 0x0000029a389f0000, 0x0000029a3fb60000]
CodeHeap 'non-nmethods': size=7488Kb used=3373Kb max_used=3426Kb free=4114Kb
 bounds [0x0000029a37fc0000, 0x0000029a38320000, 0x0000029a38710000]
 total_blobs=2762 nmethods=1637 adapters=1035
 compilation: enabled
              stopped_count=0, restarted_count=0
 full_count=0

Compilation events (20 events):
Event: 1.262 Thread 0x0000029a73dcf1b0 1626       3       java.util.HashMap$KeySet::iterator (12 bytes)
Event: 1.262 Thread 0x0000029a7e765be0 1627       3       java.util.HashMap$KeyIterator::<init> (6 bytes)
Event: 1.262 Thread 0x0000029a7e765be0 nmethod 1627 0x0000029a389eb090 code [0x0000029a389eb220, 0x0000029a389eb368]
Event: 1.262 Thread 0x0000029a73dcf1b0 nmethod 1626 0x0000029a389eb410 code [0x0000029a389eb5c0, 0x0000029a389eb7c8]
Event: 1.311 Thread 0x0000029a73dcf1b0 1628       1       de.m_marvin.renderengine.utility.NumberFormat::gltype (5 bytes)
Event: 1.311 Thread 0x0000029a73dcf1b0 nmethod 1628 0x0000029a3fbee210 code [0x0000029a3fbee3a0, 0x0000029a3fbee478]
Event: 1.342 Thread 0x0000029a7e765be0 1629       3       java.util.HashSet::iterator (13 bytes)
Event: 1.342 Thread 0x0000029a7e765be0 nmethod 1629 0x0000029a389eb890 code [0x0000029a389eba40, 0x0000029a389ebcd8]
Event: 1.377 Thread 0x0000029a7e765be0 1630       3       de.m_marvin.renderengine.GLStateManager::bindVertexArray (5 bytes)
Event: 1.377 Thread 0x0000029a7e686d70 1631       3       org.lwjgl.opengl.GL30::glBindVertexArray (5 bytes)
Event: 1.378 Thread 0x0000029a7e765be0 nmethod 1630 0x0000029a389ebe10 code [0x0000029a389ebfc0, 0x0000029a389ec128]
Event: 1.378 Thread 0x0000029a7e686d70 nmethod 1631 0x0000029a389ec210 code [0x0000029a389ec3a0, 0x0000029a389ec4a8]
Event: 1.394 Thread 0x0000029a7e686d70 1633       3       de.m_marvin.voxelengine.rendering.LevelRender::getOrCreateRender (40 bytes)
Event: 1.394 Thread 0x0000029a7e765be0 1634       3       java.util.Collections::binarySearch (43 bytes)
Event: 1.394 Thread 0x0000029a73f0ac00 1635       3       java.util.Collections::indexedBinarySearch (85 bytes)
Event: 1.394 Thread 0x0000029a73dcf1b0 1636       1       de.m_marvin.renderengine.vertices.RenderPrimitive::getgltype (5 bytes)
Event: 1.394 Thread 0x0000029a73dcf1b0 nmethod 1636 0x0000029a3fbee910 code [0x0000029a3fbeeaa0, 0x0000029a3fbeeb78]
Event: 1.394 Thread 0x0000029a7e686d70 nmethod 1633 0x0000029a389ec590 code [0x0000029a389ec760, 0x0000029a389ecbe8]
Event: 1.394 Thread 0x0000029a73f0ac00 nmethod 1635 0x0000029a389ecd90 code [0x0000029a389ecf60, 0x0000029a389ed468]
Event: 1.394 Thread 0x0000029a7e765be0 nmethod 1634 0x0000029a389ed610 code [0x0000029a389ed840, 0x0000029a389edff8]

GC Heap History (0 events):
No events

Deoptimization events (20 events):
Event: 0.621 Thread 0x0000029a7e411be0 DEOPT PACKING pc=0x0000029a38992209 sp=0x000000a4805ff1e0
Event: 0.621 Thread 0x0000029a7e411be0 DEOPT UNPACKING pc=0x0000029a38012b43 sp=0x000000a4805fe6b0 mode 0
Event: 0.621 Thread 0x0000029a7e411be0 DEOPT PACKING pc=0x0000029a38992209 sp=0x000000a4805ff1e0
Event: 0.621 Thread 0x0000029a7e411be0 DEOPT UNPACKING pc=0x0000029a38012b43 sp=0x000000a4805fe6b0 mode 0
Event: 0.621 Thread 0x0000029a7e411be0 DEOPT PACKING pc=0x0000029a38992209 sp=0x000000a4805ff1e0
Event: 0.621 Thread 0x0000029a7e411be0 DEOPT UNPACKING pc=0x0000029a38012b43 sp=0x000000a4805fe6b0 mode 0
Event: 0.622 Thread 0x0000029a7e411be0 DEOPT PACKING pc=0x0000029a38992209 sp=0x000000a4805ff1e0
Event: 0.622 Thread 0x0000029a7e411be0 DEOPT UNPACKING pc=0x0000029a38012b43 sp=0x000000a4805fe6b0 mode 0
Event: 0.632 Thread 0x0000029a7e411be0 DEOPT PACKING pc=0x0000029a3899a56b sp=0x000000a4805ff170
Event: 0.632 Thread 0x0000029a7e411be0 DEOPT UNPACKING pc=0x0000029a38012b43 sp=0x000000a4805fe6b0 mode 0
Event: 0.647 Thread 0x0000029a7e411be0 DEOPT PACKING pc=0x0000029a387aa466 sp=0x000000a4805fdca0
Event: 0.647 Thread 0x0000029a7e411be0 DEOPT UNPACKING pc=0x0000029a38012b43 sp=0x000000a4805fd170 mode 0
Event: 0.677 Thread 0x0000029a7e411be0 Uncommon trap: trap_request=0xffffffcc fr.pc=0x0000029a3fbd8dfc relative=0x000000000000015c
Event: 0.677 Thread 0x0000029a7e411be0 Uncommon trap: reason=intrinsic_or_type_checked_inlining action=make_not_entrant pc=0x0000029a3fbd8dfc method=java.util.ArrayList$SubList.toArray([Ljava/lang/Object;)[Ljava/lang/Object; @ 58 c2
Event: 0.677 Thread 0x0000029a7e411be0 DEOPT PACKING pc=0x0000029a3fbd8dfc sp=0x000000a4805ff230
Event: 0.677 Thread 0x0000029a7e411be0 DEOPT UNPACKING pc=0x0000029a380123a3 sp=0x000000a4805ff1d0 mode 2
Event: 0.742 Thread 0x0000029a7e411be0 Uncommon trap: trap_request=0xffffffcc fr.pc=0x0000029a3fbe5284 relative=0x0000000000001c24
Event: 0.742 Thread 0x0000029a7e411be0 Uncommon trap: reason=intrinsic_or_type_checked_inlining action=make_not_entrant pc=0x0000029a3fbe5284 method=java.util.ArrayList$SubList.toArray([Ljava/lang/Object;)[Ljava/lang/Object; @ 58 c2
Event: 0.742 Thread 0x0000029a7e411be0 DEOPT PACKING pc=0x0000029a3fbe5284 sp=0x000000a4805ff2f0
Event: 0.742 Thread 0x0000029a7e411be0 DEOPT UNPACKING pc=0x0000029a380123a3 sp=0x000000a4805ff238 mode 2

Classes loaded (20 events):
Event: 0.592 Loading class java/util/stream/SortedOps$RefSortingSink
Event: 0.592 Loading class java/util/stream/SortedOps$RefSortingSink done
Event: 0.594 Loading class java/util/AbstractList$RandomAccessSubList
Event: 0.594 Loading class java/util/AbstractList$SubList
Event: 0.594 Loading class java/util/AbstractList$SubList done
Event: 0.594 Loading class java/util/AbstractList$RandomAccessSubList done
Event: 0.594 Loading class java/util/AbstractList$SubList$1
Event: 0.594 Loading class java/util/AbstractList$SubList$1 done
Event: 0.594 Loading class java/util/AbstractList$ListItr
Event: 0.594 Loading class java/util/AbstractList$ListItr done
Event: 0.595 Loading class java/lang/invoke/MethodHandleImpl$CountingWrapper
Event: 0.595 Loading class java/lang/invoke/MethodHandleImpl$CountingWrapper done
Event: 0.595 Loading class jdk/internal/org/objectweb/asm/Edge
Event: 0.595 Loading class jdk/internal/org/objectweb/asm/Edge done
Event: 0.597 Loading class java/util/stream/ReduceOps$2
Event: 0.597 Loading class java/util/stream/ReduceOps$2 done
Event: 0.597 Loading class java/util/stream/ReduceOps$2ReducingSink
Event: 0.597 Loading class java/util/stream/ReduceOps$2ReducingSink done
Event: 0.645 Loading class java/lang/invoke/MethodHandle$1
Event: 0.645 Loading class java/lang/invoke/MethodHandle$1 done

Classes unloaded (0 events):
No events

Classes redefined (0 events):
No events

Internal exceptions (20 events):
Event: 0.446 Thread 0x0000029a30687880 Exception <a 'java/lang/NoSuchMethodError'{0x000000011e1a56a0}: 'java.lang.Object java.lang.invoke.DirectMethodHandle$Holder.invokeVirtual(java.lang.Object, java.lang.Object, java.lang.Object)'> (0x000000011e1a56a0) 
thrown [s\open\src\hotspot\share\interpreter\linkResolver.cpp, line 759]
Event: 0.453 Thread 0x0000029a7e411be0 Exception <a 'java/lang/NoSuchMethodError'{0x000000011e67d798}: 'void java.lang.invoke.DirectMethodHandle$Holder.invokeVirtual(java.lang.Object, java.lang.Object)'> (0x000000011e67d798) 
thrown [s\open\src\hotspot\share\interpreter\linkResolver.cpp, line 759]
Event: 0.487 Thread 0x0000029a7e411be0 Exception <a 'java/lang/NoSuchMethodError'{0x000000011e90ddb8}: 'void java.lang.invoke.DirectMethodHandle$Holder.invokeStaticInit(java.lang.Object, java.lang.Object, java.lang.Object)'> (0x000000011e90ddb8) 
thrown [s\open\src\hotspot\share\interpreter\linkResolver.cpp, line 759]
Event: 0.515 Thread 0x0000029a7e411be0 Exception <a 'java/lang/NoSuchMethodError'{0x000000011ea39a50}: 'java.lang.Object java.lang.invoke.DirectMethodHandle$Holder.invokeStaticInit(java.lang.Object, int, int, int, int)'> (0x000000011ea39a50) 
thrown [s\open\src\hotspot\share\interpreter\linkResolver.cpp, line 759]
Event: 0.549 Thread 0x0000029a7e411be0 Exception <a 'java/lang/NoSuchMethodError'{0x000000011eb01200}: 'java.lang.Object java.lang.invoke.DirectMethodHandle$Holder.invokeStaticInit(java.lang.Object, java.lang.Object, int, int, int, int)'> (0x000000011eb01200) 
thrown [s\open\src\hotspot\share\interpreter\linkResolver.cpp, line 759]
Event: 0.581 Thread 0x0000029a7e411be0 Exception <a 'java/lang/NoSuchMethodError'{0x000000011eb79130}: 'int java.lang.invoke.DirectMethodHandle$Holder.invokeStatic(java.lang.Object, int, java.lang.Object)'> (0x000000011eb79130) 
thrown [s\open\src\hotspot\share\interpreter\linkResolver.cpp, line 759]
Event: 0.582 Thread 0x0000029a7e411be0 Exception <a 'java/lang/NoSuchMethodError'{0x000000011eb86510}: 'java.lang.Object java.lang.invoke.DirectMethodHandle$Holder.invokeStatic(java.lang.Object, int, java.lang.Object)'> (0x000000011eb86510) 
thrown [s\open\src\hotspot\share\interpreter\linkResolver.cpp, line 759]
Event: 0.585 Thread 0x0000029a7e411be0 Exception <a 'java/lang/NoSuchMethodError'{0x000000011ebc0688}: 'java.lang.Object java.lang.invoke.DirectMethodHandle$Holder.invokeSpecial(java.lang.Object, java.lang.Object, java.lang.Object, java.lang.Object, java.lang.Object, java.lang.Object, java.lang.Object, java.lang.Object, java.lang.Object, java.lang.Object, java.lang.Object, java.lang.Object, java.lang.Object)'> (0x000000011ebc0688) 
thrown [s\open\src\hotspot\share\interpreter\linkResolver.cpp, line 759]
Event: 0.585 Thread 0x0000029a7e411be0 Exception <a 'java/lang/NoSuchMethodError'{0x000000011ebc51d0}: 'java.lang.Object java.lang.invoke.Invokers$Holder.invoker(java.lang.Object, java.lang.Object, java.lang.Object, java.lang.Object, java.lang.Object, java.lang.Object, java.lang.Object, java.lang.Object, java.lang.Object, java.lang.Object, java.lang.Object, java.lang.Object, java.lang.Object)'> (0x000000011ebc51d0) 
thrown [s\open\src\hotspot\share\interpreter\linkResolver.cpp, line 759]
Event: 0.585 Thread 0x0000029a7e411be0 Exception <a 'java/lang/NoSuchMethodError'{0x000000011ebcb6f8}: 'java.lang.Object java.lang.invoke.DirectMethodHandle$Holder.invokeSpecial(java.lang.Object, java.lang.Object, java.lang.Object, java.lang.Object, java.lang.Object, java.lang.Object, java.lang.Object, java.lang.Object, java.lang.Object, java.lang.Object, java.lang.Object, java.lang.Object, java.lang.Object, java.lang.Object)'> (0x000000011ebcb6f8) 
thrown [s\open\src\hotspot\share\interpreter\linkResolver.cpp, line 759]
Event: 0.586 Thread 0x0000029a7e411be0 Exception <a 'java/lang/NoSuchMethodError'{0x000000011ebdb690}: 'java.lang.Object java.lang.invoke.DirectMethodHandle$Holder.invokeSpecial(java.lang.Object, java.lang.Object, java.lang.Object, java.lang.Object, java.lang.Object, java.lang.Object, java.lang.Object, java.lang.Object, java.lang.Object)'> (0x000000011ebdb690) 
thrown [s\open\src\hotspot\share\interpreter\linkResolver.cpp, line 759]
Event: 0.586 Thread 0x0000029a7e411be0 Exception <a 'java/lang/NoSuchMethodError'{0x000000011ebdfa78}: 'java.lang.Object java.lang.invoke.Invokers$Holder.invoke_MT(java.lang.Object, java.lang.Object, java.lang.Object, java.lang.Object, java.lang.Object, java.lang.Object, java.lang.Object, java.lang.Object, java.lang.Object)'> (0x000000011ebdfa78) 
thrown [s\open\src\hotspot\share\interpreter\linkResolver.cpp, line 759]
Event: 0.592 Thread 0x0000029a7e411be0 Exception <a 'java/lang/NoSuchMethodError'{0x000000011ec38f98}: 'java.lang.Object java.lang.invoke.DirectMethodHandle$Holder.invokeSpecial(java.lang.Object, java.lang.Object, java.lang.Object, java.lang.Object, java.lang.Object, java.lang.Object, java.lang.Object, java.lang.Object, java.lang.Object, java.lang.Object)'> (0x000000011ec38f98) 
thrown [s\open\src\hotspot\share\interpreter\linkResolver.cpp, line 759]
Event: 0.592 Thread 0x0000029a7e411be0 Exception <a 'java/lang/NoSuchMethodError'{0x000000011ec3d580}: 'java.lang.Object java.lang.invoke.Invokers$Holder.invoke_MT(java.lang.Object, java.lang.Object, java.lang.Object, java.lang.Object, java.lang.Object, java.lang.Object, java.lang.Object, java.lang.Object, java.lang.Object, java.lang.Object)'> (0x000000011ec3d580) 
thrown [s\open\src\hotspot\share\interpreter\linkResolver.cpp, line 759]
Event: 0.595 Thread 0x0000029a7e411be0 Exception <a 'java/lang/NoSuchMethodError'{0x000000011ec711a8}: 'java.lang.Object java.lang.invoke.DirectMethodHandle$Holder.invokeSpecial(java.lang.Object, java.lang.Object, int, java.lang.Object, java.lang.Object)'> (0x000000011ec711a8) 
thrown [s\open\src\hotspot\share\interpreter\linkResolver.cpp, line 759]
Event: 0.595 Thread 0x0000029a7e411be0 Exception <a 'java/lang/NoSuchMethodError'{0x000000011ec74d98}: 'java.lang.Object java.lang.invoke.DelegatingMethodHandle$Holder.delegate(java.lang.Object, int, java.lang.Object, java.lang.Object)'> (0x000000011ec74d98) 
thrown [s\open\src\hotspot\share\interpreter\linkResolver.cpp, line 759]
Event: 0.596 Thread 0x0000029a7e411be0 Exception <a 'java/lang/NoSuchMethodError'{0x000000011ec888c8}: 'int java.lang.invoke.Invokers$Holder.linkToTargetMethod(java.lang.Object, java.lang.Object, java.lang.Object)'> (0x000000011ec888c8) 
thrown [s\open\src\hotspot\share\interpreter\linkResolver.cpp, line 759]
Event: 0.597 Thread 0x0000029a7e411be0 Exception <a 'java/lang/NoSuchMethodError'{0x000000011ec9b8e0}: 'void java.lang.invoke.DirectMethodHandle$Holder.invokeInterface(java.lang.Object, java.lang.Object, java.lang.Object)'> (0x000000011ec9b8e0) 
thrown [s\open\src\hotspot\share\interpreter\linkResolver.cpp, line 759]
Event: 0.670 Thread 0x0000029a7e411be0 Exception <a 'java/lang/NoSuchMethodError'{0x000000011c423f60}: 'java.lang.Object java.lang.invoke.DirectMethodHandle$Holder.invokeVirtual(java.lang.Object, java.lang.Object, int)'> (0x000000011c423f60) 
thrown [s\open\src\hotspot\share\interpreter\linkResolver.cpp, line 759]
Event: 0.675 Thread 0x0000029a7e411be0 Exception <a 'java/lang/NoSuchMethodError'{0x000000011c45aa98}: 'void java.lang.invoke.DirectMethodHandle$Holder.invokeSpecial(java.lang.Object, java.lang.Object, java.lang.Object, java.lang.Object, java.lang.Object)'> (0x000000011c45aa98) 
thrown [s\open\src\hotspot\share\interpreter\linkResolver.cpp, line 759]

VM Operations (12 events):
Event: 0.083 Executing VM operation: HandshakeAllThreads
Event: 0.083 Executing VM operation: HandshakeAllThreads done
Event: 0.500 Executing VM operation: HandshakeAllThreads
Event: 0.500 Executing VM operation: HandshakeAllThreads done
Event: 0.501 Executing VM operation: HandshakeAllThreads
Event: 0.501 Executing VM operation: HandshakeAllThreads done
Event: 0.508 Executing VM operation: HandshakeAllThreads
Event: 0.508 Executing VM operation: HandshakeAllThreads done
Event: 0.522 Executing VM operation: HandshakeAllThreads
Event: 0.522 Executing VM operation: HandshakeAllThreads done
Event: 0.575 Executing VM operation: ICBufferFull
Event: 0.575 Executing VM operation: ICBufferFull done

Events (20 events):
Event: 0.042 Thread 0x0000029a73f2f650 Thread added: 0x0000029a73f2f650
Event: 0.062 Loaded shared library C:\Program Files\Java\jdk-18.0.2\bin\jimage.dll
Event: 0.065 Loaded shared library C:\Program Files\Java\jdk-18.0.2\bin\awt.dll
Event: 0.086 Loaded shared library C:\Program Files\Java\jdk-18.0.2\bin\net.dll
Event: 0.087 Loaded shared library C:\Program Files\Java\jdk-18.0.2\bin\nio.dll
Event: 0.088 Loaded shared library C:\Program Files\Java\jdk-18.0.2\bin\zip.dll
Event: 0.130 Loaded shared library C:\Users\marvi\AppData\Local\Temp\lwjglmarvi\3.3.1-build-7\lwjgl.dll
Event: 0.352 Thread 0x0000029a7e411be0 Thread added: 0x0000029a7e411be0
Event: 0.375 Loaded shared library C:\Program Files\Java\jdk-18.0.2\bin\verify.dll
Event: 0.378 Loaded shared library C:\Users\marvi\AppData\Local\Temp\lwjglmarvi\3.3.1-build-7\lwjgl_opengl.dll
Event: 0.380 Thread 0x0000029a7e69add0 Thread added: 0x0000029a7e69add0
Event: 0.408 Thread 0x0000029a7e686d70 Thread added: 0x0000029a7e686d70
Event: 0.408 Thread 0x0000029a7e765be0 Thread added: 0x0000029a7e765be0
Event: 0.552 Thread 0x0000029a7ed4f030 Thread added: 0x0000029a7ed4f030
Event: 0.558 Loaded shared library C:\Program Files\Java\jdk-18.0.2\bin\mlib_image.dll
Event: 0.658 Thread 0x0000029a7ee1e020 Thread added: 0x0000029a7ee1e020
Event: 0.686 Thread 0x0000029a7eef7940 Thread added: 0x0000029a7eef7940
Event: 0.927 Thread 0x0000029a7eef7940 Thread exited: 0x0000029a7eef7940
Event: 1.011 Thread 0x0000029a7ee1e020 Thread exited: 0x0000029a7ee1e020
Event: 1.027 Thread 0x0000029a7e69add0 Thread exited: 0x0000029a7e69add0


Dynamic libraries:
0x00007ff66afb0000 - 0x00007ff66afc0000 	C:\Program Files\Java\jdk-18.0.2\bin\javaw.exe
0x00007ffa44ed0000 - 0x00007ffa450c8000 	C:\WINDOWS\SYSTEM32\ntdll.dll
0x00007ffa43550000 - 0x00007ffa4360f000 	C:\WINDOWS\System32\KERNEL32.DLL
0x00007ffa426c0000 - 0x00007ffa42992000 	C:\WINDOWS\System32\KERNELBASE.dll
0x00007ffa42df0000 - 0x00007ffa42ef0000 	C:\WINDOWS\System32\ucrtbase.dll
0x00007ffa37050000 - 0x00007ffa37068000 	C:\Program Files\Java\jdk-18.0.2\bin\jli.dll
0x00007ffa3de90000 - 0x00007ffa3deaa000 	C:\Program Files\Java\jdk-18.0.2\bin\VCRUNTIME140.dll
0x00007ffa43820000 - 0x00007ffa438ce000 	C:\WINDOWS\System32\ADVAPI32.dll
0x00007ffa43a00000 - 0x00007ffa43a9e000 	C:\WINDOWS\System32\msvcrt.dll
0x00007ffa44580000 - 0x00007ffa4461c000 	C:\WINDOWS\System32\sechost.dll
0x00007ffa438d0000 - 0x00007ffa439f5000 	C:\WINDOWS\System32\RPCRT4.dll
0x00007ffa443e0000 - 0x00007ffa4457d000 	C:\WINDOWS\System32\USER32.dll
0x00007ffa25fd0000 - 0x00007ffa2626a000 	C:\WINDOWS\WinSxS\amd64_microsoft.windows.common-controls_6595b64144ccf1df_6.0.19041.1110_none_60b5254171f9507e\COMCTL32.dll
0x00007ffa42b60000 - 0x00007ffa42b82000 	C:\WINDOWS\System32\win32u.dll
0x00007ffa44280000 - 0x00007ffa442ab000 	C:\WINDOWS\System32\GDI32.dll
0x00007ffa42a50000 - 0x00007ffa42b5f000 	C:\WINDOWS\System32\gdi32full.dll
0x00007ffa42620000 - 0x00007ffa426bd000 	C:\WINDOWS\System32\msvcp_win.dll
0x00007ffa3b580000 - 0x00007ffa3b58a000 	C:\WINDOWS\SYSTEM32\VERSION.dll
0x00007ffa43cd0000 - 0x00007ffa43d02000 	C:\WINDOWS\System32\IMM32.DLL
0x00007ffa3ddc0000 - 0x00007ffa3ddcc000 	C:\Program Files\Java\jdk-18.0.2\bin\vcruntime140_1.dll
0x00007ffa16cd0000 - 0x00007ffa16d5d000 	C:\Program Files\Java\jdk-18.0.2\bin\msvcp140.dll
0x00007ff9c7250000 - 0x00007ff9c7e61000 	C:\Program Files\Java\jdk-18.0.2\bin\server\jvm.dll
0x00007ffa436e0000 - 0x00007ffa436e8000 	C:\WINDOWS\System32\PSAPI.DLL
0x00007ffa35080000 - 0x00007ffa350a7000 	C:\WINDOWS\SYSTEM32\WINMM.dll
0x00007ffa290b0000 - 0x00007ffa290b9000 	C:\WINDOWS\SYSTEM32\WSOCK32.dll
0x00007ffa43aa0000 - 0x00007ffa43b0b000 	C:\WINDOWS\System32\WS2_32.dll
0x00007ffa40e40000 - 0x00007ffa40e52000 	C:\WINDOWS\SYSTEM32\kernel.appcore.dll
0x00007ffa37040000 - 0x00007ffa3704a000 	C:\Program Files\Java\jdk-18.0.2\bin\jimage.dll
0x00007ffa34310000 - 0x00007ffa344f4000 	C:\WINDOWS\SYSTEM32\DBGHELP.DLL
0x00007ffa291f0000 - 0x00007ffa2921c000 	C:\WINDOWS\SYSTEM32\dbgcore.DLL
0x00007ffa42b90000 - 0x00007ffa42c12000 	C:\WINDOWS\System32\bcryptPrimitives.dll
0x00007ffa2f660000 - 0x00007ffa2f685000 	C:\Program Files\Java\jdk-18.0.2\bin\java.dll
0x00007ffa0a760000 - 0x00007ffa0a836000 	C:\Program Files\Java\jdk-18.0.2\bin\jsvml.dll
0x00007ffa44740000 - 0x00007ffa44e83000 	C:\WINDOWS\System32\SHELL32.dll
0x00007ffa40690000 - 0x00007ffa40e22000 	C:\WINDOWS\SYSTEM32\windows.storage.dll
0x00007ffa43f20000 - 0x00007ffa44274000 	C:\WINDOWS\System32\combase.dll
0x00007ffa42030000 - 0x00007ffa42060000 	C:\WINDOWS\SYSTEM32\Wldp.dll
0x00007ffa43010000 - 0x00007ffa430bd000 	C:\WINDOWS\System32\SHCORE.dll
0x00007ffa42fb0000 - 0x00007ffa43005000 	C:\WINDOWS\System32\shlwapi.dll
0x00007ffa42510000 - 0x00007ffa4252f000 	C:\WINDOWS\SYSTEM32\profapi.dll
0x00007ff9fc020000 - 0x00007ff9fc1af000 	C:\Program Files\Java\jdk-18.0.2\bin\awt.dll
0x00007ffa43610000 - 0x00007ffa436dd000 	C:\WINDOWS\System32\OLEAUT32.dll
0x00007ffa3fa90000 - 0x00007ffa3fb21000 	C:\WINDOWS\SYSTEM32\apphelp.dll
0x00007ffa2b860000 - 0x00007ffa2b873000 	C:\Program Files\Java\jdk-18.0.2\bin\net.dll
0x00007ffa3acc0000 - 0x00007ffa3adcc000 	C:\WINDOWS\SYSTEM32\WINHTTP.dll
0x00007ffa41d90000 - 0x00007ffa41dfa000 	C:\WINDOWS\system32\mswsock.dll
0x00007ffa2b5e0000 - 0x00007ffa2b5f6000 	C:\Program Files\Java\jdk-18.0.2\bin\nio.dll
0x00007ffa22e10000 - 0x00007ffa22e28000 	C:\Program Files\Java\jdk-18.0.2\bin\zip.dll
0x00007ffa16c20000 - 0x00007ffa16c95000 	C:\Users\marvi\AppData\Local\Temp\lwjglmarvi\3.3.1-build-7\lwjgl.dll
0x00007ffa14dd0000 - 0x00007ffa14e31000 	C:\Users\marvi\AppData\Local\Temp\lwjglmarvi\3.3.1-build-7\glfw.dll
0x00007ffa16ed0000 - 0x00007ffa16f15000 	C:\WINDOWS\SYSTEM32\dinput8.dll
0x00007ffa36d90000 - 0x00007ffa36da1000 	C:\WINDOWS\SYSTEM32\xinput1_4.dll
0x00007ffa425d0000 - 0x00007ffa4261e000 	C:\WINDOWS\System32\cfgmgr32.dll
0x00007ffa42380000 - 0x00007ffa423ac000 	C:\WINDOWS\SYSTEM32\DEVOBJ.dll
0x00007ffa40050000 - 0x00007ffa4007f000 	C:\WINDOWS\SYSTEM32\dwmapi.dll
0x00007ffa28bd0000 - 0x00007ffa28d22000 	C:\WINDOWS\SYSTEM32\inputhost.dll
0x00007ffa3f780000 - 0x00007ffa3f872000 	C:\WINDOWS\SYSTEM32\CoreMessaging.dll
0x00007ffa40520000 - 0x00007ffa40616000 	C:\WINDOWS\SYSTEM32\PROPSYS.dll
0x00007ffa3ed50000 - 0x00007ffa3eea4000 	C:\WINDOWS\SYSTEM32\wintypes.dll
0x00007ffa3f420000 - 0x00007ffa3f77e000 	C:\WINDOWS\SYSTEM32\CoreUIComponents.dll
0x00007ffa41760000 - 0x00007ffa41793000 	C:\WINDOWS\SYSTEM32\ntmarta.dll
0x00007ffa3fc60000 - 0x00007ffa3fcfe000 	C:\WINDOWS\system32\uxtheme.dll
0x00007ffa43e00000 - 0x00007ffa43f15000 	C:\WINDOWS\System32\MSCTF.dll
0x00007ff9fbef0000 - 0x00007ff9fc015000 	C:\WINDOWS\SYSTEM32\opengl32.dll
0x00007ffa2b680000 - 0x00007ffa2b6ac000 	C:\WINDOWS\SYSTEM32\GLU32.dll
0x00007ffa43770000 - 0x00007ffa4381f000 	C:\WINDOWS\System32\clbcatq.dll
0x00007ff9b9900000 - 0x00007ff9bc420000 	C:\WINDOWS\System32\DriverStore\FileRepository\nvmd.inf_amd64_0da8f93391b94ddf\nvoglv64.dll
0x00007ffa430e0000 - 0x00007ffa43548000 	C:\WINDOWS\System32\SETUPAPI.dll
0x00007ffa42ef0000 - 0x00007ffa42f17000 	C:\WINDOWS\System32\bcrypt.dll
0x00007ffa442b0000 - 0x00007ffa443da000 	C:\WINDOWS\System32\ole32.dll
0x00007ffa3df50000 - 0x00007ffa3df64000 	C:\WINDOWS\SYSTEM32\WTSAPI32.dll
0x00007ffa421c0000 - 0x00007ffa421d2000 	C:\WINDOWS\SYSTEM32\msasn1.dll
0x00007ffa3b3d0000 - 0x00007ffa3b401000 	C:\WINDOWS\SYSTEM32\cryptnet.dll
0x00007ffa42c90000 - 0x00007ffa42de6000 	C:\WINDOWS\System32\CRYPT32.dll
0x00007ffa399c0000 - 0x00007ffa39b08000 	C:\WINDOWS\SYSTEM32\drvstore.dll
0x00007ffa41fa0000 - 0x00007ffa41fac000 	C:\WINDOWS\SYSTEM32\cryptbase.dll
0x00007ffa42c20000 - 0x00007ffa42c8a000 	C:\WINDOWS\System32\WINTRUST.dll
0x00007ffa3d200000 - 0x00007ffa3d23b000 	C:\WINDOWS\SYSTEM32\dxcore.dll
0x00007ff9eb260000 - 0x00007ff9eb527000 	C:\WINDOWS\system32\nvspcap64.dll
0x00007ffa41b50000 - 0x00007ffa41b9b000 	C:\WINDOWS\SYSTEM32\powrprof.dll
0x00007ffa41a10000 - 0x00007ffa41a22000 	C:\WINDOWS\SYSTEM32\UMPDC.dll
0x00007ffa412d0000 - 0x00007ffa41334000 	C:\WINDOWS\SYSTEM32\WINSTA.dll
0x00007ffa26810000 - 0x00007ffa26909000 	C:\WINDOWS\SYSTEM32\textinputframework.dll
0x00007ffa37010000 - 0x00007ffa37020000 	C:\Program Files\Java\jdk-18.0.2\bin\verify.dll
0x00007ffa163b0000 - 0x00007ffa1640d000 	C:\Users\marvi\AppData\Local\Temp\lwjglmarvi\3.3.1-build-7\lwjgl_opengl.dll
0x00007ffa41f80000 - 0x00007ffa41f98000 	C:\WINDOWS\SYSTEM32\CRYPTSP.dll
0x00007ffa41640000 - 0x00007ffa41674000 	C:\WINDOWS\system32\rsaenh.dll
0x00007ffa424d0000 - 0x00007ffa424fe000 	C:\WINDOWS\SYSTEM32\USERENV.dll
0x00007ffa41a30000 - 0x00007ffa41a6b000 	C:\WINDOWS\SYSTEM32\IPHLPAPI.DLL
0x00007ffa43cc0000 - 0x00007ffa43cc8000 	C:\WINDOWS\System32\NSI.dll
0x00007ffa3bd70000 - 0x00007ffa3bd87000 	C:\WINDOWS\SYSTEM32\dhcpcsvc6.DLL
0x00007ffa3bd50000 - 0x00007ffa3bd6d000 	C:\WINDOWS\SYSTEM32\dhcpcsvc.DLL
0x00007ffa41a80000 - 0x00007ffa41b4a000 	C:\WINDOWS\SYSTEM32\DNSAPI.dll
0x00007ffa11bc0000 - 0x00007ffa11c3f000 	C:\Program Files\Java\jdk-18.0.2\bin\mlib_image.dll

dbghelp: loaded successfully - version: 4.0.5 - missing functions: none
symbol engine: initialized successfully - sym options: 0x614 - pdb path: .;C:\Program Files\Java\jdk-18.0.2\bin;C:\WINDOWS\SYSTEM32;C:\WINDOWS\WinSxS\amd64_microsoft.windows.common-controls_6595b64144ccf1df_6.0.19041.1110_none_60b5254171f9507e;C:\Program Files\Java\jdk-18.0.2\bin\server;C:\Users\marvi\AppData\Local\Temp\lwjglmarvi\3.3.1-build-7;C:\WINDOWS\System32\DriverStore\FileRepository\nvmd.inf_amd64_0da8f93391b94ddf

VM Arguments:
jvm_args: -Dfile.encoding=UTF-8 -XX:+ShowCodeDetailsInExceptionMessages 
java_command: de.m_marvin.voxelengine.VoxelEngine
java_class_path (initial): E:\GitHub\LIBRARY-RenderEngine\RenderEngine\bin\default;C:\Users\marvi\.gradle\caches\modules-2\files-2.1\org.lwjgl\lwjgl-assimp\3.3.1\312072f451794f25670aebb0160ce6ec88aff842\lwjgl-assimp-3.3.1.jar;C:\Users\marvi\.gradle\caches\modules-2\files-2.1\org.lwjgl\lwjgl-glfw\3.3.1\cbac1b8d30cb4795149c1ef540f912671a8616d0\lwjgl-glfw-3.3.1.jar;C:\Users\marvi\.gradle\caches\modules-2\files-2.1\org.lwjgl\lwjgl-jawt\3.3.1\30330b16b809655d42f4951ece57f425cce43ce2\lwjgl-jawt-3.3.1.jar;C:\Users\marvi\.gradle\caches\modules-2\files-2.1\org.lwjgl\lwjgl-openal\3.3.1\2623a6b8ae1dfcd880738656a9f0243d2e6840bd\lwjgl-openal-3.3.1.jar;C:\Users\marvi\.gradle\caches\modules-2\files-2.1\org.lwjgl\lwjgl-opengl\3.3.1\831a5533a21a5f4f81bbc51bb13e9899319b5411\lwjgl-opengl-3.3.1.jar;C:\Users\marvi\.gradle\caches\modules-2\files-2.1\org.lwjgl\lwjgl-stb\3.3.1\b119297cf8ed01f247abe8685857f8e7fcf5980f\lwjgl-stb-3.3.1.jar;C:\Users\marvi\.gradle\caches\modules-2\files-2.1\org.lwjgl\lwjgl\3.3.1\ae58664f88e18a9bb2c77b063833ca7aaec484cb\lwjgl-3.3.1.jar;C:\Users\marvi\.gradle\caches\modules-2\files-2.1\com.github.M-Marvin\LIBRARY-UnifiedVectors\e32fa97bab4585afeb2e07b8c4397676c6902b5a\7011bf95dc39a3f7c7425248d021fff70a220cf0\LIBRARY-UnifiedVectors-e32fa97bab4585afeb2e07b8c4397676c6902b5a.jar;C:\Users\marvi\.gradle\caches\modules-2\files-2.1\com.google.code.gson\gson\2.9.1\2cc2131b98ebfb04e2b2c7dfb84431f4045096b\gson-2.9.1.jar;C:\Users\marvi\.gradle\caches\modules-2\files-2.1\com.google.guava\guava\16.0.1\5fa98cd1a63c99a44dd8d3b77e4762b066a5d0c5\guava-16.0.1.jar;C:\Users\marvi\.gradle\caches\modules-2\files-2.1\cz.advel.jbullet\jbullet\20101010-1\63618e3da195da9b549f20ca01fe8ee2147eeb75\jbullet-20101010-1.jar;C:\Users\marvi\.gradle\caches\modules-2\files-2.1\java3d\vecmath\1.3.1\a0ae4f51da409fa0c20fa0ca59e6bbc9413ae71d\vecmath-1.3.1.jar;C:\Users\marvi\.gradle\caches\modules-2\files-2.1\org.lwjgl\lwjgl-assimp\3.3.1\bfa2a0d57acbf952b716d0ad8a3acbd7ad9f5639\lwjgl-assimp-3.3.1-natives-windows.jar;C:\Users\marvi\.gradle\caches\modules-2\files-2.1\org.lwjgl\lwjgl-glfw\3.3.1\ed892f945cf7e79c8756796f32d00fa4ceaf573b\lwjgl-glfw-3.3.1-natives-windows.jar;C:\Users\marvi\.gradle\caches\modules-2\files-2.1\org.lwjgl\lwjgl-openal\3.3.1\30a474d0e57193d7bc128849a3ab66bc9316fdb1\lwjgl-openal-3.3.1-natives-windows.jar;C:\Users\marvi\.gradle\caches\modules-2\files-2.1\org.lwjgl\lwjgl-opengl\3.3.1\c1807e9bd571402787d7e37e3029776ae2513bb8\lwjgl-opengl-3.3.1-natives-windows.jar;C:\Users\marvi\.gradle\caches\modules-2\files-2.1\org.lwjgl\lwjgl-stb\3.3.1\86315914ac119efdb02dc9e8e978ade84f1702af\lwjgl-stb-3.3.1-natives-windows.jar;C:\Users\marvi\.gradle\caches\modules-2\files-2.1\org.lwjgl\lwjgl\3.3.1\36c37f16ab611b3aa11f3bcf80b1d509b4ce6b\lwjgl-3.3.1-natives-windows.jar
Launcher Type: SUN_STANDARD

[Global flags]
     intx CICompilerCount                          = 12                                        {product} {ergonomic}
     uint ConcGCThreads                            = 5                                         {product} {ergonomic}
     uint G1ConcRefinementThreads                  = 18                                        {product} {ergonomic}
   size_t G1HeapRegionSize                         = 16777216                                  {product} {ergonomic}
    uintx GCDrainStackTargetSize                   = 64                                        {product} {ergonomic}
   size_t InitialHeapSize                          = 2147483648                                {product} {ergonomic}
   size_t MarkStackSize                            = 4194304                                   {product} {ergonomic}
   size_t MaxHeapSize                              = 31675383808                               {product} {ergonomic}
   size_t MaxNewSize                               = 18991808512                               {product} {ergonomic}
   size_t MinHeapDeltaBytes                        = 16777216                                  {product} {ergonomic}
   size_t MinHeapSize                              = 16777216                                  {product} {ergonomic}
    uintx NonNMethodCodeHeapSize                   = 7602480                                {pd product} {ergonomic}
    uintx NonProfiledCodeHeapSize                  = 122027880                              {pd product} {ergonomic}
    uintx ProfiledCodeHeapSize                     = 122027880                              {pd product} {ergonomic}
    uintx ReservedCodeCacheSize                    = 251658240                              {pd product} {ergonomic}
     bool SegmentedCodeCache                       = true                                      {product} {ergonomic}
     bool ShowCodeDetailsInExceptionMessages       = true                                   {manageable} {command line}
   size_t SoftMaxHeapSize                          = 31675383808                            {manageable} {ergonomic}
     bool UseCompressedClassPointers               = true                           {product lp64_product} {ergonomic}
     bool UseCompressedOops                        = true                           {product lp64_product} {ergonomic}
     bool UseG1GC                                  = true                                      {product} {ergonomic}
     bool UseLargePagesIndividualAllocation        = false                                  {pd product} {ergonomic}

Logging:
Log output configuration:
 #0: stdout all=warning uptime,level,tags foldmultilines=false
 #1: stderr all=off uptime,level,tags foldmultilines=false

Environment Variables:
JAVA_HOME=C:\Program Files\Java\jdk-17.0.2
PATH=C:\Program Files\Common Files\Oracle\Java\javapath;C:\Program Files\Eclipse Foundation\jdk-8.0.302.8-hotspot\bin;C:\Program Files\Eclipse Adoptium\jdk-11.0.13.8-hotspot\bin;D:\TIAPortal\SCADA-RT_V11\WinCC\Bin;C:\Program Files\Common Files\Siemens\Automation\Simatic OAM\bin;C:\Program Files (x86)\Common Files\Siemens\Bin;C:\Program Files (x86)\Common Files\Siemens\CommonArchiving;C:\Program Files (x86)\Common Files\Siemens\ACE\Bin;C:\Program Files (x86)\Common Files\Oracle\Java\javapath;C:\Windows\system32;C:\Windows;C:\Windows\System32\Wbem;C:\Windows\System32\WindowsPowerShell\v1.0\;C:\Windows\System32\OpenSSH\;C:\Program Files (x86)\NVIDIA Corporation\PhysX\Common;C:\Program Files\NVIDIA Corporation\NVIDIA NvDLISR;C:\Program Files (x86)\Microsoft SQL Server\100\Tools\Binn\;C:\Program Files (x86)\Microsoft SQL Server\100\DTS\Binn\;C:\WINDOWS\system32;C:\WINDOWS;C:\WINDOWS\System32\Wbem;C:\WINDOWS\System32\WindowsPowerShell\v1.0\;C:\WINDOWS\System32\OpenSSH\;C:\Program Files (x86)\IVI Foundation\VISA\WinNT\Bin\;C:\Program Files\IVI Foundation\VISA\Win64\Bin\;C:\Program Files (x86)\Microsoft SQL Server\90\Tools\binn\;C:\Program Files\Microsoft SQL Server\Client SDK\ODBC\130\Tools\Binn\;C:\Program Files (x86)\Microsoft SQL Server\130\Tools\Binn\;C:\Program Files\Microsoft SQL Server\130\Tools\Binn\;C:\Program Files\Microsoft SQL Server\130\DTS\Binn\;D:\TIAPortal\SCADA-RT_V11\WinCC\Interfaces;C:\Program Files (x86)\Common Files\Siemens\;C:\Program Files (x86)\Common Files\Siemens\Interfaces;C:\Program Files (x86)\Common Files\Siemens\ACE\Interfaces;C:\Program Files\Microsoft SQL Server\Client SDK\ODBC\170\Tools\Binn\;C:\Program Files\Java\jdk-17.0.2\bin;C:\Program Files (x86)\IVI Foundation\IVI\bin;C:\Program Files\IVI Foundation\IVI\bin;C:\Program Files (x86)\IVI Foundation\VISA\WinNT\Bin;C:\Program Files\Git\cmd;C:\Program Files\dotnet\;C:\Users\marvi\AppData\Local\Microsoft\WindowsApps;C:\Users\marvi\AppData\Local\GitHubDesktop\bin;C:\Users\marvi\.dotnet\tools;C:\Gradle\gradle-7.4.2\bin;
USERNAME=marvi
OS=Windows_NT
PROCESSOR_IDENTIFIER=AMD64 Family 23 Model 113 Stepping 0, AuthenticAMD



---------------  S Y S T E M  ---------------

OS:
 Windows 10 , 64 bit Build 19041 (10.0.19041.2251)
OS uptime: 0 days 3:38 hours

CPU: total 24 (initial active 24) (24 cores per cpu, 2 threads per core) family 23 model 113 stepping 0 microcode 0x0, cx8, cmov, fxsr, ht, mmx, 3dnowpref, sse, sse2, sse3, ssse3, sse4a, sse4.1, sse4.2, popcnt, lzcnt, tsc, tscinvbit, avx, avx2, aes, clmul, bmi1, bmi2, adx, sha, fma, vzeroupper, clflush, clflushopt

Memory: 4k page, system-wide physical 131023M (120550M free)
TotalPageFile size 150479M (AvailPageFile size 115309M)
current process WorkingSet (physical memory assigned to process): 170M, peak: 172M
current process commit charge ("private bytes"): 2326M, peak: 2326M

vm_info: Java HotSpot(TM) 64-Bit Server VM (18.0.2+9-61) for windows-amd64 JRE (18.0.2+9-61), built on Jun  7 2022 13:09:01 by "mach5one" with MS VC++ 16.8 / 16.9 (VS2019)

END.
